[0.014s] Invoking command in '/home/nguyen-anh-dung/ros2_ws/build/robot': CMAKE_PREFIX_PATH=/home/nguyen-anh-dung/ros2_ws/install/roverc:/home/nguyen-anh-dung/ros2_ws/install/robot:/opt/ros/jazzy/opt/gz_math_vendor:/opt/ros/jazzy/opt/gz_utils_vendor:/opt/ros/jazzy/opt/gz_cmake_vendor:/home/nguyen-anh-dung/ros2_ws/install/roverc_client:/opt/ros/jazzy DEBUGINFOD_URLS=https://debuginfod.ubuntu.com PYTHONPATH=/home/nguyen-anh-dung/ros2_ws/install/roverc/lib/python3.12/site-packages:/home/nguyen-anh-dung/ros2_ws/install/roverc_client/lib/python3.12/site-packages:/opt/ros/jazzy/lib/python3.12/site-packages /usr/bin/cmake --build /home/nguyen-anh-dung/ros2_ws/build/robot -- -j8 -l8
[0.076s] [ 20%] Built target trajectory2
[0.076s] [ 40%] Built target motor_controller
[0.076s] [ 60%] Built target trajectory
[0.076s] [ 80%] Built target algo_node
[0.085s] [ 90%] [32mBuilding CXX object CMakeFiles/tof_servoing.dir/src/tof_servoing.cpp.o[0m
[8.584s] [100%] [32m[1mLinking CXX executable tof_servoing[0m
[8.904s] [100%] Built target tof_servoing
[8.915s] Invoked command in '/home/nguyen-anh-dung/ros2_ws/build/robot' returned '0': CMAKE_PREFIX_PATH=/home/nguyen-anh-dung/ros2_ws/install/roverc:/home/nguyen-anh-dung/ros2_ws/install/robot:/opt/ros/jazzy/opt/gz_math_vendor:/opt/ros/jazzy/opt/gz_utils_vendor:/opt/ros/jazzy/opt/gz_cmake_vendor:/home/nguyen-anh-dung/ros2_ws/install/roverc_client:/opt/ros/jazzy DEBUGINFOD_URLS=https://debuginfod.ubuntu.com PYTHONPATH=/home/nguyen-anh-dung/ros2_ws/install/roverc/lib/python3.12/site-packages:/home/nguyen-anh-dung/ros2_ws/install/roverc_client/lib/python3.12/site-packages:/opt/ros/jazzy/lib/python3.12/site-packages /usr/bin/cmake --build /home/nguyen-anh-dung/ros2_ws/build/robot -- -j8 -l8
[8.916s] Invoking command in '/home/nguyen-anh-dung/ros2_ws/build/robot': CMAKE_PREFIX_PATH=/home/nguyen-anh-dung/ros2_ws/install/roverc:/home/nguyen-anh-dung/ros2_ws/install/robot:/opt/ros/jazzy/opt/gz_math_vendor:/opt/ros/jazzy/opt/gz_utils_vendor:/opt/ros/jazzy/opt/gz_cmake_vendor:/home/nguyen-anh-dung/ros2_ws/install/roverc_client:/opt/ros/jazzy DEBUGINFOD_URLS=https://debuginfod.ubuntu.com PYTHONPATH=/home/nguyen-anh-dung/ros2_ws/install/roverc/lib/python3.12/site-packages:/home/nguyen-anh-dung/ros2_ws/install/roverc_client/lib/python3.12/site-packages:/opt/ros/jazzy/lib/python3.12/site-packages /usr/bin/cmake --install /home/nguyen-anh-dung/ros2_ws/build/robot
[8.923s] -- Install configuration: ""
[8.924s] -- Up-to-date: /home/nguyen-anh-dung/ros2_ws/install/robot/lib/robot/algo_node
[8.924s] -- Up-to-date: /home/nguyen-anh-dung/ros2_ws/install/robot/lib/robot/motor_controller
[8.924s] -- Up-to-date: /home/nguyen-anh-dung/ros2_ws/install/robot/lib/robot/trajectory
[8.924s] -- Up-to-date: /home/nguyen-anh-dung/ros2_ws/install/robot/lib/robot/trajectory2
[8.924s] -- Installing: /home/nguyen-anh-dung/ros2_ws/install/robot/lib/robot/tof_servoing
[8.930s] -- Set non-toolchain portion of runtime path of "/home/nguyen-anh-dung/ros2_ws/install/robot/lib/robot/tof_servoing" to ""
[8.930s] -- Up-to-date: /home/nguyen-anh-dung/ros2_ws/install/robot/share/ament_index/resource_index/package_run_dependencies/robot
[8.930s] -- Up-to-date: /home/nguyen-anh-dung/ros2_ws/install/robot/share/ament_index/resource_index/parent_prefix_path/robot
[8.930s] -- Up-to-date: /home/nguyen-anh-dung/ros2_ws/install/robot/share/robot/environment/ament_prefix_path.sh
[8.931s] -- Up-to-date: /home/nguyen-anh-dung/ros2_ws/install/robot/share/robot/environment/ament_prefix_path.dsv
[8.931s] -- Up-to-date: /home/nguyen-anh-dung/ros2_ws/install/robot/share/robot/environment/path.sh
[8.931s] -- Up-to-date: /home/nguyen-anh-dung/ros2_ws/install/robot/share/robot/environment/path.dsv
[8.931s] -- Up-to-date: /home/nguyen-anh-dung/ros2_ws/install/robot/share/robot/local_setup.bash
[8.931s] -- Up-to-date: /home/nguyen-anh-dung/ros2_ws/install/robot/share/robot/local_setup.sh
[8.931s] -- Up-to-date: /home/nguyen-anh-dung/ros2_ws/install/robot/share/robot/local_setup.zsh
[8.931s] -- Up-to-date: /home/nguyen-anh-dung/ros2_ws/install/robot/share/robot/local_setup.dsv
[8.931s] -- Installing: /home/nguyen-anh-dung/ros2_ws/install/robot/share/robot/package.dsv
[8.932s] -- Up-to-date: /home/nguyen-anh-dung/ros2_ws/install/robot/share/ament_index/resource_index/packages/robot
[8.932s] -- Up-to-date: /home/nguyen-anh-dung/ros2_ws/install/robot/share/robot/cmake/robotConfig.cmake
[8.933s] -- Up-to-date: /home/nguyen-anh-dung/ros2_ws/install/robot/share/robot/cmake/robotConfig-version.cmake
[8.933s] -- Up-to-date: /home/nguyen-anh-dung/ros2_ws/install/robot/share/robot/package.xml
[8.933s] Invoked command in '/home/nguyen-anh-dung/ros2_ws/build/robot' returned '0': CMAKE_PREFIX_PATH=/home/nguyen-anh-dung/ros2_ws/install/roverc:/home/nguyen-anh-dung/ros2_ws/install/robot:/opt/ros/jazzy/opt/gz_math_vendor:/opt/ros/jazzy/opt/gz_utils_vendor:/opt/ros/jazzy/opt/gz_cmake_vendor:/home/nguyen-anh-dung/ros2_ws/install/roverc_client:/opt/ros/jazzy DEBUGINFOD_URLS=https://debuginfod.ubuntu.com PYTHONPATH=/home/nguyen-anh-dung/ros2_ws/install/roverc/lib/python3.12/site-packages:/home/nguyen-anh-dung/ros2_ws/install/roverc_client/lib/python3.12/site-packages:/opt/ros/jazzy/lib/python3.12/site-packages /usr/bin/cmake --install /home/nguyen-anh-dung/ros2_ws/build/robot
