[0.009s] Invoking command in '/home/nguyen-anh-dung/ros2_ws/src/build/robot': AMENT_PREFIX_PATH=/home/nguyen-anh-dung/ros2_ws/src/install/roverc:${AMENT_PREFIX_PATH} CMAKE_PREFIX_PATH=/home/nguyen-anh-dung/ros2_ws/src/install/roverc:/home/nguyen-anh-dung/ros2_ws/install/robot:/home/nguyen-anh-dung/ros2_ws/install/roverc:/opt/ros/jazzy/opt/gz_math_vendor:/opt/ros/jazzy/opt/gz_utils_vendor:/opt/ros/jazzy/opt/gz_cmake_vendor:/home/nguyen-anh-dung/ros2_ws/install/roverc_client:/opt/ros/jazzy DEBUGINFOD_URLS=https://debuginfod.ubuntu.com LD_LIBRARY_PATH=/home/nguyen-anh-dung/ros2_ws/src/install/roverc/lib:${LD_LIBRARY_PATH} PYTHONPATH=/home/nguyen-anh-dung/ros2_ws/src/install/roverc/lib/python3.12/site-packages:${PYTHONPATH} /usr/bin/cmake --build /home/nguyen-anh-dung/ros2_ws/src/build/robot -- -j8 -l8
[0.072s] [ 42%] Built target motor_controller
[0.072s] [ 42%] Built target algo_node
[0.072s] [ 42%] Built target trajectory
[0.072s] [ 71%] Built target line_servoing_front
[0.072s] [ 71%] Built target trajectory2
[0.072s] [ 85%] Built target tof_servoing
[0.075s] [100%] Built target line_servoing_dual
[0.302s] Invoked command in '/home/nguyen-anh-dung/ros2_ws/src/build/robot' returned '0': AMENT_PREFIX_PATH=/home/nguyen-anh-dung/ros2_ws/src/install/roverc:${AMENT_PREFIX_PATH} CMAKE_PREFIX_PATH=/home/nguyen-anh-dung/ros2_ws/src/install/roverc:/home/nguyen-anh-dung/ros2_ws/install/robot:/home/nguyen-anh-dung/ros2_ws/install/roverc:/opt/ros/jazzy/opt/gz_math_vendor:/opt/ros/jazzy/opt/gz_utils_vendor:/opt/ros/jazzy/opt/gz_cmake_vendor:/home/nguyen-anh-dung/ros2_ws/install/roverc_client:/opt/ros/jazzy DEBUGINFOD_URLS=https://debuginfod.ubuntu.com LD_LIBRARY_PATH=/home/nguyen-anh-dung/ros2_ws/src/install/roverc/lib:${LD_LIBRARY_PATH} PYTHONPATH=/home/nguyen-anh-dung/ros2_ws/src/install/roverc/lib/python3.12/site-packages:${PYTHONPATH} /usr/bin/cmake --build /home/nguyen-anh-dung/ros2_ws/src/build/robot -- -j8 -l8
[0.303s] Invoking command in '/home/nguyen-anh-dung/ros2_ws/src/build/robot': AMENT_PREFIX_PATH=/home/nguyen-anh-dung/ros2_ws/src/install/roverc:${AMENT_PREFIX_PATH} CMAKE_PREFIX_PATH=/home/nguyen-anh-dung/ros2_ws/src/install/roverc:/home/nguyen-anh-dung/ros2_ws/install/robot:/home/nguyen-anh-dung/ros2_ws/install/roverc:/opt/ros/jazzy/opt/gz_math_vendor:/opt/ros/jazzy/opt/gz_utils_vendor:/opt/ros/jazzy/opt/gz_cmake_vendor:/home/nguyen-anh-dung/ros2_ws/install/roverc_client:/opt/ros/jazzy DEBUGINFOD_URLS=https://debuginfod.ubuntu.com LD_LIBRARY_PATH=/home/nguyen-anh-dung/ros2_ws/src/install/roverc/lib:${LD_LIBRARY_PATH} PYTHONPATH=/home/nguyen-anh-dung/ros2_ws/src/install/roverc/lib/python3.12/site-packages:${PYTHONPATH} /usr/bin/cmake --install /home/nguyen-anh-dung/ros2_ws/src/build/robot
[0.311s] -- Install configuration: ""
[0.311s] -- Up-to-date: /home/nguyen-anh-dung/ros2_ws/src/install/robot/lib/robot/algo_node
[0.311s] -- Up-to-date: /home/nguyen-anh-dung/ros2_ws/src/install/robot/lib/robot/motor_controller
[0.312s] -- Up-to-date: /home/nguyen-anh-dung/ros2_ws/src/install/robot/lib/robot/trajectory
[0.312s] -- Up-to-date: /home/nguyen-anh-dung/ros2_ws/src/install/robot/lib/robot/trajectory2
[0.312s] -- Up-to-date: /home/nguyen-anh-dung/ros2_ws/src/install/robot/lib/robot/tof_servoing
[0.312s] -- Up-to-date: /home/nguyen-anh-dung/ros2_ws/src/install/robot/lib/robot/line_servoing_front
[0.312s] -- Up-to-date: /home/nguyen-anh-dung/ros2_ws/src/install/robot/lib/robot/line_servoing_dual
[0.313s] -- Up-to-date: /home/nguyen-anh-dung/ros2_ws/src/install/robot/share/ament_index/resource_index/package_run_dependencies/robot
[0.313s] -- Up-to-date: /home/nguyen-anh-dung/ros2_ws/src/install/robot/share/ament_index/resource_index/parent_prefix_path/robot
[0.313s] -- Up-to-date: /home/nguyen-anh-dung/ros2_ws/src/install/robot/share/robot/environment/ament_prefix_path.sh
[0.313s] -- Up-to-date: /home/nguyen-anh-dung/ros2_ws/src/install/robot/share/robot/environment/ament_prefix_path.dsv
[0.313s] -- Up-to-date: /home/nguyen-anh-dung/ros2_ws/src/install/robot/share/robot/environment/path.sh
[0.313s] -- Up-to-date: /home/nguyen-anh-dung/ros2_ws/src/install/robot/share/robot/environment/path.dsv
[0.313s] -- Up-to-date: /home/nguyen-anh-dung/ros2_ws/src/install/robot/share/robot/local_setup.bash
[0.313s] -- Up-to-date: /home/nguyen-anh-dung/ros2_ws/src/install/robot/share/robot/local_setup.sh
[0.313s] -- Up-to-date: /home/nguyen-anh-dung/ros2_ws/src/install/robot/share/robot/local_setup.zsh
[0.314s] -- Up-to-date: /home/nguyen-anh-dung/ros2_ws/src/install/robot/share/robot/local_setup.dsv
[0.314s] -- Installing: /home/nguyen-anh-dung/ros2_ws/src/install/robot/share/robot/package.dsv
[0.314s] -- Up-to-date: /home/nguyen-anh-dung/ros2_ws/src/install/robot/share/ament_index/resource_index/packages/robot
[0.314s] -- Up-to-date: /home/nguyen-anh-dung/ros2_ws/src/install/robot/share/robot/cmake/robotConfig.cmake
[0.314s] -- Up-to-date: /home/nguyen-anh-dung/ros2_ws/src/install/robot/share/robot/cmake/robotConfig-version.cmake
[0.314s] -- Up-to-date: /home/nguyen-anh-dung/ros2_ws/src/install/robot/share/robot/package.xml
[0.315s] Invoked command in '/home/nguyen-anh-dung/ros2_ws/src/build/robot' returned '0': AMENT_PREFIX_PATH=/home/nguyen-anh-dung/ros2_ws/src/install/roverc:${AMENT_PREFIX_PATH} CMAKE_PREFIX_PATH=/home/nguyen-anh-dung/ros2_ws/src/install/roverc:/home/nguyen-anh-dung/ros2_ws/install/robot:/home/nguyen-anh-dung/ros2_ws/install/roverc:/opt/ros/jazzy/opt/gz_math_vendor:/opt/ros/jazzy/opt/gz_utils_vendor:/opt/ros/jazzy/opt/gz_cmake_vendor:/home/nguyen-anh-dung/ros2_ws/install/roverc_client:/opt/ros/jazzy DEBUGINFOD_URLS=https://debuginfod.ubuntu.com LD_LIBRARY_PATH=/home/nguyen-anh-dung/ros2_ws/src/install/roverc/lib:${LD_LIBRARY_PATH} PYTHONPATH=/home/nguyen-anh-dung/ros2_ws/src/install/roverc/lib/python3.12/site-packages:${PYTHONPATH} /usr/bin/cmake --install /home/nguyen-anh-dung/ros2_ws/src/build/robot
