[0.014s] Invoking command in '/home/nguyen-anh-dung/ros2_ws/src/build/robot': AMENT_PREFIX_PATH=/home/nguyen-anh-dung/ros2_ws/src/install/roverc:${AMENT_PREFIX_PATH} CMAKE_PREFIX_PATH=/home/nguyen-anh-dung/ros2_ws/src/install/roverc:/home/nguyen-anh-dung/ros2_ws/install/robot:/home/nguyen-anh-dung/ros2_ws/install/roverc:/opt/ros/jazzy/opt/gz_math_vendor:/opt/ros/jazzy/opt/gz_utils_vendor:/opt/ros/jazzy/opt/gz_cmake_vendor:/home/nguyen-anh-dung/ros2_ws/install/roverc_client:/opt/ros/jazzy DEBUGINFOD_URLS=https://debuginfod.ubuntu.com LD_LIBRARY_PATH=/home/nguyen-anh-dung/ros2_ws/src/install/roverc/lib:${LD_LIBRARY_PATH} PYTHONPATH=/home/nguyen-anh-dung/ros2_ws/src/install/roverc/lib/python3.12/site-packages:${PYTHONPATH} /usr/bin/cmake --build /home/nguyen-anh-dung/ros2_ws/src/build/robot -- -j8 -l8
[0.077s] [ 16%] Built target algo_node
[0.077s] [ 50%] Built target motor_controller
[0.078s] [ 50%] Built target trajectory
[0.080s] [ 66%] Built target trajectory2
[0.081s] [ 83%] Built target tof_servoing
[0.088s] [ 91%] [32mBuilding CXX object CMakeFiles/line_servoing_front.dir/src/line_servoing_front.cpp.o[0m
[2.436s] [01m[K/home/nguyen-anh-dung/ros2_ws/src/robot/src/line_servoing_front.cpp:[m[K In member function ‘[01m[Kvoid line_servoing_front::[01;32m[KrgbcCallBack[m[K(std_msgs::msg::UInt16MultiArray_<std::allocator<void> >::SharedPtr)[m[K’:
[2.436s] [01m[K/home/nguyen-anh-dung/ros2_ws/src/robot/src/line_servoing_front.cpp:52:12:[m[K [01;35m[Kwarning: [m[Kunused variable ‘[01m[Kis_yellow[m[K’ [[01;35m[K]8;;https://gcc.gnu.org/onlinedocs/gcc/Warning-Options.html#index-Wunused-variable-Wunused-variable]8;;[m[K]
[2.436s]    52 |       bool [01;35m[Kis_yellow[m[K = (error <= tolerance);
[2.436s]       |            [01;35m[K^~~~~~~~~[m[K
[8.563s] [100%] [32m[1mLinking CXX executable line_servoing_front[0m
[8.901s] [100%] Built target line_servoing_front
[8.922s] Invoked command in '/home/nguyen-anh-dung/ros2_ws/src/build/robot' returned '0': AMENT_PREFIX_PATH=/home/nguyen-anh-dung/ros2_ws/src/install/roverc:${AMENT_PREFIX_PATH} CMAKE_PREFIX_PATH=/home/nguyen-anh-dung/ros2_ws/src/install/roverc:/home/nguyen-anh-dung/ros2_ws/install/robot:/home/nguyen-anh-dung/ros2_ws/install/roverc:/opt/ros/jazzy/opt/gz_math_vendor:/opt/ros/jazzy/opt/gz_utils_vendor:/opt/ros/jazzy/opt/gz_cmake_vendor:/home/nguyen-anh-dung/ros2_ws/install/roverc_client:/opt/ros/jazzy DEBUGINFOD_URLS=https://debuginfod.ubuntu.com LD_LIBRARY_PATH=/home/nguyen-anh-dung/ros2_ws/src/install/roverc/lib:${LD_LIBRARY_PATH} PYTHONPATH=/home/nguyen-anh-dung/ros2_ws/src/install/roverc/lib/python3.12/site-packages:${PYTHONPATH} /usr/bin/cmake --build /home/nguyen-anh-dung/ros2_ws/src/build/robot -- -j8 -l8
[8.924s] Invoking command in '/home/nguyen-anh-dung/ros2_ws/src/build/robot': AMENT_PREFIX_PATH=/home/nguyen-anh-dung/ros2_ws/src/install/roverc:${AMENT_PREFIX_PATH} CMAKE_PREFIX_PATH=/home/nguyen-anh-dung/ros2_ws/src/install/roverc:/home/nguyen-anh-dung/ros2_ws/install/robot:/home/nguyen-anh-dung/ros2_ws/install/roverc:/opt/ros/jazzy/opt/gz_math_vendor:/opt/ros/jazzy/opt/gz_utils_vendor:/opt/ros/jazzy/opt/gz_cmake_vendor:/home/nguyen-anh-dung/ros2_ws/install/roverc_client:/opt/ros/jazzy DEBUGINFOD_URLS=https://debuginfod.ubuntu.com LD_LIBRARY_PATH=/home/nguyen-anh-dung/ros2_ws/src/install/roverc/lib:${LD_LIBRARY_PATH} PYTHONPATH=/home/nguyen-anh-dung/ros2_ws/src/install/roverc/lib/python3.12/site-packages:${PYTHONPATH} /usr/bin/cmake --install /home/nguyen-anh-dung/ros2_ws/src/build/robot
[8.938s] -- Install configuration: ""
[8.938s] -- Up-to-date: /home/nguyen-anh-dung/ros2_ws/src/install/robot/lib/robot/algo_node
[8.938s] -- Up-to-date: /home/nguyen-anh-dung/ros2_ws/src/install/robot/lib/robot/motor_controller
[8.938s] -- Up-to-date: /home/nguyen-anh-dung/ros2_ws/src/install/robot/lib/robot/trajectory
[8.939s] -- Up-to-date: /home/nguyen-anh-dung/ros2_ws/src/install/robot/lib/robot/trajectory2
[8.939s] -- Up-to-date: /home/nguyen-anh-dung/ros2_ws/src/install/robot/lib/robot/tof_servoing
[8.939s] -- Installing: /home/nguyen-anh-dung/ros2_ws/src/install/robot/lib/robot/line_servoing_front
[8.944s] -- Set non-toolchain portion of runtime path of "/home/nguyen-anh-dung/ros2_ws/src/install/robot/lib/robot/line_servoing_front" to ""
[8.944s] -- Up-to-date: /home/nguyen-anh-dung/ros2_ws/src/install/robot/share/ament_index/resource_index/package_run_dependencies/robot
[8.944s] -- Up-to-date: /home/nguyen-anh-dung/ros2_ws/src/install/robot/share/ament_index/resource_index/parent_prefix_path/robot
[8.944s] -- Up-to-date: /home/nguyen-anh-dung/ros2_ws/src/install/robot/share/robot/environment/ament_prefix_path.sh
[8.944s] -- Up-to-date: /home/nguyen-anh-dung/ros2_ws/src/install/robot/share/robot/environment/ament_prefix_path.dsv
[8.944s] -- Up-to-date: /home/nguyen-anh-dung/ros2_ws/src/install/robot/share/robot/environment/path.sh
[8.944s] -- Up-to-date: /home/nguyen-anh-dung/ros2_ws/src/install/robot/share/robot/environment/path.dsv
[8.945s] -- Up-to-date: /home/nguyen-anh-dung/ros2_ws/src/install/robot/share/robot/local_setup.bash
[8.945s] -- Up-to-date: /home/nguyen-anh-dung/ros2_ws/src/install/robot/share/robot/local_setup.sh
[8.945s] -- Up-to-date: /home/nguyen-anh-dung/ros2_ws/src/install/robot/share/robot/local_setup.zsh
[8.945s] -- Up-to-date: /home/nguyen-anh-dung/ros2_ws/src/install/robot/share/robot/local_setup.dsv
[8.945s] -- Installing: /home/nguyen-anh-dung/ros2_ws/src/install/robot/share/robot/package.dsv
[8.945s] -- Up-to-date: /home/nguyen-anh-dung/ros2_ws/src/install/robot/share/ament_index/resource_index/packages/robot
[8.945s] -- Up-to-date: /home/nguyen-anh-dung/ros2_ws/src/install/robot/share/robot/cmake/robotConfig.cmake
[8.945s] -- Up-to-date: /home/nguyen-anh-dung/ros2_ws/src/install/robot/share/robot/cmake/robotConfig-version.cmake
[8.945s] -- Up-to-date: /home/nguyen-anh-dung/ros2_ws/src/install/robot/share/robot/package.xml
[8.946s] Invoked command in '/home/nguyen-anh-dung/ros2_ws/src/build/robot' returned '0': AMENT_PREFIX_PATH=/home/nguyen-anh-dung/ros2_ws/src/install/roverc:${AMENT_PREFIX_PATH} CMAKE_PREFIX_PATH=/home/nguyen-anh-dung/ros2_ws/src/install/roverc:/home/nguyen-anh-dung/ros2_ws/install/robot:/home/nguyen-anh-dung/ros2_ws/install/roverc:/opt/ros/jazzy/opt/gz_math_vendor:/opt/ros/jazzy/opt/gz_utils_vendor:/opt/ros/jazzy/opt/gz_cmake_vendor:/home/nguyen-anh-dung/ros2_ws/install/roverc_client:/opt/ros/jazzy DEBUGINFOD_URLS=https://debuginfod.ubuntu.com LD_LIBRARY_PATH=/home/nguyen-anh-dung/ros2_ws/src/install/roverc/lib:${LD_LIBRARY_PATH} PYTHONPATH=/home/nguyen-anh-dung/ros2_ws/src/install/roverc/lib/python3.12/site-packages:${PYTHONPATH} /usr/bin/cmake --install /home/nguyen-anh-dung/ros2_ws/src/build/robot
