[0.010s] Invoking command in '/home/nguyen-anh-dung/ros2_ws/src/build/robot': AMENT_PREFIX_PATH=/home/nguyen-anh-dung/ros2_ws/src/install/roverc:${AMENT_PREFIX_PATH} CMAKE_PREFIX_PATH=/home/nguyen-anh-dung/ros2_ws/src/install/roverc:/home/nguyen-anh-dung/ros2_ws/install/robot:/home/nguyen-anh-dung/ros2_ws/install/roverc:/opt/ros/jazzy/opt/gz_math_vendor:/opt/ros/jazzy/opt/gz_utils_vendor:/opt/ros/jazzy/opt/gz_cmake_vendor:/home/nguyen-anh-dung/ros2_ws/install/roverc_client:/opt/ros/jazzy DEBUGINFOD_URLS=https://debuginfod.ubuntu.com LD_LIBRARY_PATH=/home/nguyen-anh-dung/ros2_ws/src/install/roverc/lib:${LD_LIBRARY_PATH} PYTHONPATH=/home/nguyen-anh-dung/ros2_ws/src/install/roverc/lib/python3.12/site-packages:${PYTHONPATH} /usr/bin/cmake /home/nguyen-anh-dung/ros2_ws/src/robot -DCMAKE_INSTALL_PREFIX=/home/nguyen-anh-dung/ros2_ws/src/install/robot
[0.089s] -- The C compiler identification is GNU 13.3.0
[0.149s] -- The CXX compiler identification is GNU 13.3.0
[0.163s] -- Detecting C compiler ABI info
[0.239s] -- Detecting C compiler ABI info - done
[0.250s] -- Check for working C compiler: /usr/bin/cc - skipped
[0.250s] -- Detecting C compile features
[0.250s] -- Detecting C compile features - done
[0.259s] -- Detecting CXX compiler ABI info
[0.359s] -- Detecting CXX compiler ABI info - done
[0.370s] -- Check for working CXX compiler: /usr/bin/c++ - skipped
[0.370s] -- Detecting CXX compile features
[0.370s] -- Detecting CXX compile features - done
[0.373s] -- Found ament_cmake: 2.5.3 (/opt/ros/jazzy/share/ament_cmake/cmake)
[0.526s] -- Found Python3: /usr/bin/python3 (found version "3.12.3") found components: Interpreter 
[0.627s] -- Found rclcpp: 28.1.6 (/opt/ros/jazzy/share/rclcpp/cmake)
[0.667s] -- Found rosidl_generator_c: 4.6.5 (/opt/ros/jazzy/share/rosidl_generator_c/cmake)
[0.681s] -- Found rosidl_generator_cpp: 4.6.5 (/opt/ros/jazzy/share/rosidl_generator_cpp/cmake)
[0.697s] -- Using all available rosidl_typesupport_c: rosidl_typesupport_fastrtps_c;rosidl_typesupport_introspection_c
[0.715s] -- Using all available rosidl_typesupport_cpp: rosidl_typesupport_fastrtps_cpp;rosidl_typesupport_introspection_cpp
[0.798s] -- Found rmw_implementation_cmake: 7.3.1 (/opt/ros/jazzy/share/rmw_implementation_cmake/cmake)
[0.800s] -- Found rmw_fastrtps_cpp: 8.4.1 (/opt/ros/jazzy/share/rmw_fastrtps_cpp/cmake)
[0.872s] -- Found OpenSSL: /usr/lib/x86_64-linux-gnu/libcrypto.so (found version "3.0.13")  
[0.892s] -- Found FastRTPS: /opt/ros/jazzy/include (Required is at least version "2.13") 
[0.918s] -- Using RMW implementation 'rmw_fastrtps_cpp' as default
[1.001s] -- Found geometry_msgs: 5.3.5 (/opt/ros/jazzy/share/geometry_msgs/cmake)
[1.037s] -- Found roverc: 0.0.0 (/home/nguyen-anh-dung/ros2_ws/src/install/roverc/share/roverc/cmake)
[1.156s] -- Configuring done (1.1s)
[1.193s] -- Generating done (0.0s)
[1.206s] -- Build files have been written to: /home/nguyen-anh-dung/ros2_ws/src/build/robot
[1.216s] Invoked command in '/home/nguyen-anh-dung/ros2_ws/src/build/robot' returned '0': AMENT_PREFIX_PATH=/home/nguyen-anh-dung/ros2_ws/src/install/roverc:${AMENT_PREFIX_PATH} CMAKE_PREFIX_PATH=/home/nguyen-anh-dung/ros2_ws/src/install/roverc:/home/nguyen-anh-dung/ros2_ws/install/robot:/home/nguyen-anh-dung/ros2_ws/install/roverc:/opt/ros/jazzy/opt/gz_math_vendor:/opt/ros/jazzy/opt/gz_utils_vendor:/opt/ros/jazzy/opt/gz_cmake_vendor:/home/nguyen-anh-dung/ros2_ws/install/roverc_client:/opt/ros/jazzy DEBUGINFOD_URLS=https://debuginfod.ubuntu.com LD_LIBRARY_PATH=/home/nguyen-anh-dung/ros2_ws/src/install/roverc/lib:${LD_LIBRARY_PATH} PYTHONPATH=/home/nguyen-anh-dung/ros2_ws/src/install/roverc/lib/python3.12/site-packages:${PYTHONPATH} /usr/bin/cmake /home/nguyen-anh-dung/ros2_ws/src/robot -DCMAKE_INSTALL_PREFIX=/home/nguyen-anh-dung/ros2_ws/src/install/robot
[1.217s] Invoking command in '/home/nguyen-anh-dung/ros2_ws/src/build/robot': AMENT_PREFIX_PATH=/home/nguyen-anh-dung/ros2_ws/src/install/roverc:${AMENT_PREFIX_PATH} CMAKE_PREFIX_PATH=/home/nguyen-anh-dung/ros2_ws/src/install/roverc:/home/nguyen-anh-dung/ros2_ws/install/robot:/home/nguyen-anh-dung/ros2_ws/install/roverc:/opt/ros/jazzy/opt/gz_math_vendor:/opt/ros/jazzy/opt/gz_utils_vendor:/opt/ros/jazzy/opt/gz_cmake_vendor:/home/nguyen-anh-dung/ros2_ws/install/roverc_client:/opt/ros/jazzy DEBUGINFOD_URLS=https://debuginfod.ubuntu.com LD_LIBRARY_PATH=/home/nguyen-anh-dung/ros2_ws/src/install/roverc/lib:${LD_LIBRARY_PATH} PYTHONPATH=/home/nguyen-anh-dung/ros2_ws/src/install/roverc/lib/python3.12/site-packages:${PYTHONPATH} /usr/bin/cmake --build /home/nguyen-anh-dung/ros2_ws/src/build/robot -- -j8 -l8
[1.283s] [  8%] [32mBuilding CXX object CMakeFiles/trajectory.dir/src/trajectory.cpp.o[0m
[1.283s] [ 16%] [32mBuilding CXX object CMakeFiles/trajectory2.dir/src/trajectory2.cpp.o[0m
[1.285s] [ 41%] [32mBuilding CXX object CMakeFiles/tof_servoing.dir/src/tof_servoing.cpp.o[0m
[1.285s] [ 41%] [32mBuilding CXX object CMakeFiles/motor_controller.dir/src/motor_controller.cpp.o[0m
[1.285s] [ 41%] [32mBuilding CXX object CMakeFiles/line_servoing_front.dir/src/line_servoing_front.cpp.o[0m
[1.285s] [ 50%] [32mBuilding CXX object CMakeFiles/algo_node.dir/src/algo_node.cpp.o[0m
[8.001s] [ 58%] [32m[1mLinking CXX executable trajectory[0m
[8.321s] [ 58%] Built target trajectory
[8.718s] [ 66%] [32m[1mLinking CXX executable trajectory2[0m
[8.957s] [ 66%] Built target trajectory2
[12.126s] [ 75%] [32m[1mLinking CXX executable algo_node[0m
[12.420s] [ 83%] [32m[1mLinking CXX executable tof_servoing[0m
[12.505s] [ 83%] Built target algo_node
[12.715s] [ 91%] [32m[1mLinking CXX executable motor_controller[0m
[12.799s] [ 91%] Built target tof_servoing
[13.044s] [ 91%] Built target motor_controller
[13.542s] [100%] [32m[1mLinking CXX executable line_servoing_front[0m
[13.859s] [100%] Built target line_servoing_front
[13.871s] Invoked command in '/home/nguyen-anh-dung/ros2_ws/src/build/robot' returned '0': AMENT_PREFIX_PATH=/home/nguyen-anh-dung/ros2_ws/src/install/roverc:${AMENT_PREFIX_PATH} CMAKE_PREFIX_PATH=/home/nguyen-anh-dung/ros2_ws/src/install/roverc:/home/nguyen-anh-dung/ros2_ws/install/robot:/home/nguyen-anh-dung/ros2_ws/install/roverc:/opt/ros/jazzy/opt/gz_math_vendor:/opt/ros/jazzy/opt/gz_utils_vendor:/opt/ros/jazzy/opt/gz_cmake_vendor:/home/nguyen-anh-dung/ros2_ws/install/roverc_client:/opt/ros/jazzy DEBUGINFOD_URLS=https://debuginfod.ubuntu.com LD_LIBRARY_PATH=/home/nguyen-anh-dung/ros2_ws/src/install/roverc/lib:${LD_LIBRARY_PATH} PYTHONPATH=/home/nguyen-anh-dung/ros2_ws/src/install/roverc/lib/python3.12/site-packages:${PYTHONPATH} /usr/bin/cmake --build /home/nguyen-anh-dung/ros2_ws/src/build/robot -- -j8 -l8
[13.872s] Invoking command in '/home/nguyen-anh-dung/ros2_ws/src/build/robot': AMENT_PREFIX_PATH=/home/nguyen-anh-dung/ros2_ws/src/install/roverc:${AMENT_PREFIX_PATH} CMAKE_PREFIX_PATH=/home/nguyen-anh-dung/ros2_ws/src/install/roverc:/home/nguyen-anh-dung/ros2_ws/install/robot:/home/nguyen-anh-dung/ros2_ws/install/roverc:/opt/ros/jazzy/opt/gz_math_vendor:/opt/ros/jazzy/opt/gz_utils_vendor:/opt/ros/jazzy/opt/gz_cmake_vendor:/home/nguyen-anh-dung/ros2_ws/install/roverc_client:/opt/ros/jazzy DEBUGINFOD_URLS=https://debuginfod.ubuntu.com LD_LIBRARY_PATH=/home/nguyen-anh-dung/ros2_ws/src/install/roverc/lib:${LD_LIBRARY_PATH} PYTHONPATH=/home/nguyen-anh-dung/ros2_ws/src/install/roverc/lib/python3.12/site-packages:${PYTHONPATH} /usr/bin/cmake --install /home/nguyen-anh-dung/ros2_ws/src/build/robot
[13.879s] -- Install configuration: ""
[13.879s] -- Installing: /home/nguyen-anh-dung/ros2_ws/src/install/robot/lib/robot/algo_node
[13.883s] -- Set non-toolchain portion of runtime path of "/home/nguyen-anh-dung/ros2_ws/src/install/robot/lib/robot/algo_node" to ""
[13.883s] -- Installing: /home/nguyen-anh-dung/ros2_ws/src/install/robot/lib/robot/motor_controller
[13.886s] -- Set non-toolchain portion of runtime path of "/home/nguyen-anh-dung/ros2_ws/src/install/robot/lib/robot/motor_controller" to ""
[13.887s] -- Installing: /home/nguyen-anh-dung/ros2_ws/src/install/robot/lib/robot/trajectory
[13.888s] -- Set non-toolchain portion of runtime path of "/home/nguyen-anh-dung/ros2_ws/src/install/robot/lib/robot/trajectory" to ""
[13.888s] -- Installing: /home/nguyen-anh-dung/ros2_ws/src/install/robot/lib/robot/trajectory2
[13.889s] -- Set non-toolchain portion of runtime path of "/home/nguyen-anh-dung/ros2_ws/src/install/robot/lib/robot/trajectory2" to ""
[13.889s] -- Installing: /home/nguyen-anh-dung/ros2_ws/src/install/robot/lib/robot/tof_servoing
[13.892s] -- Set non-toolchain portion of runtime path of "/home/nguyen-anh-dung/ros2_ws/src/install/robot/lib/robot/tof_servoing" to ""
[13.892s] -- Installing: /home/nguyen-anh-dung/ros2_ws/src/install/robot/lib/robot/line_servoing_front
[13.896s] -- Set non-toolchain portion of runtime path of "/home/nguyen-anh-dung/ros2_ws/src/install/robot/lib/robot/line_servoing_front" to ""
[13.896s] -- Installing: /home/nguyen-anh-dung/ros2_ws/src/install/robot/share/ament_index/resource_index/package_run_dependencies/robot
[13.896s] -- Installing: /home/nguyen-anh-dung/ros2_ws/src/install/robot/share/ament_index/resource_index/parent_prefix_path/robot
[13.896s] -- Installing: /home/nguyen-anh-dung/ros2_ws/src/install/robot/share/robot/environment/ament_prefix_path.sh
[13.896s] -- Installing: /home/nguyen-anh-dung/ros2_ws/src/install/robot/share/robot/environment/ament_prefix_path.dsv
[13.897s] -- Installing: /home/nguyen-anh-dung/ros2_ws/src/install/robot/share/robot/environment/path.sh
[13.897s] -- Installing: /home/nguyen-anh-dung/ros2_ws/src/install/robot/share/robot/environment/path.dsv
[13.897s] -- Installing: /home/nguyen-anh-dung/ros2_ws/src/install/robot/share/robot/local_setup.bash
[13.897s] -- Installing: /home/nguyen-anh-dung/ros2_ws/src/install/robot/share/robot/local_setup.sh
[13.897s] -- Installing: /home/nguyen-anh-dung/ros2_ws/src/install/robot/share/robot/local_setup.zsh
[13.897s] -- Installing: /home/nguyen-anh-dung/ros2_ws/src/install/robot/share/robot/local_setup.dsv
[13.897s] -- Installing: /home/nguyen-anh-dung/ros2_ws/src/install/robot/share/robot/package.dsv
[13.897s] -- Installing: /home/nguyen-anh-dung/ros2_ws/src/install/robot/share/ament_index/resource_index/packages/robot
[13.898s] -- Installing: /home/nguyen-anh-dung/ros2_ws/src/install/robot/share/robot/cmake/robotConfig.cmake
[13.898s] -- Installing: /home/nguyen-anh-dung/ros2_ws/src/install/robot/share/robot/cmake/robotConfig-version.cmake
[13.898s] -- Installing: /home/nguyen-anh-dung/ros2_ws/src/install/robot/share/robot/package.xml
[13.900s] Invoked command in '/home/nguyen-anh-dung/ros2_ws/src/build/robot' returned '0': AMENT_PREFIX_PATH=/home/nguyen-anh-dung/ros2_ws/src/install/roverc:${AMENT_PREFIX_PATH} CMAKE_PREFIX_PATH=/home/nguyen-anh-dung/ros2_ws/src/install/roverc:/home/nguyen-anh-dung/ros2_ws/install/robot:/home/nguyen-anh-dung/ros2_ws/install/roverc:/opt/ros/jazzy/opt/gz_math_vendor:/opt/ros/jazzy/opt/gz_utils_vendor:/opt/ros/jazzy/opt/gz_cmake_vendor:/home/nguyen-anh-dung/ros2_ws/install/roverc_client:/opt/ros/jazzy DEBUGINFOD_URLS=https://debuginfod.ubuntu.com LD_LIBRARY_PATH=/home/nguyen-anh-dung/ros2_ws/src/install/roverc/lib:${LD_LIBRARY_PATH} PYTHONPATH=/home/nguyen-anh-dung/ros2_ws/src/install/roverc/lib/python3.12/site-packages:${PYTHONPATH} /usr/bin/cmake --install /home/nguyen-anh-dung/ros2_ws/src/build/robot
