[0.014s] Invoking command in '/home/nguyen-anh-dung/ros2_ws/build/robot': CMAKE_PREFIX_PATH=/home/nguyen-anh-dung/ros2_ws/install/roverc:/home/nguyen-anh-dung/ros2_ws/install/robot:/opt/ros/jazzy/opt/gz_math_vendor:/opt/ros/jazzy/opt/gz_utils_vendor:/opt/ros/jazzy/opt/gz_cmake_vendor:/home/nguyen-anh-dung/ros2_ws/install/roverc_client:/opt/ros/jazzy DEBUGINFOD_URLS=https://debuginfod.ubuntu.com PYTHONPATH=/home/nguyen-anh-dung/ros2_ws/install/roverc/lib/python3.12/site-packages:/home/nguyen-anh-dung/ros2_ws/install/roverc_client/lib/python3.12/site-packages:/opt/ros/jazzy/lib/python3.12/site-packages /usr/bin/cmake --build /home/nguyen-anh-dung/ros2_ws/build/robot -- -j8 -l8
[0.082s] [ 50%] Built target trajectory2
[0.082s] [ 62%] [32mBuilding CXX object CMakeFiles/motor_controller.dir/src/motor_controller.cpp.o[0m
[0.082s] [ 62%] Built target algo_node
[0.085s] [ 75%] [32mBuilding CXX object CMakeFiles/trajectory.dir/src/trajectory.cpp.o[0m
[4.958s] [ 87%] [32m[1mLinking CXX executable trajectory[0m
[5.142s] [ 87%] Built target trajectory
[8.981s] [100%] [32m[1mLinking CXX executable motor_controller[0m
[9.286s] [100%] Built target motor_controller
[9.298s] Invoked command in '/home/nguyen-anh-dung/ros2_ws/build/robot' returned '0': CMAKE_PREFIX_PATH=/home/nguyen-anh-dung/ros2_ws/install/roverc:/home/nguyen-anh-dung/ros2_ws/install/robot:/opt/ros/jazzy/opt/gz_math_vendor:/opt/ros/jazzy/opt/gz_utils_vendor:/opt/ros/jazzy/opt/gz_cmake_vendor:/home/nguyen-anh-dung/ros2_ws/install/roverc_client:/opt/ros/jazzy DEBUGINFOD_URLS=https://debuginfod.ubuntu.com PYTHONPATH=/home/nguyen-anh-dung/ros2_ws/install/roverc/lib/python3.12/site-packages:/home/nguyen-anh-dung/ros2_ws/install/roverc_client/lib/python3.12/site-packages:/opt/ros/jazzy/lib/python3.12/site-packages /usr/bin/cmake --build /home/nguyen-anh-dung/ros2_ws/build/robot -- -j8 -l8
[9.299s] Invoking command in '/home/nguyen-anh-dung/ros2_ws/build/robot': CMAKE_PREFIX_PATH=/home/nguyen-anh-dung/ros2_ws/install/roverc:/home/nguyen-anh-dung/ros2_ws/install/robot:/opt/ros/jazzy/opt/gz_math_vendor:/opt/ros/jazzy/opt/gz_utils_vendor:/opt/ros/jazzy/opt/gz_cmake_vendor:/home/nguyen-anh-dung/ros2_ws/install/roverc_client:/opt/ros/jazzy DEBUGINFOD_URLS=https://debuginfod.ubuntu.com PYTHONPATH=/home/nguyen-anh-dung/ros2_ws/install/roverc/lib/python3.12/site-packages:/home/nguyen-anh-dung/ros2_ws/install/roverc_client/lib/python3.12/site-packages:/opt/ros/jazzy/lib/python3.12/site-packages /usr/bin/cmake --install /home/nguyen-anh-dung/ros2_ws/build/robot
[9.308s] -- Install configuration: ""
[9.308s] -- Up-to-date: /home/nguyen-anh-dung/ros2_ws/install/robot/lib/robot/algo_node
[9.308s] -- Installing: /home/nguyen-anh-dung/ros2_ws/install/robot/lib/robot/motor_controller
[9.314s] -- Set non-toolchain portion of runtime path of "/home/nguyen-anh-dung/ros2_ws/install/robot/lib/robot/motor_controller" to ""
[9.314s] -- Installing: /home/nguyen-anh-dung/ros2_ws/install/robot/lib/robot/trajectory
[9.316s] -- Set non-toolchain portion of runtime path of "/home/nguyen-anh-dung/ros2_ws/install/robot/lib/robot/trajectory" to ""
[9.316s] -- Up-to-date: /home/nguyen-anh-dung/ros2_ws/install/robot/lib/robot/trajectory2
[9.316s] -- Up-to-date: /home/nguyen-anh-dung/ros2_ws/install/robot/share/ament_index/resource_index/package_run_dependencies/robot
[9.317s] -- Up-to-date: /home/nguyen-anh-dung/ros2_ws/install/robot/share/ament_index/resource_index/parent_prefix_path/robot
[9.317s] -- Up-to-date: /home/nguyen-anh-dung/ros2_ws/install/robot/share/robot/environment/ament_prefix_path.sh
[9.317s] -- Up-to-date: /home/nguyen-anh-dung/ros2_ws/install/robot/share/robot/environment/ament_prefix_path.dsv
[9.317s] -- Up-to-date: /home/nguyen-anh-dung/ros2_ws/install/robot/share/robot/environment/path.sh
[9.317s] -- Up-to-date: /home/nguyen-anh-dung/ros2_ws/install/robot/share/robot/environment/path.dsv
[9.318s] -- Up-to-date: /home/nguyen-anh-dung/ros2_ws/install/robot/share/robot/local_setup.bash
[9.318s] -- Up-to-date: /home/nguyen-anh-dung/ros2_ws/install/robot/share/robot/local_setup.sh
[9.318s] -- Up-to-date: /home/nguyen-anh-dung/ros2_ws/install/robot/share/robot/local_setup.zsh
[9.318s] -- Up-to-date: /home/nguyen-anh-dung/ros2_ws/install/robot/share/robot/local_setup.dsv
[9.318s] -- Installing: /home/nguyen-anh-dung/ros2_ws/install/robot/share/robot/package.dsv
[9.318s] -- Up-to-date: /home/nguyen-anh-dung/ros2_ws/install/robot/share/ament_index/resource_index/packages/robot
[9.318s] -- Up-to-date: /home/nguyen-anh-dung/ros2_ws/install/robot/share/robot/cmake/robotConfig.cmake
[9.319s] -- Up-to-date: /home/nguyen-anh-dung/ros2_ws/install/robot/share/robot/cmake/robotConfig-version.cmake
[9.319s] -- Up-to-date: /home/nguyen-anh-dung/ros2_ws/install/robot/share/robot/package.xml
[9.320s] Invoked command in '/home/nguyen-anh-dung/ros2_ws/build/robot' returned '0': CMAKE_PREFIX_PATH=/home/nguyen-anh-dung/ros2_ws/install/roverc:/home/nguyen-anh-dung/ros2_ws/install/robot:/opt/ros/jazzy/opt/gz_math_vendor:/opt/ros/jazzy/opt/gz_utils_vendor:/opt/ros/jazzy/opt/gz_cmake_vendor:/home/nguyen-anh-dung/ros2_ws/install/roverc_client:/opt/ros/jazzy DEBUGINFOD_URLS=https://debuginfod.ubuntu.com PYTHONPATH=/home/nguyen-anh-dung/ros2_ws/install/roverc/lib/python3.12/site-packages:/home/nguyen-anh-dung/ros2_ws/install/roverc_client/lib/python3.12/site-packages:/opt/ros/jazzy/lib/python3.12/site-packages /usr/bin/cmake --install /home/nguyen-anh-dung/ros2_ws/build/robot
