[1.185s] Invoking command in '/home/nguyen-anh-dung/ros2_ws/src/rover_client': AMENT_PREFIX_PATH=/home/nguyen-anh-dung/ros2_ws/src/install/roverc:${AMENT_PREFIX_PATH} CMAKE_PREFIX_PATH=/home/nguyen-anh-dung/ros2_ws/src/install/roverc:${CMAKE_PREFIX_PATH} DEBUGINFOD_URLS=https://debuginfod.ubuntu.com LD_LIBRARY_PATH=/home/nguyen-anh-dung/ros2_ws/src/install/roverc/lib:${LD_LIBRARY_PATH} PYTHONPATH=/home/nguyen-anh-dung/ros2_ws/src/build/roverc_client/prefix_override:/usr/lib/python3/dist-packages/colcon_core/task/python/colcon_distutils_commands:/home/nguyen-anh-dung/ros2_ws/src/install/roverc_client/lib/python3.12/site-packages:/home/nguyen-anh-dung/ros2_ws/src/install/roverc/lib/python3.12/site-packages:${PYTHONPATH} /usr/bin/python3 -W ignore:setup.py install is deprecated -W ignore:easy_install command is deprecated setup.py egg_info --egg-base ../build/roverc_client build --build-base /home/nguyen-anh-dung/ros2_ws/src/build/roverc_client/build install --record /home/nguyen-anh-dung/ros2_ws/src/build/roverc_client/install.log --single-version-externally-managed install_data
[1.734s] running egg_info
[1.734s] creating ../build/roverc_client/roverc_client.egg-info
[1.794s] writing ../build/roverc_client/roverc_client.egg-info/PKG-INFO
[1.797s] writing dependency_links to ../build/roverc_client/roverc_client.egg-info/dependency_links.txt
[1.800s] writing entry points to ../build/roverc_client/roverc_client.egg-info/entry_points.txt
[1.801s] writing requirements to ../build/roverc_client/roverc_client.egg-info/requires.txt
[1.801s] writing top-level names to ../build/roverc_client/roverc_client.egg-info/top_level.txt
[1.801s] writing manifest file '../build/roverc_client/roverc_client.egg-info/SOURCES.txt'
[1.924s] reading manifest file '../build/roverc_client/roverc_client.egg-info/SOURCES.txt'
[1.926s] writing manifest file '../build/roverc_client/roverc_client.egg-info/SOURCES.txt'
[1.927s] running build
[1.927s] running build_py
[1.927s] creating /home/nguyen-anh-dung/ros2_ws/src/build/roverc_client/build
[1.928s] creating /home/nguyen-anh-dung/ros2_ws/src/build/roverc_client/build/lib
[1.928s] creating /home/nguyen-anh-dung/ros2_ws/src/build/roverc_client/build/lib/roverc_client
[1.929s] copying roverc_client/client.py -> /home/nguyen-anh-dung/ros2_ws/src/build/roverc_client/build/lib/roverc_client
[1.933s] copying roverc_client/__init__.py -> /home/nguyen-anh-dung/ros2_ws/src/build/roverc_client/build/lib/roverc_client
[1.934s] running install
[1.949s] running install_lib
[2.021s] creating /home/nguyen-anh-dung/ros2_ws/src/install/roverc_client/lib/python3.12/site-packages/roverc_client
[2.022s] copying /home/nguyen-anh-dung/ros2_ws/src/build/roverc_client/build/lib/roverc_client/client.py -> /home/nguyen-anh-dung/ros2_ws/src/install/roverc_client/lib/python3.12/site-packages/roverc_client
[2.023s] copying /home/nguyen-anh-dung/ros2_ws/src/build/roverc_client/build/lib/roverc_client/__init__.py -> /home/nguyen-anh-dung/ros2_ws/src/install/roverc_client/lib/python3.12/site-packages/roverc_client
[2.024s] byte-compiling /home/nguyen-anh-dung/ros2_ws/src/install/roverc_client/lib/python3.12/site-packages/roverc_client/client.py to client.cpython-312.pyc
[2.030s] byte-compiling /home/nguyen-anh-dung/ros2_ws/src/install/roverc_client/lib/python3.12/site-packages/roverc_client/__init__.py to __init__.cpython-312.pyc
[2.031s] running install_data
[2.031s] creating /home/nguyen-anh-dung/ros2_ws/src/install/roverc_client/share/ament_index
[2.031s] creating /home/nguyen-anh-dung/ros2_ws/src/install/roverc_client/share/ament_index/resource_index
[2.032s] creating /home/nguyen-anh-dung/ros2_ws/src/install/roverc_client/share/ament_index/resource_index/packages
[2.032s] copying resource/roverc_client -> /home/nguyen-anh-dung/ros2_ws/src/install/roverc_client/share/ament_index/resource_index/packages
[2.032s] copying package.xml -> /home/nguyen-anh-dung/ros2_ws/src/install/roverc_client/share/roverc_client
[2.032s] running install_egg_info
[2.083s] Copying ../build/roverc_client/roverc_client.egg-info to /home/nguyen-anh-dung/ros2_ws/src/install/roverc_client/lib/python3.12/site-packages/roverc_client-0.0.0-py3.12.egg-info
[2.084s] running install_scripts
[2.452s] Installing client script to /home/nguyen-anh-dung/ros2_ws/src/install/roverc_client/lib/roverc_client
[2.453s] writing list of installed files to '/home/nguyen-anh-dung/ros2_ws/src/build/roverc_client/install.log'
[2.518s] Invoked command in '/home/nguyen-anh-dung/ros2_ws/src/rover_client' returned '0': AMENT_PREFIX_PATH=/home/nguyen-anh-dung/ros2_ws/src/install/roverc:${AMENT_PREFIX_PATH} CMAKE_PREFIX_PATH=/home/nguyen-anh-dung/ros2_ws/src/install/roverc:${CMAKE_PREFIX_PATH} DEBUGINFOD_URLS=https://debuginfod.ubuntu.com LD_LIBRARY_PATH=/home/nguyen-anh-dung/ros2_ws/src/install/roverc/lib:${LD_LIBRARY_PATH} PYTHONPATH=/home/nguyen-anh-dung/ros2_ws/src/build/roverc_client/prefix_override:/usr/lib/python3/dist-packages/colcon_core/task/python/colcon_distutils_commands:/home/nguyen-anh-dung/ros2_ws/src/install/roverc_client/lib/python3.12/site-packages:/home/nguyen-anh-dung/ros2_ws/src/install/roverc/lib/python3.12/site-packages:${PYTHONPATH} /usr/bin/python3 -W ignore:setup.py install is deprecated -W ignore:easy_install command is deprecated setup.py egg_info --egg-base ../build/roverc_client build --build-base /home/nguyen-anh-dung/ros2_ws/src/build/roverc_client/build install --record /home/nguyen-anh-dung/ros2_ws/src/build/roverc_client/install.log --single-version-externally-managed install_data
