[0.013s] Invoking command in '/home/nguyen-anh-dung/ros2_ws/build/robot': CMAKE_PREFIX_PATH=/home/nguyen-anh-dung/ros2_ws/install/roverc:/home/nguyen-anh-dung/ros2_ws/install/robot:/opt/ros/jazzy/opt/gz_math_vendor:/opt/ros/jazzy/opt/gz_utils_vendor:/opt/ros/jazzy/opt/gz_cmake_vendor:/home/nguyen-anh-dung/ros2_ws/install/roverc_client:/opt/ros/jazzy DEBUGINFOD_URLS=https://debuginfod.ubuntu.com PYTHONPATH=/home/nguyen-anh-dung/ros2_ws/install/roverc/lib/python3.12/site-packages:/home/nguyen-anh-dung/ros2_ws/install/roverc_client/lib/python3.12/site-packages:/opt/ros/jazzy/lib/python3.12/site-packages /usr/bin/cmake --build /home/nguyen-anh-dung/ros2_ws/build/robot -- -j8 -l8
[0.083s] [ 30%] Built target trajectory2
[0.083s] [ 40%] Built target motor_controller
[0.091s] [ 50%] [32mBuilding CXX object CMakeFiles/tof_servoing.dir/src/tof_servoing.cpp.o[0m
[0.091s] [ 70%] Built target trajectory
[0.092s] [ 90%] Built target algo_node
[9.596s] [100%] [32m[1mLinking CXX executable tof_servoing[0m
[9.957s] [100%] Built target tof_servoing
[9.969s] Invoked command in '/home/nguyen-anh-dung/ros2_ws/build/robot' returned '0': CMAKE_PREFIX_PATH=/home/nguyen-anh-dung/ros2_ws/install/roverc:/home/nguyen-anh-dung/ros2_ws/install/robot:/opt/ros/jazzy/opt/gz_math_vendor:/opt/ros/jazzy/opt/gz_utils_vendor:/opt/ros/jazzy/opt/gz_cmake_vendor:/home/nguyen-anh-dung/ros2_ws/install/roverc_client:/opt/ros/jazzy DEBUGINFOD_URLS=https://debuginfod.ubuntu.com PYTHONPATH=/home/nguyen-anh-dung/ros2_ws/install/roverc/lib/python3.12/site-packages:/home/nguyen-anh-dung/ros2_ws/install/roverc_client/lib/python3.12/site-packages:/opt/ros/jazzy/lib/python3.12/site-packages /usr/bin/cmake --build /home/nguyen-anh-dung/ros2_ws/build/robot -- -j8 -l8
[9.971s] Invoking command in '/home/nguyen-anh-dung/ros2_ws/build/robot': CMAKE_PREFIX_PATH=/home/nguyen-anh-dung/ros2_ws/install/roverc:/home/nguyen-anh-dung/ros2_ws/install/robot:/opt/ros/jazzy/opt/gz_math_vendor:/opt/ros/jazzy/opt/gz_utils_vendor:/opt/ros/jazzy/opt/gz_cmake_vendor:/home/nguyen-anh-dung/ros2_ws/install/roverc_client:/opt/ros/jazzy DEBUGINFOD_URLS=https://debuginfod.ubuntu.com PYTHONPATH=/home/nguyen-anh-dung/ros2_ws/install/roverc/lib/python3.12/site-packages:/home/nguyen-anh-dung/ros2_ws/install/roverc_client/lib/python3.12/site-packages:/opt/ros/jazzy/lib/python3.12/site-packages /usr/bin/cmake --install /home/nguyen-anh-dung/ros2_ws/build/robot
[9.978s] -- Install configuration: ""
[9.978s] -- Up-to-date: /home/nguyen-anh-dung/ros2_ws/install/robot/lib/robot/algo_node
[9.979s] -- Up-to-date: /home/nguyen-anh-dung/ros2_ws/install/robot/lib/robot/motor_controller
[9.979s] -- Up-to-date: /home/nguyen-anh-dung/ros2_ws/install/robot/lib/robot/trajectory
[9.979s] -- Up-to-date: /home/nguyen-anh-dung/ros2_ws/install/robot/lib/robot/trajectory2
[9.980s] -- Installing: /home/nguyen-anh-dung/ros2_ws/install/robot/lib/robot/tof_servoing
[9.985s] -- Set non-toolchain portion of runtime path of "/home/nguyen-anh-dung/ros2_ws/install/robot/lib/robot/tof_servoing" to ""
[9.986s] -- Up-to-date: /home/nguyen-anh-dung/ros2_ws/install/robot/share/ament_index/resource_index/package_run_dependencies/robot
[9.986s] -- Up-to-date: /home/nguyen-anh-dung/ros2_ws/install/robot/share/ament_index/resource_index/parent_prefix_path/robot
[9.986s] -- Up-to-date: /home/nguyen-anh-dung/ros2_ws/install/robot/share/robot/environment/ament_prefix_path.sh
[9.987s] -- Up-to-date: /home/nguyen-anh-dung/ros2_ws/install/robot/share/robot/environment/ament_prefix_path.dsv
[9.987s] -- Up-to-date: /home/nguyen-anh-dung/ros2_ws/install/robot/share/robot/environment/path.sh
[9.987s] -- Up-to-date: /home/nguyen-anh-dung/ros2_ws/install/robot/share/robot/environment/path.dsv
[9.987s] -- Up-to-date: /home/nguyen-anh-dung/ros2_ws/install/robot/share/robot/local_setup.bash
[9.987s] -- Up-to-date: /home/nguyen-anh-dung/ros2_ws/install/robot/share/robot/local_setup.sh
[9.987s] -- Up-to-date: /home/nguyen-anh-dung/ros2_ws/install/robot/share/robot/local_setup.zsh
[9.987s] -- Up-to-date: /home/nguyen-anh-dung/ros2_ws/install/robot/share/robot/local_setup.dsv
[9.987s] -- Installing: /home/nguyen-anh-dung/ros2_ws/install/robot/share/robot/package.dsv
[9.987s] -- Up-to-date: /home/nguyen-anh-dung/ros2_ws/install/robot/share/ament_index/resource_index/packages/robot
[9.988s] -- Up-to-date: /home/nguyen-anh-dung/ros2_ws/install/robot/share/robot/cmake/robotConfig.cmake
[9.988s] -- Up-to-date: /home/nguyen-anh-dung/ros2_ws/install/robot/share/robot/cmake/robotConfig-version.cmake
[9.988s] -- Up-to-date: /home/nguyen-anh-dung/ros2_ws/install/robot/share/robot/package.xml
[9.989s] Invoked command in '/home/nguyen-anh-dung/ros2_ws/build/robot' returned '0': CMAKE_PREFIX_PATH=/home/nguyen-anh-dung/ros2_ws/install/roverc:/home/nguyen-anh-dung/ros2_ws/install/robot:/opt/ros/jazzy/opt/gz_math_vendor:/opt/ros/jazzy/opt/gz_utils_vendor:/opt/ros/jazzy/opt/gz_cmake_vendor:/home/nguyen-anh-dung/ros2_ws/install/roverc_client:/opt/ros/jazzy DEBUGINFOD_URLS=https://debuginfod.ubuntu.com PYTHONPATH=/home/nguyen-anh-dung/ros2_ws/install/roverc/lib/python3.12/site-packages:/home/nguyen-anh-dung/ros2_ws/install/roverc_client/lib/python3.12/site-packages:/opt/ros/jazzy/lib/python3.12/site-packages /usr/bin/cmake --install /home/nguyen-anh-dung/ros2_ws/build/robot
