[3.554s] DEBUG:colcon:Command line arguments: ['/usr/bin/colcon', 'build']
[3.554s] DEBUG:colcon:Parsed command line arguments: Namespace(log_base=None, log_level=None, verb_name='build', build_base='build', install_base='install', merge_install=False, symlink_install=False, test_result_base=None, continue_on_error=False, executor='parallel', parallel_workers=8, event_handlers=None, ignore_user_meta=False, metas=['./colcon.meta'], base_paths=['.'], packages_ignore=None, packages_ignore_regex=None, paths=None, packages_up_to=None, packages_up_to_regex=None, packages_above=None, packages_above_and_dependencies=None, packages_above_depth=None, packages_select_by_dep=None, packages_skip_by_dep=None, packages_skip_up_to=None, packages_select_build_failed=False, packages_skip_build_finished=False, packages_select_test_failures=False, packages_skip_test_passed=False, packages_select=None, packages_skip=None, packages_select_regex=None, packages_skip_regex=None, packages_start=None, packages_end=None, cmake_args=None, cmake_target=None, cmake_target_skip_unavailable=False, cmake_clean_cache=False, cmake_clean_first=False, cmake_force_configure=False, ament_cmake_args=None, catkin_cmake_args=None, catkin_skip_building_tests=False, verb_parser=<colcon_defaults.argument_parser.defaults.DefaultArgumentsDecorator object at 0x7907aa0c0a10>, verb_extension=<colcon_core.verb.build.BuildVerb object at 0x7907aa0c0890>, main=<bound method BuildVerb.main of <colcon_core.verb.build.BuildVerb object at 0x7907aa0c0890>>)
[3.739s] Level 1:colcon.colcon_core.package_discovery:discover_packages(colcon_meta) check parameters
[3.739s] Level 1:colcon.colcon_core.package_discovery:discover_packages(recursive) check parameters
[3.739s] Level 1:colcon.colcon_core.package_discovery:discover_packages(ignore) check parameters
[3.740s] Level 1:colcon.colcon_core.package_discovery:discover_packages(path) check parameters
[3.740s] Level 1:colcon.colcon_core.package_discovery:discover_packages(colcon_meta) discover
[3.740s] Level 1:colcon.colcon_core.package_discovery:discover_packages(recursive) discover
[3.740s] INFO:colcon.colcon_core.package_discovery:Crawling recursively for packages in '/home/nguyen-anh-dung/ros2_ws'
[3.740s] Level 1:colcon.colcon_core.package_identification:_identify(.) by extensions ['ignore', 'ignore_ament_install']
[3.740s] Level 1:colcon.colcon_core.package_identification:_identify(.) by extension 'ignore'
[3.741s] Level 1:colcon.colcon_core.package_identification:_identify(.) by extension 'ignore_ament_install'
[3.741s] Level 1:colcon.colcon_core.package_identification:_identify(.) by extensions ['colcon_pkg']
[3.741s] Level 1:colcon.colcon_core.package_identification:_identify(.) by extension 'colcon_pkg'
[3.741s] Level 1:colcon.colcon_core.package_identification:_identify(.) by extensions ['colcon_meta']
[3.741s] Level 1:colcon.colcon_core.package_identification:_identify(.) by extension 'colcon_meta'
[3.741s] Level 1:colcon.colcon_core.package_identification:_identify(.) by extensions ['ros']
[3.741s] Level 1:colcon.colcon_core.package_identification:_identify(.) by extension 'ros'
[3.823s] Level 1:colcon.colcon_core.package_identification:_identify(.) by extensions ['cmake', 'python']
[3.824s] Level 1:colcon.colcon_core.package_identification:_identify(.) by extension 'cmake'
[3.824s] Level 1:colcon.colcon_core.package_identification:_identify(.) by extension 'python'
[3.824s] Level 1:colcon.colcon_core.package_identification:_identify(.) by extensions ['python_setup_py']
[3.824s] Level 1:colcon.colcon_core.package_identification:_identify(.) by extension 'python_setup_py'
[3.825s] Level 1:colcon.colcon_core.package_identification:_identify(build) by extensions ['ignore', 'ignore_ament_install']
[3.825s] Level 1:colcon.colcon_core.package_identification:_identify(build) by extension 'ignore'
[3.826s] Level 1:colcon.colcon_core.package_identification:_identify(build) ignored
[3.826s] Level 1:colcon.colcon_core.package_identification:_identify(install) by extensions ['ignore', 'ignore_ament_install']
[3.826s] Level 1:colcon.colcon_core.package_identification:_identify(install) by extension 'ignore'
[3.826s] Level 1:colcon.colcon_core.package_identification:_identify(install) ignored
[3.827s] Level 1:colcon.colcon_core.package_identification:_identify(log) by extensions ['ignore', 'ignore_ament_install']
[3.827s] Level 1:colcon.colcon_core.package_identification:_identify(log) by extension 'ignore'
[3.827s] Level 1:colcon.colcon_core.package_identification:_identify(log) ignored
[3.827s] Level 1:colcon.colcon_core.package_identification:_identify(src) by extensions ['ignore', 'ignore_ament_install']
[3.827s] Level 1:colcon.colcon_core.package_identification:_identify(src) by extension 'ignore'
[3.828s] Level 1:colcon.colcon_core.package_identification:_identify(src) by extension 'ignore_ament_install'
[3.828s] Level 1:colcon.colcon_core.package_identification:_identify(src) by extensions ['colcon_pkg']
[3.828s] Level 1:colcon.colcon_core.package_identification:_identify(src) by extension 'colcon_pkg'
[3.828s] Level 1:colcon.colcon_core.package_identification:_identify(src) by extensions ['colcon_meta']
[3.828s] Level 1:colcon.colcon_core.package_identification:_identify(src) by extension 'colcon_meta'
[3.828s] Level 1:colcon.colcon_core.package_identification:_identify(src) by extensions ['ros']
[3.828s] Level 1:colcon.colcon_core.package_identification:_identify(src) by extension 'ros'
[3.829s] Level 1:colcon.colcon_core.package_identification:_identify(src) by extensions ['cmake', 'python']
[3.829s] Level 1:colcon.colcon_core.package_identification:_identify(src) by extension 'cmake'
[3.829s] Level 1:colcon.colcon_core.package_identification:_identify(src) by extension 'python'
[3.829s] Level 1:colcon.colcon_core.package_identification:_identify(src) by extensions ['python_setup_py']
[3.829s] Level 1:colcon.colcon_core.package_identification:_identify(src) by extension 'python_setup_py'
[3.829s] Level 1:colcon.colcon_core.package_identification:_identify(src/robot) by extensions ['ignore', 'ignore_ament_install']
[3.830s] Level 1:colcon.colcon_core.package_identification:_identify(src/robot) by extension 'ignore'
[3.830s] Level 1:colcon.colcon_core.package_identification:_identify(src/robot) by extension 'ignore_ament_install'
[3.830s] Level 1:colcon.colcon_core.package_identification:_identify(src/robot) by extensions ['colcon_pkg']
[3.830s] Level 1:colcon.colcon_core.package_identification:_identify(src/robot) by extension 'colcon_pkg'
[3.830s] Level 1:colcon.colcon_core.package_identification:_identify(src/robot) by extensions ['colcon_meta']
[3.830s] Level 1:colcon.colcon_core.package_identification:_identify(src/robot) by extension 'colcon_meta'
[3.831s] Level 1:colcon.colcon_core.package_identification:_identify(src/robot) by extensions ['ros']
[3.831s] Level 1:colcon.colcon_core.package_identification:_identify(src/robot) by extension 'ros'
[3.838s] DEBUG:colcon.colcon_core.package_identification:Package 'src/robot' with type 'ros.ament_cmake' and name 'robot'
[3.838s] Level 1:colcon.colcon_core.package_identification:_identify(src/rover_client) by extensions ['ignore', 'ignore_ament_install']
[3.839s] Level 1:colcon.colcon_core.package_identification:_identify(src/rover_client) by extension 'ignore'
[3.839s] Level 1:colcon.colcon_core.package_identification:_identify(src/rover_client) by extension 'ignore_ament_install'
[3.839s] Level 1:colcon.colcon_core.package_identification:_identify(src/rover_client) by extensions ['colcon_pkg']
[3.839s] Level 1:colcon.colcon_core.package_identification:_identify(src/rover_client) by extension 'colcon_pkg'
[3.839s] Level 1:colcon.colcon_core.package_identification:_identify(src/rover_client) by extensions ['colcon_meta']
[3.839s] Level 1:colcon.colcon_core.package_identification:_identify(src/rover_client) by extension 'colcon_meta'
[3.840s] Level 1:colcon.colcon_core.package_identification:_identify(src/rover_client) by extensions ['ros']
[3.840s] Level 1:colcon.colcon_core.package_identification:_identify(src/rover_client) by extension 'ros'
[3.841s] DEBUG:colcon.colcon_core.package_identification:Package 'src/rover_client' with type 'ros.ament_python' and name 'roverc_client'
[3.841s] Level 1:colcon.colcon_core.package_identification:_identify(src/roverc) by extensions ['ignore', 'ignore_ament_install']
[3.841s] Level 1:colcon.colcon_core.package_identification:_identify(src/roverc) by extension 'ignore'
[3.842s] Level 1:colcon.colcon_core.package_identification:_identify(src/roverc) by extension 'ignore_ament_install'
[3.842s] Level 1:colcon.colcon_core.package_identification:_identify(src/roverc) by extensions ['colcon_pkg']
[3.842s] Level 1:colcon.colcon_core.package_identification:_identify(src/roverc) by extension 'colcon_pkg'
[3.842s] Level 1:colcon.colcon_core.package_identification:_identify(src/roverc) by extensions ['colcon_meta']
[3.842s] Level 1:colcon.colcon_core.package_identification:_identify(src/roverc) by extension 'colcon_meta'
[3.842s] Level 1:colcon.colcon_core.package_identification:_identify(src/roverc) by extensions ['ros']
[3.842s] Level 1:colcon.colcon_core.package_identification:_identify(src/roverc) by extension 'ros'
[3.843s] DEBUG:colcon.colcon_core.package_identification:Package 'src/roverc' with type 'ros.ament_cmake' and name 'roverc'
[3.843s] Level 1:colcon.colcon_core.package_discovery:discover_packages(recursive) using defaults
[3.844s] Level 1:colcon.colcon_core.package_discovery:discover_packages(ignore) discover
[3.844s] Level 1:colcon.colcon_core.package_discovery:discover_packages(ignore) using defaults
[3.844s] Level 1:colcon.colcon_core.package_discovery:discover_packages(path) discover
[3.844s] Level 1:colcon.colcon_core.package_discovery:discover_packages(path) using defaults
[4.137s] Level 5:colcon.colcon_core.verb:set package 'roverc' build argument 'cmake_args' from command line to 'None'
[4.137s] Level 5:colcon.colcon_core.verb:set package 'roverc' build argument 'cmake_target' from command line to 'None'
[4.137s] Level 5:colcon.colcon_core.verb:set package 'roverc' build argument 'cmake_target_skip_unavailable' from command line to 'False'
[4.138s] Level 5:colcon.colcon_core.verb:set package 'roverc' build argument 'cmake_clean_cache' from command line to 'False'
[4.138s] Level 5:colcon.colcon_core.verb:set package 'roverc' build argument 'cmake_clean_first' from command line to 'False'
[4.138s] Level 5:colcon.colcon_core.verb:set package 'roverc' build argument 'cmake_force_configure' from command line to 'False'
[4.138s] Level 5:colcon.colcon_core.verb:set package 'roverc' build argument 'ament_cmake_args' from command line to 'None'
[4.138s] Level 5:colcon.colcon_core.verb:set package 'roverc' build argument 'catkin_cmake_args' from command line to 'None'
[4.138s] Level 5:colcon.colcon_core.verb:set package 'roverc' build argument 'catkin_skip_building_tests' from command line to 'False'
[4.138s] DEBUG:colcon.colcon_core.verb:Building package 'roverc' with the following arguments: {'ament_cmake_args': None, 'build_base': '/home/nguyen-anh-dung/ros2_ws/build/roverc', 'catkin_cmake_args': None, 'catkin_skip_building_tests': False, 'cmake_args': None, 'cmake_clean_cache': False, 'cmake_clean_first': False, 'cmake_force_configure': False, 'cmake_target': None, 'cmake_target_skip_unavailable': False, 'install_base': '/home/nguyen-anh-dung/ros2_ws/install/roverc', 'merge_install': False, 'path': '/home/nguyen-anh-dung/ros2_ws/src/roverc', 'symlink_install': False, 'test_result_base': None}
[4.193s] Level 5:colcon.colcon_core.verb:set package 'robot' build argument 'cmake_args' from command line to 'None'
[4.193s] Level 5:colcon.colcon_core.verb:set package 'robot' build argument 'cmake_target' from command line to 'None'
[4.193s] Level 5:colcon.colcon_core.verb:set package 'robot' build argument 'cmake_target_skip_unavailable' from command line to 'False'
[4.193s] Level 5:colcon.colcon_core.verb:set package 'robot' build argument 'cmake_clean_cache' from command line to 'False'
[4.193s] Level 5:colcon.colcon_core.verb:set package 'robot' build argument 'cmake_clean_first' from command line to 'False'
[4.193s] Level 5:colcon.colcon_core.verb:set package 'robot' build argument 'cmake_force_configure' from command line to 'False'
[4.193s] Level 5:colcon.colcon_core.verb:set package 'robot' build argument 'ament_cmake_args' from command line to 'None'
[4.193s] Level 5:colcon.colcon_core.verb:set package 'robot' build argument 'catkin_cmake_args' from command line to 'None'
[4.194s] Level 5:colcon.colcon_core.verb:set package 'robot' build argument 'catkin_skip_building_tests' from command line to 'False'
[4.194s] DEBUG:colcon.colcon_core.verb:Building package 'robot' with the following arguments: {'ament_cmake_args': None, 'build_base': '/home/nguyen-anh-dung/ros2_ws/build/robot', 'catkin_cmake_args': None, 'catkin_skip_building_tests': False, 'cmake_args': None, 'cmake_clean_cache': False, 'cmake_clean_first': False, 'cmake_force_configure': False, 'cmake_target': None, 'cmake_target_skip_unavailable': False, 'install_base': '/home/nguyen-anh-dung/ros2_ws/install/robot', 'merge_install': False, 'path': '/home/nguyen-anh-dung/ros2_ws/src/robot', 'symlink_install': False, 'test_result_base': None}
[4.247s] Level 5:colcon.colcon_core.verb:set package 'roverc_client' build argument 'cmake_args' from command line to 'None'
[4.247s] Level 5:colcon.colcon_core.verb:set package 'roverc_client' build argument 'cmake_target' from command line to 'None'
[4.247s] Level 5:colcon.colcon_core.verb:set package 'roverc_client' build argument 'cmake_target_skip_unavailable' from command line to 'False'
[4.247s] Level 5:colcon.colcon_core.verb:set package 'roverc_client' build argument 'cmake_clean_cache' from command line to 'False'
[4.247s] Level 5:colcon.colcon_core.verb:set package 'roverc_client' build argument 'cmake_clean_first' from command line to 'False'
[4.247s] Level 5:colcon.colcon_core.verb:set package 'roverc_client' build argument 'cmake_force_configure' from command line to 'False'
[4.247s] Level 5:colcon.colcon_core.verb:set package 'roverc_client' build argument 'ament_cmake_args' from command line to 'None'
[4.247s] Level 5:colcon.colcon_core.verb:set package 'roverc_client' build argument 'catkin_cmake_args' from command line to 'None'
[4.248s] Level 5:colcon.colcon_core.verb:set package 'roverc_client' build argument 'catkin_skip_building_tests' from command line to 'False'
[4.248s] DEBUG:colcon.colcon_core.verb:Building package 'roverc_client' with the following arguments: {'ament_cmake_args': None, 'build_base': '/home/nguyen-anh-dung/ros2_ws/build/roverc_client', 'catkin_cmake_args': None, 'catkin_skip_building_tests': False, 'cmake_args': None, 'cmake_clean_cache': False, 'cmake_clean_first': False, 'cmake_force_configure': False, 'cmake_target': None, 'cmake_target_skip_unavailable': False, 'install_base': '/home/nguyen-anh-dung/ros2_ws/install/roverc_client', 'merge_install': False, 'path': '/home/nguyen-anh-dung/ros2_ws/src/rover_client', 'symlink_install': False, 'test_result_base': None}
[4.303s] INFO:colcon.colcon_core.executor:Executing jobs using 'parallel' executor
[4.356s] DEBUG:colcon.colcon_parallel_executor.executor.parallel:run_until_complete
[4.357s] INFO:colcon.colcon_ros.task.ament_cmake.build:Building ROS package in '/home/nguyen-anh-dung/ros2_ws/src/roverc' with build type 'ament_cmake'
[4.358s] INFO:colcon.colcon_cmake.task.cmake.build:Building CMake package in '/home/nguyen-anh-dung/ros2_ws/src/roverc'
[4.418s] INFO:colcon.colcon_core.plugin_system:Skipping extension 'colcon_core.shell.bat': Not used on non-Windows systems
[4.418s] DEBUG:colcon.colcon_core.shell:Skip shell extension 'dsv' for command environment
[4.551s] DEBUG:colcon.colcon_parallel_executor.executor.parallel:closing loop
[4.552s] DEBUG:colcon.colcon_parallel_executor.executor.parallel:loop closed
[4.552s] DEBUG:colcon.colcon_parallel_executor.executor.parallel:run_until_complete finished with 'Could not find 'cmake' executable'
[4.552s] DEBUG:colcon.colcon_core.event_reactor:joining thread
[4.624s] INFO:colcon.colcon_core.plugin_system:Skipping extension 'colcon_notification.desktop_notification.terminal_notifier': Not used on non-Darwin systems
[4.624s] INFO:colcon.colcon_core.plugin_system:Skipping extension 'colcon_notification.desktop_notification.win32': Not used on non-Windows systems
[4.624s] INFO:colcon.colcon_notification.desktop_notification:Sending desktop notification using 'notify2'
[4.660s] DEBUG:colcon.colcon_core.event_reactor:joined thread
[4.721s] INFO:colcon.colcon_core.shell:Creating prefix script '/home/nguyen-anh-dung/ros2_ws/install/local_setup.sh'
[4.723s] INFO:colcon.colcon_core.shell:Creating prefix util module '/home/nguyen-anh-dung/ros2_ws/install/_local_setup_util_sh.py'
[4.726s] INFO:colcon.colcon_core.shell:Creating prefix chain script '/home/nguyen-anh-dung/ros2_ws/install/setup.sh'
[4.789s] INFO:colcon.colcon_core.shell:Creating prefix script '/home/nguyen-anh-dung/ros2_ws/install/local_setup.bash'
[4.790s] INFO:colcon.colcon_core.shell:Creating prefix chain script '/home/nguyen-anh-dung/ros2_ws/install/setup.bash'
[4.854s] INFO:colcon.colcon_core.shell:Creating prefix script '/home/nguyen-anh-dung/ros2_ws/install/local_setup.zsh'
[4.855s] INFO:colcon.colcon_core.shell:Creating prefix chain script '/home/nguyen-anh-dung/ros2_ws/install/setup.zsh'
