[0.019s] Invoking command in '/home/nguyen-anh-dung/ros2_ws/build/robot': CMAKE_PREFIX_PATH=/home/nguyen-anh-dung/ros2_ws/install/roverc:/home/nguyen-anh-dung/ros2_ws/install/robot:/opt/ros/jazzy/opt/gz_math_vendor:/opt/ros/jazzy/opt/gz_utils_vendor:/opt/ros/jazzy/opt/gz_cmake_vendor:/home/nguyen-anh-dung/ros2_ws/install/roverc_client:/opt/ros/jazzy DEBUGINFOD_URLS=https://debuginfod.ubuntu.com PYTHONPATH=/home/nguyen-anh-dung/ros2_ws/install/roverc/lib/python3.12/site-packages:/home/nguyen-anh-dung/ros2_ws/install/roverc_client/lib/python3.12/site-packages:/opt/ros/jazzy/lib/python3.12/site-packages /usr/bin/cmake --build /home/nguyen-anh-dung/ros2_ws/build/robot -- -j8 -l8
[0.109s] [ 14%] Built target trajectory2
[0.114s] [ 42%] Built target trajectory
[0.117s] [ 42%] Built target algo_node
[0.120s] [ 57%] Built target motor_controller
[0.126s] [ 71%] Built target line_servoing_dual
[0.126s] [ 78%] [32mBuilding CXX object CMakeFiles/line_servoing_front.dir/src/line_servoing_front.cpp.o[0m
[0.127s] [ 92%] Built target tof_servoing
[11.954s] [100%] [32m[1mLinking CXX executable line_servoing_front[0m
[12.463s] [100%] Built target line_servoing_front
[12.478s] Invoked command in '/home/nguyen-anh-dung/ros2_ws/build/robot' returned '0': CMAKE_PREFIX_PATH=/home/nguyen-anh-dung/ros2_ws/install/roverc:/home/nguyen-anh-dung/ros2_ws/install/robot:/opt/ros/jazzy/opt/gz_math_vendor:/opt/ros/jazzy/opt/gz_utils_vendor:/opt/ros/jazzy/opt/gz_cmake_vendor:/home/nguyen-anh-dung/ros2_ws/install/roverc_client:/opt/ros/jazzy DEBUGINFOD_URLS=https://debuginfod.ubuntu.com PYTHONPATH=/home/nguyen-anh-dung/ros2_ws/install/roverc/lib/python3.12/site-packages:/home/nguyen-anh-dung/ros2_ws/install/roverc_client/lib/python3.12/site-packages:/opt/ros/jazzy/lib/python3.12/site-packages /usr/bin/cmake --build /home/nguyen-anh-dung/ros2_ws/build/robot -- -j8 -l8
[12.480s] Invoking command in '/home/nguyen-anh-dung/ros2_ws/build/robot': CMAKE_PREFIX_PATH=/home/nguyen-anh-dung/ros2_ws/install/roverc:/home/nguyen-anh-dung/ros2_ws/install/robot:/opt/ros/jazzy/opt/gz_math_vendor:/opt/ros/jazzy/opt/gz_utils_vendor:/opt/ros/jazzy/opt/gz_cmake_vendor:/home/nguyen-anh-dung/ros2_ws/install/roverc_client:/opt/ros/jazzy DEBUGINFOD_URLS=https://debuginfod.ubuntu.com PYTHONPATH=/home/nguyen-anh-dung/ros2_ws/install/roverc/lib/python3.12/site-packages:/home/nguyen-anh-dung/ros2_ws/install/roverc_client/lib/python3.12/site-packages:/opt/ros/jazzy/lib/python3.12/site-packages /usr/bin/cmake --install /home/nguyen-anh-dung/ros2_ws/build/robot
[12.491s] -- Install configuration: ""
[12.491s] -- Up-to-date: /home/nguyen-anh-dung/ros2_ws/install/robot/lib/robot/algo_node
[12.491s] -- Up-to-date: /home/nguyen-anh-dung/ros2_ws/install/robot/lib/robot/motor_controller
[12.492s] -- Up-to-date: /home/nguyen-anh-dung/ros2_ws/install/robot/lib/robot/trajectory
[12.492s] -- Up-to-date: /home/nguyen-anh-dung/ros2_ws/install/robot/lib/robot/trajectory2
[12.493s] -- Up-to-date: /home/nguyen-anh-dung/ros2_ws/install/robot/lib/robot/tof_servoing
[12.493s] -- Installing: /home/nguyen-anh-dung/ros2_ws/install/robot/lib/robot/line_servoing_front
[12.500s] -- Set non-toolchain portion of runtime path of "/home/nguyen-anh-dung/ros2_ws/install/robot/lib/robot/line_servoing_front" to ""
[12.500s] -- Up-to-date: /home/nguyen-anh-dung/ros2_ws/install/robot/lib/robot/line_servoing_dual
[12.501s] -- Up-to-date: /home/nguyen-anh-dung/ros2_ws/install/robot/share/ament_index/resource_index/package_run_dependencies/robot
[12.501s] -- Up-to-date: /home/nguyen-anh-dung/ros2_ws/install/robot/share/ament_index/resource_index/parent_prefix_path/robot
[12.501s] -- Up-to-date: /home/nguyen-anh-dung/ros2_ws/install/robot/share/robot/environment/ament_prefix_path.sh
[12.501s] -- Up-to-date: /home/nguyen-anh-dung/ros2_ws/install/robot/share/robot/environment/ament_prefix_path.dsv
[12.502s] -- Up-to-date: /home/nguyen-anh-dung/ros2_ws/install/robot/share/robot/environment/path.sh
[12.502s] -- Up-to-date: /home/nguyen-anh-dung/ros2_ws/install/robot/share/robot/environment/path.dsv
[12.502s] -- Up-to-date: /home/nguyen-anh-dung/ros2_ws/install/robot/share/robot/local_setup.bash
[12.502s] -- Up-to-date: /home/nguyen-anh-dung/ros2_ws/install/robot/share/robot/local_setup.sh
[12.502s] -- Up-to-date: /home/nguyen-anh-dung/ros2_ws/install/robot/share/robot/local_setup.zsh
[12.502s] -- Up-to-date: /home/nguyen-anh-dung/ros2_ws/install/robot/share/robot/local_setup.dsv
[12.503s] -- Installing: /home/nguyen-anh-dung/ros2_ws/install/robot/share/robot/package.dsv
[12.503s] -- Up-to-date: /home/nguyen-anh-dung/ros2_ws/install/robot/share/ament_index/resource_index/packages/robot
[12.503s] -- Up-to-date: /home/nguyen-anh-dung/ros2_ws/install/robot/share/robot/cmake/robotConfig.cmake
[12.503s] -- Up-to-date: /home/nguyen-anh-dung/ros2_ws/install/robot/share/robot/cmake/robotConfig-version.cmake
[12.503s] -- Up-to-date: /home/nguyen-anh-dung/ros2_ws/install/robot/share/robot/package.xml
[12.504s] Invoked command in '/home/nguyen-anh-dung/ros2_ws/build/robot' returned '0': CMAKE_PREFIX_PATH=/home/nguyen-anh-dung/ros2_ws/install/roverc:/home/nguyen-anh-dung/ros2_ws/install/robot:/opt/ros/jazzy/opt/gz_math_vendor:/opt/ros/jazzy/opt/gz_utils_vendor:/opt/ros/jazzy/opt/gz_cmake_vendor:/home/nguyen-anh-dung/ros2_ws/install/roverc_client:/opt/ros/jazzy DEBUGINFOD_URLS=https://debuginfod.ubuntu.com PYTHONPATH=/home/nguyen-anh-dung/ros2_ws/install/roverc/lib/python3.12/site-packages:/home/nguyen-anh-dung/ros2_ws/install/roverc_client/lib/python3.12/site-packages:/opt/ros/jazzy/lib/python3.12/site-packages /usr/bin/cmake --install /home/nguyen-anh-dung/ros2_ws/build/robot
