[0.459s] DEBUG:colcon:Command line arguments: ['/usr/bin/colcon', 'build']
[0.459s] DEBUG:colcon:Parsed command line arguments: Namespace(log_base=None, log_level=None, verb_name='build', build_base='build', install_base='install', merge_install=False, symlink_install=False, test_result_base=None, continue_on_error=False, executor='parallel', parallel_workers=8, event_handlers=None, ignore_user_meta=False, metas=['./colcon.meta'], base_paths=['.'], packages_ignore=None, packages_ignore_regex=None, paths=None, packages_up_to=None, packages_up_to_regex=None, packages_above=None, packages_above_and_dependencies=None, packages_above_depth=None, packages_select_by_dep=None, packages_skip_by_dep=None, packages_skip_up_to=None, packages_select_build_failed=False, packages_skip_build_finished=False, packages_select_test_failures=False, packages_skip_test_passed=False, packages_select=None, packages_skip=None, packages_select_regex=None, packages_skip_regex=None, packages_start=None, packages_end=None, allow_overriding=[], cmake_args=None, cmake_target=None, cmake_target_skip_unavailable=False, cmake_clean_cache=False, cmake_clean_first=False, cmake_force_configure=False, ament_cmake_args=None, catkin_cmake_args=None, catkin_skip_building_tests=False, mixin_files=None, mixin=None, verb_parser=<colcon_mixin.mixin.mixin_argument.MixinArgumentDecorator object at 0x737463bb8650>, verb_extension=<colcon_core.verb.build.BuildVerb object at 0x7374642481d0>, main=<bound method BuildVerb.main of <colcon_core.verb.build.BuildVerb object at 0x7374642481d0>>, mixin_verb=('build',))
[0.616s] Level 1:colcon.colcon_core.package_discovery:discover_packages(colcon_meta) check parameters
[0.617s] Level 1:colcon.colcon_core.package_discovery:discover_packages(recursive) check parameters
[0.617s] Level 1:colcon.colcon_core.package_discovery:discover_packages(ignore) check parameters
[0.617s] Level 1:colcon.colcon_core.package_discovery:discover_packages(path) check parameters
[0.617s] Level 1:colcon.colcon_core.package_discovery:discover_packages(colcon_meta) discover
[0.618s] Level 1:colcon.colcon_core.package_discovery:discover_packages(recursive) discover
[0.618s] INFO:colcon.colcon_core.package_discovery:Crawling recursively for packages in '/home/nguyen-anh-dung/ros2_ws'
[0.618s] Level 1:colcon.colcon_core.package_identification:_identify(.) by extensions ['ignore', 'ignore_ament_install']
[0.619s] Level 1:colcon.colcon_core.package_identification:_identify(.) by extension 'ignore'
[0.619s] Level 1:colcon.colcon_core.package_identification:_identify(.) by extension 'ignore_ament_install'
[0.619s] Level 1:colcon.colcon_core.package_identification:_identify(.) by extensions ['colcon_pkg']
[0.620s] Level 1:colcon.colcon_core.package_identification:_identify(.) by extension 'colcon_pkg'
[0.620s] Level 1:colcon.colcon_core.package_identification:_identify(.) by extensions ['colcon_meta']
[0.620s] Level 1:colcon.colcon_core.package_identification:_identify(.) by extension 'colcon_meta'
[0.620s] Level 1:colcon.colcon_core.package_identification:_identify(.) by extensions ['ros']
[0.620s] Level 1:colcon.colcon_core.package_identification:_identify(.) by extension 'ros'
[0.728s] Level 1:colcon.colcon_core.package_identification:_identify(.) by extensions ['cmake', 'python']
[0.728s] Level 1:colcon.colcon_core.package_identification:_identify(.) by extension 'cmake'
[0.728s] Level 1:colcon.colcon_core.package_identification:_identify(.) by extension 'python'
[0.729s] Level 1:colcon.colcon_core.package_identification:_identify(.) by extensions ['python_setup_py']
[0.729s] Level 1:colcon.colcon_core.package_identification:_identify(.) by extension 'python_setup_py'
[0.729s] Level 1:colcon.colcon_core.package_identification:_identify(build) by extensions ['ignore', 'ignore_ament_install']
[0.730s] Level 1:colcon.colcon_core.package_identification:_identify(build) by extension 'ignore'
[0.730s] Level 1:colcon.colcon_core.package_identification:_identify(build) ignored
[0.731s] Level 1:colcon.colcon_core.package_identification:_identify(install) by extensions ['ignore', 'ignore_ament_install']
[0.731s] Level 1:colcon.colcon_core.package_identification:_identify(install) by extension 'ignore'
[0.731s] Level 1:colcon.colcon_core.package_identification:_identify(install) ignored
[0.732s] Level 1:colcon.colcon_core.package_identification:_identify(log) by extensions ['ignore', 'ignore_ament_install']
[0.732s] Level 1:colcon.colcon_core.package_identification:_identify(log) by extension 'ignore'
[0.732s] Level 1:colcon.colcon_core.package_identification:_identify(log) ignored
[0.733s] Level 1:colcon.colcon_core.package_identification:_identify(src) by extensions ['ignore', 'ignore_ament_install']
[0.733s] Level 1:colcon.colcon_core.package_identification:_identify(src) by extension 'ignore'
[0.733s] Level 1:colcon.colcon_core.package_identification:_identify(src) by extension 'ignore_ament_install'
[0.734s] Level 1:colcon.colcon_core.package_identification:_identify(src) by extensions ['colcon_pkg']
[0.734s] Level 1:colcon.colcon_core.package_identification:_identify(src) by extension 'colcon_pkg'
[0.734s] Level 1:colcon.colcon_core.package_identification:_identify(src) by extensions ['colcon_meta']
[0.734s] Level 1:colcon.colcon_core.package_identification:_identify(src) by extension 'colcon_meta'
[0.735s] Level 1:colcon.colcon_core.package_identification:_identify(src) by extensions ['ros']
[0.735s] Level 1:colcon.colcon_core.package_identification:_identify(src) by extension 'ros'
[0.735s] Level 1:colcon.colcon_core.package_identification:_identify(src) by extensions ['cmake', 'python']
[0.735s] Level 1:colcon.colcon_core.package_identification:_identify(src) by extension 'cmake'
[0.736s] Level 1:colcon.colcon_core.package_identification:_identify(src) by extension 'python'
[0.736s] Level 1:colcon.colcon_core.package_identification:_identify(src) by extensions ['python_setup_py']
[0.736s] Level 1:colcon.colcon_core.package_identification:_identify(src) by extension 'python_setup_py'
[0.737s] Level 1:colcon.colcon_core.package_identification:_identify(src/robot) by extensions ['ignore', 'ignore_ament_install']
[0.737s] Level 1:colcon.colcon_core.package_identification:_identify(src/robot) by extension 'ignore'
[0.738s] Level 1:colcon.colcon_core.package_identification:_identify(src/robot) by extension 'ignore_ament_install'
[0.738s] Level 1:colcon.colcon_core.package_identification:_identify(src/robot) by extensions ['colcon_pkg']
[0.738s] Level 1:colcon.colcon_core.package_identification:_identify(src/robot) by extension 'colcon_pkg'
[0.738s] Level 1:colcon.colcon_core.package_identification:_identify(src/robot) by extensions ['colcon_meta']
[0.738s] Level 1:colcon.colcon_core.package_identification:_identify(src/robot) by extension 'colcon_meta'
[0.739s] Level 1:colcon.colcon_core.package_identification:_identify(src/robot) by extensions ['ros']
[0.739s] Level 1:colcon.colcon_core.package_identification:_identify(src/robot) by extension 'ros'
[0.750s] DEBUG:colcon.colcon_core.package_identification:Package 'src/robot' with type 'ros.ament_cmake' and name 'robot'
[0.750s] Level 1:colcon.colcon_core.package_identification:_identify(src/rover_client) by extensions ['ignore', 'ignore_ament_install']
[0.751s] Level 1:colcon.colcon_core.package_identification:_identify(src/rover_client) by extension 'ignore'
[0.751s] Level 1:colcon.colcon_core.package_identification:_identify(src/rover_client) by extension 'ignore_ament_install'
[0.751s] Level 1:colcon.colcon_core.package_identification:_identify(src/rover_client) by extensions ['colcon_pkg']
[0.751s] Level 1:colcon.colcon_core.package_identification:_identify(src/rover_client) by extension 'colcon_pkg'
[0.752s] Level 1:colcon.colcon_core.package_identification:_identify(src/rover_client) by extensions ['colcon_meta']
[0.752s] Level 1:colcon.colcon_core.package_identification:_identify(src/rover_client) by extension 'colcon_meta'
[0.752s] Level 1:colcon.colcon_core.package_identification:_identify(src/rover_client) by extensions ['ros']
[0.752s] Level 1:colcon.colcon_core.package_identification:_identify(src/rover_client) by extension 'ros'
[0.754s] DEBUG:colcon.colcon_core.package_identification:Package 'src/rover_client' with type 'ros.ament_python' and name 'roverc_client'
[0.755s] Level 1:colcon.colcon_core.package_identification:_identify(src/roverc) by extensions ['ignore', 'ignore_ament_install']
[0.755s] Level 1:colcon.colcon_core.package_identification:_identify(src/roverc) by extension 'ignore'
[0.755s] Level 1:colcon.colcon_core.package_identification:_identify(src/roverc) by extension 'ignore_ament_install'
[0.755s] Level 1:colcon.colcon_core.package_identification:_identify(src/roverc) by extensions ['colcon_pkg']
[0.756s] Level 1:colcon.colcon_core.package_identification:_identify(src/roverc) by extension 'colcon_pkg'
[0.756s] Level 1:colcon.colcon_core.package_identification:_identify(src/roverc) by extensions ['colcon_meta']
[0.756s] Level 1:colcon.colcon_core.package_identification:_identify(src/roverc) by extension 'colcon_meta'
[0.756s] Level 1:colcon.colcon_core.package_identification:_identify(src/roverc) by extensions ['ros']
[0.756s] Level 1:colcon.colcon_core.package_identification:_identify(src/roverc) by extension 'ros'
[0.758s] DEBUG:colcon.colcon_core.package_identification:Package 'src/roverc' with type 'ros.ament_cmake' and name 'roverc'
[0.758s] Level 1:colcon.colcon_core.package_discovery:discover_packages(recursive) using defaults
[0.758s] Level 1:colcon.colcon_core.package_discovery:discover_packages(ignore) discover
[0.758s] Level 1:colcon.colcon_core.package_discovery:discover_packages(ignore) using defaults
[0.758s] Level 1:colcon.colcon_core.package_discovery:discover_packages(path) discover
[0.758s] Level 1:colcon.colcon_core.package_discovery:discover_packages(path) using defaults
[0.833s] Level 1:colcon.colcon_core.package_discovery:discover_packages(prefix_path) check parameters
[0.833s] Level 1:colcon.colcon_core.package_discovery:discover_packages(prefix_path) discover
[0.840s] DEBUG:colcon.colcon_installed_package_information.package_discovery:Found 3 installed packages in /home/nguyen-anh-dung/ros2_ws/install
[0.845s] DEBUG:colcon.colcon_installed_package_information.package_discovery:Found 285 installed packages in /opt/ros/jazzy
[0.851s] Level 1:colcon.colcon_core.package_discovery:discover_packages(prefix_path) using defaults
[1.031s] Level 5:colcon.colcon_core.verb:set package 'roverc' build argument 'cmake_args' from command line to 'None'
[1.031s] Level 5:colcon.colcon_core.verb:set package 'roverc' build argument 'cmake_target' from command line to 'None'
[1.031s] Level 5:colcon.colcon_core.verb:set package 'roverc' build argument 'cmake_target_skip_unavailable' from command line to 'False'
[1.031s] Level 5:colcon.colcon_core.verb:set package 'roverc' build argument 'cmake_clean_cache' from command line to 'False'
[1.031s] Level 5:colcon.colcon_core.verb:set package 'roverc' build argument 'cmake_clean_first' from command line to 'False'
[1.031s] Level 5:colcon.colcon_core.verb:set package 'roverc' build argument 'cmake_force_configure' from command line to 'False'
[1.031s] Level 5:colcon.colcon_core.verb:set package 'roverc' build argument 'ament_cmake_args' from command line to 'None'
[1.031s] Level 5:colcon.colcon_core.verb:set package 'roverc' build argument 'catkin_cmake_args' from command line to 'None'
[1.032s] Level 5:colcon.colcon_core.verb:set package 'roverc' build argument 'catkin_skip_building_tests' from command line to 'False'
[1.032s] DEBUG:colcon.colcon_core.verb:Building package 'roverc' with the following arguments: {'ament_cmake_args': None, 'build_base': '/home/nguyen-anh-dung/ros2_ws/build/roverc', 'catkin_cmake_args': None, 'catkin_skip_building_tests': False, 'cmake_args': None, 'cmake_clean_cache': False, 'cmake_clean_first': False, 'cmake_force_configure': False, 'cmake_target': None, 'cmake_target_skip_unavailable': False, 'install_base': '/home/nguyen-anh-dung/ros2_ws/install/roverc', 'merge_install': False, 'path': '/home/nguyen-anh-dung/ros2_ws/src/roverc', 'symlink_install': False, 'test_result_base': None}
[1.033s] Level 5:colcon.colcon_core.verb:set package 'robot' build argument 'cmake_args' from command line to 'None'
[1.033s] Level 5:colcon.colcon_core.verb:set package 'robot' build argument 'cmake_target' from command line to 'None'
[1.033s] Level 5:colcon.colcon_core.verb:set package 'robot' build argument 'cmake_target_skip_unavailable' from command line to 'False'
[1.033s] Level 5:colcon.colcon_core.verb:set package 'robot' build argument 'cmake_clean_cache' from command line to 'False'
[1.033s] Level 5:colcon.colcon_core.verb:set package 'robot' build argument 'cmake_clean_first' from command line to 'False'
[1.033s] Level 5:colcon.colcon_core.verb:set package 'robot' build argument 'cmake_force_configure' from command line to 'False'
[1.033s] Level 5:colcon.colcon_core.verb:set package 'robot' build argument 'ament_cmake_args' from command line to 'None'
[1.033s] Level 5:colcon.colcon_core.verb:set package 'robot' build argument 'catkin_cmake_args' from command line to 'None'
[1.034s] Level 5:colcon.colcon_core.verb:set package 'robot' build argument 'catkin_skip_building_tests' from command line to 'False'
[1.034s] DEBUG:colcon.colcon_core.verb:Building package 'robot' with the following arguments: {'ament_cmake_args': None, 'build_base': '/home/nguyen-anh-dung/ros2_ws/build/robot', 'catkin_cmake_args': None, 'catkin_skip_building_tests': False, 'cmake_args': None, 'cmake_clean_cache': False, 'cmake_clean_first': False, 'cmake_force_configure': False, 'cmake_target': None, 'cmake_target_skip_unavailable': False, 'install_base': '/home/nguyen-anh-dung/ros2_ws/install/robot', 'merge_install': False, 'path': '/home/nguyen-anh-dung/ros2_ws/src/robot', 'symlink_install': False, 'test_result_base': None}
[1.035s] Level 5:colcon.colcon_core.verb:set package 'roverc_client' build argument 'cmake_args' from command line to 'None'
[1.035s] Level 5:colcon.colcon_core.verb:set package 'roverc_client' build argument 'cmake_target' from command line to 'None'
[1.035s] Level 5:colcon.colcon_core.verb:set package 'roverc_client' build argument 'cmake_target_skip_unavailable' from command line to 'False'
[1.035s] Level 5:colcon.colcon_core.verb:set package 'roverc_client' build argument 'cmake_clean_cache' from command line to 'False'
[1.035s] Level 5:colcon.colcon_core.verb:set package 'roverc_client' build argument 'cmake_clean_first' from command line to 'False'
[1.035s] Level 5:colcon.colcon_core.verb:set package 'roverc_client' build argument 'cmake_force_configure' from command line to 'False'
[1.035s] Level 5:colcon.colcon_core.verb:set package 'roverc_client' build argument 'ament_cmake_args' from command line to 'None'
[1.035s] Level 5:colcon.colcon_core.verb:set package 'roverc_client' build argument 'catkin_cmake_args' from command line to 'None'
[1.035s] Level 5:colcon.colcon_core.verb:set package 'roverc_client' build argument 'catkin_skip_building_tests' from command line to 'False'
[1.036s] DEBUG:colcon.colcon_core.verb:Building package 'roverc_client' with the following arguments: {'ament_cmake_args': None, 'build_base': '/home/nguyen-anh-dung/ros2_ws/build/roverc_client', 'catkin_cmake_args': None, 'catkin_skip_building_tests': False, 'cmake_args': None, 'cmake_clean_cache': False, 'cmake_clean_first': False, 'cmake_force_configure': False, 'cmake_target': None, 'cmake_target_skip_unavailable': False, 'install_base': '/home/nguyen-anh-dung/ros2_ws/install/roverc_client', 'merge_install': False, 'path': '/home/nguyen-anh-dung/ros2_ws/src/rover_client', 'symlink_install': False, 'test_result_base': None}
[1.036s] INFO:colcon.colcon_core.executor:Executing jobs using 'parallel' executor
[1.038s] DEBUG:colcon.colcon_parallel_executor.executor.parallel:run_until_complete
[1.039s] INFO:colcon.colcon_ros.task.ament_cmake.build:Building ROS package in '/home/nguyen-anh-dung/ros2_ws/src/roverc' with build type 'ament_cmake'
[1.039s] INFO:colcon.colcon_cmake.task.cmake.build:Building CMake package in '/home/nguyen-anh-dung/ros2_ws/src/roverc'
[1.048s] INFO:colcon.colcon_core.plugin_system:Skipping extension 'colcon_core.shell.bat': Not used on non-Windows systems
[1.049s] INFO:colcon.colcon_core.shell:Skip shell extension 'powershell' for command environment: Not usable outside of PowerShell
[1.049s] DEBUG:colcon.colcon_core.shell:Skip shell extension 'dsv' for command environment
[1.081s] DEBUG:colcon.colcon_core.event_handler.log_command:Invoking command in '/home/nguyen-anh-dung/ros2_ws/build/roverc': CMAKE_PREFIX_PATH=${CMAKE_PREFIX_PATH}:/home/nguyen-anh-dung/ros2_ws/install/roverc_client:/opt/ros/jazzy DEBUGINFOD_URLS=https://debuginfod.ubuntu.com /usr/bin/cmake --build /home/nguyen-anh-dung/ros2_ws/build/roverc -- -j8 -l8
[3.293s] DEBUG:colcon.colcon_core.event_handler.log_command:Invoked command in '/home/nguyen-anh-dung/ros2_ws/build/roverc' returned '0': CMAKE_PREFIX_PATH=${CMAKE_PREFIX_PATH}:/home/nguyen-anh-dung/ros2_ws/install/roverc_client:/opt/ros/jazzy DEBUGINFOD_URLS=https://debuginfod.ubuntu.com /usr/bin/cmake --build /home/nguyen-anh-dung/ros2_ws/build/roverc -- -j8 -l8
[3.328s] DEBUG:colcon.colcon_core.event_handler.log_command:Invoking command in '/home/nguyen-anh-dung/ros2_ws/build/roverc': CMAKE_PREFIX_PATH=${CMAKE_PREFIX_PATH}:/home/nguyen-anh-dung/ros2_ws/install/roverc_client:/opt/ros/jazzy DEBUGINFOD_URLS=https://debuginfod.ubuntu.com /usr/bin/cmake --install /home/nguyen-anh-dung/ros2_ws/build/roverc
[3.559s] Level 1:colcon.colcon_core.environment:create_environment_scripts_only(roverc)
[3.571s] DEBUG:colcon.colcon_core.event_handler.log_command:Invoked command in '/home/nguyen-anh-dung/ros2_ws/build/roverc' returned '0': CMAKE_PREFIX_PATH=${CMAKE_PREFIX_PATH}:/home/nguyen-anh-dung/ros2_ws/install/roverc_client:/opt/ros/jazzy DEBUGINFOD_URLS=https://debuginfod.ubuntu.com /usr/bin/cmake --install /home/nguyen-anh-dung/ros2_ws/build/roverc
[3.578s] Level 1:colcon.colcon_core.environment:checking '/home/nguyen-anh-dung/ros2_ws/install/roverc' for CMake module files
[3.581s] Level 1:colcon.colcon_core.environment:checking '/home/nguyen-anh-dung/ros2_ws/install/roverc' for CMake config files
[3.582s] Level 1:colcon.colcon_core.shell:create_environment_hook('roverc', 'cmake_prefix_path')
[3.583s] INFO:colcon.colcon_core.shell:Creating environment hook '/home/nguyen-anh-dung/ros2_ws/install/roverc/share/roverc/hook/cmake_prefix_path.ps1'
[3.586s] INFO:colcon.colcon_core.shell:Creating environment descriptor '/home/nguyen-anh-dung/ros2_ws/install/roverc/share/roverc/hook/cmake_prefix_path.dsv'
[3.588s] INFO:colcon.colcon_core.shell:Creating environment hook '/home/nguyen-anh-dung/ros2_ws/install/roverc/share/roverc/hook/cmake_prefix_path.sh'
[3.591s] Level 1:colcon.colcon_core.environment:checking '/home/nguyen-anh-dung/ros2_ws/install/roverc/lib'
[3.592s] Level 1:colcon.colcon_core.shell:create_environment_hook('roverc', 'ld_library_path_lib')
[3.593s] INFO:colcon.colcon_core.shell:Creating environment hook '/home/nguyen-anh-dung/ros2_ws/install/roverc/share/roverc/hook/ld_library_path_lib.ps1'
[3.594s] INFO:colcon.colcon_core.shell:Creating environment descriptor '/home/nguyen-anh-dung/ros2_ws/install/roverc/share/roverc/hook/ld_library_path_lib.dsv'
[3.596s] INFO:colcon.colcon_core.shell:Creating environment hook '/home/nguyen-anh-dung/ros2_ws/install/roverc/share/roverc/hook/ld_library_path_lib.sh'
[3.598s] Level 1:colcon.colcon_core.environment:checking '/home/nguyen-anh-dung/ros2_ws/install/roverc/bin'
[3.598s] Level 1:colcon.colcon_core.environment:checking '/home/nguyen-anh-dung/ros2_ws/install/roverc/lib/pkgconfig/roverc.pc'
[3.599s] Level 1:colcon.colcon_core.environment:checking '/home/nguyen-anh-dung/ros2_ws/install/roverc/lib/python3.12/site-packages'
[3.599s] Level 1:colcon.colcon_core.shell:create_environment_hook('roverc', 'pythonpath')
[3.600s] INFO:colcon.colcon_core.shell:Creating environment hook '/home/nguyen-anh-dung/ros2_ws/install/roverc/share/roverc/hook/pythonpath.ps1'
[3.602s] INFO:colcon.colcon_core.shell:Creating environment descriptor '/home/nguyen-anh-dung/ros2_ws/install/roverc/share/roverc/hook/pythonpath.dsv'
[3.603s] INFO:colcon.colcon_core.shell:Creating environment hook '/home/nguyen-anh-dung/ros2_ws/install/roverc/share/roverc/hook/pythonpath.sh'
[3.605s] Level 1:colcon.colcon_core.environment:checking '/home/nguyen-anh-dung/ros2_ws/install/roverc/bin'
[3.606s] INFO:colcon.colcon_core.shell:Creating package script '/home/nguyen-anh-dung/ros2_ws/install/roverc/share/roverc/package.ps1'
[3.608s] INFO:colcon.colcon_core.shell:Creating package descriptor '/home/nguyen-anh-dung/ros2_ws/install/roverc/share/roverc/package.dsv'
[3.610s] INFO:colcon.colcon_core.shell:Creating package script '/home/nguyen-anh-dung/ros2_ws/install/roverc/share/roverc/package.sh'
[3.613s] INFO:colcon.colcon_core.shell:Creating package script '/home/nguyen-anh-dung/ros2_ws/install/roverc/share/roverc/package.bash'
[3.616s] INFO:colcon.colcon_core.shell:Creating package script '/home/nguyen-anh-dung/ros2_ws/install/roverc/share/roverc/package.zsh'
[3.618s] Level 1:colcon.colcon_core.environment:create_file_with_runtime_dependencies(/home/nguyen-anh-dung/ros2_ws/install/roverc/share/colcon-core/packages/roverc)
[3.620s] Level 1:colcon.colcon_core.environment:create_environment_scripts_only(roverc)
[3.620s] Level 1:colcon.colcon_core.environment:checking '/home/nguyen-anh-dung/ros2_ws/install/roverc' for CMake module files
[3.622s] Level 1:colcon.colcon_core.environment:checking '/home/nguyen-anh-dung/ros2_ws/install/roverc' for CMake config files
[3.623s] Level 1:colcon.colcon_core.shell:create_environment_hook('roverc', 'cmake_prefix_path')
[3.623s] INFO:colcon.colcon_core.shell:Creating environment hook '/home/nguyen-anh-dung/ros2_ws/install/roverc/share/roverc/hook/cmake_prefix_path.ps1'
[3.625s] INFO:colcon.colcon_core.shell:Creating environment descriptor '/home/nguyen-anh-dung/ros2_ws/install/roverc/share/roverc/hook/cmake_prefix_path.dsv'
[3.626s] INFO:colcon.colcon_core.shell:Creating environment hook '/home/nguyen-anh-dung/ros2_ws/install/roverc/share/roverc/hook/cmake_prefix_path.sh'
[3.628s] Level 1:colcon.colcon_core.environment:checking '/home/nguyen-anh-dung/ros2_ws/install/roverc/lib'
[3.628s] Level 1:colcon.colcon_core.shell:create_environment_hook('roverc', 'ld_library_path_lib')
[3.629s] INFO:colcon.colcon_core.shell:Creating environment hook '/home/nguyen-anh-dung/ros2_ws/install/roverc/share/roverc/hook/ld_library_path_lib.ps1'
[3.630s] INFO:colcon.colcon_core.shell:Creating environment descriptor '/home/nguyen-anh-dung/ros2_ws/install/roverc/share/roverc/hook/ld_library_path_lib.dsv'
[3.632s] INFO:colcon.colcon_core.shell:Creating environment hook '/home/nguyen-anh-dung/ros2_ws/install/roverc/share/roverc/hook/ld_library_path_lib.sh'
[3.633s] Level 1:colcon.colcon_core.environment:checking '/home/nguyen-anh-dung/ros2_ws/install/roverc/bin'
[3.633s] Level 1:colcon.colcon_core.environment:checking '/home/nguyen-anh-dung/ros2_ws/install/roverc/lib/pkgconfig/roverc.pc'
[3.634s] Level 1:colcon.colcon_core.environment:checking '/home/nguyen-anh-dung/ros2_ws/install/roverc/lib/python3.12/site-packages'
[3.635s] Level 1:colcon.colcon_core.shell:create_environment_hook('roverc', 'pythonpath')
[3.635s] INFO:colcon.colcon_core.shell:Creating environment hook '/home/nguyen-anh-dung/ros2_ws/install/roverc/share/roverc/hook/pythonpath.ps1'
[3.636s] INFO:colcon.colcon_core.shell:Creating environment descriptor '/home/nguyen-anh-dung/ros2_ws/install/roverc/share/roverc/hook/pythonpath.dsv'
[3.638s] INFO:colcon.colcon_core.shell:Creating environment hook '/home/nguyen-anh-dung/ros2_ws/install/roverc/share/roverc/hook/pythonpath.sh'
[3.639s] Level 1:colcon.colcon_core.environment:checking '/home/nguyen-anh-dung/ros2_ws/install/roverc/bin'
[3.640s] INFO:colcon.colcon_core.shell:Creating package script '/home/nguyen-anh-dung/ros2_ws/install/roverc/share/roverc/package.ps1'
[3.642s] INFO:colcon.colcon_core.shell:Creating package descriptor '/home/nguyen-anh-dung/ros2_ws/install/roverc/share/roverc/package.dsv'
[3.644s] INFO:colcon.colcon_core.shell:Creating package script '/home/nguyen-anh-dung/ros2_ws/install/roverc/share/roverc/package.sh'
[3.646s] INFO:colcon.colcon_core.shell:Creating package script '/home/nguyen-anh-dung/ros2_ws/install/roverc/share/roverc/package.bash'
[3.648s] INFO:colcon.colcon_core.shell:Creating package script '/home/nguyen-anh-dung/ros2_ws/install/roverc/share/roverc/package.zsh'
[3.650s] Level 1:colcon.colcon_core.environment:create_file_with_runtime_dependencies(/home/nguyen-anh-dung/ros2_ws/install/roverc/share/colcon-core/packages/roverc)
[3.652s] INFO:colcon.colcon_ros.task.ament_cmake.build:Building ROS package in '/home/nguyen-anh-dung/ros2_ws/src/robot' with build type 'ament_cmake'
[3.653s] INFO:colcon.colcon_cmake.task.cmake.build:Building CMake package in '/home/nguyen-anh-dung/ros2_ws/src/robot'
[3.654s] INFO:colcon.colcon_core.shell:Skip shell extension 'powershell' for command environment: Not usable outside of PowerShell
[3.654s] DEBUG:colcon.colcon_core.shell:Skip shell extension 'dsv' for command environment
[3.669s] INFO:colcon.colcon_ros.task.ament_python.build:Building ROS package in '/home/nguyen-anh-dung/ros2_ws/src/rover_client' with build type 'ament_python'
[3.670s] Level 1:colcon.colcon_core.shell:create_environment_hook('roverc_client', 'ament_prefix_path')
[3.671s] INFO:colcon.colcon_core.shell:Creating environment hook '/home/nguyen-anh-dung/ros2_ws/install/roverc_client/share/roverc_client/hook/ament_prefix_path.ps1'
[3.673s] INFO:colcon.colcon_core.shell:Creating environment descriptor '/home/nguyen-anh-dung/ros2_ws/install/roverc_client/share/roverc_client/hook/ament_prefix_path.dsv'
[3.675s] INFO:colcon.colcon_core.shell:Creating environment hook '/home/nguyen-anh-dung/ros2_ws/install/roverc_client/share/roverc_client/hook/ament_prefix_path.sh'
[3.677s] INFO:colcon.colcon_core.shell:Skip shell extension 'powershell' for command environment: Not usable outside of PowerShell
[3.677s] DEBUG:colcon.colcon_core.shell:Skip shell extension 'dsv' for command environment
[3.703s] DEBUG:colcon.colcon_core.event_handler.log_command:Invoking command in '/home/nguyen-anh-dung/ros2_ws/build/robot': CMAKE_PREFIX_PATH=/home/nguyen-anh-dung/ros2_ws/install/roverc:/home/nguyen-anh-dung/ros2_ws/install/robot:/opt/ros/jazzy/opt/gz_math_vendor:/opt/ros/jazzy/opt/gz_utils_vendor:/opt/ros/jazzy/opt/gz_cmake_vendor:/home/nguyen-anh-dung/ros2_ws/install/roverc_client:/opt/ros/jazzy DEBUGINFOD_URLS=https://debuginfod.ubuntu.com PYTHONPATH=/home/nguyen-anh-dung/ros2_ws/install/roverc/lib/python3.12/site-packages:/home/nguyen-anh-dung/ros2_ws/install/roverc_client/lib/python3.12/site-packages:/opt/ros/jazzy/lib/python3.12/site-packages /usr/bin/cmake --build /home/nguyen-anh-dung/ros2_ws/build/robot -- -j8 -l8
[4.821s] INFO:colcon.colcon_core.task.python.build:Building Python package in '/home/nguyen-anh-dung/ros2_ws/src/rover_client'
[4.822s] INFO:colcon.colcon_core.shell:Skip shell extension 'powershell' for command environment: Not usable outside of PowerShell
[4.822s] DEBUG:colcon.colcon_core.shell:Skip shell extension 'dsv' for command environment
[4.904s] DEBUG:colcon.colcon_core.event_handler.log_command:Invoked command in '/home/nguyen-anh-dung/ros2_ws/build/robot' returned '2': CMAKE_PREFIX_PATH=/home/nguyen-anh-dung/ros2_ws/install/roverc:/home/nguyen-anh-dung/ros2_ws/install/robot:/opt/ros/jazzy/opt/gz_math_vendor:/opt/ros/jazzy/opt/gz_utils_vendor:/opt/ros/jazzy/opt/gz_cmake_vendor:/home/nguyen-anh-dung/ros2_ws/install/roverc_client:/opt/ros/jazzy DEBUGINFOD_URLS=https://debuginfod.ubuntu.com PYTHONPATH=/home/nguyen-anh-dung/ros2_ws/install/roverc/lib/python3.12/site-packages:/home/nguyen-anh-dung/ros2_ws/install/roverc_client/lib/python3.12/site-packages:/opt/ros/jazzy/lib/python3.12/site-packages /usr/bin/cmake --build /home/nguyen-anh-dung/ros2_ws/build/robot -- -j8 -l8
[4.906s] Level 1:colcon.colcon_core.environment:create_environment_scripts_only(robot)
[4.907s] Level 1:colcon.colcon_core.environment:checking '/home/nguyen-anh-dung/ros2_ws/install/robot' for CMake module files
[4.910s] Level 1:colcon.colcon_core.environment:checking '/home/nguyen-anh-dung/ros2_ws/install/robot' for CMake config files
[4.911s] Level 1:colcon.colcon_core.shell:create_environment_hook('robot', 'cmake_prefix_path')
[4.912s] INFO:colcon.colcon_core.shell:Creating environment hook '/home/nguyen-anh-dung/ros2_ws/install/robot/share/robot/hook/cmake_prefix_path.ps1'
[4.914s] INFO:colcon.colcon_core.shell:Creating environment descriptor '/home/nguyen-anh-dung/ros2_ws/install/robot/share/robot/hook/cmake_prefix_path.dsv'
[4.915s] INFO:colcon.colcon_core.shell:Creating environment hook '/home/nguyen-anh-dung/ros2_ws/install/robot/share/robot/hook/cmake_prefix_path.sh'
[4.918s] Level 1:colcon.colcon_core.environment:checking '/home/nguyen-anh-dung/ros2_ws/install/robot/lib'
[4.919s] Level 1:colcon.colcon_core.environment:checking '/home/nguyen-anh-dung/ros2_ws/install/robot/bin'
[4.919s] Level 1:colcon.colcon_core.environment:checking '/home/nguyen-anh-dung/ros2_ws/install/robot/lib/pkgconfig/robot.pc'
[4.920s] Level 1:colcon.colcon_core.environment:checking '/home/nguyen-anh-dung/ros2_ws/install/robot/lib/python3.12/site-packages'
[4.921s] Level 1:colcon.colcon_core.environment:checking '/home/nguyen-anh-dung/ros2_ws/install/robot/bin'
[4.923s] INFO:colcon.colcon_core.shell:Creating package script '/home/nguyen-anh-dung/ros2_ws/install/robot/share/robot/package.ps1'
[4.925s] INFO:colcon.colcon_core.shell:Creating package descriptor '/home/nguyen-anh-dung/ros2_ws/install/robot/share/robot/package.dsv'
[4.927s] INFO:colcon.colcon_core.shell:Creating package script '/home/nguyen-anh-dung/ros2_ws/install/robot/share/robot/package.sh'
[4.929s] INFO:colcon.colcon_core.shell:Creating package script '/home/nguyen-anh-dung/ros2_ws/install/robot/share/robot/package.bash'
[4.931s] INFO:colcon.colcon_core.shell:Creating package script '/home/nguyen-anh-dung/ros2_ws/install/robot/share/robot/package.zsh'
[4.933s] Level 1:colcon.colcon_core.environment:create_file_with_runtime_dependencies(/home/nguyen-anh-dung/ros2_ws/install/robot/share/colcon-core/packages/robot)
[7.737s] DEBUG:colcon.colcon_parallel_executor.executor.parallel:closing loop
[7.737s] DEBUG:colcon.colcon_parallel_executor.executor.parallel:loop closed
[7.738s] DEBUG:colcon.colcon_parallel_executor.executor.parallel:run_until_complete finished with '2'
[7.738s] DEBUG:colcon.colcon_core.event_reactor:joining thread
[7.756s] INFO:colcon.colcon_core.plugin_system:Skipping extension 'colcon_notification.desktop_notification.terminal_notifier': Not used on non-Darwin systems
[7.757s] INFO:colcon.colcon_core.plugin_system:Skipping extension 'colcon_notification.desktop_notification.win32': Not used on non-Windows systems
[7.757s] INFO:colcon.colcon_notification.desktop_notification:Sending desktop notification using 'notify2'
[7.809s] DEBUG:colcon.colcon_core.event_reactor:joined thread
[7.810s] INFO:colcon.colcon_core.shell:Creating prefix script '/home/nguyen-anh-dung/ros2_ws/install/local_setup.ps1'
[7.813s] INFO:colcon.colcon_core.shell:Creating prefix util module '/home/nguyen-anh-dung/ros2_ws/install/_local_setup_util_ps1.py'
[7.819s] INFO:colcon.colcon_core.shell:Creating prefix chain script '/home/nguyen-anh-dung/ros2_ws/install/setup.ps1'
[7.822s] INFO:colcon.colcon_core.shell:Creating prefix script '/home/nguyen-anh-dung/ros2_ws/install/local_setup.sh'
[7.824s] INFO:colcon.colcon_core.shell:Creating prefix util module '/home/nguyen-anh-dung/ros2_ws/install/_local_setup_util_sh.py'
[7.826s] INFO:colcon.colcon_core.shell:Creating prefix chain script '/home/nguyen-anh-dung/ros2_ws/install/setup.sh'
[7.829s] INFO:colcon.colcon_core.shell:Creating prefix script '/home/nguyen-anh-dung/ros2_ws/install/local_setup.bash'
[7.831s] INFO:colcon.colcon_core.shell:Creating prefix chain script '/home/nguyen-anh-dung/ros2_ws/install/setup.bash'
[7.834s] INFO:colcon.colcon_core.shell:Creating prefix script '/home/nguyen-anh-dung/ros2_ws/install/local_setup.zsh'
[7.836s] INFO:colcon.colcon_core.shell:Creating prefix chain script '/home/nguyen-anh-dung/ros2_ws/install/setup.zsh'
