[ 14%] Built target motor_controller
[ 28%] Built target trajectory
[ 42%] Built target tof_servoing
[ 71%] Built target trajectory2
[ 71%] Built target line_servoing_dual
[ 85%] Built target algo_node
[ 92%] [32mBuilding CXX object CMakeFiles/line_servoing_front.dir/src/line_servoing_front.cpp.o[0m
[01m[K/home/nguyen-anh-dung/ros2_ws/src/robot/src/line_servoing_front.cpp:[m[K In member function ‘[01m[Kfloat line_servoing_front::[01;32m[KcomputeError[m[K(float, float, float, float)[m[K’:
[01m[K/home/nguyen-anh-dung/ros2_ws/src/robot/src/line_servoing_front.cpp:60:66:[m[K [01;35m[Kwarning: [m[Kunused parameter ‘[01m[Kclair[m[K’ [[01;35m[K]8;;https://gcc.gnu.org/onlinedocs/gcc/Warning-Options.html#index-Wunused-parameter-Wunused-parameter]8;;[m[K]
   60 |     float computeError(float red, float green, float blue, [01;35m[Kfloat clair[m[K)
      |                                                            [01;35m[K~~~~~~^~~~~[m[K
[100%] [32m[1mLinking CXX executable line_servoing_front[0m
[100%] Built target line_servoing_front
-- Install configuration: ""
-- Up-to-date: /home/nguyen-anh-dung/ros2_ws/install/robot/lib/robot/algo_node
-- Up-to-date: /home/nguyen-anh-dung/ros2_ws/install/robot/lib/robot/motor_controller
-- Up-to-date: /home/nguyen-anh-dung/ros2_ws/install/robot/lib/robot/trajectory
-- Up-to-date: /home/nguyen-anh-dung/ros2_ws/install/robot/lib/robot/trajectory2
-- Up-to-date: /home/nguyen-anh-dung/ros2_ws/install/robot/lib/robot/tof_servoing
-- Installing: /home/nguyen-anh-dung/ros2_ws/install/robot/lib/robot/line_servoing_front
-- Set non-toolchain portion of runtime path of "/home/nguyen-anh-dung/ros2_ws/install/robot/lib/robot/line_servoing_front" to ""
-- Up-to-date: /home/nguyen-anh-dung/ros2_ws/install/robot/lib/robot/line_servoing_dual
-- Up-to-date: /home/nguyen-anh-dung/ros2_ws/install/robot/share/ament_index/resource_index/package_run_dependencies/robot
-- Up-to-date: /home/nguyen-anh-dung/ros2_ws/install/robot/share/ament_index/resource_index/parent_prefix_path/robot
-- Up-to-date: /home/nguyen-anh-dung/ros2_ws/install/robot/share/robot/environment/ament_prefix_path.sh
-- Up-to-date: /home/nguyen-anh-dung/ros2_ws/install/robot/share/robot/environment/ament_prefix_path.dsv
-- Up-to-date: /home/nguyen-anh-dung/ros2_ws/install/robot/share/robot/environment/path.sh
-- Up-to-date: /home/nguyen-anh-dung/ros2_ws/install/robot/share/robot/environment/path.dsv
-- Up-to-date: /home/nguyen-anh-dung/ros2_ws/install/robot/share/robot/local_setup.bash
-- Up-to-date: /home/nguyen-anh-dung/ros2_ws/install/robot/share/robot/local_setup.sh
-- Up-to-date: /home/nguyen-anh-dung/ros2_ws/install/robot/share/robot/local_setup.zsh
-- Up-to-date: /home/nguyen-anh-dung/ros2_ws/install/robot/share/robot/local_setup.dsv
-- Installing: /home/nguyen-anh-dung/ros2_ws/install/robot/share/robot/package.dsv
-- Up-to-date: /home/nguyen-anh-dung/ros2_ws/install/robot/share/ament_index/resource_index/packages/robot
-- Up-to-date: /home/nguyen-anh-dung/ros2_ws/install/robot/share/robot/cmake/robotConfig.cmake
-- Up-to-date: /home/nguyen-anh-dung/ros2_ws/install/robot/share/robot/cmake/robotConfig-version.cmake
-- Up-to-date: /home/nguyen-anh-dung/ros2_ws/install/robot/share/robot/package.xml
