[1.224s] Invoking command in '/home/nguyen-anh-dung/ros2_ws/src/rover_client': AMENT_PREFIX_PATH=/home/nguyen-anh-dung/ros2_ws/src/install/roverc:${AMENT_PREFIX_PATH} CMAKE_PREFIX_PATH=/home/nguyen-anh-dung/ros2_ws/src/install/roverc:${CMAKE_PREFIX_PATH} DEBUGINFOD_URLS=https://debuginfod.ubuntu.com LD_LIBRARY_PATH=/home/nguyen-anh-dung/ros2_ws/src/install/roverc/lib:${LD_LIBRARY_PATH} PYTHONPATH=/home/nguyen-anh-dung/ros2_ws/src/build/roverc_client/prefix_override:/usr/lib/python3/dist-packages/colcon_core/task/python/colcon_distutils_commands:/home/nguyen-anh-dung/ros2_ws/src/install/roverc_client/lib/python3.12/site-packages:/home/nguyen-anh-dung/ros2_ws/src/install/roverc/lib/python3.12/site-packages:${PYTHONPATH} /usr/bin/python3 -W ignore:setup.py install is deprecated -W ignore:easy_install command is deprecated setup.py egg_info --egg-base ../build/roverc_client build --build-base /home/nguyen-anh-dung/ros2_ws/src/build/roverc_client/build install --record /home/nguyen-anh-dung/ros2_ws/src/build/roverc_client/install.log --single-version-externally-managed install_data
[1.614s] running egg_info
[1.646s] writing ../build/roverc_client/roverc_client.egg-info/PKG-INFO
[1.646s] writing dependency_links to ../build/roverc_client/roverc_client.egg-info/dependency_links.txt
[1.647s] writing entry points to ../build/roverc_client/roverc_client.egg-info/entry_points.txt
[1.647s] writing requirements to ../build/roverc_client/roverc_client.egg-info/requires.txt
[1.647s] writing top-level names to ../build/roverc_client/roverc_client.egg-info/top_level.txt
[1.714s] reading manifest file '../build/roverc_client/roverc_client.egg-info/SOURCES.txt'
[1.714s] writing manifest file '../build/roverc_client/roverc_client.egg-info/SOURCES.txt'
[1.714s] running build
[1.714s] running build_py
[1.715s] running install
[1.722s] running install_lib
[1.755s] running install_data
[1.755s] running install_egg_info
[1.789s] removing '/home/nguyen-anh-dung/ros2_ws/src/install/roverc_client/lib/python3.12/site-packages/roverc_client-0.0.0-py3.12.egg-info' (and everything under it)
[1.789s] Copying ../build/roverc_client/roverc_client.egg-info to /home/nguyen-anh-dung/ros2_ws/src/install/roverc_client/lib/python3.12/site-packages/roverc_client-0.0.0-py3.12.egg-info
[1.791s] running install_scripts
[1.983s] Installing client script to /home/nguyen-anh-dung/ros2_ws/src/install/roverc_client/lib/roverc_client
[1.984s] writing list of installed files to '/home/nguyen-anh-dung/ros2_ws/src/build/roverc_client/install.log'
[2.017s] Invoked command in '/home/nguyen-anh-dung/ros2_ws/src/rover_client' returned '0': AMENT_PREFIX_PATH=/home/nguyen-anh-dung/ros2_ws/src/install/roverc:${AMENT_PREFIX_PATH} CMAKE_PREFIX_PATH=/home/nguyen-anh-dung/ros2_ws/src/install/roverc:${CMAKE_PREFIX_PATH} DEBUGINFOD_URLS=https://debuginfod.ubuntu.com LD_LIBRARY_PATH=/home/nguyen-anh-dung/ros2_ws/src/install/roverc/lib:${LD_LIBRARY_PATH} PYTHONPATH=/home/nguyen-anh-dung/ros2_ws/src/build/roverc_client/prefix_override:/usr/lib/python3/dist-packages/colcon_core/task/python/colcon_distutils_commands:/home/nguyen-anh-dung/ros2_ws/src/install/roverc_client/lib/python3.12/site-packages:/home/nguyen-anh-dung/ros2_ws/src/install/roverc/lib/python3.12/site-packages:${PYTHONPATH} /usr/bin/python3 -W ignore:setup.py install is deprecated -W ignore:easy_install command is deprecated setup.py egg_info --egg-base ../build/roverc_client build --build-base /home/nguyen-anh-dung/ros2_ws/src/build/roverc_client/build install --record /home/nguyen-anh-dung/ros2_ws/src/build/roverc_client/install.log --single-version-externally-managed install_data
