running egg_info
creating ../../build/roverc_client/roverc_client.egg-info
writing ../../build/roverc_client/roverc_client.egg-info/PKG-INFO
writing dependency_links to ../../build/roverc_client/roverc_client.egg-info/dependency_links.txt
writing entry points to ../../build/roverc_client/roverc_client.egg-info/entry_points.txt
writing requirements to ../../build/roverc_client/roverc_client.egg-info/requires.txt
writing top-level names to ../../build/roverc_client/roverc_client.egg-info/top_level.txt
writing manifest file '../../build/roverc_client/roverc_client.egg-info/SOURCES.txt'
reading manifest file '../../build/roverc_client/roverc_client.egg-info/SOURCES.txt'
writing manifest file '../../build/roverc_client/roverc_client.egg-info/SOURCES.txt'
running build
running build_py
creating /home/nguyen-anh-dung/ros2_ws/build/roverc_client/build
creating /home/nguyen-anh-dung/ros2_ws/build/roverc_client/build/lib
creating /home/nguyen-anh-dung/ros2_ws/build/roverc_client/build/lib/roverc_client
copying roverc_client/client.py -> /home/nguyen-anh-dung/ros2_ws/build/roverc_client/build/lib/roverc_client
copying roverc_client/__init__.py -> /home/nguyen-anh-dung/ros2_ws/build/roverc_client/build/lib/roverc_client
running install
running install_lib
creating /home/nguyen-anh-dung/ros2_ws/install/roverc_client/lib/python3.12/site-packages/roverc_client
copying /home/nguyen-anh-dung/ros2_ws/build/roverc_client/build/lib/roverc_client/client.py -> /home/nguyen-anh-dung/ros2_ws/install/roverc_client/lib/python3.12/site-packages/roverc_client
copying /home/nguyen-anh-dung/ros2_ws/build/roverc_client/build/lib/roverc_client/__init__.py -> /home/nguyen-anh-dung/ros2_ws/install/roverc_client/lib/python3.12/site-packages/roverc_client
byte-compiling /home/nguyen-anh-dung/ros2_ws/install/roverc_client/lib/python3.12/site-packages/roverc_client/client.py to client.cpython-312.pyc
byte-compiling /home/nguyen-anh-dung/ros2_ws/install/roverc_client/lib/python3.12/site-packages/roverc_client/__init__.py to __init__.cpython-312.pyc
running install_data
creating /home/nguyen-anh-dung/ros2_ws/install/roverc_client/share/ament_index
creating /home/nguyen-anh-dung/ros2_ws/install/roverc_client/share/ament_index/resource_index
creating /home/nguyen-anh-dung/ros2_ws/install/roverc_client/share/ament_index/resource_index/packages
copying resource/roverc_client -> /home/nguyen-anh-dung/ros2_ws/install/roverc_client/share/ament_index/resource_index/packages
copying package.xml -> /home/nguyen-anh-dung/ros2_ws/install/roverc_client/share/roverc_client
running install_egg_info
Copying ../../build/roverc_client/roverc_client.egg-info to /home/nguyen-anh-dung/ros2_ws/install/roverc_client/lib/python3.12/site-packages/roverc_client-0.0.0-py3.12.egg-info
running install_scripts
Installing client script to /home/nguyen-anh-dung/ros2_ws/install/roverc_client/lib/roverc_client
writing list of installed files to '/home/nguyen-anh-dung/ros2_ws/build/roverc_client/install.log'
