[4.230s] Invoking command in '/home/nguyen-anh-dung/ros2_ws/src/rover_client': AMENT_PREFIX_PATH=/home/nguyen-anh-dung/ros2_ws/install/roverc:${AMENT_PREFIX_PATH} CMAKE_PREFIX_PATH=/home/nguyen-anh-dung/ros2_ws/install/roverc:${CMAKE_PREFIX_PATH} DEBUGINFOD_URLS=https://debuginfod.ubuntu.com LD_LIBRARY_PATH=/home/nguyen-anh-dung/ros2_ws/install/roverc/lib:${LD_LIBRARY_PATH} PYTHONPATH=/home/nguyen-anh-dung/ros2_ws/build/roverc_client/prefix_override:/usr/lib/python3/dist-packages/colcon_core/task/python/colcon_distutils_commands:/home/nguyen-anh-dung/ros2_ws/install/roverc_client/lib/python3.12/site-packages:/home/nguyen-anh-dung/ros2_ws/install/roverc/lib/python3.12/site-packages:${PYTHONPATH} /usr/bin/python3 -W ignore:setup.py install is deprecated -W ignore:easy_install command is deprecated setup.py egg_info --egg-base ../../build/roverc_client build --build-base /home/nguyen-anh-dung/ros2_ws/build/roverc_client/build install --record /home/nguyen-anh-dung/ros2_ws/build/roverc_client/install.log --single-version-externally-managed install_data
[5.609s] running egg_info
[5.610s] creating ../../build/roverc_client/roverc_client.egg-info
[5.733s] writing ../../build/roverc_client/roverc_client.egg-info/PKG-INFO
[5.734s] writing dependency_links to ../../build/roverc_client/roverc_client.egg-info/dependency_links.txt
[5.734s] writing entry points to ../../build/roverc_client/roverc_client.egg-info/entry_points.txt
[5.735s] writing requirements to ../../build/roverc_client/roverc_client.egg-info/requires.txt
[5.735s] writing top-level names to ../../build/roverc_client/roverc_client.egg-info/top_level.txt
[5.736s] writing manifest file '../../build/roverc_client/roverc_client.egg-info/SOURCES.txt'
[5.977s] reading manifest file '../../build/roverc_client/roverc_client.egg-info/SOURCES.txt'
[5.979s] writing manifest file '../../build/roverc_client/roverc_client.egg-info/SOURCES.txt'
[5.980s] running build
[5.980s] running build_py
[5.981s] creating /home/nguyen-anh-dung/ros2_ws/build/roverc_client/build
[5.981s] creating /home/nguyen-anh-dung/ros2_ws/build/roverc_client/build/lib
[5.982s] creating /home/nguyen-anh-dung/ros2_ws/build/roverc_client/build/lib/roverc_client
[5.982s] copying roverc_client/client.py -> /home/nguyen-anh-dung/ros2_ws/build/roverc_client/build/lib/roverc_client
[5.983s] copying roverc_client/__init__.py -> /home/nguyen-anh-dung/ros2_ws/build/roverc_client/build/lib/roverc_client
[5.983s] running install
[6.007s] running install_lib
[6.132s] creating /home/nguyen-anh-dung/ros2_ws/install/roverc_client/lib/python3.12/site-packages/roverc_client
[6.133s] copying /home/nguyen-anh-dung/ros2_ws/build/roverc_client/build/lib/roverc_client/client.py -> /home/nguyen-anh-dung/ros2_ws/install/roverc_client/lib/python3.12/site-packages/roverc_client
[6.133s] copying /home/nguyen-anh-dung/ros2_ws/build/roverc_client/build/lib/roverc_client/__init__.py -> /home/nguyen-anh-dung/ros2_ws/install/roverc_client/lib/python3.12/site-packages/roverc_client
[6.135s] byte-compiling /home/nguyen-anh-dung/ros2_ws/install/roverc_client/lib/python3.12/site-packages/roverc_client/client.py to client.cpython-312.pyc
[6.148s] byte-compiling /home/nguyen-anh-dung/ros2_ws/install/roverc_client/lib/python3.12/site-packages/roverc_client/__init__.py to __init__.cpython-312.pyc
[6.148s] running install_data
[6.149s] creating /home/nguyen-anh-dung/ros2_ws/install/roverc_client/share/ament_index
[6.149s] creating /home/nguyen-anh-dung/ros2_ws/install/roverc_client/share/ament_index/resource_index
[6.150s] creating /home/nguyen-anh-dung/ros2_ws/install/roverc_client/share/ament_index/resource_index/packages
[6.150s] copying resource/roverc_client -> /home/nguyen-anh-dung/ros2_ws/install/roverc_client/share/ament_index/resource_index/packages
[6.151s] copying package.xml -> /home/nguyen-anh-dung/ros2_ws/install/roverc_client/share/roverc_client
[6.151s] running install_egg_info
[6.278s] Copying ../../build/roverc_client/roverc_client.egg-info to /home/nguyen-anh-dung/ros2_ws/install/roverc_client/lib/python3.12/site-packages/roverc_client-0.0.0-py3.12.egg-info
[6.281s] running install_scripts
[7.000s] Installing client script to /home/nguyen-anh-dung/ros2_ws/install/roverc_client/lib/roverc_client
[7.000s] writing list of installed files to '/home/nguyen-anh-dung/ros2_ws/build/roverc_client/install.log'
[7.095s] Invoked command in '/home/nguyen-anh-dung/ros2_ws/src/rover_client' returned '0': AMENT_PREFIX_PATH=/home/nguyen-anh-dung/ros2_ws/install/roverc:${AMENT_PREFIX_PATH} CMAKE_PREFIX_PATH=/home/nguyen-anh-dung/ros2_ws/install/roverc:${CMAKE_PREFIX_PATH} DEBUGINFOD_URLS=https://debuginfod.ubuntu.com LD_LIBRARY_PATH=/home/nguyen-anh-dung/ros2_ws/install/roverc/lib:${LD_LIBRARY_PATH} PYTHONPATH=/home/nguyen-anh-dung/ros2_ws/build/roverc_client/prefix_override:/usr/lib/python3/dist-packages/colcon_core/task/python/colcon_distutils_commands:/home/nguyen-anh-dung/ros2_ws/install/roverc_client/lib/python3.12/site-packages:/home/nguyen-anh-dung/ros2_ws/install/roverc/lib/python3.12/site-packages:${PYTHONPATH} /usr/bin/python3 -W ignore:setup.py install is deprecated -W ignore:easy_install command is deprecated setup.py egg_info --egg-base ../../build/roverc_client build --build-base /home/nguyen-anh-dung/ros2_ws/build/roverc_client/build install --record /home/nguyen-anh-dung/ros2_ws/build/roverc_client/install.log --single-version-externally-managed install_data
