[0.012s] Invoking command in '/home/nguyen-anh-dung/ros2_ws/build/roverc': CMAKE_PREFIX_PATH=${CMAKE_PREFIX_PATH}:/home/nguyen-anh-dung/ros2_ws/install/roverc_client:/opt/ros/jazzy DEBUGINFOD_URLS=https://debuginfod.ubuntu.com /usr/bin/cmake --build /home/nguyen-anh-dung/ros2_ws/build/roverc -- -j8 -l8
[0.054s] [  2%] Built target roverc__rosidl_generator_type_description
[0.063s] [  2%] Built target ament_cmake_python_copy_roverc
[0.071s] [  4%] Built target roverc__cpp
[0.072s] [ 22%] Built target roverc__rosidl_generator_c
[0.098s] [ 50%] Built target roverc__rosidl_typesupport_introspection_c
[0.099s] [ 50%] Built target roverc__rosidl_typesupport_c
[0.099s] [ 50%] Built target roverc__rosidl_typesupport_cpp
[0.099s] [ 65%] Built target roverc__rosidl_typesupport_fastrtps_cpp
[0.099s] [ 68%] Built target roverc__rosidl_typesupport_introspection_cpp
[0.102s] [ 77%] Built target roverc__rosidl_typesupport_fastrtps_c
[0.121s] [ 77%] Built target roverc
[0.139s] [ 79%] Built target roverc__py
[0.160s] [ 86%] Built target roverc__rosidl_generator_py
[0.179s] [100%] Built target roverc_s__rosidl_typesupport_c
[0.179s] [100%] Built target roverc_s__rosidl_typesupport_introspection_c
[0.179s] [100%] Built target roverc_s__rosidl_typesupport_fastrtps_c
[0.360s] running egg_info
[0.392s] writing roverc.egg-info/PKG-INFO
[0.392s] writing dependency_links to roverc.egg-info/dependency_links.txt
[0.392s] writing top-level names to roverc.egg-info/top_level.txt
[0.491s] reading manifest file 'roverc.egg-info/SOURCES.txt'
[0.491s] writing manifest file 'roverc.egg-info/SOURCES.txt'
[0.522s] [100%] Built target ament_cmake_python_build_roverc_egg
[0.533s] Invoked command in '/home/nguyen-anh-dung/ros2_ws/build/roverc' returned '0': CMAKE_PREFIX_PATH=${CMAKE_PREFIX_PATH}:/home/nguyen-anh-dung/ros2_ws/install/roverc_client:/opt/ros/jazzy DEBUGINFOD_URLS=https://debuginfod.ubuntu.com /usr/bin/cmake --build /home/nguyen-anh-dung/ros2_ws/build/roverc -- -j8 -l8
[0.543s] Invoking command in '/home/nguyen-anh-dung/ros2_ws/build/roverc': CMAKE_PREFIX_PATH=${CMAKE_PREFIX_PATH}:/home/nguyen-anh-dung/ros2_ws/install/roverc_client:/opt/ros/jazzy DEBUGINFOD_URLS=https://debuginfod.ubuntu.com /usr/bin/cmake --install /home/nguyen-anh-dung/ros2_ws/build/roverc
[0.551s] -- Install configuration: ""
[0.551s] -- Up-to-date: /home/nguyen-anh-dung/ros2_ws/install/roverc/share/ament_index/resource_index/rosidl_interfaces/roverc
[0.551s] -- Up-to-date: /home/nguyen-anh-dung/ros2_ws/install/roverc/share/roverc/msg/RGB.json
[0.551s] -- Up-to-date: /home/nguyen-anh-dung/ros2_ws/install/roverc/share/roverc/msg/WheelSpeed.json
[0.551s] -- Up-to-date: /home/nguyen-anh-dung/ros2_ws/install/roverc/include/roverc/roverc
[0.551s] -- Up-to-date: /home/nguyen-anh-dung/ros2_ws/install/roverc/include/roverc/roverc/msg
[0.552s] -- Up-to-date: /home/nguyen-anh-dung/ros2_ws/install/roverc/include/roverc/roverc/msg/detail
[0.552s] -- Up-to-date: /home/nguyen-anh-dung/ros2_ws/install/roverc/include/roverc/roverc/msg/detail/rgb__struct.h
[0.552s] -- Up-to-date: /home/nguyen-anh-dung/ros2_ws/install/roverc/include/roverc/roverc/msg/detail/wheel_speed__description.c
[0.552s] -- Up-to-date: /home/nguyen-anh-dung/ros2_ws/install/roverc/include/roverc/roverc/msg/detail/rgb__description.c
[0.552s] -- Up-to-date: /home/nguyen-anh-dung/ros2_ws/install/roverc/include/roverc/roverc/msg/detail/rgb__functions.c
[0.552s] -- Up-to-date: /home/nguyen-anh-dung/ros2_ws/install/roverc/include/roverc/roverc/msg/detail/rgb__functions.h
[0.552s] -- Up-to-date: /home/nguyen-anh-dung/ros2_ws/install/roverc/include/roverc/roverc/msg/detail/rgb__type_support.c
[0.553s] -- Up-to-date: /home/nguyen-anh-dung/ros2_ws/install/roverc/include/roverc/roverc/msg/detail/rgb__type_support.h
[0.553s] -- Up-to-date: /home/nguyen-anh-dung/ros2_ws/install/roverc/include/roverc/roverc/msg/detail/wheel_speed__type_support.c
[0.553s] -- Up-to-date: /home/nguyen-anh-dung/ros2_ws/install/roverc/include/roverc/roverc/msg/detail/wheel_speed__type_support.h
[0.553s] -- Up-to-date: /home/nguyen-anh-dung/ros2_ws/install/roverc/include/roverc/roverc/msg/detail/wheel_speed__functions.h
[0.553s] -- Up-to-date: /home/nguyen-anh-dung/ros2_ws/install/roverc/include/roverc/roverc/msg/detail/wheel_speed__struct.h
[0.554s] -- Up-to-date: /home/nguyen-anh-dung/ros2_ws/install/roverc/include/roverc/roverc/msg/detail/wheel_speed__functions.c
[0.554s] -- Up-to-date: /home/nguyen-anh-dung/ros2_ws/install/roverc/include/roverc/roverc/msg/rgb.h
[0.554s] -- Up-to-date: /home/nguyen-anh-dung/ros2_ws/install/roverc/include/roverc/roverc/msg/wheel_speed.h
[0.554s] -- Up-to-date: /home/nguyen-anh-dung/ros2_ws/install/roverc/include/roverc/roverc/msg/rosidl_generator_c__visibility_control.h
[0.554s] -- Up-to-date: /home/nguyen-anh-dung/ros2_ws/install/roverc/share/roverc/environment/library_path.sh
[0.554s] -- Up-to-date: /home/nguyen-anh-dung/ros2_ws/install/roverc/share/roverc/environment/library_path.dsv
[0.554s] -- Up-to-date: /home/nguyen-anh-dung/ros2_ws/install/roverc/lib/libroverc__rosidl_generator_c.so
[0.555s] -- Up-to-date: /home/nguyen-anh-dung/ros2_ws/install/roverc/include/roverc/roverc
[0.555s] -- Up-to-date: /home/nguyen-anh-dung/ros2_ws/install/roverc/include/roverc/roverc/msg
[0.555s] -- Up-to-date: /home/nguyen-anh-dung/ros2_ws/install/roverc/include/roverc/roverc/msg/detail
[0.555s] -- Up-to-date: /home/nguyen-anh-dung/ros2_ws/install/roverc/include/roverc/roverc/msg/detail/wheel_speed__rosidl_typesupport_fastrtps_c.h
[0.555s] -- Up-to-date: /home/nguyen-anh-dung/ros2_ws/install/roverc/include/roverc/roverc/msg/detail/rgb__rosidl_typesupport_fastrtps_c.h
[0.555s] -- Up-to-date: /home/nguyen-anh-dung/ros2_ws/install/roverc/include/roverc/roverc/msg/rosidl_typesupport_fastrtps_c__visibility_control.h
[0.555s] -- Up-to-date: /home/nguyen-anh-dung/ros2_ws/install/roverc/lib/libroverc__rosidl_typesupport_fastrtps_c.so
[0.556s] -- Up-to-date: /home/nguyen-anh-dung/ros2_ws/install/roverc/include/roverc/roverc
[0.556s] -- Up-to-date: /home/nguyen-anh-dung/ros2_ws/install/roverc/include/roverc/roverc/msg
[0.556s] -- Up-to-date: /home/nguyen-anh-dung/ros2_ws/install/roverc/include/roverc/roverc/msg/rosidl_typesupport_introspection_c__visibility_control.h
[0.556s] -- Up-to-date: /home/nguyen-anh-dung/ros2_ws/install/roverc/include/roverc/roverc/msg/detail
[0.556s] -- Up-to-date: /home/nguyen-anh-dung/ros2_ws/install/roverc/include/roverc/roverc/msg/detail/wheel_speed__rosidl_typesupport_introspection_c.h
[0.556s] -- Up-to-date: /home/nguyen-anh-dung/ros2_ws/install/roverc/include/roverc/roverc/msg/detail/rgb__type_support.c
[0.556s] -- Up-to-date: /home/nguyen-anh-dung/ros2_ws/install/roverc/include/roverc/roverc/msg/detail/wheel_speed__type_support.c
[0.557s] -- Up-to-date: /home/nguyen-anh-dung/ros2_ws/install/roverc/include/roverc/roverc/msg/detail/rgb__rosidl_typesupport_introspection_c.h
[0.557s] -- Up-to-date: /home/nguyen-anh-dung/ros2_ws/install/roverc/lib/libroverc__rosidl_typesupport_introspection_c.so
[0.557s] -- Up-to-date: /home/nguyen-anh-dung/ros2_ws/install/roverc/lib/libroverc__rosidl_typesupport_c.so
[0.557s] -- Up-to-date: /home/nguyen-anh-dung/ros2_ws/install/roverc/include/roverc/roverc
[0.557s] -- Up-to-date: /home/nguyen-anh-dung/ros2_ws/install/roverc/include/roverc/roverc/msg
[0.557s] -- Up-to-date: /home/nguyen-anh-dung/ros2_ws/install/roverc/include/roverc/roverc/msg/detail
[0.557s] -- Up-to-date: /home/nguyen-anh-dung/ros2_ws/install/roverc/include/roverc/roverc/msg/detail/rgb__traits.hpp
[0.557s] -- Up-to-date: /home/nguyen-anh-dung/ros2_ws/install/roverc/include/roverc/roverc/msg/detail/rgb__type_support.hpp
[0.558s] -- Up-to-date: /home/nguyen-anh-dung/ros2_ws/install/roverc/include/roverc/roverc/msg/detail/wheel_speed__builder.hpp
[0.558s] -- Up-to-date: /home/nguyen-anh-dung/ros2_ws/install/roverc/include/roverc/roverc/msg/detail/wheel_speed__struct.hpp
[0.558s] -- Up-to-date: /home/nguyen-anh-dung/ros2_ws/install/roverc/include/roverc/roverc/msg/detail/wheel_speed__traits.hpp
[0.558s] -- Up-to-date: /home/nguyen-anh-dung/ros2_ws/install/roverc/include/roverc/roverc/msg/detail/wheel_speed__type_support.hpp
[0.558s] -- Up-to-date: /home/nguyen-anh-dung/ros2_ws/install/roverc/include/roverc/roverc/msg/detail/rgb__builder.hpp
[0.558s] -- Up-to-date: /home/nguyen-anh-dung/ros2_ws/install/roverc/include/roverc/roverc/msg/detail/rgb__struct.hpp
[0.558s] -- Up-to-date: /home/nguyen-anh-dung/ros2_ws/install/roverc/include/roverc/roverc/msg/wheel_speed.hpp
[0.558s] -- Up-to-date: /home/nguyen-anh-dung/ros2_ws/install/roverc/include/roverc/roverc/msg/rosidl_generator_cpp__visibility_control.hpp
[0.559s] -- Up-to-date: /home/nguyen-anh-dung/ros2_ws/install/roverc/include/roverc/roverc/msg/rgb.hpp
[0.559s] -- Up-to-date: /home/nguyen-anh-dung/ros2_ws/install/roverc/include/roverc/roverc
[0.559s] -- Up-to-date: /home/nguyen-anh-dung/ros2_ws/install/roverc/include/roverc/roverc/msg
[0.559s] -- Up-to-date: /home/nguyen-anh-dung/ros2_ws/install/roverc/include/roverc/roverc/msg/detail
[0.559s] -- Up-to-date: /home/nguyen-anh-dung/ros2_ws/install/roverc/include/roverc/roverc/msg/detail/rgb__rosidl_typesupport_fastrtps_cpp.hpp
[0.559s] -- Up-to-date: /home/nguyen-anh-dung/ros2_ws/install/roverc/include/roverc/roverc/msg/detail/wheel_speed__rosidl_typesupport_fastrtps_cpp.hpp
[0.559s] -- Up-to-date: /home/nguyen-anh-dung/ros2_ws/install/roverc/include/roverc/roverc/msg/detail/dds_fastrtps
[0.559s] -- Up-to-date: /home/nguyen-anh-dung/ros2_ws/install/roverc/include/roverc/roverc/msg/rosidl_typesupport_fastrtps_cpp__visibility_control.h
[0.560s] -- Up-to-date: /home/nguyen-anh-dung/ros2_ws/install/roverc/lib/libroverc__rosidl_typesupport_fastrtps_cpp.so
[0.560s] -- Up-to-date: /home/nguyen-anh-dung/ros2_ws/install/roverc/include/roverc/roverc
[0.560s] -- Up-to-date: /home/nguyen-anh-dung/ros2_ws/install/roverc/include/roverc/roverc/msg
[0.560s] -- Up-to-date: /home/nguyen-anh-dung/ros2_ws/install/roverc/include/roverc/roverc/msg/detail
[0.560s] -- Up-to-date: /home/nguyen-anh-dung/ros2_ws/install/roverc/include/roverc/roverc/msg/detail/wheel_speed__rosidl_typesupport_introspection_cpp.hpp
[0.560s] -- Up-to-date: /home/nguyen-anh-dung/ros2_ws/install/roverc/include/roverc/roverc/msg/detail/wheel_speed__type_support.cpp
[0.560s] -- Up-to-date: /home/nguyen-anh-dung/ros2_ws/install/roverc/include/roverc/roverc/msg/detail/rgb__rosidl_typesupport_introspection_cpp.hpp
[0.561s] -- Up-to-date: /home/nguyen-anh-dung/ros2_ws/install/roverc/include/roverc/roverc/msg/detail/rgb__type_support.cpp
[0.561s] -- Up-to-date: /home/nguyen-anh-dung/ros2_ws/install/roverc/lib/libroverc__rosidl_typesupport_introspection_cpp.so
[0.561s] -- Up-to-date: /home/nguyen-anh-dung/ros2_ws/install/roverc/lib/libroverc__rosidl_typesupport_cpp.so
[0.561s] -- Up-to-date: /home/nguyen-anh-dung/ros2_ws/install/roverc/share/roverc/environment/pythonpath.sh
[0.561s] -- Up-to-date: /home/nguyen-anh-dung/ros2_ws/install/roverc/share/roverc/environment/pythonpath.dsv
[0.561s] -- Up-to-date: /home/nguyen-anh-dung/ros2_ws/install/roverc/lib/python3.12/site-packages/roverc-0.0.0-py3.12.egg-info
[0.561s] -- Installing: /home/nguyen-anh-dung/ros2_ws/install/roverc/lib/python3.12/site-packages/roverc-0.0.0-py3.12.egg-info/dependency_links.txt
[0.561s] -- Installing: /home/nguyen-anh-dung/ros2_ws/install/roverc/lib/python3.12/site-packages/roverc-0.0.0-py3.12.egg-info/top_level.txt
[0.562s] -- Installing: /home/nguyen-anh-dung/ros2_ws/install/roverc/lib/python3.12/site-packages/roverc-0.0.0-py3.12.egg-info/SOURCES.txt
[0.562s] -- Installing: /home/nguyen-anh-dung/ros2_ws/install/roverc/lib/python3.12/site-packages/roverc-0.0.0-py3.12.egg-info/PKG-INFO
[0.562s] -- Up-to-date: /home/nguyen-anh-dung/ros2_ws/install/roverc/lib/python3.12/site-packages/roverc
[0.562s] -- Up-to-date: /home/nguyen-anh-dung/ros2_ws/install/roverc/lib/python3.12/site-packages/roverc/roverc_s__rosidl_typesupport_fastrtps_c.so
[0.562s] -- Up-to-date: /home/nguyen-anh-dung/ros2_ws/install/roverc/lib/python3.12/site-packages/roverc/roverc_s__rosidl_typesupport_c.so
[0.562s] -- Up-to-date: /home/nguyen-anh-dung/ros2_ws/install/roverc/lib/python3.12/site-packages/roverc/_roverc_s.ep.rosidl_typesupport_c.c
[0.562s] -- Up-to-date: /home/nguyen-anh-dung/ros2_ws/install/roverc/lib/python3.12/site-packages/roverc/msg
[0.562s] -- Up-to-date: /home/nguyen-anh-dung/ros2_ws/install/roverc/lib/python3.12/site-packages/roverc/msg/_rgb.py
[0.563s] -- Up-to-date: /home/nguyen-anh-dung/ros2_ws/install/roverc/lib/python3.12/site-packages/roverc/msg/_wheel_speed_s.c
[0.563s] -- Up-to-date: /home/nguyen-anh-dung/ros2_ws/install/roverc/lib/python3.12/site-packages/roverc/msg/_wheel_speed.py
[0.563s] -- Up-to-date: /home/nguyen-anh-dung/ros2_ws/install/roverc/lib/python3.12/site-packages/roverc/msg/_rgb_s.c
[0.563s] -- Up-to-date: /home/nguyen-anh-dung/ros2_ws/install/roverc/lib/python3.12/site-packages/roverc/msg/__init__.py
[0.563s] -- Up-to-date: /home/nguyen-anh-dung/ros2_ws/install/roverc/lib/python3.12/site-packages/roverc/_roverc_s.ep.rosidl_typesupport_introspection_c.c
[0.563s] -- Up-to-date: /home/nguyen-anh-dung/ros2_ws/install/roverc/lib/python3.12/site-packages/roverc/__init__.py
[0.563s] -- Up-to-date: /home/nguyen-anh-dung/ros2_ws/install/roverc/lib/python3.12/site-packages/roverc/_roverc_s.ep.rosidl_typesupport_fastrtps_c.c
[0.564s] -- Up-to-date: /home/nguyen-anh-dung/ros2_ws/install/roverc/lib/python3.12/site-packages/roverc/roverc_s__rosidl_typesupport_introspection_c.so
[0.589s] Listing '/home/nguyen-anh-dung/ros2_ws/install/roverc/lib/python3.12/site-packages/roverc'...
[0.589s] Listing '/home/nguyen-anh-dung/ros2_ws/install/roverc/lib/python3.12/site-packages/roverc/msg'...
[0.594s] -- Up-to-date: /home/nguyen-anh-dung/ros2_ws/install/roverc/lib/python3.12/site-packages/roverc/roverc_s__rosidl_typesupport_fastrtps_c.so
[0.594s] -- Up-to-date: /home/nguyen-anh-dung/ros2_ws/install/roverc/lib/python3.12/site-packages/roverc/roverc_s__rosidl_typesupport_introspection_c.so
[0.594s] -- Up-to-date: /home/nguyen-anh-dung/ros2_ws/install/roverc/lib/python3.12/site-packages/roverc/roverc_s__rosidl_typesupport_c.so
[0.595s] -- Up-to-date: /home/nguyen-anh-dung/ros2_ws/install/roverc/lib/libroverc__rosidl_generator_py.so
[0.595s] -- Up-to-date: /home/nguyen-anh-dung/ros2_ws/install/roverc/share/roverc/msg/RGB.idl
[0.595s] -- Up-to-date: /home/nguyen-anh-dung/ros2_ws/install/roverc/share/roverc/msg/WheelSpeed.idl
[0.595s] -- Up-to-date: /home/nguyen-anh-dung/ros2_ws/install/roverc/share/roverc/msg/RGB.msg
[0.595s] -- Up-to-date: /home/nguyen-anh-dung/ros2_ws/install/roverc/share/roverc/msg/WheelSpeed.msg
[0.596s] -- Up-to-date: /home/nguyen-anh-dung/ros2_ws/install/roverc/share/ament_index/resource_index/package_run_dependencies/roverc
[0.596s] -- Up-to-date: /home/nguyen-anh-dung/ros2_ws/install/roverc/share/ament_index/resource_index/parent_prefix_path/roverc
[0.596s] -- Up-to-date: /home/nguyen-anh-dung/ros2_ws/install/roverc/share/roverc/environment/ament_prefix_path.sh
[0.596s] -- Up-to-date: /home/nguyen-anh-dung/ros2_ws/install/roverc/share/roverc/environment/ament_prefix_path.dsv
[0.596s] -- Up-to-date: /home/nguyen-anh-dung/ros2_ws/install/roverc/share/roverc/environment/path.sh
[0.596s] -- Up-to-date: /home/nguyen-anh-dung/ros2_ws/install/roverc/share/roverc/environment/path.dsv
[0.597s] -- Up-to-date: /home/nguyen-anh-dung/ros2_ws/install/roverc/share/roverc/local_setup.bash
[0.597s] -- Up-to-date: /home/nguyen-anh-dung/ros2_ws/install/roverc/share/roverc/local_setup.sh
[0.597s] -- Up-to-date: /home/nguyen-anh-dung/ros2_ws/install/roverc/share/roverc/local_setup.zsh
[0.597s] -- Up-to-date: /home/nguyen-anh-dung/ros2_ws/install/roverc/share/roverc/local_setup.dsv
[0.597s] -- Installing: /home/nguyen-anh-dung/ros2_ws/install/roverc/share/roverc/package.dsv
[0.597s] -- Up-to-date: /home/nguyen-anh-dung/ros2_ws/install/roverc/share/ament_index/resource_index/packages/roverc
[0.598s] -- Up-to-date: /home/nguyen-anh-dung/ros2_ws/install/roverc/share/roverc/cmake/export_roverc__rosidl_generator_cExport.cmake
[0.598s] -- Up-to-date: /home/nguyen-anh-dung/ros2_ws/install/roverc/share/roverc/cmake/export_roverc__rosidl_generator_cExport-noconfig.cmake
[0.598s] -- Up-to-date: /home/nguyen-anh-dung/ros2_ws/install/roverc/share/roverc/cmake/export_roverc__rosidl_typesupport_fastrtps_cExport.cmake
[0.598s] -- Up-to-date: /home/nguyen-anh-dung/ros2_ws/install/roverc/share/roverc/cmake/export_roverc__rosidl_typesupport_fastrtps_cExport-noconfig.cmake
[0.598s] -- Up-to-date: /home/nguyen-anh-dung/ros2_ws/install/roverc/share/roverc/cmake/roverc__rosidl_typesupport_introspection_cExport.cmake
[0.599s] -- Up-to-date: /home/nguyen-anh-dung/ros2_ws/install/roverc/share/roverc/cmake/roverc__rosidl_typesupport_introspection_cExport-noconfig.cmake
[0.599s] -- Up-to-date: /home/nguyen-anh-dung/ros2_ws/install/roverc/share/roverc/cmake/roverc__rosidl_typesupport_cExport.cmake
[0.599s] -- Up-to-date: /home/nguyen-anh-dung/ros2_ws/install/roverc/share/roverc/cmake/roverc__rosidl_typesupport_cExport-noconfig.cmake
[0.599s] -- Up-to-date: /home/nguyen-anh-dung/ros2_ws/install/roverc/share/roverc/cmake/export_roverc__rosidl_generator_cppExport.cmake
[0.600s] -- Up-to-date: /home/nguyen-anh-dung/ros2_ws/install/roverc/share/roverc/cmake/export_roverc__rosidl_typesupport_fastrtps_cppExport.cmake
[0.600s] -- Up-to-date: /home/nguyen-anh-dung/ros2_ws/install/roverc/share/roverc/cmake/export_roverc__rosidl_typesupport_fastrtps_cppExport-noconfig.cmake
[0.601s] -- Up-to-date: /home/nguyen-anh-dung/ros2_ws/install/roverc/share/roverc/cmake/roverc__rosidl_typesupport_introspection_cppExport.cmake
[0.601s] -- Up-to-date: /home/nguyen-anh-dung/ros2_ws/install/roverc/share/roverc/cmake/roverc__rosidl_typesupport_introspection_cppExport-noconfig.cmake
[0.601s] -- Up-to-date: /home/nguyen-anh-dung/ros2_ws/install/roverc/share/roverc/cmake/roverc__rosidl_typesupport_cppExport.cmake
[0.601s] -- Up-to-date: /home/nguyen-anh-dung/ros2_ws/install/roverc/share/roverc/cmake/roverc__rosidl_typesupport_cppExport-noconfig.cmake
[0.601s] -- Up-to-date: /home/nguyen-anh-dung/ros2_ws/install/roverc/share/roverc/cmake/export_roverc__rosidl_generator_pyExport.cmake
[0.602s] -- Up-to-date: /home/nguyen-anh-dung/ros2_ws/install/roverc/share/roverc/cmake/export_roverc__rosidl_generator_pyExport-noconfig.cmake
[0.602s] -- Up-to-date: /home/nguyen-anh-dung/ros2_ws/install/roverc/share/roverc/cmake/rosidl_cmake-extras.cmake
[0.602s] -- Up-to-date: /home/nguyen-anh-dung/ros2_ws/install/roverc/share/roverc/cmake/ament_cmake_export_include_directories-extras.cmake
[0.603s] -- Up-to-date: /home/nguyen-anh-dung/ros2_ws/install/roverc/share/roverc/cmake/ament_cmake_export_libraries-extras.cmake
[0.603s] -- Up-to-date: /home/nguyen-anh-dung/ros2_ws/install/roverc/share/roverc/cmake/ament_cmake_export_targets-extras.cmake
[0.603s] -- Up-to-date: /home/nguyen-anh-dung/ros2_ws/install/roverc/share/roverc/cmake/rosidl_cmake_export_typesupport_targets-extras.cmake
[0.603s] -- Up-to-date: /home/nguyen-anh-dung/ros2_ws/install/roverc/share/roverc/cmake/ament_cmake_export_dependencies-extras.cmake
[0.603s] -- Up-to-date: /home/nguyen-anh-dung/ros2_ws/install/roverc/share/roverc/cmake/rosidl_cmake_export_typesupport_libraries-extras.cmake
[0.604s] -- Up-to-date: /home/nguyen-anh-dung/ros2_ws/install/roverc/share/roverc/cmake/rovercConfig.cmake
[0.604s] -- Up-to-date: /home/nguyen-anh-dung/ros2_ws/install/roverc/share/roverc/cmake/rovercConfig-version.cmake
[0.604s] -- Up-to-date: /home/nguyen-anh-dung/ros2_ws/install/roverc/share/roverc/package.xml
[0.605s] Invoked command in '/home/nguyen-anh-dung/ros2_ws/build/roverc' returned '0': CMAKE_PREFIX_PATH=${CMAKE_PREFIX_PATH}:/home/nguyen-anh-dung/ros2_ws/install/roverc_client:/opt/ros/jazzy DEBUGINFOD_URLS=https://debuginfod.ubuntu.com /usr/bin/cmake --install /home/nguyen-anh-dung/ros2_ws/build/roverc
