[0.045s] Invoking command in '/home/nguyen-anh-dung/ros2_ws/build/roverc': CMAKE_PREFIX_PATH=${CMAKE_PREFIX_PATH}:/home/nguyen-anh-dung/ros2_ws/install/roverc_client:/opt/ros/jazzy DEBUGINFOD_URLS=https://debuginfod.ubuntu.com /usr/bin/cmake --build /home/nguyen-anh-dung/ros2_ws/build/roverc -- -j8 -l8
[0.232s] [  2%] Built target roverc__rosidl_generator_type_description
[0.279s] [  2%] Built target ament_cmake_python_copy_roverc
[0.311s] [ 20%] Built target roverc__rosidl_generator_c
[0.313s] [ 22%] Built target roverc__cpp
[0.392s] [ 40%] Built target roverc__rosidl_typesupport_introspection_c
[0.392s] [ 40%] Built target roverc__rosidl_typesupport_c
[0.418s] [ 50%] Built target roverc__rosidl_typesupport_fastrtps_c
[0.514s] [ 59%] Built target roverc__rosidl_typesupport_cpp
[0.516s] [ 68%] Built target roverc__rosidl_typesupport_introspection_cpp
[0.518s] [ 77%] Built target roverc__rosidl_typesupport_fastrtps_cpp
[0.604s] [ 77%] Built target roverc
[0.691s] [ 79%] Built target roverc__py
[0.780s] [ 86%] Built target roverc__rosidl_generator_py
[0.877s] [ 95%] Built target roverc_s__rosidl_typesupport_c
[0.878s] [ 95%] Built target roverc_s__rosidl_typesupport_fastrtps_c
[0.882s] [100%] Built target roverc_s__rosidl_typesupport_introspection_c
[1.699s] running egg_info
[1.832s] writing roverc.egg-info/PKG-INFO
[1.834s] writing dependency_links to roverc.egg-info/dependency_links.txt
[1.835s] writing top-level names to roverc.egg-info/top_level.txt
[2.221s] reading manifest file 'roverc.egg-info/SOURCES.txt'
[2.223s] writing manifest file 'roverc.egg-info/SOURCES.txt'
[2.335s] [100%] Built target ament_cmake_python_build_roverc_egg
[2.381s] Invoked command in '/home/nguyen-anh-dung/ros2_ws/build/roverc' returned '0': CMAKE_PREFIX_PATH=${CMAKE_PREFIX_PATH}:/home/nguyen-anh-dung/ros2_ws/install/roverc_client:/opt/ros/jazzy DEBUGINFOD_URLS=https://debuginfod.ubuntu.com /usr/bin/cmake --build /home/nguyen-anh-dung/ros2_ws/build/roverc -- -j8 -l8
[2.415s] Invoking command in '/home/nguyen-anh-dung/ros2_ws/build/roverc': CMAKE_PREFIX_PATH=${CMAKE_PREFIX_PATH}:/home/nguyen-anh-dung/ros2_ws/install/roverc_client:/opt/ros/jazzy DEBUGINFOD_URLS=https://debuginfod.ubuntu.com /usr/bin/cmake --install /home/nguyen-anh-dung/ros2_ws/build/roverc
[2.442s] -- Install configuration: ""
[2.442s] -- Up-to-date: /home/nguyen-anh-dung/ros2_ws/install/roverc/share/ament_index/resource_index/rosidl_interfaces/roverc
[2.443s] -- Up-to-date: /home/nguyen-anh-dung/ros2_ws/install/roverc/share/roverc/msg/RGB.json
[2.444s] -- Up-to-date: /home/nguyen-anh-dung/ros2_ws/install/roverc/share/roverc/msg/WheelSpeed.json
[2.445s] -- Up-to-date: /home/nguyen-anh-dung/ros2_ws/install/roverc/include/roverc/roverc
[2.445s] -- Up-to-date: /home/nguyen-anh-dung/ros2_ws/install/roverc/include/roverc/roverc/msg
[2.445s] -- Up-to-date: /home/nguyen-anh-dung/ros2_ws/install/roverc/include/roverc/roverc/msg/detail
[2.446s] -- Up-to-date: /home/nguyen-anh-dung/ros2_ws/install/roverc/include/roverc/roverc/msg/detail/rgb__struct.h
[2.446s] -- Up-to-date: /home/nguyen-anh-dung/ros2_ws/install/roverc/include/roverc/roverc/msg/detail/wheel_speed__description.c
[2.447s] -- Up-to-date: /home/nguyen-anh-dung/ros2_ws/install/roverc/include/roverc/roverc/msg/detail/rgb__description.c
[2.447s] -- Up-to-date: /home/nguyen-anh-dung/ros2_ws/install/roverc/include/roverc/roverc/msg/detail/rgb__functions.c
[2.448s] -- Up-to-date: /home/nguyen-anh-dung/ros2_ws/install/roverc/include/roverc/roverc/msg/detail/rgb__functions.h
[2.449s] -- Up-to-date: /home/nguyen-anh-dung/ros2_ws/install/roverc/include/roverc/roverc/msg/detail/rgb__type_support.c
[2.449s] -- Up-to-date: /home/nguyen-anh-dung/ros2_ws/install/roverc/include/roverc/roverc/msg/detail/rgb__type_support.h
[2.449s] -- Up-to-date: /home/nguyen-anh-dung/ros2_ws/install/roverc/include/roverc/roverc/msg/detail/wheel_speed__type_support.c
[2.451s] -- Up-to-date: /home/nguyen-anh-dung/ros2_ws/install/roverc/include/roverc/roverc/msg/detail/wheel_speed__type_support.h
[2.451s] -- Up-to-date: /home/nguyen-anh-dung/ros2_ws/install/roverc/include/roverc/roverc/msg/detail/wheel_speed__functions.h
[2.451s] -- Up-to-date: /home/nguyen-anh-dung/ros2_ws/install/roverc/include/roverc/roverc/msg/detail/wheel_speed__struct.h
[2.452s] -- Up-to-date: /home/nguyen-anh-dung/ros2_ws/install/roverc/include/roverc/roverc/msg/detail/wheel_speed__functions.c
[2.452s] -- Up-to-date: /home/nguyen-anh-dung/ros2_ws/install/roverc/include/roverc/roverc/msg/rgb.h
[2.453s] -- Up-to-date: /home/nguyen-anh-dung/ros2_ws/install/roverc/include/roverc/roverc/msg/wheel_speed.h
[2.453s] -- Up-to-date: /home/nguyen-anh-dung/ros2_ws/install/roverc/include/roverc/roverc/msg/rosidl_generator_c__visibility_control.h
[2.454s] -- Up-to-date: /home/nguyen-anh-dung/ros2_ws/install/roverc/share/roverc/environment/library_path.sh
[2.454s] -- Up-to-date: /home/nguyen-anh-dung/ros2_ws/install/roverc/share/roverc/environment/library_path.dsv
[2.455s] -- Up-to-date: /home/nguyen-anh-dung/ros2_ws/install/roverc/lib/libroverc__rosidl_generator_c.so
[2.455s] -- Up-to-date: /home/nguyen-anh-dung/ros2_ws/install/roverc/include/roverc/roverc
[2.455s] -- Up-to-date: /home/nguyen-anh-dung/ros2_ws/install/roverc/include/roverc/roverc/msg
[2.456s] -- Up-to-date: /home/nguyen-anh-dung/ros2_ws/install/roverc/include/roverc/roverc/msg/detail
[2.456s] -- Up-to-date: /home/nguyen-anh-dung/ros2_ws/install/roverc/include/roverc/roverc/msg/detail/wheel_speed__rosidl_typesupport_fastrtps_c.h
[2.457s] -- Up-to-date: /home/nguyen-anh-dung/ros2_ws/install/roverc/include/roverc/roverc/msg/detail/rgb__rosidl_typesupport_fastrtps_c.h
[2.457s] -- Up-to-date: /home/nguyen-anh-dung/ros2_ws/install/roverc/include/roverc/roverc/msg/rosidl_typesupport_fastrtps_c__visibility_control.h
[2.458s] -- Up-to-date: /home/nguyen-anh-dung/ros2_ws/install/roverc/lib/libroverc__rosidl_typesupport_fastrtps_c.so
[2.458s] -- Up-to-date: /home/nguyen-anh-dung/ros2_ws/install/roverc/include/roverc/roverc
[2.459s] -- Up-to-date: /home/nguyen-anh-dung/ros2_ws/install/roverc/include/roverc/roverc/msg
[2.459s] -- Up-to-date: /home/nguyen-anh-dung/ros2_ws/install/roverc/include/roverc/roverc/msg/rosidl_typesupport_introspection_c__visibility_control.h
[2.459s] -- Up-to-date: /home/nguyen-anh-dung/ros2_ws/install/roverc/include/roverc/roverc/msg/detail
[2.460s] -- Up-to-date: /home/nguyen-anh-dung/ros2_ws/install/roverc/include/roverc/roverc/msg/detail/wheel_speed__rosidl_typesupport_introspection_c.h
[2.460s] -- Up-to-date: /home/nguyen-anh-dung/ros2_ws/install/roverc/include/roverc/roverc/msg/detail/rgb__type_support.c
[2.460s] -- Up-to-date: /home/nguyen-anh-dung/ros2_ws/install/roverc/include/roverc/roverc/msg/detail/wheel_speed__type_support.c
[2.461s] -- Up-to-date: /home/nguyen-anh-dung/ros2_ws/install/roverc/include/roverc/roverc/msg/detail/rgb__rosidl_typesupport_introspection_c.h
[2.461s] -- Up-to-date: /home/nguyen-anh-dung/ros2_ws/install/roverc/lib/libroverc__rosidl_typesupport_introspection_c.so
[2.462s] -- Up-to-date: /home/nguyen-anh-dung/ros2_ws/install/roverc/lib/libroverc__rosidl_typesupport_c.so
[2.462s] -- Up-to-date: /home/nguyen-anh-dung/ros2_ws/install/roverc/include/roverc/roverc
[2.462s] -- Up-to-date: /home/nguyen-anh-dung/ros2_ws/install/roverc/include/roverc/roverc/msg
[2.463s] -- Up-to-date: /home/nguyen-anh-dung/ros2_ws/install/roverc/include/roverc/roverc/msg/detail
[2.463s] -- Up-to-date: /home/nguyen-anh-dung/ros2_ws/install/roverc/include/roverc/roverc/msg/detail/rgb__traits.hpp
[2.464s] -- Up-to-date: /home/nguyen-anh-dung/ros2_ws/install/roverc/include/roverc/roverc/msg/detail/rgb__type_support.hpp
[2.464s] -- Up-to-date: /home/nguyen-anh-dung/ros2_ws/install/roverc/include/roverc/roverc/msg/detail/wheel_speed__builder.hpp
[2.465s] -- Up-to-date: /home/nguyen-anh-dung/ros2_ws/install/roverc/include/roverc/roverc/msg/detail/wheel_speed__struct.hpp
[2.466s] -- Up-to-date: /home/nguyen-anh-dung/ros2_ws/install/roverc/include/roverc/roverc/msg/detail/wheel_speed__traits.hpp
[2.467s] -- Up-to-date: /home/nguyen-anh-dung/ros2_ws/install/roverc/include/roverc/roverc/msg/detail/wheel_speed__type_support.hpp
[2.467s] -- Up-to-date: /home/nguyen-anh-dung/ros2_ws/install/roverc/include/roverc/roverc/msg/detail/rgb__builder.hpp
[2.468s] -- Up-to-date: /home/nguyen-anh-dung/ros2_ws/install/roverc/include/roverc/roverc/msg/detail/rgb__struct.hpp
[2.468s] -- Up-to-date: /home/nguyen-anh-dung/ros2_ws/install/roverc/include/roverc/roverc/msg/wheel_speed.hpp
[2.469s] -- Up-to-date: /home/nguyen-anh-dung/ros2_ws/install/roverc/include/roverc/roverc/msg/rosidl_generator_cpp__visibility_control.hpp
[2.469s] -- Up-to-date: /home/nguyen-anh-dung/ros2_ws/install/roverc/include/roverc/roverc/msg/rgb.hpp
[2.470s] -- Up-to-date: /home/nguyen-anh-dung/ros2_ws/install/roverc/include/roverc/roverc
[2.470s] -- Up-to-date: /home/nguyen-anh-dung/ros2_ws/install/roverc/include/roverc/roverc/msg
[2.471s] -- Up-to-date: /home/nguyen-anh-dung/ros2_ws/install/roverc/include/roverc/roverc/msg/detail
[2.471s] -- Up-to-date: /home/nguyen-anh-dung/ros2_ws/install/roverc/include/roverc/roverc/msg/detail/rgb__rosidl_typesupport_fastrtps_cpp.hpp
[2.472s] -- Up-to-date: /home/nguyen-anh-dung/ros2_ws/install/roverc/include/roverc/roverc/msg/detail/wheel_speed__rosidl_typesupport_fastrtps_cpp.hpp
[2.472s] -- Up-to-date: /home/nguyen-anh-dung/ros2_ws/install/roverc/include/roverc/roverc/msg/detail/dds_fastrtps
[2.473s] -- Up-to-date: /home/nguyen-anh-dung/ros2_ws/install/roverc/include/roverc/roverc/msg/rosidl_typesupport_fastrtps_cpp__visibility_control.h
[2.473s] -- Up-to-date: /home/nguyen-anh-dung/ros2_ws/install/roverc/lib/libroverc__rosidl_typesupport_fastrtps_cpp.so
[2.474s] -- Up-to-date: /home/nguyen-anh-dung/ros2_ws/install/roverc/include/roverc/roverc
[2.474s] -- Up-to-date: /home/nguyen-anh-dung/ros2_ws/install/roverc/include/roverc/roverc/msg
[2.475s] -- Up-to-date: /home/nguyen-anh-dung/ros2_ws/install/roverc/include/roverc/roverc/msg/detail
[2.475s] -- Up-to-date: /home/nguyen-anh-dung/ros2_ws/install/roverc/include/roverc/roverc/msg/detail/wheel_speed__rosidl_typesupport_introspection_cpp.hpp
[2.476s] -- Up-to-date: /home/nguyen-anh-dung/ros2_ws/install/roverc/include/roverc/roverc/msg/detail/wheel_speed__type_support.cpp
[2.476s] -- Up-to-date: /home/nguyen-anh-dung/ros2_ws/install/roverc/include/roverc/roverc/msg/detail/rgb__rosidl_typesupport_introspection_cpp.hpp
[2.477s] -- Up-to-date: /home/nguyen-anh-dung/ros2_ws/install/roverc/include/roverc/roverc/msg/detail/rgb__type_support.cpp
[2.477s] -- Up-to-date: /home/nguyen-anh-dung/ros2_ws/install/roverc/lib/libroverc__rosidl_typesupport_introspection_cpp.so
[2.478s] -- Up-to-date: /home/nguyen-anh-dung/ros2_ws/install/roverc/lib/libroverc__rosidl_typesupport_cpp.so
[2.478s] -- Up-to-date: /home/nguyen-anh-dung/ros2_ws/install/roverc/share/roverc/environment/pythonpath.sh
[2.479s] -- Up-to-date: /home/nguyen-anh-dung/ros2_ws/install/roverc/share/roverc/environment/pythonpath.dsv
[2.479s] -- Up-to-date: /home/nguyen-anh-dung/ros2_ws/install/roverc/lib/python3.12/site-packages/roverc-0.0.0-py3.12.egg-info
[2.480s] -- Installing: /home/nguyen-anh-dung/ros2_ws/install/roverc/lib/python3.12/site-packages/roverc-0.0.0-py3.12.egg-info/dependency_links.txt
[2.480s] -- Installing: /home/nguyen-anh-dung/ros2_ws/install/roverc/lib/python3.12/site-packages/roverc-0.0.0-py3.12.egg-info/top_level.txt
[2.481s] -- Installing: /home/nguyen-anh-dung/ros2_ws/install/roverc/lib/python3.12/site-packages/roverc-0.0.0-py3.12.egg-info/SOURCES.txt
[2.481s] -- Installing: /home/nguyen-anh-dung/ros2_ws/install/roverc/lib/python3.12/site-packages/roverc-0.0.0-py3.12.egg-info/PKG-INFO
[2.482s] -- Up-to-date: /home/nguyen-anh-dung/ros2_ws/install/roverc/lib/python3.12/site-packages/roverc
[2.482s] -- Up-to-date: /home/nguyen-anh-dung/ros2_ws/install/roverc/lib/python3.12/site-packages/roverc/roverc_s__rosidl_typesupport_fastrtps_c.so
[2.483s] -- Up-to-date: /home/nguyen-anh-dung/ros2_ws/install/roverc/lib/python3.12/site-packages/roverc/roverc_s__rosidl_typesupport_c.so
[2.484s] -- Up-to-date: /home/nguyen-anh-dung/ros2_ws/install/roverc/lib/python3.12/site-packages/roverc/_roverc_s.ep.rosidl_typesupport_c.c
[2.484s] -- Up-to-date: /home/nguyen-anh-dung/ros2_ws/install/roverc/lib/python3.12/site-packages/roverc/msg
[2.485s] -- Up-to-date: /home/nguyen-anh-dung/ros2_ws/install/roverc/lib/python3.12/site-packages/roverc/msg/_rgb.py
[2.485s] -- Up-to-date: /home/nguyen-anh-dung/ros2_ws/install/roverc/lib/python3.12/site-packages/roverc/msg/_wheel_speed_s.c
[2.486s] -- Up-to-date: /home/nguyen-anh-dung/ros2_ws/install/roverc/lib/python3.12/site-packages/roverc/msg/_wheel_speed.py
[2.486s] -- Up-to-date: /home/nguyen-anh-dung/ros2_ws/install/roverc/lib/python3.12/site-packages/roverc/msg/_rgb_s.c
[2.487s] -- Up-to-date: /home/nguyen-anh-dung/ros2_ws/install/roverc/lib/python3.12/site-packages/roverc/msg/__init__.py
[2.487s] -- Up-to-date: /home/nguyen-anh-dung/ros2_ws/install/roverc/lib/python3.12/site-packages/roverc/_roverc_s.ep.rosidl_typesupport_introspection_c.c
[2.488s] -- Up-to-date: /home/nguyen-anh-dung/ros2_ws/install/roverc/lib/python3.12/site-packages/roverc/__init__.py
[2.488s] -- Up-to-date: /home/nguyen-anh-dung/ros2_ws/install/roverc/lib/python3.12/site-packages/roverc/_roverc_s.ep.rosidl_typesupport_fastrtps_c.c
[2.489s] -- Up-to-date: /home/nguyen-anh-dung/ros2_ws/install/roverc/lib/python3.12/site-packages/roverc/roverc_s__rosidl_typesupport_introspection_c.so
[2.617s] Listing '/home/nguyen-anh-dung/ros2_ws/install/roverc/lib/python3.12/site-packages/roverc'...
[2.617s] Listing '/home/nguyen-anh-dung/ros2_ws/install/roverc/lib/python3.12/site-packages/roverc/msg'...
[2.636s] -- Up-to-date: /home/nguyen-anh-dung/ros2_ws/install/roverc/lib/python3.12/site-packages/roverc/roverc_s__rosidl_typesupport_fastrtps_c.so
[2.638s] -- Up-to-date: /home/nguyen-anh-dung/ros2_ws/install/roverc/lib/python3.12/site-packages/roverc/roverc_s__rosidl_typesupport_introspection_c.so
[2.639s] -- Up-to-date: /home/nguyen-anh-dung/ros2_ws/install/roverc/lib/python3.12/site-packages/roverc/roverc_s__rosidl_typesupport_c.so
[2.640s] -- Up-to-date: /home/nguyen-anh-dung/ros2_ws/install/roverc/lib/libroverc__rosidl_generator_py.so
[2.641s] -- Up-to-date: /home/nguyen-anh-dung/ros2_ws/install/roverc/share/roverc/msg/RGB.idl
[2.642s] -- Up-to-date: /home/nguyen-anh-dung/ros2_ws/install/roverc/share/roverc/msg/WheelSpeed.idl
[2.642s] -- Up-to-date: /home/nguyen-anh-dung/ros2_ws/install/roverc/share/roverc/msg/RGB.msg
[2.643s] -- Up-to-date: /home/nguyen-anh-dung/ros2_ws/install/roverc/share/roverc/msg/WheelSpeed.msg
[2.643s] -- Up-to-date: /home/nguyen-anh-dung/ros2_ws/install/roverc/share/ament_index/resource_index/package_run_dependencies/roverc
[2.644s] -- Up-to-date: /home/nguyen-anh-dung/ros2_ws/install/roverc/share/ament_index/resource_index/parent_prefix_path/roverc
[2.645s] -- Up-to-date: /home/nguyen-anh-dung/ros2_ws/install/roverc/share/roverc/environment/ament_prefix_path.sh
[2.646s] -- Up-to-date: /home/nguyen-anh-dung/ros2_ws/install/roverc/share/roverc/environment/ament_prefix_path.dsv
[2.646s] -- Up-to-date: /home/nguyen-anh-dung/ros2_ws/install/roverc/share/roverc/environment/path.sh
[2.647s] -- Up-to-date: /home/nguyen-anh-dung/ros2_ws/install/roverc/share/roverc/environment/path.dsv
[2.647s] -- Up-to-date: /home/nguyen-anh-dung/ros2_ws/install/roverc/share/roverc/local_setup.bash
[2.648s] -- Up-to-date: /home/nguyen-anh-dung/ros2_ws/install/roverc/share/roverc/local_setup.sh
[2.648s] -- Up-to-date: /home/nguyen-anh-dung/ros2_ws/install/roverc/share/roverc/local_setup.zsh
[2.649s] -- Up-to-date: /home/nguyen-anh-dung/ros2_ws/install/roverc/share/roverc/local_setup.dsv
[2.650s] -- Installing: /home/nguyen-anh-dung/ros2_ws/install/roverc/share/roverc/package.dsv
[2.650s] -- Up-to-date: /home/nguyen-anh-dung/ros2_ws/install/roverc/share/ament_index/resource_index/packages/roverc
[2.650s] -- Up-to-date: /home/nguyen-anh-dung/ros2_ws/install/roverc/share/roverc/cmake/export_roverc__rosidl_generator_cExport.cmake
[2.650s] -- Up-to-date: /home/nguyen-anh-dung/ros2_ws/install/roverc/share/roverc/cmake/export_roverc__rosidl_generator_cExport-noconfig.cmake
[2.651s] -- Up-to-date: /home/nguyen-anh-dung/ros2_ws/install/roverc/share/roverc/cmake/export_roverc__rosidl_typesupport_fastrtps_cExport.cmake
[2.651s] -- Up-to-date: /home/nguyen-anh-dung/ros2_ws/install/roverc/share/roverc/cmake/export_roverc__rosidl_typesupport_fastrtps_cExport-noconfig.cmake
[2.652s] -- Up-to-date: /home/nguyen-anh-dung/ros2_ws/install/roverc/share/roverc/cmake/roverc__rosidl_typesupport_introspection_cExport.cmake
[2.652s] -- Up-to-date: /home/nguyen-anh-dung/ros2_ws/install/roverc/share/roverc/cmake/roverc__rosidl_typesupport_introspection_cExport-noconfig.cmake
[2.652s] -- Up-to-date: /home/nguyen-anh-dung/ros2_ws/install/roverc/share/roverc/cmake/roverc__rosidl_typesupport_cExport.cmake
[2.653s] -- Up-to-date: /home/nguyen-anh-dung/ros2_ws/install/roverc/share/roverc/cmake/roverc__rosidl_typesupport_cExport-noconfig.cmake
[2.653s] -- Up-to-date: /home/nguyen-anh-dung/ros2_ws/install/roverc/share/roverc/cmake/export_roverc__rosidl_generator_cppExport.cmake
[2.653s] -- Up-to-date: /home/nguyen-anh-dung/ros2_ws/install/roverc/share/roverc/cmake/export_roverc__rosidl_typesupport_fastrtps_cppExport.cmake
[2.654s] -- Up-to-date: /home/nguyen-anh-dung/ros2_ws/install/roverc/share/roverc/cmake/export_roverc__rosidl_typesupport_fastrtps_cppExport-noconfig.cmake
[2.654s] -- Up-to-date: /home/nguyen-anh-dung/ros2_ws/install/roverc/share/roverc/cmake/roverc__rosidl_typesupport_introspection_cppExport.cmake
[2.654s] -- Up-to-date: /home/nguyen-anh-dung/ros2_ws/install/roverc/share/roverc/cmake/roverc__rosidl_typesupport_introspection_cppExport-noconfig.cmake
[2.654s] -- Up-to-date: /home/nguyen-anh-dung/ros2_ws/install/roverc/share/roverc/cmake/roverc__rosidl_typesupport_cppExport.cmake
[2.655s] -- Up-to-date: /home/nguyen-anh-dung/ros2_ws/install/roverc/share/roverc/cmake/roverc__rosidl_typesupport_cppExport-noconfig.cmake
[2.655s] -- Up-to-date: /home/nguyen-anh-dung/ros2_ws/install/roverc/share/roverc/cmake/export_roverc__rosidl_generator_pyExport.cmake
[2.656s] -- Up-to-date: /home/nguyen-anh-dung/ros2_ws/install/roverc/share/roverc/cmake/export_roverc__rosidl_generator_pyExport-noconfig.cmake
[2.656s] -- Up-to-date: /home/nguyen-anh-dung/ros2_ws/install/roverc/share/roverc/cmake/rosidl_cmake-extras.cmake
[2.656s] -- Up-to-date: /home/nguyen-anh-dung/ros2_ws/install/roverc/share/roverc/cmake/ament_cmake_export_include_directories-extras.cmake
[2.657s] -- Up-to-date: /home/nguyen-anh-dung/ros2_ws/install/roverc/share/roverc/cmake/ament_cmake_export_libraries-extras.cmake
[2.658s] -- Up-to-date: /home/nguyen-anh-dung/ros2_ws/install/roverc/share/roverc/cmake/ament_cmake_export_targets-extras.cmake
[2.658s] -- Up-to-date: /home/nguyen-anh-dung/ros2_ws/install/roverc/share/roverc/cmake/rosidl_cmake_export_typesupport_targets-extras.cmake
[2.659s] -- Up-to-date: /home/nguyen-anh-dung/ros2_ws/install/roverc/share/roverc/cmake/ament_cmake_export_dependencies-extras.cmake
[2.659s] -- Up-to-date: /home/nguyen-anh-dung/ros2_ws/install/roverc/share/roverc/cmake/rosidl_cmake_export_typesupport_libraries-extras.cmake
[2.659s] -- Up-to-date: /home/nguyen-anh-dung/ros2_ws/install/roverc/share/roverc/cmake/rovercConfig.cmake
[2.660s] -- Up-to-date: /home/nguyen-anh-dung/ros2_ws/install/roverc/share/roverc/cmake/rovercConfig-version.cmake
[2.660s] -- Up-to-date: /home/nguyen-anh-dung/ros2_ws/install/roverc/share/roverc/package.xml
[2.662s] Invoked command in '/home/nguyen-anh-dung/ros2_ws/build/roverc' returned '0': CMAKE_PREFIX_PATH=${CMAKE_PREFIX_PATH}:/home/nguyen-anh-dung/ros2_ws/install/roverc_client:/opt/ros/jazzy DEBUGINFOD_URLS=https://debuginfod.ubuntu.com /usr/bin/cmake --install /home/nguyen-anh-dung/ros2_ws/build/roverc
