[0.011s] Invoking command in '/home/nguyen-anh-dung/ros2_ws/build/robot': CMAKE_PREFIX_PATH=/home/nguyen-anh-dung/ros2_ws/install/roverc:/home/nguyen-anh-dung/ros2_ws/install/robot:/opt/ros/jazzy/opt/gz_math_vendor:/opt/ros/jazzy/opt/gz_utils_vendor:/opt/ros/jazzy/opt/gz_cmake_vendor:/home/nguyen-anh-dung/ros2_ws/install/roverc_client:/opt/ros/jazzy DEBUGINFOD_URLS=https://debuginfod.ubuntu.com PYTHONPATH=/home/nguyen-anh-dung/ros2_ws/install/roverc/lib/python3.12/site-packages:/home/nguyen-anh-dung/ros2_ws/install/roverc_client/lib/python3.12/site-packages:/opt/ros/jazzy/lib/python3.12/site-packages /usr/bin/cmake --build /home/nguyen-anh-dung/ros2_ws/build/robot -- -j8 -l8
[0.075s] [ 75%] [32mBuilding CXX object CMakeFiles/motor_controller.dir/src/motor_controller.cpp.o[0m
[0.075s] [ 75%] Built target algo_node
[2.385s] [01m[K/home/nguyen-anh-dung/ros2_ws/src/robot/src/motor_controller.cpp:[m[K In member function ‘[01m[Kvoid MotorController::[01;32m[Ktimer_callback[m[K()[m[K’:
[2.385s] [01m[K/home/nguyen-anh-dung/ros2_ws/src/robot/src/motor_controller.cpp:34:21:[m[K [01;31m[Kerror: [m[K‘[01m[Kmsg[m[K’ was not declared in this scope
[2.385s]    34 |         double vx = [01;31m[Kmsg[m[K->linear.x;
[2.385s]       |                     [01;31m[K^~~[m[K
[2.385s] [01m[K/home/nguyen-anh-dung/ros2_ws/src/robot/src/motor_controller.cpp:34:21:[m[K [01;36m[Knote: [m[Ksuggested alternatives:
[2.385s] In file included from [01m[K/opt/ros/jazzy/include/rcl_interfaces/rcl_interfaces/srv/detail/list_parameters__struct.hpp:156[m[K,
[2.385s]                  from [01m[K/opt/ros/jazzy/include/rcl_interfaces/rcl_interfaces/srv/list_parameters.hpp:7[m[K,
[2.385s]                  from [01m[K/opt/ros/jazzy/include/rclcpp/rclcpp/copy_all_parameter_values.hpp:21[m[K,
[2.385s]                  from [01m[K/opt/ros/jazzy/include/rclcpp/rclcpp/rclcpp.hpp:171[m[K,
[2.385s]                  from [01m[K/home/nguyen-anh-dung/ros2_ws/src/robot/src/motor_controller.cpp:6[m[K:
[2.386s] [01m[K/opt/ros/jazzy/include/rcl_interfaces/rcl_interfaces/msg/detail/list_parameters_result__struct.hpp:30:11:[m[K [01;36m[Knote: [m[K  ‘[01m[Krcl_interfaces::msg[m[K’
[2.386s]    30 | namespace [01;36m[Kmsg[m[K
[2.386s]       |           [01;36m[K^~~[m[K
[2.386s] In file included from [01m[K/opt/ros/jazzy/include/service_msgs/service_msgs/msg/detail/service_event_info__struct.hpp:23[m[K,
[2.386s]                  from [01m[K/opt/ros/jazzy/include/rcl_interfaces/rcl_interfaces/srv/detail/list_parameters__struct.hpp:267[m[K:
[2.386s] [01m[K/opt/ros/jazzy/include/builtin_interfaces/builtin_interfaces/msg/detail/time__struct.hpp:30:11:[m[K [01;36m[Knote: [m[K  ‘[01m[Kbuiltin_interfaces::msg[m[K’
[2.386s]    30 | namespace [01;36m[Kmsg[m[K
[2.386s]       |           [01;36m[K^~~[m[K
[2.386s] [01m[K/opt/ros/jazzy/include/service_msgs/service_msgs/msg/detail/service_event_info__struct.hpp:34:11:[m[K [01;36m[Knote: [m[K  ‘[01m[Kservice_msgs::msg[m[K’
[2.386s]    34 | namespace [01;36m[Kmsg[m[K
[2.386s]       |           [01;36m[K^~~[m[K
[2.386s] In file included from [01m[K/opt/ros/jazzy/include/statistics_msgs/statistics_msgs/msg/detail/metrics_message__struct.hpp:26[m[K,
[2.386s]                  from [01m[K/opt/ros/jazzy/include/statistics_msgs/statistics_msgs/msg/metrics_message.hpp:7[m[K,
[2.386s]                  from [01m[K/opt/ros/jazzy/include/libstatistics_collector/libstatistics_collector/collector/generate_statistics_message.hpp:21[m[K,
[2.387s]                  from [01m[K/opt/ros/jazzy/include/rclcpp/rclcpp/topic_statistics/subscription_topic_statistics.hpp:23[m[K,
[2.387s]                  from [01m[K/opt/ros/jazzy/include/rclcpp/rclcpp/subscription.hpp:50[m[K,
[2.387s]                  from [01m[K/opt/ros/jazzy/include/rclcpp/rclcpp/any_executable.hpp:25[m[K,
[2.387s]                  from [01m[K/opt/ros/jazzy/include/rclcpp/rclcpp/memory_strategy.hpp:25[m[K,
[2.387s]                  from [01m[K/opt/ros/jazzy/include/rclcpp/rclcpp/memory_strategies.hpp:18[m[K,
[2.387s]                  from [01m[K/opt/ros/jazzy/include/rclcpp/rclcpp/executor_options.hpp:22[m[K,
[2.387s]                  from [01m[K/opt/ros/jazzy/include/rclcpp/rclcpp/executor.hpp:38[m[K,
[2.387s]                  from [01m[K/opt/ros/jazzy/include/rclcpp/rclcpp/executors/multi_threaded_executor.hpp:25[m[K,
[2.387s]                  from [01m[K/opt/ros/jazzy/include/rclcpp/rclcpp/executors.hpp:21[m[K,
[2.387s]                  from [01m[K/opt/ros/jazzy/include/rclcpp/rclcpp/rclcpp.hpp:172[m[K:
[2.387s] [01m[K/opt/ros/jazzy/include/statistics_msgs/statistics_msgs/msg/detail/statistic_data_point__struct.hpp:30:11:[m[K [01;36m[Knote: [m[K  ‘[01m[Kstatistics_msgs::msg[m[K’
[2.387s]    30 | namespace [01;36m[Kmsg[m[K
[2.387s]       |           [01;36m[K^~~[m[K
[2.387s] In file included from [01m[K/opt/ros/jazzy/include/std_msgs/std_msgs/msg/float32.hpp:7[m[K,
[2.388s]                  from [01m[K/home/nguyen-anh-dung/ros2_ws/src/robot/src/motor_controller.cpp:7[m[K:
[2.388s] [01m[K/opt/ros/jazzy/include/std_msgs/std_msgs/msg/detail/float32__struct.hpp:30:11:[m[K [01;36m[Knote: [m[K  ‘[01m[Kstd_msgs::msg[m[K’
[2.388s]    30 | namespace [01;36m[Kmsg[m[K
[2.388s]       |           [01;36m[K^~~[m[K
[2.388s] In file included from [01m[K/home/nguyen-anh-dung/ros2_ws/install/roverc/include/roverc/roverc/msg/wheel_speed.hpp:7[m[K,
[2.388s]                  from [01m[K/home/nguyen-anh-dung/ros2_ws/src/robot/src/motor_controller.cpp:8[m[K:
[2.388s] [01m[K/home/nguyen-anh-dung/ros2_ws/install/roverc/include/roverc/roverc/msg/detail/wheel_speed__struct.hpp:30:11:[m[K [01;36m[Knote: [m[K  ‘[01m[Kroverc::msg[m[K’
[2.388s]    30 | namespace [01;36m[Kmsg[m[K
[2.388s]       |           [01;36m[K^~~[m[K
[2.388s] In file included from [01m[K/opt/ros/jazzy/include/geometry_msgs/geometry_msgs/msg/detail/twist__struct.hpp:24[m[K,
[2.388s]                  from [01m[K/opt/ros/jazzy/include/geometry_msgs/geometry_msgs/msg/twist.hpp:7[m[K,
[2.388s]                  from [01m[K/home/nguyen-anh-dung/ros2_ws/src/robot/src/motor_controller.cpp:9[m[K:
[2.388s] [01m[K/opt/ros/jazzy/include/geometry_msgs/geometry_msgs/msg/detail/vector3__struct.hpp:30:11:[m[K [01;36m[Knote: [m[K  ‘[01m[Kgeometry_msgs::msg[m[K’
[2.388s]    30 | namespace [01;36m[Kmsg[m[K
[2.389s]       |           [01;36m[K^~~[m[K
[2.395s] In file included from [01m[K/opt/ros/jazzy/include/rclcpp/rclcpp/logging.hpp:24[m[K,
[2.395s]                  from [01m[K/opt/ros/jazzy/include/rclcpp/rclcpp/copy_all_parameter_values.hpp:27[m[K:
[2.395s] [01m[K/home/nguyen-anh-dung/ros2_ws/src/robot/src/motor_controller.cpp:[m[K In member function ‘[01m[Kvoid MotorController::[01;32m[KcmdVelCallback[m[K(geometry_msgs::msg::Twist_<std::allocator<void> >::SharedPtr)[m[K’:
[2.395s] [01m[K/home/nguyen-anh-dung/ros2_ws/src/robot/src/motor_controller.cpp:63:83:[m[K [01;31m[Kerror: [m[K‘[01m[Kwheels[m[K’ was not declared in this scope
[2.395s]    63 |         RCLCPP_INFO(this->get_logger(), "Cmd wheels: FL=%d, FR=%d, RL=%d, RR=%d", [01;31m[Kwheels[m[K.front_left, wheels.front_right, wheels.rear_left, wheels.rear_right);
[2.395s]       |                                                                                   [01;31m[K^~~~~~[m[K
[4.730s] gmake[2]: *** [CMakeFiles/motor_controller.dir/build.make:76: CMakeFiles/motor_controller.dir/src/motor_controller.cpp.o] Error 1
[4.730s] gmake[1]: *** [CMakeFiles/Makefile2:165: CMakeFiles/motor_controller.dir/all] Error 2
[4.730s] gmake: *** [Makefile:146: all] Error 2
[4.732s] Invoked command in '/home/nguyen-anh-dung/ros2_ws/build/robot' returned '2': CMAKE_PREFIX_PATH=/home/nguyen-anh-dung/ros2_ws/install/roverc:/home/nguyen-anh-dung/ros2_ws/install/robot:/opt/ros/jazzy/opt/gz_math_vendor:/opt/ros/jazzy/opt/gz_utils_vendor:/opt/ros/jazzy/opt/gz_cmake_vendor:/home/nguyen-anh-dung/ros2_ws/install/roverc_client:/opt/ros/jazzy DEBUGINFOD_URLS=https://debuginfod.ubuntu.com PYTHONPATH=/home/nguyen-anh-dung/ros2_ws/install/roverc/lib/python3.12/site-packages:/home/nguyen-anh-dung/ros2_ws/install/roverc_client/lib/python3.12/site-packages:/opt/ros/jazzy/lib/python3.12/site-packages /usr/bin/cmake --build /home/nguyen-anh-dung/ros2_ws/build/robot -- -j8 -l8
