[0.019s] Invoking command in '/home/nguyen-anh-dung/ros2_ws/build/robot': CMAKE_PREFIX_PATH=/home/nguyen-anh-dung/ros2_ws/install/roverc:/home/nguyen-anh-dung/ros2_ws/install/robot:/opt/ros/jazzy/opt/gz_math_vendor:/opt/ros/jazzy/opt/gz_utils_vendor:/opt/ros/jazzy/opt/gz_cmake_vendor:/home/nguyen-anh-dung/ros2_ws/install/roverc_client:/opt/ros/jazzy DEBUGINFOD_URLS=https://debuginfod.ubuntu.com PYTHONPATH=/home/nguyen-anh-dung/ros2_ws/install/roverc/lib/python3.12/site-packages:/home/nguyen-anh-dung/ros2_ws/install/roverc_client/lib/python3.12/site-packages:/opt/ros/jazzy/lib/python3.12/site-packages /usr/bin/cmake --build /home/nguyen-anh-dung/ros2_ws/build/robot -- -j8 -l8
[0.077s] [ 25%] Built target trajectory2
[0.079s] [ 50%] Built target motor_controller
[0.081s] [ 62%] [32mBuilding CXX object CMakeFiles/trajectory.dir/src/trajectory.cpp.o[0m
[0.082s] [ 87%] Built target algo_node
[4.624s] [100%] [32m[1mLinking CXX executable trajectory[0m
[4.808s] [100%] Built target trajectory
[4.819s] Invoked command in '/home/nguyen-anh-dung/ros2_ws/build/robot' returned '0': CMAKE_PREFIX_PATH=/home/nguyen-anh-dung/ros2_ws/install/roverc:/home/nguyen-anh-dung/ros2_ws/install/robot:/opt/ros/jazzy/opt/gz_math_vendor:/opt/ros/jazzy/opt/gz_utils_vendor:/opt/ros/jazzy/opt/gz_cmake_vendor:/home/nguyen-anh-dung/ros2_ws/install/roverc_client:/opt/ros/jazzy DEBUGINFOD_URLS=https://debuginfod.ubuntu.com PYTHONPATH=/home/nguyen-anh-dung/ros2_ws/install/roverc/lib/python3.12/site-packages:/home/nguyen-anh-dung/ros2_ws/install/roverc_client/lib/python3.12/site-packages:/opt/ros/jazzy/lib/python3.12/site-packages /usr/bin/cmake --build /home/nguyen-anh-dung/ros2_ws/build/robot -- -j8 -l8
[4.820s] Invoking command in '/home/nguyen-anh-dung/ros2_ws/build/robot': CMAKE_PREFIX_PATH=/home/nguyen-anh-dung/ros2_ws/install/roverc:/home/nguyen-anh-dung/ros2_ws/install/robot:/opt/ros/jazzy/opt/gz_math_vendor:/opt/ros/jazzy/opt/gz_utils_vendor:/opt/ros/jazzy/opt/gz_cmake_vendor:/home/nguyen-anh-dung/ros2_ws/install/roverc_client:/opt/ros/jazzy DEBUGINFOD_URLS=https://debuginfod.ubuntu.com PYTHONPATH=/home/nguyen-anh-dung/ros2_ws/install/roverc/lib/python3.12/site-packages:/home/nguyen-anh-dung/ros2_ws/install/roverc_client/lib/python3.12/site-packages:/opt/ros/jazzy/lib/python3.12/site-packages /usr/bin/cmake --install /home/nguyen-anh-dung/ros2_ws/build/robot
[4.827s] -- Install configuration: ""
[4.827s] -- Up-to-date: /home/nguyen-anh-dung/ros2_ws/install/robot/lib/robot/algo_node
[4.827s] -- Up-to-date: /home/nguyen-anh-dung/ros2_ws/install/robot/lib/robot/motor_controller
[4.828s] -- Installing: /home/nguyen-anh-dung/ros2_ws/install/robot/lib/robot/trajectory
[4.829s] -- Set non-toolchain portion of runtime path of "/home/nguyen-anh-dung/ros2_ws/install/robot/lib/robot/trajectory" to ""
[4.829s] -- Up-to-date: /home/nguyen-anh-dung/ros2_ws/install/robot/lib/robot/trajectory2
[4.830s] -- Up-to-date: /home/nguyen-anh-dung/ros2_ws/install/robot/share/ament_index/resource_index/package_run_dependencies/robot
[4.830s] -- Up-to-date: /home/nguyen-anh-dung/ros2_ws/install/robot/share/ament_index/resource_index/parent_prefix_path/robot
[4.830s] -- Up-to-date: /home/nguyen-anh-dung/ros2_ws/install/robot/share/robot/environment/ament_prefix_path.sh
[4.830s] -- Up-to-date: /home/nguyen-anh-dung/ros2_ws/install/robot/share/robot/environment/ament_prefix_path.dsv
[4.830s] -- Up-to-date: /home/nguyen-anh-dung/ros2_ws/install/robot/share/robot/environment/path.sh
[4.830s] -- Up-to-date: /home/nguyen-anh-dung/ros2_ws/install/robot/share/robot/environment/path.dsv
[4.830s] -- Up-to-date: /home/nguyen-anh-dung/ros2_ws/install/robot/share/robot/local_setup.bash
[4.830s] -- Up-to-date: /home/nguyen-anh-dung/ros2_ws/install/robot/share/robot/local_setup.sh
[4.830s] -- Up-to-date: /home/nguyen-anh-dung/ros2_ws/install/robot/share/robot/local_setup.zsh
[4.830s] -- Up-to-date: /home/nguyen-anh-dung/ros2_ws/install/robot/share/robot/local_setup.dsv
[4.831s] -- Installing: /home/nguyen-anh-dung/ros2_ws/install/robot/share/robot/package.dsv
[4.831s] -- Up-to-date: /home/nguyen-anh-dung/ros2_ws/install/robot/share/ament_index/resource_index/packages/robot
[4.831s] -- Up-to-date: /home/nguyen-anh-dung/ros2_ws/install/robot/share/robot/cmake/robotConfig.cmake
[4.831s] -- Up-to-date: /home/nguyen-anh-dung/ros2_ws/install/robot/share/robot/cmake/robotConfig-version.cmake
[4.831s] -- Up-to-date: /home/nguyen-anh-dung/ros2_ws/install/robot/share/robot/package.xml
[4.832s] Invoked command in '/home/nguyen-anh-dung/ros2_ws/build/robot' returned '0': CMAKE_PREFIX_PATH=/home/nguyen-anh-dung/ros2_ws/install/roverc:/home/nguyen-anh-dung/ros2_ws/install/robot:/opt/ros/jazzy/opt/gz_math_vendor:/opt/ros/jazzy/opt/gz_utils_vendor:/opt/ros/jazzy/opt/gz_cmake_vendor:/home/nguyen-anh-dung/ros2_ws/install/roverc_client:/opt/ros/jazzy DEBUGINFOD_URLS=https://debuginfod.ubuntu.com PYTHONPATH=/home/nguyen-anh-dung/ros2_ws/install/roverc/lib/python3.12/site-packages:/home/nguyen-anh-dung/ros2_ws/install/roverc_client/lib/python3.12/site-packages:/opt/ros/jazzy/lib/python3.12/site-packages /usr/bin/cmake --install /home/nguyen-anh-dung/ros2_ws/build/robot
