[0.016s] Invoking command in '/home/nguyen-anh-dung/ros2_ws/build/robot': CMAKE_PREFIX_PATH=/home/nguyen-anh-dung/ros2_ws/install/roverc:/home/nguyen-anh-dung/ros2_ws/install/robot:/opt/ros/jazzy/opt/gz_math_vendor:/opt/ros/jazzy/opt/gz_utils_vendor:/opt/ros/jazzy/opt/gz_cmake_vendor:/home/nguyen-anh-dung/ros2_ws/install/roverc_client:/opt/ros/jazzy DEBUGINFOD_URLS=https://debuginfod.ubuntu.com PYTHONPATH=/home/nguyen-anh-dung/ros2_ws/install/roverc/lib/python3.12/site-packages:/home/nguyen-anh-dung/ros2_ws/install/roverc_client/lib/python3.12/site-packages:/opt/ros/jazzy/lib/python3.12/site-packages /usr/bin/cmake --build /home/nguyen-anh-dung/ros2_ws/build/robot -- -j8 -l8
[0.088s] [ 14%] Built target motor_controller
[0.091s] [ 28%] Built target trajectory
[0.092s] [ 42%] Built target algo_node
[0.097s] [ 57%] Built target tof_servoing
[0.102s] [ 71%] Built target line_servoing_dual
[0.104s] [ 85%] Built target trajectory2
[0.111s] [ 92%] [32mBuilding CXX object CMakeFiles/line_servoing_front.dir/src/line_servoing_front.cpp.o[0m
[2.542s] [01m[K/home/nguyen-anh-dung/ros2_ws/src/robot/src/line_servoing_front.cpp:[m[K In member function ‘[01m[Kvoid line_servoing_front::[01;32m[KrgbcCallBack[m[K(std_msgs::msg::UInt16MultiArray_<std::allocator<void> >::SharedPtr)[m[K’:
[2.542s] [01m[K/home/nguyen-anh-dung/ros2_ws/src/robot/src/line_servoing_front.cpp:47:30:[m[K [01;31m[Kerror: [m[Kinvalid operands of types ‘[01m[Kdouble[m[K’ and ‘[01m[Kdouble[m[K’ to binary ‘[01m[Koperator<<[m[K’
[2.542s]    47 |       if (r < threshold && [32m[Kg[m[K [01;31m[K<<[m[K [34m[Kthreshold[m[K && b < threshold)
[2.542s]       |                            [32m[K~[m[K [01;31m[K^~[m[K [34m[K~~~~~~~~~[m[K
[2.542s]       |                            [32m[K|[m[K    [34m[K|[m[K
[2.542s]       |                            [32m[K|[m[K    [34m[Kdouble[m[K
[2.542s]       |                            [32m[Kdouble[m[K
[2.542s] [01m[K/home/nguyen-anh-dung/ros2_ws/src/robot/src/line_servoing_front.cpp:53:7:[m[K [01;31m[Kerror: [m[Kexpected ‘[01m[K([m[K’ before ‘[01m[K{[m[K’ token
[2.542s]    53 |       [01;31m[K{[m[K
[2.542s]       |       [01;31m[K^[m[K
[2.543s] [01m[K/home/nguyen-anh-dung/ros2_ws/src/robot/src/line_servoing_front.cpp:57:7:[m[K [01;31m[Kerror: [m[K‘[01m[Kelse[m[K’ without a previous ‘[01m[Kif[m[K’
[2.543s]    57 |       [01;31m[Kelse[m[K
[2.543s]       |       [01;31m[K^~~~[m[K
[5.108s] gmake[2]: *** [CMakeFiles/line_servoing_front.dir/build.make:76: CMakeFiles/line_servoing_front.dir/src/line_servoing_front.cpp.o] Error 1
[5.109s] gmake[1]: *** [CMakeFiles/Makefile2:279: CMakeFiles/line_servoing_front.dir/all] Error 2
[5.109s] gmake: *** [Makefile:146: all] Error 2
[5.111s] Invoked command in '/home/nguyen-anh-dung/ros2_ws/build/robot' returned '2': CMAKE_PREFIX_PATH=/home/nguyen-anh-dung/ros2_ws/install/roverc:/home/nguyen-anh-dung/ros2_ws/install/robot:/opt/ros/jazzy/opt/gz_math_vendor:/opt/ros/jazzy/opt/gz_utils_vendor:/opt/ros/jazzy/opt/gz_cmake_vendor:/home/nguyen-anh-dung/ros2_ws/install/roverc_client:/opt/ros/jazzy DEBUGINFOD_URLS=https://debuginfod.ubuntu.com PYTHONPATH=/home/nguyen-anh-dung/ros2_ws/install/roverc/lib/python3.12/site-packages:/home/nguyen-anh-dung/ros2_ws/install/roverc_client/lib/python3.12/site-packages:/opt/ros/jazzy/lib/python3.12/site-packages /usr/bin/cmake --build /home/nguyen-anh-dung/ros2_ws/build/robot -- -j8 -l8
