[0.012s] Invoking command in '/home/nguyen-anh-dung/ros2_ws/src/build/robot': AMENT_PREFIX_PATH=/home/nguyen-anh-dung/ros2_ws/src/install/roverc:${AMENT_PREFIX_PATH} CMAKE_PREFIX_PATH=/home/nguyen-anh-dung/ros2_ws/src/install/roverc:/home/nguyen-anh-dung/ros2_ws/install/robot:/home/nguyen-anh-dung/ros2_ws/install/roverc:/opt/ros/jazzy/opt/gz_math_vendor:/opt/ros/jazzy/opt/gz_utils_vendor:/opt/ros/jazzy/opt/gz_cmake_vendor:/home/nguyen-anh-dung/ros2_ws/install/roverc_client:/opt/ros/jazzy DEBUGINFOD_URLS=https://debuginfod.ubuntu.com LD_LIBRARY_PATH=/home/nguyen-anh-dung/ros2_ws/src/install/roverc/lib:${LD_LIBRARY_PATH} PYTHONPATH=/home/nguyen-anh-dung/ros2_ws/src/install/roverc/lib/python3.12/site-packages:${PYTHONPATH} /usr/bin/cmake --build /home/nguyen-anh-dung/ros2_ws/src/build/robot -- -j8 -l8
[0.037s] -- Found ament_cmake: 2.5.3 (/opt/ros/jazzy/share/ament_cmake/cmake)
[0.273s] -- Found rclcpp: 28.1.6 (/opt/ros/jazzy/share/rclcpp/cmake)
[0.305s] -- Found rosidl_generator_c: 4.6.5 (/opt/ros/jazzy/share/rosidl_generator_c/cmake)
[0.315s] -- Found rosidl_generator_cpp: 4.6.5 (/opt/ros/jazzy/share/rosidl_generator_cpp/cmake)
[0.328s] -- Using all available rosidl_typesupport_c: rosidl_typesupport_fastrtps_c;rosidl_typesupport_introspection_c
[0.344s] -- Using all available rosidl_typesupport_cpp: rosidl_typesupport_fastrtps_cpp;rosidl_typesupport_introspection_cpp
[0.413s] -- Found rmw_implementation_cmake: 7.3.1 (/opt/ros/jazzy/share/rmw_implementation_cmake/cmake)
[0.415s] -- Found rmw_fastrtps_cpp: 8.4.1 (/opt/ros/jazzy/share/rmw_fastrtps_cpp/cmake)
[0.482s] -- Using RMW implementation 'rmw_fastrtps_cpp' as default
[0.556s] -- Found geometry_msgs: 5.3.5 (/opt/ros/jazzy/share/geometry_msgs/cmake)
[0.591s] -- Found roverc: 0.0.0 (/home/nguyen-anh-dung/ros2_ws/src/install/roverc/share/roverc/cmake)
[0.706s] -- Configuring done (0.7s)
[0.743s] -- Generating done (0.0s)
[0.756s] -- Build files have been written to: /home/nguyen-anh-dung/ros2_ws/src/build/robot
[0.811s] [ 42%] Built target tof_servoing
[0.811s] [ 42%] Built target trajectory
[0.811s] [ 42%] Built target trajectory2
[0.812s] [ 57%] Built target algo_node
[0.813s] [ 71%] Built target motor_controller
[0.820s] [ 78%] [32mBuilding CXX object CMakeFiles/line_servoing_dual.dir/src/line_servoing_dual.cpp.o[0m
[0.820s] [ 85%] [32mBuilding CXX object CMakeFiles/line_servoing_front.dir/src/line_servoing_front.cpp.o[0m
[9.556s] [ 92%] [32m[1mLinking CXX executable line_servoing_front[0m
[9.777s] [100%] [32m[1mLinking CXX executable line_servoing_dual[0m
[9.907s] [100%] Built target line_servoing_front
[10.118s] [100%] Built target line_servoing_dual
[10.129s] Invoked command in '/home/nguyen-anh-dung/ros2_ws/src/build/robot' returned '0': AMENT_PREFIX_PATH=/home/nguyen-anh-dung/ros2_ws/src/install/roverc:${AMENT_PREFIX_PATH} CMAKE_PREFIX_PATH=/home/nguyen-anh-dung/ros2_ws/src/install/roverc:/home/nguyen-anh-dung/ros2_ws/install/robot:/home/nguyen-anh-dung/ros2_ws/install/roverc:/opt/ros/jazzy/opt/gz_math_vendor:/opt/ros/jazzy/opt/gz_utils_vendor:/opt/ros/jazzy/opt/gz_cmake_vendor:/home/nguyen-anh-dung/ros2_ws/install/roverc_client:/opt/ros/jazzy DEBUGINFOD_URLS=https://debuginfod.ubuntu.com LD_LIBRARY_PATH=/home/nguyen-anh-dung/ros2_ws/src/install/roverc/lib:${LD_LIBRARY_PATH} PYTHONPATH=/home/nguyen-anh-dung/ros2_ws/src/install/roverc/lib/python3.12/site-packages:${PYTHONPATH} /usr/bin/cmake --build /home/nguyen-anh-dung/ros2_ws/src/build/robot -- -j8 -l8
[10.130s] Invoking command in '/home/nguyen-anh-dung/ros2_ws/src/build/robot': AMENT_PREFIX_PATH=/home/nguyen-anh-dung/ros2_ws/src/install/roverc:${AMENT_PREFIX_PATH} CMAKE_PREFIX_PATH=/home/nguyen-anh-dung/ros2_ws/src/install/roverc:/home/nguyen-anh-dung/ros2_ws/install/robot:/home/nguyen-anh-dung/ros2_ws/install/roverc:/opt/ros/jazzy/opt/gz_math_vendor:/opt/ros/jazzy/opt/gz_utils_vendor:/opt/ros/jazzy/opt/gz_cmake_vendor:/home/nguyen-anh-dung/ros2_ws/install/roverc_client:/opt/ros/jazzy DEBUGINFOD_URLS=https://debuginfod.ubuntu.com LD_LIBRARY_PATH=/home/nguyen-anh-dung/ros2_ws/src/install/roverc/lib:${LD_LIBRARY_PATH} PYTHONPATH=/home/nguyen-anh-dung/ros2_ws/src/install/roverc/lib/python3.12/site-packages:${PYTHONPATH} /usr/bin/cmake --install /home/nguyen-anh-dung/ros2_ws/src/build/robot
[10.138s] -- Install configuration: ""
[10.138s] -- Up-to-date: /home/nguyen-anh-dung/ros2_ws/src/install/robot/lib/robot/algo_node
[10.139s] -- Up-to-date: /home/nguyen-anh-dung/ros2_ws/src/install/robot/lib/robot/motor_controller
[10.139s] -- Up-to-date: /home/nguyen-anh-dung/ros2_ws/src/install/robot/lib/robot/trajectory
[10.139s] -- Up-to-date: /home/nguyen-anh-dung/ros2_ws/src/install/robot/lib/robot/trajectory2
[10.139s] -- Up-to-date: /home/nguyen-anh-dung/ros2_ws/src/install/robot/lib/robot/tof_servoing
[10.140s] -- Installing: /home/nguyen-anh-dung/ros2_ws/src/install/robot/lib/robot/line_servoing_front
[10.144s] -- Set non-toolchain portion of runtime path of "/home/nguyen-anh-dung/ros2_ws/src/install/robot/lib/robot/line_servoing_front" to ""
[10.144s] -- Installing: /home/nguyen-anh-dung/ros2_ws/src/install/robot/lib/robot/line_servoing_dual
[10.149s] -- Set non-toolchain portion of runtime path of "/home/nguyen-anh-dung/ros2_ws/src/install/robot/lib/robot/line_servoing_dual" to ""
[10.149s] -- Up-to-date: /home/nguyen-anh-dung/ros2_ws/src/install/robot/share/ament_index/resource_index/package_run_dependencies/robot
[10.149s] -- Up-to-date: /home/nguyen-anh-dung/ros2_ws/src/install/robot/share/ament_index/resource_index/parent_prefix_path/robot
[10.149s] -- Up-to-date: /home/nguyen-anh-dung/ros2_ws/src/install/robot/share/robot/environment/ament_prefix_path.sh
[10.149s] -- Up-to-date: /home/nguyen-anh-dung/ros2_ws/src/install/robot/share/robot/environment/ament_prefix_path.dsv
[10.149s] -- Up-to-date: /home/nguyen-anh-dung/ros2_ws/src/install/robot/share/robot/environment/path.sh
[10.149s] -- Up-to-date: /home/nguyen-anh-dung/ros2_ws/src/install/robot/share/robot/environment/path.dsv
[10.149s] -- Up-to-date: /home/nguyen-anh-dung/ros2_ws/src/install/robot/share/robot/local_setup.bash
[10.149s] -- Up-to-date: /home/nguyen-anh-dung/ros2_ws/src/install/robot/share/robot/local_setup.sh
[10.150s] -- Up-to-date: /home/nguyen-anh-dung/ros2_ws/src/install/robot/share/robot/local_setup.zsh
[10.150s] -- Up-to-date: /home/nguyen-anh-dung/ros2_ws/src/install/robot/share/robot/local_setup.dsv
[10.150s] -- Installing: /home/nguyen-anh-dung/ros2_ws/src/install/robot/share/robot/package.dsv
[10.150s] -- Up-to-date: /home/nguyen-anh-dung/ros2_ws/src/install/robot/share/ament_index/resource_index/packages/robot
[10.150s] -- Up-to-date: /home/nguyen-anh-dung/ros2_ws/src/install/robot/share/robot/cmake/robotConfig.cmake
[10.150s] -- Up-to-date: /home/nguyen-anh-dung/ros2_ws/src/install/robot/share/robot/cmake/robotConfig-version.cmake
[10.150s] -- Up-to-date: /home/nguyen-anh-dung/ros2_ws/src/install/robot/share/robot/package.xml
[10.151s] Invoked command in '/home/nguyen-anh-dung/ros2_ws/src/build/robot' returned '0': AMENT_PREFIX_PATH=/home/nguyen-anh-dung/ros2_ws/src/install/roverc:${AMENT_PREFIX_PATH} CMAKE_PREFIX_PATH=/home/nguyen-anh-dung/ros2_ws/src/install/roverc:/home/nguyen-anh-dung/ros2_ws/install/robot:/home/nguyen-anh-dung/ros2_ws/install/roverc:/opt/ros/jazzy/opt/gz_math_vendor:/opt/ros/jazzy/opt/gz_utils_vendor:/opt/ros/jazzy/opt/gz_cmake_vendor:/home/nguyen-anh-dung/ros2_ws/install/roverc_client:/opt/ros/jazzy DEBUGINFOD_URLS=https://debuginfod.ubuntu.com LD_LIBRARY_PATH=/home/nguyen-anh-dung/ros2_ws/src/install/roverc/lib:${LD_LIBRARY_PATH} PYTHONPATH=/home/nguyen-anh-dung/ros2_ws/src/install/roverc/lib/python3.12/site-packages:${PYTHONPATH} /usr/bin/cmake --install /home/nguyen-anh-dung/ros2_ws/src/build/robot
