[0.028s] Invoking command in '/home/nguyen-anh-dung/ros2_ws/build/roverc': CMAKE_PREFIX_PATH=${CMAKE_PREFIX_PATH}:/opt/ros/jazzy DEBUGINFOD_URLS=https://debuginfod.ubuntu.com /usr/bin/cmake /home/nguyen-anh-dung/ros2_ws/src/roverc -DCMAKE_INSTALL_PREFIX=/home/nguyen-anh-dung/ros2_ws/install/roverc
[0.259s] -- The C compiler identification is GNU 13.3.0
[0.491s] -- The CXX compiler identification is GNU 13.3.0
[0.547s] -- Detecting C compiler ABI info
[0.802s] -- Detecting C compiler ABI info - done
[0.838s] -- Check for working C compiler: /usr/bin/cc - skipped
[0.839s] -- Detecting C compile features
[0.841s] -- Detecting C compile features - done
[0.872s] -- Detecting CXX compiler ABI info
[1.174s] -- Detecting CXX compiler ABI info - done
[1.214s] -- Check for working CXX compiler: /usr/bin/c++ - skipped
[1.215s] -- Detecting CXX compile features
[1.217s] -- Detecting CXX compile features - done
[1.225s] -- Found ament_cmake: 2.5.3 (/opt/ros/jazzy/share/ament_cmake/cmake)
[1.735s] -- Found Python3: /usr/bin/python3 (found version "3.12.3") found components: Interpreter 
[2.103s] -- Found rosidl_default_generators: 1.6.0 (/opt/ros/jazzy/share/rosidl_default_generators/cmake)
[2.123s] -- Using all available rosidl_typesupport_c: rosidl_typesupport_fastrtps_c;rosidl_typesupport_introspection_c
[2.304s] -- Using all available rosidl_typesupport_cpp: rosidl_typesupport_fastrtps_cpp;rosidl_typesupport_introspection_cpp
[2.465s] -- Found rosidl_adapter: 4.6.5 (/opt/ros/jazzy/share/rosidl_adapter/cmake)
[4.508s] -- Found ament_cmake_ros: 0.12.0 (/opt/ros/jazzy/share/ament_cmake_ros/cmake)
[5.990s] -- Using all available rosidl_typesupport_c: rosidl_typesupport_fastrtps_c;rosidl_typesupport_introspection_c
[7.944s] -- Using all available rosidl_typesupport_cpp: rosidl_typesupport_fastrtps_cpp;rosidl_typesupport_introspection_cpp
[7.952s] -- Found python_cmake_module: 0.11.1 (/opt/ros/jazzy/share/python_cmake_module/cmake)
[8.431s] -- Found PythonExtra: /usr/bin/python3  
[10.073s] -- Found Python3: /usr/bin/python3 (found version "3.12.3") found components: Interpreter Development NumPy Development.Module Development.Embed 
[10.185s] -- Found ament_lint_auto: 0.17.1 (/opt/ros/jazzy/share/ament_lint_auto/cmake)
[10.258s] -- Added test 'lint_cmake' to check CMake code style
[10.269s] -- Added test 'xmllint' to check XML markup files
[10.279s] -- Configuring done (10.2s)
[10.407s] -- Generating done (0.1s)
[10.448s] -- Build files have been written to: /home/nguyen-anh-dung/ros2_ws/build/roverc
[10.466s] Invoked command in '/home/nguyen-anh-dung/ros2_ws/build/roverc' returned '0': CMAKE_PREFIX_PATH=${CMAKE_PREFIX_PATH}:/opt/ros/jazzy DEBUGINFOD_URLS=https://debuginfod.ubuntu.com /usr/bin/cmake /home/nguyen-anh-dung/ros2_ws/src/roverc -DCMAKE_INSTALL_PREFIX=/home/nguyen-anh-dung/ros2_ws/install/roverc
[10.471s] Invoking command in '/home/nguyen-anh-dung/ros2_ws/build/roverc': CMAKE_PREFIX_PATH=${CMAKE_PREFIX_PATH}:/opt/ros/jazzy DEBUGINFOD_URLS=https://debuginfod.ubuntu.com /usr/bin/cmake --build /home/nguyen-anh-dung/ros2_ws/build/roverc -- -j8 -l8
[10.620s] [  2%] [34m[1mGenerating type hashes for ROS interfaces[0m
[10.645s] [  2%] Built target ament_cmake_python_copy_roverc
[11.379s] [  2%] Built target roverc__rosidl_generator_type_description
[11.409s] [  4%] [34m[1mGenerating C code for ROS interfaces[0m
[11.440s] [  6%] [34m[1mGenerating C++ code for ROS interfaces[0m
[11.737s] running egg_info
[11.741s] creating roverc.egg-info
[11.867s] writing roverc.egg-info/PKG-INFO
[11.868s] writing dependency_links to roverc.egg-info/dependency_links.txt
[11.868s] writing top-level names to roverc.egg-info/top_level.txt
[11.869s] writing manifest file 'roverc.egg-info/SOURCES.txt'
[12.242s] reading manifest file 'roverc.egg-info/SOURCES.txt'
[12.244s] writing manifest file 'roverc.egg-info/SOURCES.txt'
[12.328s] [  6%] Built target ament_cmake_python_build_roverc_egg
[12.466s] [  6%] Built target roverc__cpp
[12.624s] [  9%] [32mBuilding C object CMakeFiles/roverc__rosidl_generator_c.dir/rosidl_generator_c/roverc/msg/detail/rgb__functions.c.o[0m
[12.625s] [ 11%] [32mBuilding C object CMakeFiles/roverc__rosidl_generator_c.dir/rosidl_generator_c/roverc/msg/detail/wheel_speed__functions.c.o[0m
[12.632s] [ 13%] [32mBuilding C object CMakeFiles/roverc__rosidl_generator_c.dir/rosidl_generator_c/roverc/msg/detail/rgb__description.c.o[0m
[12.633s] [ 15%] [32mBuilding C object CMakeFiles/roverc__rosidl_generator_c.dir/rosidl_generator_c/roverc/msg/detail/rgb__type_support.c.o[0m
[12.634s] [ 18%] [32mBuilding C object CMakeFiles/roverc__rosidl_generator_c.dir/rosidl_generator_c/roverc/msg/detail/wheel_speed__description.c.o[0m
[12.636s] [ 20%] [32mBuilding C object CMakeFiles/roverc__rosidl_generator_c.dir/rosidl_generator_c/roverc/msg/detail/wheel_speed__type_support.c.o[0m
[12.824s] [ 22%] [32m[1mLinking C shared library libroverc__rosidl_generator_c.so[0m
[12.935s] [ 22%] Built target roverc__rosidl_generator_c
[12.967s] [ 25%] [34m[1mGenerating C introspection for ROS interfaces[0m
[12.970s] [ 27%] [34m[1mGenerating C type support dispatch for ROS interfaces[0m
[12.977s] [ 29%] [34m[1mGenerating C++ type support for eProsima Fast-RTPS[0m
[12.978s] [ 31%] [34m[1mGenerating C++ introspection for ROS interfaces[0m
[12.979s] [ 34%] [34m[1mGenerating C++ type support dispatch for ROS interfaces[0m
[12.980s] [ 36%] [34m[1mGenerating C type support for eProsima Fast-RTPS[0m
[13.860s] [ 38%] [32mBuilding CXX object CMakeFiles/roverc__rosidl_typesupport_c.dir/rosidl_typesupport_c/roverc/msg/rgb__type_support.cpp.o[0m
[13.861s] [ 40%] [32mBuilding CXX object CMakeFiles/roverc__rosidl_typesupport_c.dir/rosidl_typesupport_c/roverc/msg/wheel_speed__type_support.cpp.o[0m
[13.989s] [ 43%] [32mBuilding CXX object CMakeFiles/roverc__rosidl_typesupport_introspection_cpp.dir/rosidl_typesupport_introspection_cpp/roverc/msg/detail/wheel_speed__type_support.cpp.o[0m
[13.990s] [ 45%] [32mBuilding CXX object CMakeFiles/roverc__rosidl_typesupport_introspection_cpp.dir/rosidl_typesupport_introspection_cpp/roverc/msg/detail/rgb__type_support.cpp.o[0m
[14.103s] [ 47%] [32m[1mLinking CXX shared library libroverc__rosidl_typesupport_c.so[0m
[14.287s] [ 47%] Built target roverc__rosidl_typesupport_c
[14.482s] [ 50%] [32mBuilding CXX object CMakeFiles/roverc__rosidl_typesupport_cpp.dir/rosidl_typesupport_cpp/roverc/msg/rgb__type_support.cpp.o[0m
[14.495s] [ 52%] [32mBuilding CXX object CMakeFiles/roverc__rosidl_typesupport_cpp.dir/rosidl_typesupport_cpp/roverc/msg/wheel_speed__type_support.cpp.o[0m
[14.547s] [ 56%] [32mBuilding C object CMakeFiles/roverc__rosidl_typesupport_introspection_c.dir/rosidl_typesupport_introspection_c/roverc/msg/detail/rgb__type_support.c.o[0m
[14.547s] [ 56%] [32mBuilding C object CMakeFiles/roverc__rosidl_typesupport_introspection_c.dir/rosidl_typesupport_introspection_c/roverc/msg/detail/wheel_speed__type_support.c.o[0m
[14.736s] [ 59%] [32m[1mLinking C shared library libroverc__rosidl_typesupport_introspection_c.so[0m
[14.768s] [ 61%] [32mBuilding CXX object CMakeFiles/roverc__rosidl_typesupport_fastrtps_c.dir/rosidl_typesupport_fastrtps_c/roverc/msg/detail/rgb__type_support_c.cpp.o[0m
[14.785s] [ 63%] [32mBuilding CXX object CMakeFiles/roverc__rosidl_typesupport_fastrtps_c.dir/rosidl_typesupport_fastrtps_c/roverc/msg/detail/wheel_speed__type_support_c.cpp.o[0m
[14.872s] [ 65%] [32mBuilding CXX object CMakeFiles/roverc__rosidl_typesupport_fastrtps_cpp.dir/rosidl_typesupport_fastrtps_cpp/roverc/msg/detail/dds_fastrtps/rgb__type_support.cpp.o[0m
[14.893s] [ 65%] Built target roverc__rosidl_typesupport_introspection_c
[14.937s] [ 68%] [32mBuilding CXX object CMakeFiles/roverc__rosidl_typesupport_fastrtps_cpp.dir/rosidl_typesupport_fastrtps_cpp/roverc/msg/detail/dds_fastrtps/wheel_speed__type_support.cpp.o[0m
[15.842s] [ 70%] [32m[1mLinking CXX shared library libroverc__rosidl_typesupport_introspection_cpp.so[0m
[16.052s] [ 70%] Built target roverc__rosidl_typesupport_introspection_cpp
[16.264s] [ 72%] [32m[1mLinking CXX shared library libroverc__rosidl_typesupport_cpp.so[0m
[16.471s] [ 72%] Built target roverc__rosidl_typesupport_cpp
[17.079s] [ 75%] [32m[1mLinking CXX shared library libroverc__rosidl_typesupport_fastrtps_c.so[0m
[17.163s] [ 77%] [32m[1mLinking CXX shared library libroverc__rosidl_typesupport_fastrtps_cpp.so[0m
[17.242s] [ 77%] Built target roverc__rosidl_typesupport_fastrtps_c
[17.339s] [ 77%] Built target roverc__rosidl_typesupport_fastrtps_cpp
[17.397s] [ 77%] Built target roverc
[17.458s] [ 79%] [34m[1mGenerating Python code for ROS interfaces[0m
[18.742s] [ 79%] Built target roverc__py
[18.801s] [ 81%] [32mBuilding C object CMakeFiles/roverc__rosidl_generator_py.dir/rosidl_generator_py/roverc/msg/_rgb_s.c.o[0m
[18.801s] [ 84%] [32mBuilding C object CMakeFiles/roverc__rosidl_generator_py.dir/rosidl_generator_py/roverc/msg/_wheel_speed_s.c.o[0m
[19.256s] [ 86%] [32m[1mLinking C shared library libroverc__rosidl_generator_py.so[0m
[19.378s] [ 86%] Built target roverc__rosidl_generator_py
[19.439s] [ 88%] [32mBuilding C object CMakeFiles/roverc_s__rosidl_typesupport_introspection_c.dir/rosidl_generator_py/roverc/_roverc_s.ep.rosidl_typesupport_introspection_c.c.o[0m
[19.440s] [ 90%] [32mBuilding C object CMakeFiles/roverc_s__rosidl_typesupport_c.dir/rosidl_generator_py/roverc/_roverc_s.ep.rosidl_typesupport_c.c.o[0m
[19.441s] [ 93%] [32mBuilding C object CMakeFiles/roverc_s__rosidl_typesupport_fastrtps_c.dir/rosidl_generator_py/roverc/_roverc_s.ep.rosidl_typesupport_fastrtps_c.c.o[0m
[19.806s] [ 95%] [32m[1mLinking C shared module rosidl_generator_py/roverc/roverc_s__rosidl_typesupport_introspection_c.so[0m
[19.806s] [ 97%] [32m[1mLinking C shared module rosidl_generator_py/roverc/roverc_s__rosidl_typesupport_c.so[0m
[19.824s] [100%] [32m[1mLinking C shared module rosidl_generator_py/roverc/roverc_s__rosidl_typesupport_fastrtps_c.so[0m
[19.902s] [100%] Built target roverc_s__rosidl_typesupport_c
[19.903s] [100%] Built target roverc_s__rosidl_typesupport_introspection_c
[19.920s] [100%] Built target roverc_s__rosidl_typesupport_fastrtps_c
[19.955s] Invoked command in '/home/nguyen-anh-dung/ros2_ws/build/roverc' returned '0': CMAKE_PREFIX_PATH=${CMAKE_PREFIX_PATH}:/opt/ros/jazzy DEBUGINFOD_URLS=https://debuginfod.ubuntu.com /usr/bin/cmake --build /home/nguyen-anh-dung/ros2_ws/build/roverc -- -j8 -l8
[19.984s] Invoking command in '/home/nguyen-anh-dung/ros2_ws/build/roverc': CMAKE_PREFIX_PATH=${CMAKE_PREFIX_PATH}:/opt/ros/jazzy DEBUGINFOD_URLS=https://debuginfod.ubuntu.com /usr/bin/cmake --install /home/nguyen-anh-dung/ros2_ws/build/roverc
[20.008s] -- Install configuration: ""
[20.009s] -- Installing: /home/nguyen-anh-dung/ros2_ws/install/roverc/share/ament_index/resource_index/rosidl_interfaces/roverc
[20.009s] -- Installing: /home/nguyen-anh-dung/ros2_ws/install/roverc/share/roverc/msg/RGB.json
[20.010s] -- Installing: /home/nguyen-anh-dung/ros2_ws/install/roverc/share/roverc/msg/WheelSpeed.json
[20.011s] -- Installing: /home/nguyen-anh-dung/ros2_ws/install/roverc/include/roverc/roverc
[20.011s] -- Installing: /home/nguyen-anh-dung/ros2_ws/install/roverc/include/roverc/roverc/msg
[20.011s] -- Installing: /home/nguyen-anh-dung/ros2_ws/install/roverc/include/roverc/roverc/msg/detail
[20.012s] -- Installing: /home/nguyen-anh-dung/ros2_ws/install/roverc/include/roverc/roverc/msg/detail/rgb__struct.h
[20.012s] -- Installing: /home/nguyen-anh-dung/ros2_ws/install/roverc/include/roverc/roverc/msg/detail/wheel_speed__description.c
[20.012s] -- Installing: /home/nguyen-anh-dung/ros2_ws/install/roverc/include/roverc/roverc/msg/detail/rgb__description.c
[20.013s] -- Installing: /home/nguyen-anh-dung/ros2_ws/install/roverc/include/roverc/roverc/msg/detail/rgb__functions.c
[20.013s] -- Installing: /home/nguyen-anh-dung/ros2_ws/install/roverc/include/roverc/roverc/msg/detail/rgb__functions.h
[20.014s] -- Installing: /home/nguyen-anh-dung/ros2_ws/install/roverc/include/roverc/roverc/msg/detail/rgb__type_support.c
[20.014s] -- Installing: /home/nguyen-anh-dung/ros2_ws/install/roverc/include/roverc/roverc/msg/detail/rgb__type_support.h
[20.015s] -- Installing: /home/nguyen-anh-dung/ros2_ws/install/roverc/include/roverc/roverc/msg/detail/wheel_speed__type_support.c
[20.015s] -- Installing: /home/nguyen-anh-dung/ros2_ws/install/roverc/include/roverc/roverc/msg/detail/wheel_speed__type_support.h
[20.016s] -- Installing: /home/nguyen-anh-dung/ros2_ws/install/roverc/include/roverc/roverc/msg/detail/wheel_speed__functions.h
[20.016s] -- Installing: /home/nguyen-anh-dung/ros2_ws/install/roverc/include/roverc/roverc/msg/detail/wheel_speed__struct.h
[20.017s] -- Installing: /home/nguyen-anh-dung/ros2_ws/install/roverc/include/roverc/roverc/msg/detail/wheel_speed__functions.c
[20.017s] -- Installing: /home/nguyen-anh-dung/ros2_ws/install/roverc/include/roverc/roverc/msg/rgb.h
[20.018s] -- Installing: /home/nguyen-anh-dung/ros2_ws/install/roverc/include/roverc/roverc/msg/wheel_speed.h
[20.018s] -- Installing: /home/nguyen-anh-dung/ros2_ws/install/roverc/include/roverc/roverc/msg/rosidl_generator_c__visibility_control.h
[20.019s] -- Installing: /home/nguyen-anh-dung/ros2_ws/install/roverc/share/roverc/environment/library_path.sh
[20.019s] -- Installing: /home/nguyen-anh-dung/ros2_ws/install/roverc/share/roverc/environment/library_path.dsv
[20.019s] -- Installing: /home/nguyen-anh-dung/ros2_ws/install/roverc/lib/libroverc__rosidl_generator_c.so
[20.020s] -- Set non-toolchain portion of runtime path of "/home/nguyen-anh-dung/ros2_ws/install/roverc/lib/libroverc__rosidl_generator_c.so" to ""
[20.021s] -- Up-to-date: /home/nguyen-anh-dung/ros2_ws/install/roverc/include/roverc/roverc
[20.021s] -- Up-to-date: /home/nguyen-anh-dung/ros2_ws/install/roverc/include/roverc/roverc/msg
[20.021s] -- Up-to-date: /home/nguyen-anh-dung/ros2_ws/install/roverc/include/roverc/roverc/msg/detail
[20.022s] -- Installing: /home/nguyen-anh-dung/ros2_ws/install/roverc/include/roverc/roverc/msg/detail/wheel_speed__rosidl_typesupport_fastrtps_c.h
[20.022s] -- Installing: /home/nguyen-anh-dung/ros2_ws/install/roverc/include/roverc/roverc/msg/detail/rgb__rosidl_typesupport_fastrtps_c.h
[20.022s] -- Installing: /home/nguyen-anh-dung/ros2_ws/install/roverc/include/roverc/roverc/msg/rosidl_typesupport_fastrtps_c__visibility_control.h
[20.023s] -- Installing: /home/nguyen-anh-dung/ros2_ws/install/roverc/lib/libroverc__rosidl_typesupport_fastrtps_c.so
[20.023s] -- Set non-toolchain portion of runtime path of "/home/nguyen-anh-dung/ros2_ws/install/roverc/lib/libroverc__rosidl_typesupport_fastrtps_c.so" to ""
[20.023s] -- Up-to-date: /home/nguyen-anh-dung/ros2_ws/install/roverc/include/roverc/roverc
[20.024s] -- Up-to-date: /home/nguyen-anh-dung/ros2_ws/install/roverc/include/roverc/roverc/msg
[20.024s] -- Installing: /home/nguyen-anh-dung/ros2_ws/install/roverc/include/roverc/roverc/msg/rosidl_typesupport_introspection_c__visibility_control.h
[20.024s] -- Up-to-date: /home/nguyen-anh-dung/ros2_ws/install/roverc/include/roverc/roverc/msg/detail
[20.025s] -- Installing: /home/nguyen-anh-dung/ros2_ws/install/roverc/include/roverc/roverc/msg/detail/wheel_speed__rosidl_typesupport_introspection_c.h
[20.025s] -- Installing: /home/nguyen-anh-dung/ros2_ws/install/roverc/include/roverc/roverc/msg/detail/rgb__type_support.c
[20.025s] -- Installing: /home/nguyen-anh-dung/ros2_ws/install/roverc/include/roverc/roverc/msg/detail/wheel_speed__type_support.c
[20.026s] -- Installing: /home/nguyen-anh-dung/ros2_ws/install/roverc/include/roverc/roverc/msg/detail/rgb__rosidl_typesupport_introspection_c.h
[20.026s] -- Installing: /home/nguyen-anh-dung/ros2_ws/install/roverc/lib/libroverc__rosidl_typesupport_introspection_c.so
[20.027s] -- Set non-toolchain portion of runtime path of "/home/nguyen-anh-dung/ros2_ws/install/roverc/lib/libroverc__rosidl_typesupport_introspection_c.so" to ""
[20.027s] -- Installing: /home/nguyen-anh-dung/ros2_ws/install/roverc/lib/libroverc__rosidl_typesupport_c.so
[20.027s] -- Set non-toolchain portion of runtime path of "/home/nguyen-anh-dung/ros2_ws/install/roverc/lib/libroverc__rosidl_typesupport_c.so" to ""
[20.028s] -- Up-to-date: /home/nguyen-anh-dung/ros2_ws/install/roverc/include/roverc/roverc
[20.028s] -- Up-to-date: /home/nguyen-anh-dung/ros2_ws/install/roverc/include/roverc/roverc/msg
[20.028s] -- Up-to-date: /home/nguyen-anh-dung/ros2_ws/install/roverc/include/roverc/roverc/msg/detail
[20.029s] -- Installing: /home/nguyen-anh-dung/ros2_ws/install/roverc/include/roverc/roverc/msg/detail/rgb__traits.hpp
[20.029s] -- Installing: /home/nguyen-anh-dung/ros2_ws/install/roverc/include/roverc/roverc/msg/detail/rgb__type_support.hpp
[20.029s] -- Installing: /home/nguyen-anh-dung/ros2_ws/install/roverc/include/roverc/roverc/msg/detail/wheel_speed__builder.hpp
[20.030s] -- Installing: /home/nguyen-anh-dung/ros2_ws/install/roverc/include/roverc/roverc/msg/detail/wheel_speed__struct.hpp
[20.030s] -- Installing: /home/nguyen-anh-dung/ros2_ws/install/roverc/include/roverc/roverc/msg/detail/wheel_speed__traits.hpp
[20.030s] -- Installing: /home/nguyen-anh-dung/ros2_ws/install/roverc/include/roverc/roverc/msg/detail/wheel_speed__type_support.hpp
[20.031s] -- Installing: /home/nguyen-anh-dung/ros2_ws/install/roverc/include/roverc/roverc/msg/detail/rgb__builder.hpp
[20.031s] -- Installing: /home/nguyen-anh-dung/ros2_ws/install/roverc/include/roverc/roverc/msg/detail/rgb__struct.hpp
[20.031s] -- Installing: /home/nguyen-anh-dung/ros2_ws/install/roverc/include/roverc/roverc/msg/wheel_speed.hpp
[20.032s] -- Installing: /home/nguyen-anh-dung/ros2_ws/install/roverc/include/roverc/roverc/msg/rosidl_generator_cpp__visibility_control.hpp
[20.032s] -- Installing: /home/nguyen-anh-dung/ros2_ws/install/roverc/include/roverc/roverc/msg/rgb.hpp
[20.032s] -- Up-to-date: /home/nguyen-anh-dung/ros2_ws/install/roverc/include/roverc/roverc
[20.033s] -- Up-to-date: /home/nguyen-anh-dung/ros2_ws/install/roverc/include/roverc/roverc/msg
[20.033s] -- Up-to-date: /home/nguyen-anh-dung/ros2_ws/install/roverc/include/roverc/roverc/msg/detail
[20.033s] -- Installing: /home/nguyen-anh-dung/ros2_ws/install/roverc/include/roverc/roverc/msg/detail/rgb__rosidl_typesupport_fastrtps_cpp.hpp
[20.034s] -- Installing: /home/nguyen-anh-dung/ros2_ws/install/roverc/include/roverc/roverc/msg/detail/wheel_speed__rosidl_typesupport_fastrtps_cpp.hpp
[20.034s] -- Installing: /home/nguyen-anh-dung/ros2_ws/install/roverc/include/roverc/roverc/msg/detail/dds_fastrtps
[20.034s] -- Installing: /home/nguyen-anh-dung/ros2_ws/install/roverc/include/roverc/roverc/msg/rosidl_typesupport_fastrtps_cpp__visibility_control.h
[20.035s] -- Installing: /home/nguyen-anh-dung/ros2_ws/install/roverc/lib/libroverc__rosidl_typesupport_fastrtps_cpp.so
[20.035s] -- Set non-toolchain portion of runtime path of "/home/nguyen-anh-dung/ros2_ws/install/roverc/lib/libroverc__rosidl_typesupport_fastrtps_cpp.so" to ""
[20.035s] -- Up-to-date: /home/nguyen-anh-dung/ros2_ws/install/roverc/include/roverc/roverc
[20.036s] -- Up-to-date: /home/nguyen-anh-dung/ros2_ws/install/roverc/include/roverc/roverc/msg
[20.036s] -- Up-to-date: /home/nguyen-anh-dung/ros2_ws/install/roverc/include/roverc/roverc/msg/detail
[20.036s] -- Installing: /home/nguyen-anh-dung/ros2_ws/install/roverc/include/roverc/roverc/msg/detail/wheel_speed__rosidl_typesupport_introspection_cpp.hpp
[20.036s] -- Installing: /home/nguyen-anh-dung/ros2_ws/install/roverc/include/roverc/roverc/msg/detail/wheel_speed__type_support.cpp
[20.037s] -- Installing: /home/nguyen-anh-dung/ros2_ws/install/roverc/include/roverc/roverc/msg/detail/rgb__rosidl_typesupport_introspection_cpp.hpp
[20.037s] -- Installing: /home/nguyen-anh-dung/ros2_ws/install/roverc/include/roverc/roverc/msg/detail/rgb__type_support.cpp
[20.037s] -- Installing: /home/nguyen-anh-dung/ros2_ws/install/roverc/lib/libroverc__rosidl_typesupport_introspection_cpp.so
[20.038s] -- Set non-toolchain portion of runtime path of "/home/nguyen-anh-dung/ros2_ws/install/roverc/lib/libroverc__rosidl_typesupport_introspection_cpp.so" to ""
[20.038s] -- Installing: /home/nguyen-anh-dung/ros2_ws/install/roverc/lib/libroverc__rosidl_typesupport_cpp.so
[20.038s] -- Set non-toolchain portion of runtime path of "/home/nguyen-anh-dung/ros2_ws/install/roverc/lib/libroverc__rosidl_typesupport_cpp.so" to ""
[20.039s] -- Installing: /home/nguyen-anh-dung/ros2_ws/install/roverc/share/roverc/environment/pythonpath.sh
[20.039s] -- Installing: /home/nguyen-anh-dung/ros2_ws/install/roverc/share/roverc/environment/pythonpath.dsv
[20.039s] -- Installing: /home/nguyen-anh-dung/ros2_ws/install/roverc/lib/python3.12/site-packages/roverc-0.0.0-py3.12.egg-info
[20.039s] -- Installing: /home/nguyen-anh-dung/ros2_ws/install/roverc/lib/python3.12/site-packages/roverc-0.0.0-py3.12.egg-info/dependency_links.txt
[20.040s] -- Installing: /home/nguyen-anh-dung/ros2_ws/install/roverc/lib/python3.12/site-packages/roverc-0.0.0-py3.12.egg-info/top_level.txt
[20.040s] -- Installing: /home/nguyen-anh-dung/ros2_ws/install/roverc/lib/python3.12/site-packages/roverc-0.0.0-py3.12.egg-info/SOURCES.txt
[20.040s] -- Installing: /home/nguyen-anh-dung/ros2_ws/install/roverc/lib/python3.12/site-packages/roverc-0.0.0-py3.12.egg-info/PKG-INFO
[20.041s] -- Installing: /home/nguyen-anh-dung/ros2_ws/install/roverc/lib/python3.12/site-packages/roverc
[20.041s] -- Installing: /home/nguyen-anh-dung/ros2_ws/install/roverc/lib/python3.12/site-packages/roverc/roverc_s__rosidl_typesupport_fastrtps_c.so
[20.041s] -- Installing: /home/nguyen-anh-dung/ros2_ws/install/roverc/lib/python3.12/site-packages/roverc/roverc_s__rosidl_typesupport_c.so
[20.042s] -- Installing: /home/nguyen-anh-dung/ros2_ws/install/roverc/lib/python3.12/site-packages/roverc/_roverc_s.ep.rosidl_typesupport_c.c
[20.042s] -- Installing: /home/nguyen-anh-dung/ros2_ws/install/roverc/lib/python3.12/site-packages/roverc/msg
[20.042s] -- Installing: /home/nguyen-anh-dung/ros2_ws/install/roverc/lib/python3.12/site-packages/roverc/msg/_rgb.py
[20.043s] -- Installing: /home/nguyen-anh-dung/ros2_ws/install/roverc/lib/python3.12/site-packages/roverc/msg/_wheel_speed_s.c
[20.043s] -- Installing: /home/nguyen-anh-dung/ros2_ws/install/roverc/lib/python3.12/site-packages/roverc/msg/_wheel_speed.py
[20.043s] -- Installing: /home/nguyen-anh-dung/ros2_ws/install/roverc/lib/python3.12/site-packages/roverc/msg/_rgb_s.c
[20.044s] -- Installing: /home/nguyen-anh-dung/ros2_ws/install/roverc/lib/python3.12/site-packages/roverc/msg/__init__.py
[20.044s] -- Installing: /home/nguyen-anh-dung/ros2_ws/install/roverc/lib/python3.12/site-packages/roverc/_roverc_s.ep.rosidl_typesupport_introspection_c.c
[20.044s] -- Installing: /home/nguyen-anh-dung/ros2_ws/install/roverc/lib/python3.12/site-packages/roverc/__init__.py
[20.044s] -- Installing: /home/nguyen-anh-dung/ros2_ws/install/roverc/lib/python3.12/site-packages/roverc/_roverc_s.ep.rosidl_typesupport_fastrtps_c.c
[20.045s] -- Installing: /home/nguyen-anh-dung/ros2_ws/install/roverc/lib/python3.12/site-packages/roverc/roverc_s__rosidl_typesupport_introspection_c.so
[20.195s] Listing '/home/nguyen-anh-dung/ros2_ws/install/roverc/lib/python3.12/site-packages/roverc'...
[20.196s] Compiling '/home/nguyen-anh-dung/ros2_ws/install/roverc/lib/python3.12/site-packages/roverc/__init__.py'...
[20.196s] Listing '/home/nguyen-anh-dung/ros2_ws/install/roverc/lib/python3.12/site-packages/roverc/msg'...
[20.196s] Compiling '/home/nguyen-anh-dung/ros2_ws/install/roverc/lib/python3.12/site-packages/roverc/msg/__init__.py'...
[20.197s] Compiling '/home/nguyen-anh-dung/ros2_ws/install/roverc/lib/python3.12/site-packages/roverc/msg/_rgb.py'...
[20.197s] Compiling '/home/nguyen-anh-dung/ros2_ws/install/roverc/lib/python3.12/site-packages/roverc/msg/_wheel_speed.py'...
[20.214s] -- Installing: /home/nguyen-anh-dung/ros2_ws/install/roverc/lib/python3.12/site-packages/roverc/roverc_s__rosidl_typesupport_fastrtps_c.so
[20.215s] -- Set non-toolchain portion of runtime path of "/home/nguyen-anh-dung/ros2_ws/install/roverc/lib/python3.12/site-packages/roverc/roverc_s__rosidl_typesupport_fastrtps_c.so" to ""
[20.216s] -- Installing: /home/nguyen-anh-dung/ros2_ws/install/roverc/lib/python3.12/site-packages/roverc/roverc_s__rosidl_typesupport_introspection_c.so
[20.217s] -- Set non-toolchain portion of runtime path of "/home/nguyen-anh-dung/ros2_ws/install/roverc/lib/python3.12/site-packages/roverc/roverc_s__rosidl_typesupport_introspection_c.so" to ""
[20.218s] -- Installing: /home/nguyen-anh-dung/ros2_ws/install/roverc/lib/python3.12/site-packages/roverc/roverc_s__rosidl_typesupport_c.so
[20.219s] -- Set non-toolchain portion of runtime path of "/home/nguyen-anh-dung/ros2_ws/install/roverc/lib/python3.12/site-packages/roverc/roverc_s__rosidl_typesupport_c.so" to ""
[20.219s] -- Installing: /home/nguyen-anh-dung/ros2_ws/install/roverc/lib/libroverc__rosidl_generator_py.so
[20.220s] -- Set non-toolchain portion of runtime path of "/home/nguyen-anh-dung/ros2_ws/install/roverc/lib/libroverc__rosidl_generator_py.so" to ""
[20.221s] -- Installing: /home/nguyen-anh-dung/ros2_ws/install/roverc/share/roverc/msg/RGB.idl
[20.222s] -- Installing: /home/nguyen-anh-dung/ros2_ws/install/roverc/share/roverc/msg/WheelSpeed.idl
[20.222s] -- Installing: /home/nguyen-anh-dung/ros2_ws/install/roverc/share/roverc/msg/RGB.msg
[20.222s] -- Installing: /home/nguyen-anh-dung/ros2_ws/install/roverc/share/roverc/msg/WheelSpeed.msg
[20.222s] -- Installing: /home/nguyen-anh-dung/ros2_ws/install/roverc/share/ament_index/resource_index/package_run_dependencies/roverc
[20.223s] -- Installing: /home/nguyen-anh-dung/ros2_ws/install/roverc/share/ament_index/resource_index/parent_prefix_path/roverc
[20.223s] -- Installing: /home/nguyen-anh-dung/ros2_ws/install/roverc/share/roverc/environment/ament_prefix_path.sh
[20.224s] -- Installing: /home/nguyen-anh-dung/ros2_ws/install/roverc/share/roverc/environment/ament_prefix_path.dsv
[20.224s] -- Installing: /home/nguyen-anh-dung/ros2_ws/install/roverc/share/roverc/environment/path.sh
[20.224s] -- Installing: /home/nguyen-anh-dung/ros2_ws/install/roverc/share/roverc/environment/path.dsv
[20.225s] -- Installing: /home/nguyen-anh-dung/ros2_ws/install/roverc/share/roverc/local_setup.bash
[20.225s] -- Installing: /home/nguyen-anh-dung/ros2_ws/install/roverc/share/roverc/local_setup.sh
[20.225s] -- Installing: /home/nguyen-anh-dung/ros2_ws/install/roverc/share/roverc/local_setup.zsh
[20.226s] -- Installing: /home/nguyen-anh-dung/ros2_ws/install/roverc/share/roverc/local_setup.dsv
[20.226s] -- Installing: /home/nguyen-anh-dung/ros2_ws/install/roverc/share/roverc/package.dsv
[20.226s] -- Installing: /home/nguyen-anh-dung/ros2_ws/install/roverc/share/ament_index/resource_index/packages/roverc
[20.227s] -- Installing: /home/nguyen-anh-dung/ros2_ws/install/roverc/share/roverc/cmake/export_roverc__rosidl_generator_cExport.cmake
[20.227s] -- Installing: /home/nguyen-anh-dung/ros2_ws/install/roverc/share/roverc/cmake/export_roverc__rosidl_generator_cExport-noconfig.cmake
[20.228s] -- Installing: /home/nguyen-anh-dung/ros2_ws/install/roverc/share/roverc/cmake/export_roverc__rosidl_typesupport_fastrtps_cExport.cmake
[20.228s] -- Installing: /home/nguyen-anh-dung/ros2_ws/install/roverc/share/roverc/cmake/export_roverc__rosidl_typesupport_fastrtps_cExport-noconfig.cmake
[20.229s] -- Installing: /home/nguyen-anh-dung/ros2_ws/install/roverc/share/roverc/cmake/roverc__rosidl_typesupport_introspection_cExport.cmake
[20.229s] -- Installing: /home/nguyen-anh-dung/ros2_ws/install/roverc/share/roverc/cmake/roverc__rosidl_typesupport_introspection_cExport-noconfig.cmake
[20.230s] -- Installing: /home/nguyen-anh-dung/ros2_ws/install/roverc/share/roverc/cmake/roverc__rosidl_typesupport_cExport.cmake
[20.230s] -- Installing: /home/nguyen-anh-dung/ros2_ws/install/roverc/share/roverc/cmake/roverc__rosidl_typesupport_cExport-noconfig.cmake
[20.231s] -- Installing: /home/nguyen-anh-dung/ros2_ws/install/roverc/share/roverc/cmake/export_roverc__rosidl_generator_cppExport.cmake
[20.231s] -- Installing: /home/nguyen-anh-dung/ros2_ws/install/roverc/share/roverc/cmake/export_roverc__rosidl_typesupport_fastrtps_cppExport.cmake
[20.232s] -- Installing: /home/nguyen-anh-dung/ros2_ws/install/roverc/share/roverc/cmake/export_roverc__rosidl_typesupport_fastrtps_cppExport-noconfig.cmake
[20.232s] -- Installing: /home/nguyen-anh-dung/ros2_ws/install/roverc/share/roverc/cmake/roverc__rosidl_typesupport_introspection_cppExport.cmake
[20.233s] -- Installing: /home/nguyen-anh-dung/ros2_ws/install/roverc/share/roverc/cmake/roverc__rosidl_typesupport_introspection_cppExport-noconfig.cmake
[20.233s] -- Installing: /home/nguyen-anh-dung/ros2_ws/install/roverc/share/roverc/cmake/roverc__rosidl_typesupport_cppExport.cmake
[20.234s] -- Installing: /home/nguyen-anh-dung/ros2_ws/install/roverc/share/roverc/cmake/roverc__rosidl_typesupport_cppExport-noconfig.cmake
[20.234s] -- Installing: /home/nguyen-anh-dung/ros2_ws/install/roverc/share/roverc/cmake/export_roverc__rosidl_generator_pyExport.cmake
[20.235s] -- Installing: /home/nguyen-anh-dung/ros2_ws/install/roverc/share/roverc/cmake/export_roverc__rosidl_generator_pyExport-noconfig.cmake
[20.235s] -- Installing: /home/nguyen-anh-dung/ros2_ws/install/roverc/share/roverc/cmake/rosidl_cmake-extras.cmake
[20.235s] -- Installing: /home/nguyen-anh-dung/ros2_ws/install/roverc/share/roverc/cmake/ament_cmake_export_include_directories-extras.cmake
[20.236s] -- Installing: /home/nguyen-anh-dung/ros2_ws/install/roverc/share/roverc/cmake/ament_cmake_export_libraries-extras.cmake
[20.236s] -- Installing: /home/nguyen-anh-dung/ros2_ws/install/roverc/share/roverc/cmake/ament_cmake_export_targets-extras.cmake
[20.237s] -- Installing: /home/nguyen-anh-dung/ros2_ws/install/roverc/share/roverc/cmake/rosidl_cmake_export_typesupport_targets-extras.cmake
[20.237s] -- Installing: /home/nguyen-anh-dung/ros2_ws/install/roverc/share/roverc/cmake/ament_cmake_export_dependencies-extras.cmake
[20.237s] -- Installing: /home/nguyen-anh-dung/ros2_ws/install/roverc/share/roverc/cmake/rosidl_cmake_export_typesupport_libraries-extras.cmake
[20.238s] -- Installing: /home/nguyen-anh-dung/ros2_ws/install/roverc/share/roverc/cmake/rovercConfig.cmake
[20.238s] -- Installing: /home/nguyen-anh-dung/ros2_ws/install/roverc/share/roverc/cmake/rovercConfig-version.cmake
[20.238s] -- Installing: /home/nguyen-anh-dung/ros2_ws/install/roverc/share/roverc/package.xml
[20.244s] Invoked command in '/home/nguyen-anh-dung/ros2_ws/build/roverc' returned '0': CMAKE_PREFIX_PATH=${CMAKE_PREFIX_PATH}:/opt/ros/jazzy DEBUGINFOD_URLS=https://debuginfod.ubuntu.com /usr/bin/cmake --install /home/nguyen-anh-dung/ros2_ws/build/roverc
