[ 14%] Built target trajectory2
[ 35%] [32mBuilding CXX object CMakeFiles/line_servoing_front.dir/src/line_servoing_front.cpp.o[0m
[ 35%] Built target algo_node
[ 50%] Built target tof_servoing
[ 64%] Built target trajectory
[ 78%] Built target line_servoing_dual
[ 92%] Built target motor_controller
[01m[K/home/nguyen-anh-dung/ros2_ws/src/robot/src/line_servoing_front.cpp:[m[K In member function ‘[01m[Kvoid line_servoing_front::[01;32m[KrgbcCallBack[m[K(std_msgs::msg::UInt16MultiArray_<std::allocator<void> >::SharedPtr)[m[K’:
[01m[K/home/nguyen-anh-dung/ros2_ws/src/robot/src/line_servoing_front.cpp:46:30:[m[K [01;31m[Kerror: [m[Kinvalid operands of types ‘[01m[Kint[m[K’ and ‘[01m[Kdouble[m[K’ to binary ‘[01m[Koperator<<[m[K’
   46 |       if (r < threshold && [32m[Kg[m[K [01;31m[K<<[m[K [34m[Kthreshold[m[K && b < threshold)
      |                            [32m[K~[m[K [01;31m[K^~[m[K [34m[K~~~~~~~~~[m[K
      |                            [32m[K|[m[K    [34m[K|[m[K
      |                            [32m[Kint[m[K  [34m[Kdouble[m[K
[01m[K/home/nguyen-anh-dung/ros2_ws/src/robot/src/line_servoing_front.cpp:52:7:[m[K [01;31m[Kerror: [m[Kexpected ‘[01m[K([m[K’ before ‘[01m[K{[m[K’ token
   52 |       [01;31m[K{[m[K
      |       [01;31m[K^[m[K
[01m[K/home/nguyen-anh-dung/ros2_ws/src/robot/src/line_servoing_front.cpp:56:7:[m[K [01;31m[Kerror: [m[K‘[01m[Kelse[m[K’ without a previous ‘[01m[Kif[m[K’
   56 |       [01;31m[Kelse[m[K
      |       [01;31m[K^~~~[m[K
gmake[2]: *** [CMakeFiles/line_servoing_front.dir/build.make:76: CMakeFiles/line_servoing_front.dir/src/line_servoing_front.cpp.o] Error 1
gmake[1]: *** [CMakeFiles/Makefile2:279: CMakeFiles/line_servoing_front.dir/all] Error 2
gmake: *** [Makefile:146: all] Error 2
