[0.162s] DEBUG:colcon:Command line arguments: ['/usr/bin/colcon', 'build']
[0.163s] DEBUG:colcon:Parsed command line arguments: Namespace(log_base=None, log_level=None, verb_name='build', build_base='build', install_base='install', merge_install=False, symlink_install=False, test_result_base=None, continue_on_error=False, executor='parallel', parallel_workers=8, event_handlers=None, ignore_user_meta=False, metas=['./colcon.meta'], base_paths=['.'], packages_ignore=None, packages_ignore_regex=None, paths=None, packages_up_to=None, packages_up_to_regex=None, packages_above=None, packages_above_and_dependencies=None, packages_above_depth=None, packages_select_by_dep=None, packages_skip_by_dep=None, packages_skip_up_to=None, packages_select_build_failed=False, packages_skip_build_finished=False, packages_select_test_failures=False, packages_skip_test_passed=False, packages_select=None, packages_skip=None, packages_select_regex=None, packages_skip_regex=None, packages_start=None, packages_end=None, allow_overriding=[], cmake_args=None, cmake_target=None, cmake_target_skip_unavailable=False, cmake_clean_cache=False, cmake_clean_first=False, cmake_force_configure=False, ament_cmake_args=None, catkin_cmake_args=None, catkin_skip_building_tests=False, mixin_files=None, mixin=None, verb_parser=<colcon_mixin.mixin.mixin_argument.MixinArgumentDecorator object at 0x7add806bcb30>, verb_extension=<colcon_core.verb.build.BuildVerb object at 0x7add807d5130>, main=<bound method BuildVerb.main of <colcon_core.verb.build.BuildVerb object at 0x7add807d5130>>, mixin_verb=('build',))
[0.214s] Level 1:colcon.colcon_core.package_discovery:discover_packages(colcon_meta) check parameters
[0.214s] Level 1:colcon.colcon_core.package_discovery:discover_packages(recursive) check parameters
[0.214s] Level 1:colcon.colcon_core.package_discovery:discover_packages(ignore) check parameters
[0.214s] Level 1:colcon.colcon_core.package_discovery:discover_packages(path) check parameters
[0.214s] Level 1:colcon.colcon_core.package_discovery:discover_packages(colcon_meta) discover
[0.215s] Level 1:colcon.colcon_core.package_discovery:discover_packages(recursive) discover
[0.215s] INFO:colcon.colcon_core.package_discovery:Crawling recursively for packages in '/home/nguyen-anh-dung/ros2_ws'
[0.215s] Level 1:colcon.colcon_core.package_identification:_identify(.) by extensions ['ignore', 'ignore_ament_install']
[0.215s] Level 1:colcon.colcon_core.package_identification:_identify(.) by extension 'ignore'
[0.215s] Level 1:colcon.colcon_core.package_identification:_identify(.) by extension 'ignore_ament_install'
[0.215s] Level 1:colcon.colcon_core.package_identification:_identify(.) by extensions ['colcon_pkg']
[0.215s] Level 1:colcon.colcon_core.package_identification:_identify(.) by extension 'colcon_pkg'
[0.215s] Level 1:colcon.colcon_core.package_identification:_identify(.) by extensions ['colcon_meta']
[0.215s] Level 1:colcon.colcon_core.package_identification:_identify(.) by extension 'colcon_meta'
[0.215s] Level 1:colcon.colcon_core.package_identification:_identify(.) by extensions ['ros']
[0.215s] Level 1:colcon.colcon_core.package_identification:_identify(.) by extension 'ros'
[0.252s] Level 1:colcon.colcon_core.package_identification:_identify(.) by extensions ['cmake', 'python']
[0.252s] Level 1:colcon.colcon_core.package_identification:_identify(.) by extension 'cmake'
[0.252s] Level 1:colcon.colcon_core.package_identification:_identify(.) by extension 'python'
[0.252s] Level 1:colcon.colcon_core.package_identification:_identify(.) by extensions ['python_setup_py']
[0.252s] Level 1:colcon.colcon_core.package_identification:_identify(.) by extension 'python_setup_py'
[0.253s] Level 1:colcon.colcon_core.package_identification:_identify(build) by extensions ['ignore', 'ignore_ament_install']
[0.253s] Level 1:colcon.colcon_core.package_identification:_identify(build) by extension 'ignore'
[0.253s] Level 1:colcon.colcon_core.package_identification:_identify(build) ignored
[0.253s] Level 1:colcon.colcon_core.package_identification:_identify(install) by extensions ['ignore', 'ignore_ament_install']
[0.253s] Level 1:colcon.colcon_core.package_identification:_identify(install) by extension 'ignore'
[0.253s] Level 1:colcon.colcon_core.package_identification:_identify(install) ignored
[0.254s] Level 1:colcon.colcon_core.package_identification:_identify(log) by extensions ['ignore', 'ignore_ament_install']
[0.254s] Level 1:colcon.colcon_core.package_identification:_identify(log) by extension 'ignore'
[0.254s] Level 1:colcon.colcon_core.package_identification:_identify(log) ignored
[0.254s] Level 1:colcon.colcon_core.package_identification:_identify(src) by extensions ['ignore', 'ignore_ament_install']
[0.254s] Level 1:colcon.colcon_core.package_identification:_identify(src) by extension 'ignore'
[0.254s] Level 1:colcon.colcon_core.package_identification:_identify(src) by extension 'ignore_ament_install'
[0.254s] Level 1:colcon.colcon_core.package_identification:_identify(src) by extensions ['colcon_pkg']
[0.254s] Level 1:colcon.colcon_core.package_identification:_identify(src) by extension 'colcon_pkg'
[0.254s] Level 1:colcon.colcon_core.package_identification:_identify(src) by extensions ['colcon_meta']
[0.254s] Level 1:colcon.colcon_core.package_identification:_identify(src) by extension 'colcon_meta'
[0.254s] Level 1:colcon.colcon_core.package_identification:_identify(src) by extensions ['ros']
[0.254s] Level 1:colcon.colcon_core.package_identification:_identify(src) by extension 'ros'
[0.254s] Level 1:colcon.colcon_core.package_identification:_identify(src) by extensions ['cmake', 'python']
[0.255s] Level 1:colcon.colcon_core.package_identification:_identify(src) by extension 'cmake'
[0.255s] Level 1:colcon.colcon_core.package_identification:_identify(src) by extension 'python'
[0.255s] Level 1:colcon.colcon_core.package_identification:_identify(src) by extensions ['python_setup_py']
[0.255s] Level 1:colcon.colcon_core.package_identification:_identify(src) by extension 'python_setup_py'
[0.255s] Level 1:colcon.colcon_core.package_identification:_identify(src/robot) by extensions ['ignore', 'ignore_ament_install']
[0.255s] Level 1:colcon.colcon_core.package_identification:_identify(src/robot) by extension 'ignore'
[0.255s] Level 1:colcon.colcon_core.package_identification:_identify(src/robot) by extension 'ignore_ament_install'
[0.255s] Level 1:colcon.colcon_core.package_identification:_identify(src/robot) by extensions ['colcon_pkg']
[0.255s] Level 1:colcon.colcon_core.package_identification:_identify(src/robot) by extension 'colcon_pkg'
[0.255s] Level 1:colcon.colcon_core.package_identification:_identify(src/robot) by extensions ['colcon_meta']
[0.255s] Level 1:colcon.colcon_core.package_identification:_identify(src/robot) by extension 'colcon_meta'
[0.255s] Level 1:colcon.colcon_core.package_identification:_identify(src/robot) by extensions ['ros']
[0.255s] Level 1:colcon.colcon_core.package_identification:_identify(src/robot) by extension 'ros'
[0.259s] DEBUG:colcon.colcon_core.package_identification:Package 'src/robot' with type 'ros.ament_cmake' and name 'robot'
[0.259s] Level 1:colcon.colcon_core.package_identification:_identify(src/rover_client) by extensions ['ignore', 'ignore_ament_install']
[0.259s] Level 1:colcon.colcon_core.package_identification:_identify(src/rover_client) by extension 'ignore'
[0.259s] Level 1:colcon.colcon_core.package_identification:_identify(src/rover_client) by extension 'ignore_ament_install'
[0.259s] Level 1:colcon.colcon_core.package_identification:_identify(src/rover_client) by extensions ['colcon_pkg']
[0.259s] Level 1:colcon.colcon_core.package_identification:_identify(src/rover_client) by extension 'colcon_pkg'
[0.259s] Level 1:colcon.colcon_core.package_identification:_identify(src/rover_client) by extensions ['colcon_meta']
[0.259s] Level 1:colcon.colcon_core.package_identification:_identify(src/rover_client) by extension 'colcon_meta'
[0.260s] Level 1:colcon.colcon_core.package_identification:_identify(src/rover_client) by extensions ['ros']
[0.260s] Level 1:colcon.colcon_core.package_identification:_identify(src/rover_client) by extension 'ros'
[0.260s] DEBUG:colcon.colcon_core.package_identification:Package 'src/rover_client' with type 'ros.ament_python' and name 'roverc_client'
[0.261s] Level 1:colcon.colcon_core.package_identification:_identify(src/roverc) by extensions ['ignore', 'ignore_ament_install']
[0.261s] Level 1:colcon.colcon_core.package_identification:_identify(src/roverc) by extension 'ignore'
[0.261s] Level 1:colcon.colcon_core.package_identification:_identify(src/roverc) by extension 'ignore_ament_install'
[0.261s] Level 1:colcon.colcon_core.package_identification:_identify(src/roverc) by extensions ['colcon_pkg']
[0.261s] Level 1:colcon.colcon_core.package_identification:_identify(src/roverc) by extension 'colcon_pkg'
[0.261s] Level 1:colcon.colcon_core.package_identification:_identify(src/roverc) by extensions ['colcon_meta']
[0.261s] Level 1:colcon.colcon_core.package_identification:_identify(src/roverc) by extension 'colcon_meta'
[0.261s] Level 1:colcon.colcon_core.package_identification:_identify(src/roverc) by extensions ['ros']
[0.261s] Level 1:colcon.colcon_core.package_identification:_identify(src/roverc) by extension 'ros'
[0.262s] DEBUG:colcon.colcon_core.package_identification:Package 'src/roverc' with type 'ros.ament_cmake' and name 'roverc'
[0.262s] Level 1:colcon.colcon_core.package_discovery:discover_packages(recursive) using defaults
[0.262s] Level 1:colcon.colcon_core.package_discovery:discover_packages(ignore) discover
[0.262s] Level 1:colcon.colcon_core.package_discovery:discover_packages(ignore) using defaults
[0.262s] Level 1:colcon.colcon_core.package_discovery:discover_packages(path) discover
[0.263s] Level 1:colcon.colcon_core.package_discovery:discover_packages(path) using defaults
[0.288s] Level 1:colcon.colcon_core.package_discovery:discover_packages(prefix_path) check parameters
[0.288s] Level 1:colcon.colcon_core.package_discovery:discover_packages(prefix_path) discover
[0.290s] DEBUG:colcon.colcon_installed_package_information.package_discovery:Found 3 installed packages in /home/nguyen-anh-dung/ros2_ws/install
[0.292s] DEBUG:colcon.colcon_installed_package_information.package_discovery:Found 285 installed packages in /opt/ros/jazzy
[0.294s] Level 1:colcon.colcon_core.package_discovery:discover_packages(prefix_path) using defaults
[0.358s] Level 5:colcon.colcon_core.verb:set package 'roverc' build argument 'cmake_args' from command line to 'None'
[0.358s] Level 5:colcon.colcon_core.verb:set package 'roverc' build argument 'cmake_target' from command line to 'None'
[0.358s] Level 5:colcon.colcon_core.verb:set package 'roverc' build argument 'cmake_target_skip_unavailable' from command line to 'False'
[0.358s] Level 5:colcon.colcon_core.verb:set package 'roverc' build argument 'cmake_clean_cache' from command line to 'False'
[0.358s] Level 5:colcon.colcon_core.verb:set package 'roverc' build argument 'cmake_clean_first' from command line to 'False'
[0.358s] Level 5:colcon.colcon_core.verb:set package 'roverc' build argument 'cmake_force_configure' from command line to 'False'
[0.358s] Level 5:colcon.colcon_core.verb:set package 'roverc' build argument 'ament_cmake_args' from command line to 'None'
[0.358s] Level 5:colcon.colcon_core.verb:set package 'roverc' build argument 'catkin_cmake_args' from command line to 'None'
[0.358s] Level 5:colcon.colcon_core.verb:set package 'roverc' build argument 'catkin_skip_building_tests' from command line to 'False'
[0.358s] DEBUG:colcon.colcon_core.verb:Building package 'roverc' with the following arguments: {'ament_cmake_args': None, 'build_base': '/home/nguyen-anh-dung/ros2_ws/build/roverc', 'catkin_cmake_args': None, 'catkin_skip_building_tests': False, 'cmake_args': None, 'cmake_clean_cache': False, 'cmake_clean_first': False, 'cmake_force_configure': False, 'cmake_target': None, 'cmake_target_skip_unavailable': False, 'install_base': '/home/nguyen-anh-dung/ros2_ws/install/roverc', 'merge_install': False, 'path': '/home/nguyen-anh-dung/ros2_ws/src/roverc', 'symlink_install': False, 'test_result_base': None}
[0.358s] Level 5:colcon.colcon_core.verb:set package 'robot' build argument 'cmake_args' from command line to 'None'
[0.358s] Level 5:colcon.colcon_core.verb:set package 'robot' build argument 'cmake_target' from command line to 'None'
[0.358s] Level 5:colcon.colcon_core.verb:set package 'robot' build argument 'cmake_target_skip_unavailable' from command line to 'False'
[0.358s] Level 5:colcon.colcon_core.verb:set package 'robot' build argument 'cmake_clean_cache' from command line to 'False'
[0.358s] Level 5:colcon.colcon_core.verb:set package 'robot' build argument 'cmake_clean_first' from command line to 'False'
[0.359s] Level 5:colcon.colcon_core.verb:set package 'robot' build argument 'cmake_force_configure' from command line to 'False'
[0.359s] Level 5:colcon.colcon_core.verb:set package 'robot' build argument 'ament_cmake_args' from command line to 'None'
[0.359s] Level 5:colcon.colcon_core.verb:set package 'robot' build argument 'catkin_cmake_args' from command line to 'None'
[0.359s] Level 5:colcon.colcon_core.verb:set package 'robot' build argument 'catkin_skip_building_tests' from command line to 'False'
[0.359s] DEBUG:colcon.colcon_core.verb:Building package 'robot' with the following arguments: {'ament_cmake_args': None, 'build_base': '/home/nguyen-anh-dung/ros2_ws/build/robot', 'catkin_cmake_args': None, 'catkin_skip_building_tests': False, 'cmake_args': None, 'cmake_clean_cache': False, 'cmake_clean_first': False, 'cmake_force_configure': False, 'cmake_target': None, 'cmake_target_skip_unavailable': False, 'install_base': '/home/nguyen-anh-dung/ros2_ws/install/robot', 'merge_install': False, 'path': '/home/nguyen-anh-dung/ros2_ws/src/robot', 'symlink_install': False, 'test_result_base': None}
[0.359s] Level 5:colcon.colcon_core.verb:set package 'roverc_client' build argument 'cmake_args' from command line to 'None'
[0.359s] Level 5:colcon.colcon_core.verb:set package 'roverc_client' build argument 'cmake_target' from command line to 'None'
[0.359s] Level 5:colcon.colcon_core.verb:set package 'roverc_client' build argument 'cmake_target_skip_unavailable' from command line to 'False'
[0.359s] Level 5:colcon.colcon_core.verb:set package 'roverc_client' build argument 'cmake_clean_cache' from command line to 'False'
[0.359s] Level 5:colcon.colcon_core.verb:set package 'roverc_client' build argument 'cmake_clean_first' from command line to 'False'
[0.359s] Level 5:colcon.colcon_core.verb:set package 'roverc_client' build argument 'cmake_force_configure' from command line to 'False'
[0.359s] Level 5:colcon.colcon_core.verb:set package 'roverc_client' build argument 'ament_cmake_args' from command line to 'None'
[0.359s] Level 5:colcon.colcon_core.verb:set package 'roverc_client' build argument 'catkin_cmake_args' from command line to 'None'
[0.359s] Level 5:colcon.colcon_core.verb:set package 'roverc_client' build argument 'catkin_skip_building_tests' from command line to 'False'
[0.359s] DEBUG:colcon.colcon_core.verb:Building package 'roverc_client' with the following arguments: {'ament_cmake_args': None, 'build_base': '/home/nguyen-anh-dung/ros2_ws/build/roverc_client', 'catkin_cmake_args': None, 'catkin_skip_building_tests': False, 'cmake_args': None, 'cmake_clean_cache': False, 'cmake_clean_first': False, 'cmake_force_configure': False, 'cmake_target': None, 'cmake_target_skip_unavailable': False, 'install_base': '/home/nguyen-anh-dung/ros2_ws/install/roverc_client', 'merge_install': False, 'path': '/home/nguyen-anh-dung/ros2_ws/src/rover_client', 'symlink_install': False, 'test_result_base': None}
[0.359s] INFO:colcon.colcon_core.executor:Executing jobs using 'parallel' executor
[0.361s] DEBUG:colcon.colcon_parallel_executor.executor.parallel:run_until_complete
[0.361s] INFO:colcon.colcon_ros.task.ament_cmake.build:Building ROS package in '/home/nguyen-anh-dung/ros2_ws/src/roverc' with build type 'ament_cmake'
[0.361s] INFO:colcon.colcon_cmake.task.cmake.build:Building CMake package in '/home/nguyen-anh-dung/ros2_ws/src/roverc'
[0.364s] INFO:colcon.colcon_core.plugin_system:Skipping extension 'colcon_core.shell.bat': Not used on non-Windows systems
[0.364s] INFO:colcon.colcon_core.shell:Skip shell extension 'powershell' for command environment: Not usable outside of PowerShell
[0.364s] DEBUG:colcon.colcon_core.shell:Skip shell extension 'dsv' for command environment
[0.376s] DEBUG:colcon.colcon_core.event_handler.log_command:Invoking command in '/home/nguyen-anh-dung/ros2_ws/build/roverc': CMAKE_PREFIX_PATH=${CMAKE_PREFIX_PATH}:/home/nguyen-anh-dung/ros2_ws/install/roverc_client:/opt/ros/jazzy DEBUGINFOD_URLS=https://debuginfod.ubuntu.com /usr/bin/cmake --build /home/nguyen-anh-dung/ros2_ws/build/roverc -- -j8 -l8
[1.088s] DEBUG:colcon.colcon_core.event_handler.log_command:Invoked command in '/home/nguyen-anh-dung/ros2_ws/build/roverc' returned '0': CMAKE_PREFIX_PATH=${CMAKE_PREFIX_PATH}:/home/nguyen-anh-dung/ros2_ws/install/roverc_client:/opt/ros/jazzy DEBUGINFOD_URLS=https://debuginfod.ubuntu.com /usr/bin/cmake --build /home/nguyen-anh-dung/ros2_ws/build/roverc -- -j8 -l8
[1.100s] DEBUG:colcon.colcon_core.event_handler.log_command:Invoking command in '/home/nguyen-anh-dung/ros2_ws/build/roverc': CMAKE_PREFIX_PATH=${CMAKE_PREFIX_PATH}:/home/nguyen-anh-dung/ros2_ws/install/roverc_client:/opt/ros/jazzy DEBUGINFOD_URLS=https://debuginfod.ubuntu.com /usr/bin/cmake --install /home/nguyen-anh-dung/ros2_ws/build/roverc
[1.184s] Level 1:colcon.colcon_core.environment:create_environment_scripts_only(roverc)
[1.184s] DEBUG:colcon.colcon_core.event_handler.log_command:Invoked command in '/home/nguyen-anh-dung/ros2_ws/build/roverc' returned '0': CMAKE_PREFIX_PATH=${CMAKE_PREFIX_PATH}:/home/nguyen-anh-dung/ros2_ws/install/roverc_client:/opt/ros/jazzy DEBUGINFOD_URLS=https://debuginfod.ubuntu.com /usr/bin/cmake --install /home/nguyen-anh-dung/ros2_ws/build/roverc
[1.187s] Level 1:colcon.colcon_core.environment:checking '/home/nguyen-anh-dung/ros2_ws/install/roverc' for CMake module files
[1.188s] Level 1:colcon.colcon_core.environment:checking '/home/nguyen-anh-dung/ros2_ws/install/roverc' for CMake config files
[1.188s] Level 1:colcon.colcon_core.shell:create_environment_hook('roverc', 'cmake_prefix_path')
[1.188s] INFO:colcon.colcon_core.shell:Creating environment hook '/home/nguyen-anh-dung/ros2_ws/install/roverc/share/roverc/hook/cmake_prefix_path.ps1'
[1.189s] INFO:colcon.colcon_core.shell:Creating environment descriptor '/home/nguyen-anh-dung/ros2_ws/install/roverc/share/roverc/hook/cmake_prefix_path.dsv'
[1.190s] INFO:colcon.colcon_core.shell:Creating environment hook '/home/nguyen-anh-dung/ros2_ws/install/roverc/share/roverc/hook/cmake_prefix_path.sh'
[1.191s] Level 1:colcon.colcon_core.environment:checking '/home/nguyen-anh-dung/ros2_ws/install/roverc/lib'
[1.191s] Level 1:colcon.colcon_core.shell:create_environment_hook('roverc', 'ld_library_path_lib')
[1.191s] INFO:colcon.colcon_core.shell:Creating environment hook '/home/nguyen-anh-dung/ros2_ws/install/roverc/share/roverc/hook/ld_library_path_lib.ps1'
[1.192s] INFO:colcon.colcon_core.shell:Creating environment descriptor '/home/nguyen-anh-dung/ros2_ws/install/roverc/share/roverc/hook/ld_library_path_lib.dsv'
[1.192s] INFO:colcon.colcon_core.shell:Creating environment hook '/home/nguyen-anh-dung/ros2_ws/install/roverc/share/roverc/hook/ld_library_path_lib.sh'
[1.193s] Level 1:colcon.colcon_core.environment:checking '/home/nguyen-anh-dung/ros2_ws/install/roverc/bin'
[1.193s] Level 1:colcon.colcon_core.environment:checking '/home/nguyen-anh-dung/ros2_ws/install/roverc/lib/pkgconfig/roverc.pc'
[1.193s] Level 1:colcon.colcon_core.environment:checking '/home/nguyen-anh-dung/ros2_ws/install/roverc/lib/python3.12/site-packages'
[1.193s] Level 1:colcon.colcon_core.shell:create_environment_hook('roverc', 'pythonpath')
[1.193s] INFO:colcon.colcon_core.shell:Creating environment hook '/home/nguyen-anh-dung/ros2_ws/install/roverc/share/roverc/hook/pythonpath.ps1'
[1.194s] INFO:colcon.colcon_core.shell:Creating environment descriptor '/home/nguyen-anh-dung/ros2_ws/install/roverc/share/roverc/hook/pythonpath.dsv'
[1.194s] INFO:colcon.colcon_core.shell:Creating environment hook '/home/nguyen-anh-dung/ros2_ws/install/roverc/share/roverc/hook/pythonpath.sh'
[1.195s] Level 1:colcon.colcon_core.environment:checking '/home/nguyen-anh-dung/ros2_ws/install/roverc/bin'
[1.195s] INFO:colcon.colcon_core.shell:Creating package script '/home/nguyen-anh-dung/ros2_ws/install/roverc/share/roverc/package.ps1'
[1.196s] INFO:colcon.colcon_core.shell:Creating package descriptor '/home/nguyen-anh-dung/ros2_ws/install/roverc/share/roverc/package.dsv'
[1.197s] INFO:colcon.colcon_core.shell:Creating package script '/home/nguyen-anh-dung/ros2_ws/install/roverc/share/roverc/package.sh'
[1.198s] INFO:colcon.colcon_core.shell:Creating package script '/home/nguyen-anh-dung/ros2_ws/install/roverc/share/roverc/package.bash'
[1.199s] INFO:colcon.colcon_core.shell:Creating package script '/home/nguyen-anh-dung/ros2_ws/install/roverc/share/roverc/package.zsh'
[1.200s] Level 1:colcon.colcon_core.environment:create_file_with_runtime_dependencies(/home/nguyen-anh-dung/ros2_ws/install/roverc/share/colcon-core/packages/roverc)
[1.200s] Level 1:colcon.colcon_core.environment:create_environment_scripts_only(roverc)
[1.200s] Level 1:colcon.colcon_core.environment:checking '/home/nguyen-anh-dung/ros2_ws/install/roverc' for CMake module files
[1.201s] Level 1:colcon.colcon_core.environment:checking '/home/nguyen-anh-dung/ros2_ws/install/roverc' for CMake config files
[1.202s] Level 1:colcon.colcon_core.shell:create_environment_hook('roverc', 'cmake_prefix_path')
[1.202s] INFO:colcon.colcon_core.shell:Creating environment hook '/home/nguyen-anh-dung/ros2_ws/install/roverc/share/roverc/hook/cmake_prefix_path.ps1'
[1.202s] INFO:colcon.colcon_core.shell:Creating environment descriptor '/home/nguyen-anh-dung/ros2_ws/install/roverc/share/roverc/hook/cmake_prefix_path.dsv'
[1.203s] INFO:colcon.colcon_core.shell:Creating environment hook '/home/nguyen-anh-dung/ros2_ws/install/roverc/share/roverc/hook/cmake_prefix_path.sh'
[1.204s] Level 1:colcon.colcon_core.environment:checking '/home/nguyen-anh-dung/ros2_ws/install/roverc/lib'
[1.204s] Level 1:colcon.colcon_core.shell:create_environment_hook('roverc', 'ld_library_path_lib')
[1.204s] INFO:colcon.colcon_core.shell:Creating environment hook '/home/nguyen-anh-dung/ros2_ws/install/roverc/share/roverc/hook/ld_library_path_lib.ps1'
[1.205s] INFO:colcon.colcon_core.shell:Creating environment descriptor '/home/nguyen-anh-dung/ros2_ws/install/roverc/share/roverc/hook/ld_library_path_lib.dsv'
[1.205s] INFO:colcon.colcon_core.shell:Creating environment hook '/home/nguyen-anh-dung/ros2_ws/install/roverc/share/roverc/hook/ld_library_path_lib.sh'
[1.206s] Level 1:colcon.colcon_core.environment:checking '/home/nguyen-anh-dung/ros2_ws/install/roverc/bin'
[1.206s] Level 1:colcon.colcon_core.environment:checking '/home/nguyen-anh-dung/ros2_ws/install/roverc/lib/pkgconfig/roverc.pc'
[1.206s] Level 1:colcon.colcon_core.environment:checking '/home/nguyen-anh-dung/ros2_ws/install/roverc/lib/python3.12/site-packages'
[1.206s] Level 1:colcon.colcon_core.shell:create_environment_hook('roverc', 'pythonpath')
[1.206s] INFO:colcon.colcon_core.shell:Creating environment hook '/home/nguyen-anh-dung/ros2_ws/install/roverc/share/roverc/hook/pythonpath.ps1'
[1.207s] INFO:colcon.colcon_core.shell:Creating environment descriptor '/home/nguyen-anh-dung/ros2_ws/install/roverc/share/roverc/hook/pythonpath.dsv'
[1.207s] INFO:colcon.colcon_core.shell:Creating environment hook '/home/nguyen-anh-dung/ros2_ws/install/roverc/share/roverc/hook/pythonpath.sh'
[1.208s] Level 1:colcon.colcon_core.environment:checking '/home/nguyen-anh-dung/ros2_ws/install/roverc/bin'
[1.208s] INFO:colcon.colcon_core.shell:Creating package script '/home/nguyen-anh-dung/ros2_ws/install/roverc/share/roverc/package.ps1'
[1.209s] INFO:colcon.colcon_core.shell:Creating package descriptor '/home/nguyen-anh-dung/ros2_ws/install/roverc/share/roverc/package.dsv'
[1.210s] INFO:colcon.colcon_core.shell:Creating package script '/home/nguyen-anh-dung/ros2_ws/install/roverc/share/roverc/package.sh'
[1.210s] INFO:colcon.colcon_core.shell:Creating package script '/home/nguyen-anh-dung/ros2_ws/install/roverc/share/roverc/package.bash'
[1.211s] INFO:colcon.colcon_core.shell:Creating package script '/home/nguyen-anh-dung/ros2_ws/install/roverc/share/roverc/package.zsh'
[1.211s] Level 1:colcon.colcon_core.environment:create_file_with_runtime_dependencies(/home/nguyen-anh-dung/ros2_ws/install/roverc/share/colcon-core/packages/roverc)
[1.212s] INFO:colcon.colcon_ros.task.ament_cmake.build:Building ROS package in '/home/nguyen-anh-dung/ros2_ws/src/robot' with build type 'ament_cmake'
[1.212s] INFO:colcon.colcon_cmake.task.cmake.build:Building CMake package in '/home/nguyen-anh-dung/ros2_ws/src/robot'
[1.212s] INFO:colcon.colcon_core.shell:Skip shell extension 'powershell' for command environment: Not usable outside of PowerShell
[1.212s] DEBUG:colcon.colcon_core.shell:Skip shell extension 'dsv' for command environment
[1.217s] INFO:colcon.colcon_ros.task.ament_python.build:Building ROS package in '/home/nguyen-anh-dung/ros2_ws/src/rover_client' with build type 'ament_python'
[1.217s] Level 1:colcon.colcon_core.shell:create_environment_hook('roverc_client', 'ament_prefix_path')
[1.217s] INFO:colcon.colcon_core.shell:Creating environment hook '/home/nguyen-anh-dung/ros2_ws/install/roverc_client/share/roverc_client/hook/ament_prefix_path.ps1'
[1.218s] INFO:colcon.colcon_core.shell:Creating environment descriptor '/home/nguyen-anh-dung/ros2_ws/install/roverc_client/share/roverc_client/hook/ament_prefix_path.dsv'
[1.219s] INFO:colcon.colcon_core.shell:Creating environment hook '/home/nguyen-anh-dung/ros2_ws/install/roverc_client/share/roverc_client/hook/ament_prefix_path.sh'
[1.220s] INFO:colcon.colcon_core.shell:Skip shell extension 'powershell' for command environment: Not usable outside of PowerShell
[1.220s] DEBUG:colcon.colcon_core.shell:Skip shell extension 'dsv' for command environment
[1.230s] DEBUG:colcon.colcon_core.event_handler.log_command:Invoking command in '/home/nguyen-anh-dung/ros2_ws/build/robot': CMAKE_PREFIX_PATH=/home/nguyen-anh-dung/ros2_ws/install/roverc:/home/nguyen-anh-dung/ros2_ws/install/robot:/opt/ros/jazzy/opt/gz_math_vendor:/opt/ros/jazzy/opt/gz_utils_vendor:/opt/ros/jazzy/opt/gz_cmake_vendor:/home/nguyen-anh-dung/ros2_ws/install/roverc_client:/opt/ros/jazzy DEBUGINFOD_URLS=https://debuginfod.ubuntu.com PYTHONPATH=/home/nguyen-anh-dung/ros2_ws/install/roverc/lib/python3.12/site-packages:/home/nguyen-anh-dung/ros2_ws/install/roverc_client/lib/python3.12/site-packages:/opt/ros/jazzy/lib/python3.12/site-packages /usr/bin/cmake --build /home/nguyen-anh-dung/ros2_ws/build/robot -- -j8 -l8
[1.648s] INFO:colcon.colcon_core.task.python.build:Building Python package in '/home/nguyen-anh-dung/ros2_ws/src/rover_client'
[1.648s] INFO:colcon.colcon_core.shell:Skip shell extension 'powershell' for command environment: Not usable outside of PowerShell
[1.648s] DEBUG:colcon.colcon_core.shell:Skip shell extension 'dsv' for command environment
[2.814s] DEBUG:colcon.colcon_core.event_handler.log_command:Invoking command in '/home/nguyen-anh-dung/ros2_ws/src/rover_client': CMAKE_PREFIX_PATH=/home/nguyen-anh-dung/ros2_ws/install/roverc:/home/nguyen-anh-dung/ros2_ws/install/robot:/opt/ros/jazzy/opt/gz_math_vendor:/opt/ros/jazzy/opt/gz_utils_vendor:/opt/ros/jazzy/opt/gz_cmake_vendor DEBUGINFOD_URLS=https://debuginfod.ubuntu.com PYTHONPATH=/home/nguyen-anh-dung/ros2_ws/build/roverc_client/prefix_override:/usr/lib/python3/dist-packages/colcon_core/task/python/colcon_distutils_commands:/home/nguyen-anh-dung/ros2_ws/install/roverc_client/lib/python3.12/site-packages:/home/nguyen-anh-dung/ros2_ws/install/roverc/lib/python3.12/site-packages:/home/nguyen-anh-dung/ros2_ws/install/roverc_client/lib/python3.12/site-packages:/opt/ros/jazzy/lib/python3.12/site-packages /usr/bin/python3 -W ignore:setup.py install is deprecated -W ignore:easy_install command is deprecated setup.py egg_info --egg-base ../../build/roverc_client build --build-base /home/nguyen-anh-dung/ros2_ws/build/roverc_client/build install --record /home/nguyen-anh-dung/ros2_ws/build/roverc_client/install.log --single-version-externally-managed install_data
[3.902s] Level 1:colcon.colcon_core.environment:checking '/home/nguyen-anh-dung/ros2_ws/install/roverc_client' for CMake module files
[3.903s] DEBUG:colcon.colcon_core.event_handler.log_command:Invoked command in '/home/nguyen-anh-dung/ros2_ws/src/rover_client' returned '0': CMAKE_PREFIX_PATH=/home/nguyen-anh-dung/ros2_ws/install/roverc:/home/nguyen-anh-dung/ros2_ws/install/robot:/opt/ros/jazzy/opt/gz_math_vendor:/opt/ros/jazzy/opt/gz_utils_vendor:/opt/ros/jazzy/opt/gz_cmake_vendor DEBUGINFOD_URLS=https://debuginfod.ubuntu.com PYTHONPATH=/home/nguyen-anh-dung/ros2_ws/build/roverc_client/prefix_override:/usr/lib/python3/dist-packages/colcon_core/task/python/colcon_distutils_commands:/home/nguyen-anh-dung/ros2_ws/install/roverc_client/lib/python3.12/site-packages:/home/nguyen-anh-dung/ros2_ws/install/roverc/lib/python3.12/site-packages:/home/nguyen-anh-dung/ros2_ws/install/roverc_client/lib/python3.12/site-packages:/opt/ros/jazzy/lib/python3.12/site-packages /usr/bin/python3 -W ignore:setup.py install is deprecated -W ignore:easy_install command is deprecated setup.py egg_info --egg-base ../../build/roverc_client build --build-base /home/nguyen-anh-dung/ros2_ws/build/roverc_client/build install --record /home/nguyen-anh-dung/ros2_ws/build/roverc_client/install.log --single-version-externally-managed install_data
[3.904s] Level 1:colcon.colcon_core.environment:checking '/home/nguyen-anh-dung/ros2_ws/install/roverc_client' for CMake config files
[3.904s] Level 1:colcon.colcon_core.environment:checking '/home/nguyen-anh-dung/ros2_ws/install/roverc_client/lib'
[3.905s] Level 1:colcon.colcon_core.environment:checking '/home/nguyen-anh-dung/ros2_ws/install/roverc_client/bin'
[3.905s] Level 1:colcon.colcon_core.environment:checking '/home/nguyen-anh-dung/ros2_ws/install/roverc_client/lib/pkgconfig/roverc_client.pc'
[3.905s] Level 1:colcon.colcon_core.environment:checking '/home/nguyen-anh-dung/ros2_ws/install/roverc_client/lib/python3.12/site-packages'
[3.905s] Level 1:colcon.colcon_core.shell:create_environment_hook('roverc_client', 'pythonpath')
[3.906s] INFO:colcon.colcon_core.shell:Creating environment hook '/home/nguyen-anh-dung/ros2_ws/install/roverc_client/share/roverc_client/hook/pythonpath.ps1'
[3.906s] INFO:colcon.colcon_core.shell:Creating environment descriptor '/home/nguyen-anh-dung/ros2_ws/install/roverc_client/share/roverc_client/hook/pythonpath.dsv'
[3.907s] INFO:colcon.colcon_core.shell:Creating environment hook '/home/nguyen-anh-dung/ros2_ws/install/roverc_client/share/roverc_client/hook/pythonpath.sh'
[3.907s] Level 1:colcon.colcon_core.environment:checking '/home/nguyen-anh-dung/ros2_ws/install/roverc_client/bin'
[3.908s] Level 1:colcon.colcon_core.environment:create_environment_scripts_only(roverc_client)
[3.908s] INFO:colcon.colcon_core.shell:Creating package script '/home/nguyen-anh-dung/ros2_ws/install/roverc_client/share/roverc_client/package.ps1'
[3.909s] INFO:colcon.colcon_core.shell:Creating package descriptor '/home/nguyen-anh-dung/ros2_ws/install/roverc_client/share/roverc_client/package.dsv'
[3.909s] INFO:colcon.colcon_core.shell:Creating package script '/home/nguyen-anh-dung/ros2_ws/install/roverc_client/share/roverc_client/package.sh'
[3.910s] INFO:colcon.colcon_core.shell:Creating package script '/home/nguyen-anh-dung/ros2_ws/install/roverc_client/share/roverc_client/package.bash'
[3.910s] INFO:colcon.colcon_core.shell:Creating package script '/home/nguyen-anh-dung/ros2_ws/install/roverc_client/share/roverc_client/package.zsh'
[3.911s] Level 1:colcon.colcon_core.environment:create_file_with_runtime_dependencies(/home/nguyen-anh-dung/ros2_ws/install/roverc_client/share/colcon-core/packages/roverc_client)
[12.851s] DEBUG:colcon.colcon_core.event_handler.log_command:Invoked command in '/home/nguyen-anh-dung/ros2_ws/build/robot' returned '0': CMAKE_PREFIX_PATH=/home/nguyen-anh-dung/ros2_ws/install/roverc:/home/nguyen-anh-dung/ros2_ws/install/robot:/opt/ros/jazzy/opt/gz_math_vendor:/opt/ros/jazzy/opt/gz_utils_vendor:/opt/ros/jazzy/opt/gz_cmake_vendor:/home/nguyen-anh-dung/ros2_ws/install/roverc_client:/opt/ros/jazzy DEBUGINFOD_URLS=https://debuginfod.ubuntu.com PYTHONPATH=/home/nguyen-anh-dung/ros2_ws/install/roverc/lib/python3.12/site-packages:/home/nguyen-anh-dung/ros2_ws/install/roverc_client/lib/python3.12/site-packages:/opt/ros/jazzy/lib/python3.12/site-packages /usr/bin/cmake --build /home/nguyen-anh-dung/ros2_ws/build/robot -- -j8 -l8
[12.853s] DEBUG:colcon.colcon_core.event_handler.log_command:Invoking command in '/home/nguyen-anh-dung/ros2_ws/build/robot': CMAKE_PREFIX_PATH=/home/nguyen-anh-dung/ros2_ws/install/roverc:/home/nguyen-anh-dung/ros2_ws/install/robot:/opt/ros/jazzy/opt/gz_math_vendor:/opt/ros/jazzy/opt/gz_utils_vendor:/opt/ros/jazzy/opt/gz_cmake_vendor:/home/nguyen-anh-dung/ros2_ws/install/roverc_client:/opt/ros/jazzy DEBUGINFOD_URLS=https://debuginfod.ubuntu.com PYTHONPATH=/home/nguyen-anh-dung/ros2_ws/install/roverc/lib/python3.12/site-packages:/home/nguyen-anh-dung/ros2_ws/install/roverc_client/lib/python3.12/site-packages:/opt/ros/jazzy/lib/python3.12/site-packages /usr/bin/cmake --install /home/nguyen-anh-dung/ros2_ws/build/robot
[12.875s] Level 1:colcon.colcon_core.environment:create_environment_scripts_only(robot)
[12.875s] Level 1:colcon.colcon_core.environment:checking '/home/nguyen-anh-dung/ros2_ws/install/robot' for CMake module files
[12.876s] DEBUG:colcon.colcon_core.event_handler.log_command:Invoked command in '/home/nguyen-anh-dung/ros2_ws/build/robot' returned '0': CMAKE_PREFIX_PATH=/home/nguyen-anh-dung/ros2_ws/install/roverc:/home/nguyen-anh-dung/ros2_ws/install/robot:/opt/ros/jazzy/opt/gz_math_vendor:/opt/ros/jazzy/opt/gz_utils_vendor:/opt/ros/jazzy/opt/gz_cmake_vendor:/home/nguyen-anh-dung/ros2_ws/install/roverc_client:/opt/ros/jazzy DEBUGINFOD_URLS=https://debuginfod.ubuntu.com PYTHONPATH=/home/nguyen-anh-dung/ros2_ws/install/roverc/lib/python3.12/site-packages:/home/nguyen-anh-dung/ros2_ws/install/roverc_client/lib/python3.12/site-packages:/opt/ros/jazzy/lib/python3.12/site-packages /usr/bin/cmake --install /home/nguyen-anh-dung/ros2_ws/build/robot
[12.876s] Level 1:colcon.colcon_core.environment:checking '/home/nguyen-anh-dung/ros2_ws/install/robot' for CMake config files
[12.877s] Level 1:colcon.colcon_core.shell:create_environment_hook('robot', 'cmake_prefix_path')
[12.877s] INFO:colcon.colcon_core.shell:Creating environment hook '/home/nguyen-anh-dung/ros2_ws/install/robot/share/robot/hook/cmake_prefix_path.ps1'
[12.877s] INFO:colcon.colcon_core.shell:Creating environment descriptor '/home/nguyen-anh-dung/ros2_ws/install/robot/share/robot/hook/cmake_prefix_path.dsv'
[12.878s] INFO:colcon.colcon_core.shell:Creating environment hook '/home/nguyen-anh-dung/ros2_ws/install/robot/share/robot/hook/cmake_prefix_path.sh'
[12.879s] Level 1:colcon.colcon_core.environment:checking '/home/nguyen-anh-dung/ros2_ws/install/robot/lib'
[12.879s] Level 1:colcon.colcon_core.environment:checking '/home/nguyen-anh-dung/ros2_ws/install/robot/bin'
[12.879s] Level 1:colcon.colcon_core.environment:checking '/home/nguyen-anh-dung/ros2_ws/install/robot/lib/pkgconfig/robot.pc'
[12.879s] Level 1:colcon.colcon_core.environment:checking '/home/nguyen-anh-dung/ros2_ws/install/robot/lib/python3.12/site-packages'
[12.880s] Level 1:colcon.colcon_core.environment:checking '/home/nguyen-anh-dung/ros2_ws/install/robot/bin'
[12.880s] INFO:colcon.colcon_core.shell:Creating package script '/home/nguyen-anh-dung/ros2_ws/install/robot/share/robot/package.ps1'
[12.880s] INFO:colcon.colcon_core.shell:Creating package descriptor '/home/nguyen-anh-dung/ros2_ws/install/robot/share/robot/package.dsv'
[12.881s] INFO:colcon.colcon_core.shell:Creating package script '/home/nguyen-anh-dung/ros2_ws/install/robot/share/robot/package.sh'
[12.881s] INFO:colcon.colcon_core.shell:Creating package script '/home/nguyen-anh-dung/ros2_ws/install/robot/share/robot/package.bash'
[12.882s] INFO:colcon.colcon_core.shell:Creating package script '/home/nguyen-anh-dung/ros2_ws/install/robot/share/robot/package.zsh'
[12.882s] Level 1:colcon.colcon_core.environment:create_file_with_runtime_dependencies(/home/nguyen-anh-dung/ros2_ws/install/robot/share/colcon-core/packages/robot)
[12.883s] Level 1:colcon.colcon_core.environment:create_environment_scripts_only(robot)
[12.883s] Level 1:colcon.colcon_core.environment:checking '/home/nguyen-anh-dung/ros2_ws/install/robot' for CMake module files
[12.884s] Level 1:colcon.colcon_core.environment:checking '/home/nguyen-anh-dung/ros2_ws/install/robot' for CMake config files
[12.884s] Level 1:colcon.colcon_core.shell:create_environment_hook('robot', 'cmake_prefix_path')
[12.884s] INFO:colcon.colcon_core.shell:Creating environment hook '/home/nguyen-anh-dung/ros2_ws/install/robot/share/robot/hook/cmake_prefix_path.ps1'
[12.885s] INFO:colcon.colcon_core.shell:Creating environment descriptor '/home/nguyen-anh-dung/ros2_ws/install/robot/share/robot/hook/cmake_prefix_path.dsv'
[12.885s] INFO:colcon.colcon_core.shell:Creating environment hook '/home/nguyen-anh-dung/ros2_ws/install/robot/share/robot/hook/cmake_prefix_path.sh'
[12.886s] Level 1:colcon.colcon_core.environment:checking '/home/nguyen-anh-dung/ros2_ws/install/robot/lib'
[12.886s] Level 1:colcon.colcon_core.environment:checking '/home/nguyen-anh-dung/ros2_ws/install/robot/bin'
[12.886s] Level 1:colcon.colcon_core.environment:checking '/home/nguyen-anh-dung/ros2_ws/install/robot/lib/pkgconfig/robot.pc'
[12.887s] Level 1:colcon.colcon_core.environment:checking '/home/nguyen-anh-dung/ros2_ws/install/robot/lib/python3.12/site-packages'
[12.887s] Level 1:colcon.colcon_core.environment:checking '/home/nguyen-anh-dung/ros2_ws/install/robot/bin'
[12.887s] INFO:colcon.colcon_core.shell:Creating package script '/home/nguyen-anh-dung/ros2_ws/install/robot/share/robot/package.ps1'
[12.888s] INFO:colcon.colcon_core.shell:Creating package descriptor '/home/nguyen-anh-dung/ros2_ws/install/robot/share/robot/package.dsv'
[12.889s] INFO:colcon.colcon_core.shell:Creating package script '/home/nguyen-anh-dung/ros2_ws/install/robot/share/robot/package.sh'
[12.889s] INFO:colcon.colcon_core.shell:Creating package script '/home/nguyen-anh-dung/ros2_ws/install/robot/share/robot/package.bash'
[12.890s] INFO:colcon.colcon_core.shell:Creating package script '/home/nguyen-anh-dung/ros2_ws/install/robot/share/robot/package.zsh'
[12.890s] Level 1:colcon.colcon_core.environment:create_file_with_runtime_dependencies(/home/nguyen-anh-dung/ros2_ws/install/robot/share/colcon-core/packages/robot)
[12.891s] DEBUG:colcon.colcon_parallel_executor.executor.parallel:closing loop
[12.891s] DEBUG:colcon.colcon_parallel_executor.executor.parallel:loop closed
[12.892s] DEBUG:colcon.colcon_parallel_executor.executor.parallel:run_until_complete finished with '0'
[12.892s] DEBUG:colcon.colcon_core.event_reactor:joining thread
[12.900s] INFO:colcon.colcon_core.plugin_system:Skipping extension 'colcon_notification.desktop_notification.terminal_notifier': Not used on non-Darwin systems
[12.901s] INFO:colcon.colcon_core.plugin_system:Skipping extension 'colcon_notification.desktop_notification.win32': Not used on non-Windows systems
[12.901s] INFO:colcon.colcon_notification.desktop_notification:Sending desktop notification using 'notify2'
[12.919s] DEBUG:colcon.colcon_core.event_reactor:joined thread
[12.919s] INFO:colcon.colcon_core.shell:Creating prefix script '/home/nguyen-anh-dung/ros2_ws/install/local_setup.ps1'
[12.920s] INFO:colcon.colcon_core.shell:Creating prefix util module '/home/nguyen-anh-dung/ros2_ws/install/_local_setup_util_ps1.py'
[12.922s] INFO:colcon.colcon_core.shell:Creating prefix chain script '/home/nguyen-anh-dung/ros2_ws/install/setup.ps1'
[12.923s] INFO:colcon.colcon_core.shell:Creating prefix script '/home/nguyen-anh-dung/ros2_ws/install/local_setup.sh'
[12.924s] INFO:colcon.colcon_core.shell:Creating prefix util module '/home/nguyen-anh-dung/ros2_ws/install/_local_setup_util_sh.py'
[12.925s] INFO:colcon.colcon_core.shell:Creating prefix chain script '/home/nguyen-anh-dung/ros2_ws/install/setup.sh'
[12.926s] INFO:colcon.colcon_core.shell:Creating prefix script '/home/nguyen-anh-dung/ros2_ws/install/local_setup.bash'
[12.927s] INFO:colcon.colcon_core.shell:Creating prefix chain script '/home/nguyen-anh-dung/ros2_ws/install/setup.bash'
[12.928s] INFO:colcon.colcon_core.shell:Creating prefix script '/home/nguyen-anh-dung/ros2_ws/install/local_setup.zsh'
[12.929s] INFO:colcon.colcon_core.shell:Creating prefix chain script '/home/nguyen-anh-dung/ros2_ws/install/setup.zsh'
