[0.014s] Invoking command in '/home/nguyen-anh-dung/ros2_ws/build/roverc': CMAKE_PREFIX_PATH=${CMAKE_PREFIX_PATH}:/home/nguyen-anh-dung/ros2_ws/install/roverc_client:/opt/ros/jazzy DEBUGINFOD_URLS=https://debuginfod.ubuntu.com /usr/bin/cmake --build /home/nguyen-anh-dung/ros2_ws/build/roverc -- -j8 -l8
[0.073s] [  2%] Built target roverc__rosidl_generator_type_description
[0.084s] [  2%] Built target ament_cmake_python_copy_roverc
[0.096s] [  4%] Built target roverc__cpp
[0.097s] [ 22%] Built target roverc__rosidl_generator_c
[0.130s] [ 31%] Built target roverc__rosidl_typesupport_introspection_c
[0.133s] [ 50%] Built target roverc__rosidl_typesupport_c
[0.134s] [ 50%] Built target roverc__rosidl_typesupport_cpp
[0.135s] [ 63%] Built target roverc__rosidl_typesupport_introspection_cpp
[0.136s] [ 68%] Built target roverc__rosidl_typesupport_fastrtps_c
[0.136s] [ 77%] Built target roverc__rosidl_typesupport_fastrtps_cpp
[0.160s] [ 77%] Built target roverc
[0.183s] [ 79%] Built target roverc__py
[0.211s] [ 86%] Built target roverc__rosidl_generator_py
[0.238s] [100%] Built target roverc_s__rosidl_typesupport_introspection_c
[0.238s] [100%] Built target roverc_s__rosidl_typesupport_fastrtps_c
[0.238s] [100%] Built target roverc_s__rosidl_typesupport_c
[0.523s] running egg_info
[0.569s] writing roverc.egg-info/PKG-INFO
[0.569s] writing dependency_links to roverc.egg-info/dependency_links.txt
[0.570s] writing top-level names to roverc.egg-info/top_level.txt
[0.704s] reading manifest file 'roverc.egg-info/SOURCES.txt'
[0.705s] writing manifest file 'roverc.egg-info/SOURCES.txt'
[0.740s] [100%] Built target ament_cmake_python_build_roverc_egg
[0.755s] Invoked command in '/home/nguyen-anh-dung/ros2_ws/build/roverc' returned '0': CMAKE_PREFIX_PATH=${CMAKE_PREFIX_PATH}:/home/nguyen-anh-dung/ros2_ws/install/roverc_client:/opt/ros/jazzy DEBUGINFOD_URLS=https://debuginfod.ubuntu.com /usr/bin/cmake --build /home/nguyen-anh-dung/ros2_ws/build/roverc -- -j8 -l8
[0.767s] Invoking command in '/home/nguyen-anh-dung/ros2_ws/build/roverc': CMAKE_PREFIX_PATH=${CMAKE_PREFIX_PATH}:/home/nguyen-anh-dung/ros2_ws/install/roverc_client:/opt/ros/jazzy DEBUGINFOD_URLS=https://debuginfod.ubuntu.com /usr/bin/cmake --install /home/nguyen-anh-dung/ros2_ws/build/roverc
[0.777s] -- Install configuration: ""
[0.777s] -- Up-to-date: /home/nguyen-anh-dung/ros2_ws/install/roverc/share/ament_index/resource_index/rosidl_interfaces/roverc
[0.778s] -- Up-to-date: /home/nguyen-anh-dung/ros2_ws/install/roverc/share/roverc/msg/RGB.json
[0.778s] -- Up-to-date: /home/nguyen-anh-dung/ros2_ws/install/roverc/share/roverc/msg/WheelSpeed.json
[0.778s] -- Up-to-date: /home/nguyen-anh-dung/ros2_ws/install/roverc/include/roverc/roverc
[0.778s] -- Up-to-date: /home/nguyen-anh-dung/ros2_ws/install/roverc/include/roverc/roverc/msg
[0.778s] -- Up-to-date: /home/nguyen-anh-dung/ros2_ws/install/roverc/include/roverc/roverc/msg/detail
[0.778s] -- Up-to-date: /home/nguyen-anh-dung/ros2_ws/install/roverc/include/roverc/roverc/msg/detail/rgb__struct.h
[0.779s] -- Up-to-date: /home/nguyen-anh-dung/ros2_ws/install/roverc/include/roverc/roverc/msg/detail/wheel_speed__description.c
[0.779s] -- Up-to-date: /home/nguyen-anh-dung/ros2_ws/install/roverc/include/roverc/roverc/msg/detail/rgb__description.c
[0.779s] -- Up-to-date: /home/nguyen-anh-dung/ros2_ws/install/roverc/include/roverc/roverc/msg/detail/rgb__functions.c
[0.779s] -- Up-to-date: /home/nguyen-anh-dung/ros2_ws/install/roverc/include/roverc/roverc/msg/detail/rgb__functions.h
[0.779s] -- Up-to-date: /home/nguyen-anh-dung/ros2_ws/install/roverc/include/roverc/roverc/msg/detail/rgb__type_support.c
[0.779s] -- Up-to-date: /home/nguyen-anh-dung/ros2_ws/install/roverc/include/roverc/roverc/msg/detail/rgb__type_support.h
[0.779s] -- Up-to-date: /home/nguyen-anh-dung/ros2_ws/install/roverc/include/roverc/roverc/msg/detail/wheel_speed__type_support.c
[0.780s] -- Up-to-date: /home/nguyen-anh-dung/ros2_ws/install/roverc/include/roverc/roverc/msg/detail/wheel_speed__type_support.h
[0.780s] -- Up-to-date: /home/nguyen-anh-dung/ros2_ws/install/roverc/include/roverc/roverc/msg/detail/wheel_speed__functions.h
[0.780s] -- Up-to-date: /home/nguyen-anh-dung/ros2_ws/install/roverc/include/roverc/roverc/msg/detail/wheel_speed__struct.h
[0.780s] -- Up-to-date: /home/nguyen-anh-dung/ros2_ws/install/roverc/include/roverc/roverc/msg/detail/wheel_speed__functions.c
[0.780s] -- Up-to-date: /home/nguyen-anh-dung/ros2_ws/install/roverc/include/roverc/roverc/msg/rgb.h
[0.780s] -- Up-to-date: /home/nguyen-anh-dung/ros2_ws/install/roverc/include/roverc/roverc/msg/wheel_speed.h
[0.781s] -- Up-to-date: /home/nguyen-anh-dung/ros2_ws/install/roverc/include/roverc/roverc/msg/rosidl_generator_c__visibility_control.h
[0.781s] -- Up-to-date: /home/nguyen-anh-dung/ros2_ws/install/roverc/share/roverc/environment/library_path.sh
[0.781s] -- Up-to-date: /home/nguyen-anh-dung/ros2_ws/install/roverc/share/roverc/environment/library_path.dsv
[0.781s] -- Up-to-date: /home/nguyen-anh-dung/ros2_ws/install/roverc/lib/libroverc__rosidl_generator_c.so
[0.781s] -- Up-to-date: /home/nguyen-anh-dung/ros2_ws/install/roverc/include/roverc/roverc
[0.781s] -- Up-to-date: /home/nguyen-anh-dung/ros2_ws/install/roverc/include/roverc/roverc/msg
[0.781s] -- Up-to-date: /home/nguyen-anh-dung/ros2_ws/install/roverc/include/roverc/roverc/msg/detail
[0.782s] -- Up-to-date: /home/nguyen-anh-dung/ros2_ws/install/roverc/include/roverc/roverc/msg/detail/wheel_speed__rosidl_typesupport_fastrtps_c.h
[0.782s] -- Up-to-date: /home/nguyen-anh-dung/ros2_ws/install/roverc/include/roverc/roverc/msg/detail/rgb__rosidl_typesupport_fastrtps_c.h
[0.782s] -- Up-to-date: /home/nguyen-anh-dung/ros2_ws/install/roverc/include/roverc/roverc/msg/rosidl_typesupport_fastrtps_c__visibility_control.h
[0.782s] -- Up-to-date: /home/nguyen-anh-dung/ros2_ws/install/roverc/lib/libroverc__rosidl_typesupport_fastrtps_c.so
[0.782s] -- Up-to-date: /home/nguyen-anh-dung/ros2_ws/install/roverc/include/roverc/roverc
[0.782s] -- Up-to-date: /home/nguyen-anh-dung/ros2_ws/install/roverc/include/roverc/roverc/msg
[0.782s] -- Up-to-date: /home/nguyen-anh-dung/ros2_ws/install/roverc/include/roverc/roverc/msg/rosidl_typesupport_introspection_c__visibility_control.h
[0.783s] -- Up-to-date: /home/nguyen-anh-dung/ros2_ws/install/roverc/include/roverc/roverc/msg/detail
[0.783s] -- Up-to-date: /home/nguyen-anh-dung/ros2_ws/install/roverc/include/roverc/roverc/msg/detail/wheel_speed__rosidl_typesupport_introspection_c.h
[0.783s] -- Up-to-date: /home/nguyen-anh-dung/ros2_ws/install/roverc/include/roverc/roverc/msg/detail/rgb__type_support.c
[0.783s] -- Up-to-date: /home/nguyen-anh-dung/ros2_ws/install/roverc/include/roverc/roverc/msg/detail/wheel_speed__type_support.c
[0.783s] -- Up-to-date: /home/nguyen-anh-dung/ros2_ws/install/roverc/include/roverc/roverc/msg/detail/rgb__rosidl_typesupport_introspection_c.h
[0.783s] -- Up-to-date: /home/nguyen-anh-dung/ros2_ws/install/roverc/lib/libroverc__rosidl_typesupport_introspection_c.so
[0.783s] -- Up-to-date: /home/nguyen-anh-dung/ros2_ws/install/roverc/lib/libroverc__rosidl_typesupport_c.so
[0.784s] -- Up-to-date: /home/nguyen-anh-dung/ros2_ws/install/roverc/include/roverc/roverc
[0.784s] -- Up-to-date: /home/nguyen-anh-dung/ros2_ws/install/roverc/include/roverc/roverc/msg
[0.784s] -- Up-to-date: /home/nguyen-anh-dung/ros2_ws/install/roverc/include/roverc/roverc/msg/detail
[0.784s] -- Up-to-date: /home/nguyen-anh-dung/ros2_ws/install/roverc/include/roverc/roverc/msg/detail/rgb__traits.hpp
[0.784s] -- Up-to-date: /home/nguyen-anh-dung/ros2_ws/install/roverc/include/roverc/roverc/msg/detail/rgb__type_support.hpp
[0.784s] -- Up-to-date: /home/nguyen-anh-dung/ros2_ws/install/roverc/include/roverc/roverc/msg/detail/wheel_speed__builder.hpp
[0.784s] -- Up-to-date: /home/nguyen-anh-dung/ros2_ws/install/roverc/include/roverc/roverc/msg/detail/wheel_speed__struct.hpp
[0.785s] -- Up-to-date: /home/nguyen-anh-dung/ros2_ws/install/roverc/include/roverc/roverc/msg/detail/wheel_speed__traits.hpp
[0.785s] -- Up-to-date: /home/nguyen-anh-dung/ros2_ws/install/roverc/include/roverc/roverc/msg/detail/wheel_speed__type_support.hpp
[0.785s] -- Up-to-date: /home/nguyen-anh-dung/ros2_ws/install/roverc/include/roverc/roverc/msg/detail/rgb__builder.hpp
[0.785s] -- Up-to-date: /home/nguyen-anh-dung/ros2_ws/install/roverc/include/roverc/roverc/msg/detail/rgb__struct.hpp
[0.785s] -- Up-to-date: /home/nguyen-anh-dung/ros2_ws/install/roverc/include/roverc/roverc/msg/wheel_speed.hpp
[0.785s] -- Up-to-date: /home/nguyen-anh-dung/ros2_ws/install/roverc/include/roverc/roverc/msg/rosidl_generator_cpp__visibility_control.hpp
[0.785s] -- Up-to-date: /home/nguyen-anh-dung/ros2_ws/install/roverc/include/roverc/roverc/msg/rgb.hpp
[0.785s] -- Up-to-date: /home/nguyen-anh-dung/ros2_ws/install/roverc/include/roverc/roverc
[0.785s] -- Up-to-date: /home/nguyen-anh-dung/ros2_ws/install/roverc/include/roverc/roverc/msg
[0.785s] -- Up-to-date: /home/nguyen-anh-dung/ros2_ws/install/roverc/include/roverc/roverc/msg/detail
[0.786s] -- Up-to-date: /home/nguyen-anh-dung/ros2_ws/install/roverc/include/roverc/roverc/msg/detail/rgb__rosidl_typesupport_fastrtps_cpp.hpp
[0.786s] -- Up-to-date: /home/nguyen-anh-dung/ros2_ws/install/roverc/include/roverc/roverc/msg/detail/wheel_speed__rosidl_typesupport_fastrtps_cpp.hpp
[0.786s] -- Up-to-date: /home/nguyen-anh-dung/ros2_ws/install/roverc/include/roverc/roverc/msg/detail/dds_fastrtps
[0.786s] -- Up-to-date: /home/nguyen-anh-dung/ros2_ws/install/roverc/include/roverc/roverc/msg/rosidl_typesupport_fastrtps_cpp__visibility_control.h
[0.786s] -- Up-to-date: /home/nguyen-anh-dung/ros2_ws/install/roverc/lib/libroverc__rosidl_typesupport_fastrtps_cpp.so
[0.786s] -- Up-to-date: /home/nguyen-anh-dung/ros2_ws/install/roverc/include/roverc/roverc
[0.786s] -- Up-to-date: /home/nguyen-anh-dung/ros2_ws/install/roverc/include/roverc/roverc/msg
[0.786s] -- Up-to-date: /home/nguyen-anh-dung/ros2_ws/install/roverc/include/roverc/roverc/msg/detail
[0.786s] -- Up-to-date: /home/nguyen-anh-dung/ros2_ws/install/roverc/include/roverc/roverc/msg/detail/wheel_speed__rosidl_typesupport_introspection_cpp.hpp
[0.786s] -- Up-to-date: /home/nguyen-anh-dung/ros2_ws/install/roverc/include/roverc/roverc/msg/detail/wheel_speed__type_support.cpp
[0.787s] -- Up-to-date: /home/nguyen-anh-dung/ros2_ws/install/roverc/include/roverc/roverc/msg/detail/rgb__rosidl_typesupport_introspection_cpp.hpp
[0.787s] -- Up-to-date: /home/nguyen-anh-dung/ros2_ws/install/roverc/include/roverc/roverc/msg/detail/rgb__type_support.cpp
[0.787s] -- Up-to-date: /home/nguyen-anh-dung/ros2_ws/install/roverc/lib/libroverc__rosidl_typesupport_introspection_cpp.so
[0.787s] -- Up-to-date: /home/nguyen-anh-dung/ros2_ws/install/roverc/lib/libroverc__rosidl_typesupport_cpp.so
[0.787s] -- Up-to-date: /home/nguyen-anh-dung/ros2_ws/install/roverc/share/roverc/environment/pythonpath.sh
[0.787s] -- Up-to-date: /home/nguyen-anh-dung/ros2_ws/install/roverc/share/roverc/environment/pythonpath.dsv
[0.787s] -- Up-to-date: /home/nguyen-anh-dung/ros2_ws/install/roverc/lib/python3.12/site-packages/roverc-0.0.0-py3.12.egg-info
[0.787s] -- Installing: /home/nguyen-anh-dung/ros2_ws/install/roverc/lib/python3.12/site-packages/roverc-0.0.0-py3.12.egg-info/dependency_links.txt
[0.787s] -- Installing: /home/nguyen-anh-dung/ros2_ws/install/roverc/lib/python3.12/site-packages/roverc-0.0.0-py3.12.egg-info/top_level.txt
[0.787s] -- Installing: /home/nguyen-anh-dung/ros2_ws/install/roverc/lib/python3.12/site-packages/roverc-0.0.0-py3.12.egg-info/SOURCES.txt
[0.787s] -- Installing: /home/nguyen-anh-dung/ros2_ws/install/roverc/lib/python3.12/site-packages/roverc-0.0.0-py3.12.egg-info/PKG-INFO
[0.788s] -- Up-to-date: /home/nguyen-anh-dung/ros2_ws/install/roverc/lib/python3.12/site-packages/roverc
[0.788s] -- Up-to-date: /home/nguyen-anh-dung/ros2_ws/install/roverc/lib/python3.12/site-packages/roverc/roverc_s__rosidl_typesupport_fastrtps_c.so
[0.788s] -- Up-to-date: /home/nguyen-anh-dung/ros2_ws/install/roverc/lib/python3.12/site-packages/roverc/roverc_s__rosidl_typesupport_c.so
[0.788s] -- Up-to-date: /home/nguyen-anh-dung/ros2_ws/install/roverc/lib/python3.12/site-packages/roverc/_roverc_s.ep.rosidl_typesupport_c.c
[0.788s] -- Up-to-date: /home/nguyen-anh-dung/ros2_ws/install/roverc/lib/python3.12/site-packages/roverc/msg
[0.788s] -- Up-to-date: /home/nguyen-anh-dung/ros2_ws/install/roverc/lib/python3.12/site-packages/roverc/msg/_rgb.py
[0.788s] -- Up-to-date: /home/nguyen-anh-dung/ros2_ws/install/roverc/lib/python3.12/site-packages/roverc/msg/_wheel_speed_s.c
[0.788s] -- Up-to-date: /home/nguyen-anh-dung/ros2_ws/install/roverc/lib/python3.12/site-packages/roverc/msg/_wheel_speed.py
[0.788s] -- Up-to-date: /home/nguyen-anh-dung/ros2_ws/install/roverc/lib/python3.12/site-packages/roverc/msg/_rgb_s.c
[0.788s] -- Up-to-date: /home/nguyen-anh-dung/ros2_ws/install/roverc/lib/python3.12/site-packages/roverc/msg/__init__.py
[0.789s] -- Up-to-date: /home/nguyen-anh-dung/ros2_ws/install/roverc/lib/python3.12/site-packages/roverc/_roverc_s.ep.rosidl_typesupport_introspection_c.c
[0.789s] -- Up-to-date: /home/nguyen-anh-dung/ros2_ws/install/roverc/lib/python3.12/site-packages/roverc/__init__.py
[0.789s] -- Up-to-date: /home/nguyen-anh-dung/ros2_ws/install/roverc/lib/python3.12/site-packages/roverc/_roverc_s.ep.rosidl_typesupport_fastrtps_c.c
[0.789s] -- Up-to-date: /home/nguyen-anh-dung/ros2_ws/install/roverc/lib/python3.12/site-packages/roverc/roverc_s__rosidl_typesupport_introspection_c.so
[0.833s] Listing '/home/nguyen-anh-dung/ros2_ws/install/roverc/lib/python3.12/site-packages/roverc'...
[0.833s] Listing '/home/nguyen-anh-dung/ros2_ws/install/roverc/lib/python3.12/site-packages/roverc/msg'...
[0.840s] -- Up-to-date: /home/nguyen-anh-dung/ros2_ws/install/roverc/lib/python3.12/site-packages/roverc/roverc_s__rosidl_typesupport_fastrtps_c.so
[0.840s] -- Up-to-date: /home/nguyen-anh-dung/ros2_ws/install/roverc/lib/python3.12/site-packages/roverc/roverc_s__rosidl_typesupport_introspection_c.so
[0.840s] -- Up-to-date: /home/nguyen-anh-dung/ros2_ws/install/roverc/lib/python3.12/site-packages/roverc/roverc_s__rosidl_typesupport_c.so
[0.841s] -- Up-to-date: /home/nguyen-anh-dung/ros2_ws/install/roverc/lib/libroverc__rosidl_generator_py.so
[0.841s] -- Up-to-date: /home/nguyen-anh-dung/ros2_ws/install/roverc/share/roverc/msg/RGB.idl
[0.841s] -- Up-to-date: /home/nguyen-anh-dung/ros2_ws/install/roverc/share/roverc/msg/WheelSpeed.idl
[0.841s] -- Up-to-date: /home/nguyen-anh-dung/ros2_ws/install/roverc/share/roverc/msg/RGB.msg
[0.841s] -- Up-to-date: /home/nguyen-anh-dung/ros2_ws/install/roverc/share/roverc/msg/WheelSpeed.msg
[0.842s] -- Up-to-date: /home/nguyen-anh-dung/ros2_ws/install/roverc/share/ament_index/resource_index/package_run_dependencies/roverc
[0.842s] -- Up-to-date: /home/nguyen-anh-dung/ros2_ws/install/roverc/share/ament_index/resource_index/parent_prefix_path/roverc
[0.842s] -- Up-to-date: /home/nguyen-anh-dung/ros2_ws/install/roverc/share/roverc/environment/ament_prefix_path.sh
[0.842s] -- Up-to-date: /home/nguyen-anh-dung/ros2_ws/install/roverc/share/roverc/environment/ament_prefix_path.dsv
[0.842s] -- Up-to-date: /home/nguyen-anh-dung/ros2_ws/install/roverc/share/roverc/environment/path.sh
[0.842s] -- Up-to-date: /home/nguyen-anh-dung/ros2_ws/install/roverc/share/roverc/environment/path.dsv
[0.843s] -- Up-to-date: /home/nguyen-anh-dung/ros2_ws/install/roverc/share/roverc/local_setup.bash
[0.843s] -- Up-to-date: /home/nguyen-anh-dung/ros2_ws/install/roverc/share/roverc/local_setup.sh
[0.843s] -- Up-to-date: /home/nguyen-anh-dung/ros2_ws/install/roverc/share/roverc/local_setup.zsh
[0.843s] -- Up-to-date: /home/nguyen-anh-dung/ros2_ws/install/roverc/share/roverc/local_setup.dsv
[0.843s] -- Installing: /home/nguyen-anh-dung/ros2_ws/install/roverc/share/roverc/package.dsv
[0.843s] -- Up-to-date: /home/nguyen-anh-dung/ros2_ws/install/roverc/share/ament_index/resource_index/packages/roverc
[0.844s] -- Up-to-date: /home/nguyen-anh-dung/ros2_ws/install/roverc/share/roverc/cmake/export_roverc__rosidl_generator_cExport.cmake
[0.844s] -- Up-to-date: /home/nguyen-anh-dung/ros2_ws/install/roverc/share/roverc/cmake/export_roverc__rosidl_generator_cExport-noconfig.cmake
[0.844s] -- Up-to-date: /home/nguyen-anh-dung/ros2_ws/install/roverc/share/roverc/cmake/export_roverc__rosidl_typesupport_fastrtps_cExport.cmake
[0.844s] -- Up-to-date: /home/nguyen-anh-dung/ros2_ws/install/roverc/share/roverc/cmake/export_roverc__rosidl_typesupport_fastrtps_cExport-noconfig.cmake
[0.844s] -- Up-to-date: /home/nguyen-anh-dung/ros2_ws/install/roverc/share/roverc/cmake/roverc__rosidl_typesupport_introspection_cExport.cmake
[0.844s] -- Up-to-date: /home/nguyen-anh-dung/ros2_ws/install/roverc/share/roverc/cmake/roverc__rosidl_typesupport_introspection_cExport-noconfig.cmake
[0.844s] -- Up-to-date: /home/nguyen-anh-dung/ros2_ws/install/roverc/share/roverc/cmake/roverc__rosidl_typesupport_cExport.cmake
[0.844s] -- Up-to-date: /home/nguyen-anh-dung/ros2_ws/install/roverc/share/roverc/cmake/roverc__rosidl_typesupport_cExport-noconfig.cmake
[0.844s] -- Up-to-date: /home/nguyen-anh-dung/ros2_ws/install/roverc/share/roverc/cmake/export_roverc__rosidl_generator_cppExport.cmake
[0.845s] -- Up-to-date: /home/nguyen-anh-dung/ros2_ws/install/roverc/share/roverc/cmake/export_roverc__rosidl_typesupport_fastrtps_cppExport.cmake
[0.845s] -- Up-to-date: /home/nguyen-anh-dung/ros2_ws/install/roverc/share/roverc/cmake/export_roverc__rosidl_typesupport_fastrtps_cppExport-noconfig.cmake
[0.845s] -- Up-to-date: /home/nguyen-anh-dung/ros2_ws/install/roverc/share/roverc/cmake/roverc__rosidl_typesupport_introspection_cppExport.cmake
[0.845s] -- Up-to-date: /home/nguyen-anh-dung/ros2_ws/install/roverc/share/roverc/cmake/roverc__rosidl_typesupport_introspection_cppExport-noconfig.cmake
[0.845s] -- Up-to-date: /home/nguyen-anh-dung/ros2_ws/install/roverc/share/roverc/cmake/roverc__rosidl_typesupport_cppExport.cmake
[0.845s] -- Up-to-date: /home/nguyen-anh-dung/ros2_ws/install/roverc/share/roverc/cmake/roverc__rosidl_typesupport_cppExport-noconfig.cmake
[0.845s] -- Up-to-date: /home/nguyen-anh-dung/ros2_ws/install/roverc/share/roverc/cmake/export_roverc__rosidl_generator_pyExport.cmake
[0.845s] -- Up-to-date: /home/nguyen-anh-dung/ros2_ws/install/roverc/share/roverc/cmake/export_roverc__rosidl_generator_pyExport-noconfig.cmake
[0.845s] -- Up-to-date: /home/nguyen-anh-dung/ros2_ws/install/roverc/share/roverc/cmake/rosidl_cmake-extras.cmake
[0.846s] -- Up-to-date: /home/nguyen-anh-dung/ros2_ws/install/roverc/share/roverc/cmake/ament_cmake_export_include_directories-extras.cmake
[0.846s] -- Up-to-date: /home/nguyen-anh-dung/ros2_ws/install/roverc/share/roverc/cmake/ament_cmake_export_libraries-extras.cmake
[0.846s] -- Up-to-date: /home/nguyen-anh-dung/ros2_ws/install/roverc/share/roverc/cmake/ament_cmake_export_targets-extras.cmake
[0.846s] -- Up-to-date: /home/nguyen-anh-dung/ros2_ws/install/roverc/share/roverc/cmake/rosidl_cmake_export_typesupport_targets-extras.cmake
[0.846s] -- Up-to-date: /home/nguyen-anh-dung/ros2_ws/install/roverc/share/roverc/cmake/ament_cmake_export_dependencies-extras.cmake
[0.846s] -- Up-to-date: /home/nguyen-anh-dung/ros2_ws/install/roverc/share/roverc/cmake/rosidl_cmake_export_typesupport_libraries-extras.cmake
[0.847s] -- Up-to-date: /home/nguyen-anh-dung/ros2_ws/install/roverc/share/roverc/cmake/rovercConfig.cmake
[0.847s] -- Up-to-date: /home/nguyen-anh-dung/ros2_ws/install/roverc/share/roverc/cmake/rovercConfig-version.cmake
[0.847s] -- Up-to-date: /home/nguyen-anh-dung/ros2_ws/install/roverc/share/roverc/package.xml
[0.848s] Invoked command in '/home/nguyen-anh-dung/ros2_ws/build/roverc' returned '0': CMAKE_PREFIX_PATH=${CMAKE_PREFIX_PATH}:/home/nguyen-anh-dung/ros2_ws/install/roverc_client:/opt/ros/jazzy DEBUGINFOD_URLS=https://debuginfod.ubuntu.com /usr/bin/cmake --install /home/nguyen-anh-dung/ros2_ws/build/roverc
