-- The C compiler identification is GNU 13.3.0
-- The CXX compiler identification is GNU 13.3.0
-- Detecting C compiler ABI info
-- Detecting C compiler ABI info - done
-- Check for working C compiler: /usr/bin/cc - skipped
-- Detecting C compile features
-- Detecting C compile features - done
-- Detecting CXX compiler ABI info
-- Detecting CXX compiler ABI info - done
-- Check for working CXX compiler: /usr/bin/c++ - skipped
-- Detecting CXX compile features
-- Detecting CXX compile features - done
-- Found ament_cmake: 2.5.3 (/opt/ros/jazzy/share/ament_cmake/cmake)
-- Found Python3: /usr/bin/python3 (found version "3.12.3") found components: Interpreter 
-- Found rosidl_default_generators: 1.6.0 (/opt/ros/jazzy/share/rosidl_default_generators/cmake)
-- Using all available rosidl_typesupport_c: rosidl_typesupport_fastrtps_c;rosidl_typesupport_introspection_c
-- Using all available rosidl_typesupport_cpp: rosidl_typesupport_fastrtps_cpp;rosidl_typesupport_introspection_cpp
-- Found rosidl_adapter: 4.6.5 (/opt/ros/jazzy/share/rosidl_adapter/cmake)
-- Found ament_cmake_ros: 0.12.0 (/opt/ros/jazzy/share/ament_cmake_ros/cmake)
-- Using all available rosidl_typesupport_c: rosidl_typesupport_fastrtps_c;rosidl_typesupport_introspection_c
-- Using all available rosidl_typesupport_cpp: rosidl_typesupport_fastrtps_cpp;rosidl_typesupport_introspection_cpp
-- Found python_cmake_module: 0.11.1 (/opt/ros/jazzy/share/python_cmake_module/cmake)
-- Found PythonExtra: /usr/bin/python3  
-- Found Python3: /usr/bin/python3 (found version "3.12.3") found components: Interpreter Development NumPy Development.Module Development.Embed 
-- Found ament_lint_auto: 0.17.1 (/opt/ros/jazzy/share/ament_lint_auto/cmake)
-- Added test 'lint_cmake' to check CMake code style
-- Added test 'xmllint' to check XML markup files
-- Configuring done (3.1s)
-- Generating done (0.0s)
-- Build files have been written to: /home/nguyen-anh-dung/ros2_ws/src/build/roverc
[  2%] [34m[1mGenerating type hashes for ROS interfaces[0m
[  2%] Built target ament_cmake_python_copy_roverc
[  2%] Built target roverc__rosidl_generator_type_description
[  4%] [34m[1mGenerating C code for ROS interfaces[0m
[  6%] [34m[1mGenerating C++ code for ROS interfaces[0m
running egg_info
creating roverc.egg-info
writing roverc.egg-info/PKG-INFO
writing dependency_links to roverc.egg-info/dependency_links.txt
writing top-level names to roverc.egg-info/top_level.txt
writing manifest file 'roverc.egg-info/SOURCES.txt'
reading manifest file 'roverc.egg-info/SOURCES.txt'
writing manifest file 'roverc.egg-info/SOURCES.txt'
[  6%] Built target ament_cmake_python_build_roverc_egg
[  6%] Built target roverc__cpp
[ 11%] [32mBuilding C object CMakeFiles/roverc__rosidl_generator_c.dir/rosidl_generator_c/roverc/msg/detail/wheel_speed__functions.c.o[0m
[ 11%] [32mBuilding C object CMakeFiles/roverc__rosidl_generator_c.dir/rosidl_generator_c/roverc/msg/detail/rgb__description.c.o[0m
[ 13%] [32mBuilding C object CMakeFiles/roverc__rosidl_generator_c.dir/rosidl_generator_c/roverc/msg/detail/rgb__functions.c.o[0m
[ 15%] [32mBuilding C object CMakeFiles/roverc__rosidl_generator_c.dir/rosidl_generator_c/roverc/msg/detail/rgb__type_support.c.o[0m
[ 18%] [32mBuilding C object CMakeFiles/roverc__rosidl_generator_c.dir/rosidl_generator_c/roverc/msg/detail/wheel_speed__description.c.o[0m
[ 20%] [32mBuilding C object CMakeFiles/roverc__rosidl_generator_c.dir/rosidl_generator_c/roverc/msg/detail/wheel_speed__type_support.c.o[0m
[ 22%] [32m[1mLinking C shared library libroverc__rosidl_generator_c.so[0m
[ 22%] Built target roverc__rosidl_generator_c
[ 31%] [34m[1mGenerating C++ type support dispatch for ROS interfaces[0m
[ 31%] [34m[1mGenerating C introspection for ROS interfaces[0m
[ 31%] [34m[1mGenerating C++ type support for eProsima Fast-RTPS[0m
[ 31%] [34m[1mGenerating C++ introspection for ROS interfaces[0m
[ 34%] [34m[1mGenerating C type support for eProsima Fast-RTPS[0m
[ 36%] [34m[1mGenerating C type support dispatch for ROS interfaces[0m
[ 40%] [32mBuilding CXX object CMakeFiles/roverc__rosidl_typesupport_introspection_cpp.dir/rosidl_typesupport_introspection_cpp/roverc/msg/detail/wheel_speed__type_support.cpp.o[0m
[ 40%] [32mBuilding CXX object CMakeFiles/roverc__rosidl_typesupport_introspection_cpp.dir/rosidl_typesupport_introspection_cpp/roverc/msg/detail/rgb__type_support.cpp.o[0m
[ 43%] [32mBuilding C object CMakeFiles/roverc__rosidl_typesupport_introspection_c.dir/rosidl_typesupport_introspection_c/roverc/msg/detail/rgb__type_support.c.o[0m
[ 45%] [32mBuilding C object CMakeFiles/roverc__rosidl_typesupport_introspection_c.dir/rosidl_typesupport_introspection_c/roverc/msg/detail/wheel_speed__type_support.c.o[0m
[ 47%] [32mBuilding CXX object CMakeFiles/roverc__rosidl_typesupport_c.dir/rosidl_typesupport_c/roverc/msg/rgb__type_support.cpp.o[0m
[ 50%] [32mBuilding CXX object CMakeFiles/roverc__rosidl_typesupport_cpp.dir/rosidl_typesupport_cpp/roverc/msg/rgb__type_support.cpp.o[0m
[ 52%] [32m[1mLinking C shared library libroverc__rosidl_typesupport_introspection_c.so[0m
[ 54%] [32mBuilding CXX object CMakeFiles/roverc__rosidl_typesupport_cpp.dir/rosidl_typesupport_cpp/roverc/msg/wheel_speed__type_support.cpp.o[0m
[ 56%] [32mBuilding CXX object CMakeFiles/roverc__rosidl_typesupport_fastrtps_cpp.dir/rosidl_typesupport_fastrtps_cpp/roverc/msg/detail/dds_fastrtps/rgb__type_support.cpp.o[0m
[ 59%] [32mBuilding CXX object CMakeFiles/roverc__rosidl_typesupport_c.dir/rosidl_typesupport_c/roverc/msg/wheel_speed__type_support.cpp.o[0m
[ 59%] Built target roverc__rosidl_typesupport_introspection_c
[ 61%] [32mBuilding CXX object CMakeFiles/roverc__rosidl_typesupport_fastrtps_cpp.dir/rosidl_typesupport_fastrtps_cpp/roverc/msg/detail/dds_fastrtps/wheel_speed__type_support.cpp.o[0m
[ 63%] [32mBuilding CXX object CMakeFiles/roverc__rosidl_typesupport_fastrtps_c.dir/rosidl_typesupport_fastrtps_c/roverc/msg/detail/rgb__type_support_c.cpp.o[0m
[ 65%] [32m[1mLinking CXX shared library libroverc__rosidl_typesupport_c.so[0m
[ 65%] Built target roverc__rosidl_typesupport_c
[ 68%] [32mBuilding CXX object CMakeFiles/roverc__rosidl_typesupport_fastrtps_c.dir/rosidl_typesupport_fastrtps_c/roverc/msg/detail/wheel_speed__type_support_c.cpp.o[0m
[ 70%] [32m[1mLinking CXX shared library libroverc__rosidl_typesupport_introspection_cpp.so[0m
[ 70%] Built target roverc__rosidl_typesupport_introspection_cpp
[ 72%] [32m[1mLinking CXX shared library libroverc__rosidl_typesupport_cpp.so[0m
[ 72%] Built target roverc__rosidl_typesupport_cpp
[ 75%] [32m[1mLinking CXX shared library libroverc__rosidl_typesupport_fastrtps_cpp.so[0m
[ 75%] Built target roverc__rosidl_typesupport_fastrtps_cpp
[ 77%] [32m[1mLinking CXX shared library libroverc__rosidl_typesupport_fastrtps_c.so[0m
[ 77%] Built target roverc__rosidl_typesupport_fastrtps_c
[ 77%] Built target roverc
[ 79%] [34m[1mGenerating Python code for ROS interfaces[0m
[ 79%] Built target roverc__py
[ 84%] [32mBuilding C object CMakeFiles/roverc__rosidl_generator_py.dir/rosidl_generator_py/roverc/msg/_rgb_s.c.o[0m
[ 84%] [32mBuilding C object CMakeFiles/roverc__rosidl_generator_py.dir/rosidl_generator_py/roverc/msg/_wheel_speed_s.c.o[0m
[ 86%] [32m[1mLinking C shared library libroverc__rosidl_generator_py.so[0m
[ 86%] Built target roverc__rosidl_generator_py
[ 90%] [32mBuilding C object CMakeFiles/roverc_s__rosidl_typesupport_c.dir/rosidl_generator_py/roverc/_roverc_s.ep.rosidl_typesupport_c.c.o[0m
[ 90%] [32mBuilding C object CMakeFiles/roverc_s__rosidl_typesupport_fastrtps_c.dir/rosidl_generator_py/roverc/_roverc_s.ep.rosidl_typesupport_fastrtps_c.c.o[0m
[ 93%] [32mBuilding C object CMakeFiles/roverc_s__rosidl_typesupport_introspection_c.dir/rosidl_generator_py/roverc/_roverc_s.ep.rosidl_typesupport_introspection_c.c.o[0m
[ 95%] [32m[1mLinking C shared module rosidl_generator_py/roverc/roverc_s__rosidl_typesupport_c.so[0m
[ 97%] [32m[1mLinking C shared module rosidl_generator_py/roverc/roverc_s__rosidl_typesupport_introspection_c.so[0m
[100%] [32m[1mLinking C shared module rosidl_generator_py/roverc/roverc_s__rosidl_typesupport_fastrtps_c.so[0m
[100%] Built target roverc_s__rosidl_typesupport_c
[100%] Built target roverc_s__rosidl_typesupport_introspection_c
[100%] Built target roverc_s__rosidl_typesupport_fastrtps_c
-- Install configuration: ""
-- Installing: /home/nguyen-anh-dung/ros2_ws/src/install/roverc/share/ament_index/resource_index/rosidl_interfaces/roverc
-- Installing: /home/nguyen-anh-dung/ros2_ws/src/install/roverc/share/roverc/msg/RGB.json
-- Installing: /home/nguyen-anh-dung/ros2_ws/src/install/roverc/share/roverc/msg/WheelSpeed.json
-- Installing: /home/nguyen-anh-dung/ros2_ws/src/install/roverc/include/roverc/roverc
-- Installing: /home/nguyen-anh-dung/ros2_ws/src/install/roverc/include/roverc/roverc/msg
-- Installing: /home/nguyen-anh-dung/ros2_ws/src/install/roverc/include/roverc/roverc/msg/detail
-- Installing: /home/nguyen-anh-dung/ros2_ws/src/install/roverc/include/roverc/roverc/msg/detail/rgb__struct.h
-- Installing: /home/nguyen-anh-dung/ros2_ws/src/install/roverc/include/roverc/roverc/msg/detail/wheel_speed__description.c
-- Installing: /home/nguyen-anh-dung/ros2_ws/src/install/roverc/include/roverc/roverc/msg/detail/rgb__description.c
-- Installing: /home/nguyen-anh-dung/ros2_ws/src/install/roverc/include/roverc/roverc/msg/detail/rgb__functions.c
-- Installing: /home/nguyen-anh-dung/ros2_ws/src/install/roverc/include/roverc/roverc/msg/detail/rgb__functions.h
-- Installing: /home/nguyen-anh-dung/ros2_ws/src/install/roverc/include/roverc/roverc/msg/detail/rgb__type_support.c
-- Installing: /home/nguyen-anh-dung/ros2_ws/src/install/roverc/include/roverc/roverc/msg/detail/rgb__type_support.h
-- Installing: /home/nguyen-anh-dung/ros2_ws/src/install/roverc/include/roverc/roverc/msg/detail/wheel_speed__type_support.c
-- Installing: /home/nguyen-anh-dung/ros2_ws/src/install/roverc/include/roverc/roverc/msg/detail/wheel_speed__type_support.h
-- Installing: /home/nguyen-anh-dung/ros2_ws/src/install/roverc/include/roverc/roverc/msg/detail/wheel_speed__functions.h
-- Installing: /home/nguyen-anh-dung/ros2_ws/src/install/roverc/include/roverc/roverc/msg/detail/wheel_speed__struct.h
-- Installing: /home/nguyen-anh-dung/ros2_ws/src/install/roverc/include/roverc/roverc/msg/detail/wheel_speed__functions.c
-- Installing: /home/nguyen-anh-dung/ros2_ws/src/install/roverc/include/roverc/roverc/msg/rgb.h
-- Installing: /home/nguyen-anh-dung/ros2_ws/src/install/roverc/include/roverc/roverc/msg/wheel_speed.h
-- Installing: /home/nguyen-anh-dung/ros2_ws/src/install/roverc/include/roverc/roverc/msg/rosidl_generator_c__visibility_control.h
-- Installing: /home/nguyen-anh-dung/ros2_ws/src/install/roverc/share/roverc/environment/library_path.sh
-- Installing: /home/nguyen-anh-dung/ros2_ws/src/install/roverc/share/roverc/environment/library_path.dsv
-- Installing: /home/nguyen-anh-dung/ros2_ws/src/install/roverc/lib/libroverc__rosidl_generator_c.so
-- Set non-toolchain portion of runtime path of "/home/nguyen-anh-dung/ros2_ws/src/install/roverc/lib/libroverc__rosidl_generator_c.so" to ""
-- Up-to-date: /home/nguyen-anh-dung/ros2_ws/src/install/roverc/include/roverc/roverc
-- Up-to-date: /home/nguyen-anh-dung/ros2_ws/src/install/roverc/include/roverc/roverc/msg
-- Up-to-date: /home/nguyen-anh-dung/ros2_ws/src/install/roverc/include/roverc/roverc/msg/detail
-- Installing: /home/nguyen-anh-dung/ros2_ws/src/install/roverc/include/roverc/roverc/msg/detail/wheel_speed__rosidl_typesupport_fastrtps_c.h
-- Installing: /home/nguyen-anh-dung/ros2_ws/src/install/roverc/include/roverc/roverc/msg/detail/rgb__rosidl_typesupport_fastrtps_c.h
-- Installing: /home/nguyen-anh-dung/ros2_ws/src/install/roverc/include/roverc/roverc/msg/rosidl_typesupport_fastrtps_c__visibility_control.h
-- Installing: /home/nguyen-anh-dung/ros2_ws/src/install/roverc/lib/libroverc__rosidl_typesupport_fastrtps_c.so
-- Set non-toolchain portion of runtime path of "/home/nguyen-anh-dung/ros2_ws/src/install/roverc/lib/libroverc__rosidl_typesupport_fastrtps_c.so" to ""
-- Up-to-date: /home/nguyen-anh-dung/ros2_ws/src/install/roverc/include/roverc/roverc
-- Up-to-date: /home/nguyen-anh-dung/ros2_ws/src/install/roverc/include/roverc/roverc/msg
-- Installing: /home/nguyen-anh-dung/ros2_ws/src/install/roverc/include/roverc/roverc/msg/rosidl_typesupport_introspection_c__visibility_control.h
-- Up-to-date: /home/nguyen-anh-dung/ros2_ws/src/install/roverc/include/roverc/roverc/msg/detail
-- Installing: /home/nguyen-anh-dung/ros2_ws/src/install/roverc/include/roverc/roverc/msg/detail/wheel_speed__rosidl_typesupport_introspection_c.h
-- Up-to-date: /home/nguyen-anh-dung/ros2_ws/src/install/roverc/include/roverc/roverc/msg/detail/rgb__type_support.c
-- Up-to-date: /home/nguyen-anh-dung/ros2_ws/src/install/roverc/include/roverc/roverc/msg/detail/wheel_speed__type_support.c
-- Installing: /home/nguyen-anh-dung/ros2_ws/src/install/roverc/include/roverc/roverc/msg/detail/rgb__rosidl_typesupport_introspection_c.h
-- Installing: /home/nguyen-anh-dung/ros2_ws/src/install/roverc/lib/libroverc__rosidl_typesupport_introspection_c.so
-- Set non-toolchain portion of runtime path of "/home/nguyen-anh-dung/ros2_ws/src/install/roverc/lib/libroverc__rosidl_typesupport_introspection_c.so" to ""
-- Installing: /home/nguyen-anh-dung/ros2_ws/src/install/roverc/lib/libroverc__rosidl_typesupport_c.so
-- Set non-toolchain portion of runtime path of "/home/nguyen-anh-dung/ros2_ws/src/install/roverc/lib/libroverc__rosidl_typesupport_c.so" to ""
-- Up-to-date: /home/nguyen-anh-dung/ros2_ws/src/install/roverc/include/roverc/roverc
-- Up-to-date: /home/nguyen-anh-dung/ros2_ws/src/install/roverc/include/roverc/roverc/msg
-- Up-to-date: /home/nguyen-anh-dung/ros2_ws/src/install/roverc/include/roverc/roverc/msg/detail
-- Installing: /home/nguyen-anh-dung/ros2_ws/src/install/roverc/include/roverc/roverc/msg/detail/rgb__traits.hpp
-- Installing: /home/nguyen-anh-dung/ros2_ws/src/install/roverc/include/roverc/roverc/msg/detail/rgb__type_support.hpp
-- Installing: /home/nguyen-anh-dung/ros2_ws/src/install/roverc/include/roverc/roverc/msg/detail/wheel_speed__builder.hpp
-- Installing: /home/nguyen-anh-dung/ros2_ws/src/install/roverc/include/roverc/roverc/msg/detail/wheel_speed__struct.hpp
-- Installing: /home/nguyen-anh-dung/ros2_ws/src/install/roverc/include/roverc/roverc/msg/detail/wheel_speed__traits.hpp
-- Installing: /home/nguyen-anh-dung/ros2_ws/src/install/roverc/include/roverc/roverc/msg/detail/wheel_speed__type_support.hpp
-- Installing: /home/nguyen-anh-dung/ros2_ws/src/install/roverc/include/roverc/roverc/msg/detail/rgb__builder.hpp
-- Installing: /home/nguyen-anh-dung/ros2_ws/src/install/roverc/include/roverc/roverc/msg/detail/rgb__struct.hpp
-- Installing: /home/nguyen-anh-dung/ros2_ws/src/install/roverc/include/roverc/roverc/msg/wheel_speed.hpp
-- Installing: /home/nguyen-anh-dung/ros2_ws/src/install/roverc/include/roverc/roverc/msg/rosidl_generator_cpp__visibility_control.hpp
-- Installing: /home/nguyen-anh-dung/ros2_ws/src/install/roverc/include/roverc/roverc/msg/rgb.hpp
-- Up-to-date: /home/nguyen-anh-dung/ros2_ws/src/install/roverc/include/roverc/roverc
-- Up-to-date: /home/nguyen-anh-dung/ros2_ws/src/install/roverc/include/roverc/roverc/msg
-- Up-to-date: /home/nguyen-anh-dung/ros2_ws/src/install/roverc/include/roverc/roverc/msg/detail
-- Installing: /home/nguyen-anh-dung/ros2_ws/src/install/roverc/include/roverc/roverc/msg/detail/rgb__rosidl_typesupport_fastrtps_cpp.hpp
-- Installing: /home/nguyen-anh-dung/ros2_ws/src/install/roverc/include/roverc/roverc/msg/detail/wheel_speed__rosidl_typesupport_fastrtps_cpp.hpp
-- Installing: /home/nguyen-anh-dung/ros2_ws/src/install/roverc/include/roverc/roverc/msg/detail/dds_fastrtps
-- Installing: /home/nguyen-anh-dung/ros2_ws/src/install/roverc/include/roverc/roverc/msg/rosidl_typesupport_fastrtps_cpp__visibility_control.h
-- Installing: /home/nguyen-anh-dung/ros2_ws/src/install/roverc/lib/libroverc__rosidl_typesupport_fastrtps_cpp.so
-- Set non-toolchain portion of runtime path of "/home/nguyen-anh-dung/ros2_ws/src/install/roverc/lib/libroverc__rosidl_typesupport_fastrtps_cpp.so" to ""
-- Up-to-date: /home/nguyen-anh-dung/ros2_ws/src/install/roverc/include/roverc/roverc
-- Up-to-date: /home/nguyen-anh-dung/ros2_ws/src/install/roverc/include/roverc/roverc/msg
-- Up-to-date: /home/nguyen-anh-dung/ros2_ws/src/install/roverc/include/roverc/roverc/msg/detail
-- Installing: /home/nguyen-anh-dung/ros2_ws/src/install/roverc/include/roverc/roverc/msg/detail/wheel_speed__rosidl_typesupport_introspection_cpp.hpp
-- Installing: /home/nguyen-anh-dung/ros2_ws/src/install/roverc/include/roverc/roverc/msg/detail/wheel_speed__type_support.cpp
-- Installing: /home/nguyen-anh-dung/ros2_ws/src/install/roverc/include/roverc/roverc/msg/detail/rgb__rosidl_typesupport_introspection_cpp.hpp
-- Installing: /home/nguyen-anh-dung/ros2_ws/src/install/roverc/include/roverc/roverc/msg/detail/rgb__type_support.cpp
-- Installing: /home/nguyen-anh-dung/ros2_ws/src/install/roverc/lib/libroverc__rosidl_typesupport_introspection_cpp.so
-- Set non-toolchain portion of runtime path of "/home/nguyen-anh-dung/ros2_ws/src/install/roverc/lib/libroverc__rosidl_typesupport_introspection_cpp.so" to ""
-- Installing: /home/nguyen-anh-dung/ros2_ws/src/install/roverc/lib/libroverc__rosidl_typesupport_cpp.so
-- Set non-toolchain portion of runtime path of "/home/nguyen-anh-dung/ros2_ws/src/install/roverc/lib/libroverc__rosidl_typesupport_cpp.so" to ""
-- Installing: /home/nguyen-anh-dung/ros2_ws/src/install/roverc/share/roverc/environment/pythonpath.sh
-- Installing: /home/nguyen-anh-dung/ros2_ws/src/install/roverc/share/roverc/environment/pythonpath.dsv
-- Installing: /home/nguyen-anh-dung/ros2_ws/src/install/roverc/lib/python3.12/site-packages/roverc-0.0.0-py3.12.egg-info
-- Installing: /home/nguyen-anh-dung/ros2_ws/src/install/roverc/lib/python3.12/site-packages/roverc-0.0.0-py3.12.egg-info/dependency_links.txt
-- Installing: /home/nguyen-anh-dung/ros2_ws/src/install/roverc/lib/python3.12/site-packages/roverc-0.0.0-py3.12.egg-info/top_level.txt
-- Installing: /home/nguyen-anh-dung/ros2_ws/src/install/roverc/lib/python3.12/site-packages/roverc-0.0.0-py3.12.egg-info/SOURCES.txt
-- Installing: /home/nguyen-anh-dung/ros2_ws/src/install/roverc/lib/python3.12/site-packages/roverc-0.0.0-py3.12.egg-info/PKG-INFO
-- Installing: /home/nguyen-anh-dung/ros2_ws/src/install/roverc/lib/python3.12/site-packages/roverc
-- Installing: /home/nguyen-anh-dung/ros2_ws/src/install/roverc/lib/python3.12/site-packages/roverc/roverc_s__rosidl_typesupport_fastrtps_c.so
-- Installing: /home/nguyen-anh-dung/ros2_ws/src/install/roverc/lib/python3.12/site-packages/roverc/roverc_s__rosidl_typesupport_c.so
-- Installing: /home/nguyen-anh-dung/ros2_ws/src/install/roverc/lib/python3.12/site-packages/roverc/_roverc_s.ep.rosidl_typesupport_c.c
-- Installing: /home/nguyen-anh-dung/ros2_ws/src/install/roverc/lib/python3.12/site-packages/roverc/msg
-- Installing: /home/nguyen-anh-dung/ros2_ws/src/install/roverc/lib/python3.12/site-packages/roverc/msg/_rgb.py
-- Installing: /home/nguyen-anh-dung/ros2_ws/src/install/roverc/lib/python3.12/site-packages/roverc/msg/_wheel_speed_s.c
-- Installing: /home/nguyen-anh-dung/ros2_ws/src/install/roverc/lib/python3.12/site-packages/roverc/msg/_wheel_speed.py
-- Installing: /home/nguyen-anh-dung/ros2_ws/src/install/roverc/lib/python3.12/site-packages/roverc/msg/_rgb_s.c
-- Installing: /home/nguyen-anh-dung/ros2_ws/src/install/roverc/lib/python3.12/site-packages/roverc/msg/__init__.py
-- Installing: /home/nguyen-anh-dung/ros2_ws/src/install/roverc/lib/python3.12/site-packages/roverc/_roverc_s.ep.rosidl_typesupport_introspection_c.c
-- Installing: /home/nguyen-anh-dung/ros2_ws/src/install/roverc/lib/python3.12/site-packages/roverc/__init__.py
-- Installing: /home/nguyen-anh-dung/ros2_ws/src/install/roverc/lib/python3.12/site-packages/roverc/_roverc_s.ep.rosidl_typesupport_fastrtps_c.c
-- Installing: /home/nguyen-anh-dung/ros2_ws/src/install/roverc/lib/python3.12/site-packages/roverc/roverc_s__rosidl_typesupport_introspection_c.so
Listing '/home/nguyen-anh-dung/ros2_ws/src/install/roverc/lib/python3.12/site-packages/roverc'...
Compiling '/home/nguyen-anh-dung/ros2_ws/src/install/roverc/lib/python3.12/site-packages/roverc/__init__.py'...
Listing '/home/nguyen-anh-dung/ros2_ws/src/install/roverc/lib/python3.12/site-packages/roverc/msg'...
Compiling '/home/nguyen-anh-dung/ros2_ws/src/install/roverc/lib/python3.12/site-packages/roverc/msg/__init__.py'...
Compiling '/home/nguyen-anh-dung/ros2_ws/src/install/roverc/lib/python3.12/site-packages/roverc/msg/_rgb.py'...
Compiling '/home/nguyen-anh-dung/ros2_ws/src/install/roverc/lib/python3.12/site-packages/roverc/msg/_wheel_speed.py'...
-- Installing: /home/nguyen-anh-dung/ros2_ws/src/install/roverc/lib/python3.12/site-packages/roverc/roverc_s__rosidl_typesupport_fastrtps_c.so
-- Set non-toolchain portion of runtime path of "/home/nguyen-anh-dung/ros2_ws/src/install/roverc/lib/python3.12/site-packages/roverc/roverc_s__rosidl_typesupport_fastrtps_c.so" to ""
-- Installing: /home/nguyen-anh-dung/ros2_ws/src/install/roverc/lib/python3.12/site-packages/roverc/roverc_s__rosidl_typesupport_introspection_c.so
-- Set non-toolchain portion of runtime path of "/home/nguyen-anh-dung/ros2_ws/src/install/roverc/lib/python3.12/site-packages/roverc/roverc_s__rosidl_typesupport_introspection_c.so" to ""
-- Installing: /home/nguyen-anh-dung/ros2_ws/src/install/roverc/lib/python3.12/site-packages/roverc/roverc_s__rosidl_typesupport_c.so
-- Set non-toolchain portion of runtime path of "/home/nguyen-anh-dung/ros2_ws/src/install/roverc/lib/python3.12/site-packages/roverc/roverc_s__rosidl_typesupport_c.so" to ""
-- Installing: /home/nguyen-anh-dung/ros2_ws/src/install/roverc/lib/libroverc__rosidl_generator_py.so
-- Set non-toolchain portion of runtime path of "/home/nguyen-anh-dung/ros2_ws/src/install/roverc/lib/libroverc__rosidl_generator_py.so" to ""
-- Installing: /home/nguyen-anh-dung/ros2_ws/src/install/roverc/share/roverc/msg/RGB.idl
-- Installing: /home/nguyen-anh-dung/ros2_ws/src/install/roverc/share/roverc/msg/WheelSpeed.idl
-- Installing: /home/nguyen-anh-dung/ros2_ws/src/install/roverc/share/roverc/msg/RGB.msg
-- Installing: /home/nguyen-anh-dung/ros2_ws/src/install/roverc/share/roverc/msg/WheelSpeed.msg
-- Installing: /home/nguyen-anh-dung/ros2_ws/src/install/roverc/share/ament_index/resource_index/package_run_dependencies/roverc
-- Installing: /home/nguyen-anh-dung/ros2_ws/src/install/roverc/share/ament_index/resource_index/parent_prefix_path/roverc
-- Installing: /home/nguyen-anh-dung/ros2_ws/src/install/roverc/share/roverc/environment/ament_prefix_path.sh
-- Installing: /home/nguyen-anh-dung/ros2_ws/src/install/roverc/share/roverc/environment/ament_prefix_path.dsv
-- Installing: /home/nguyen-anh-dung/ros2_ws/src/install/roverc/share/roverc/environment/path.sh
-- Installing: /home/nguyen-anh-dung/ros2_ws/src/install/roverc/share/roverc/environment/path.dsv
-- Installing: /home/nguyen-anh-dung/ros2_ws/src/install/roverc/share/roverc/local_setup.bash
-- Installing: /home/nguyen-anh-dung/ros2_ws/src/install/roverc/share/roverc/local_setup.sh
-- Installing: /home/nguyen-anh-dung/ros2_ws/src/install/roverc/share/roverc/local_setup.zsh
-- Installing: /home/nguyen-anh-dung/ros2_ws/src/install/roverc/share/roverc/local_setup.dsv
-- Installing: /home/nguyen-anh-dung/ros2_ws/src/install/roverc/share/roverc/package.dsv
-- Installing: /home/nguyen-anh-dung/ros2_ws/src/install/roverc/share/ament_index/resource_index/packages/roverc
-- Installing: /home/nguyen-anh-dung/ros2_ws/src/install/roverc/share/roverc/cmake/export_roverc__rosidl_generator_cExport.cmake
-- Installing: /home/nguyen-anh-dung/ros2_ws/src/install/roverc/share/roverc/cmake/export_roverc__rosidl_generator_cExport-noconfig.cmake
-- Installing: /home/nguyen-anh-dung/ros2_ws/src/install/roverc/share/roverc/cmake/export_roverc__rosidl_typesupport_fastrtps_cExport.cmake
-- Installing: /home/nguyen-anh-dung/ros2_ws/src/install/roverc/share/roverc/cmake/export_roverc__rosidl_typesupport_fastrtps_cExport-noconfig.cmake
-- Installing: /home/nguyen-anh-dung/ros2_ws/src/install/roverc/share/roverc/cmake/roverc__rosidl_typesupport_introspection_cExport.cmake
-- Installing: /home/nguyen-anh-dung/ros2_ws/src/install/roverc/share/roverc/cmake/roverc__rosidl_typesupport_introspection_cExport-noconfig.cmake
-- Installing: /home/nguyen-anh-dung/ros2_ws/src/install/roverc/share/roverc/cmake/roverc__rosidl_typesupport_cExport.cmake
-- Installing: /home/nguyen-anh-dung/ros2_ws/src/install/roverc/share/roverc/cmake/roverc__rosidl_typesupport_cExport-noconfig.cmake
-- Installing: /home/nguyen-anh-dung/ros2_ws/src/install/roverc/share/roverc/cmake/export_roverc__rosidl_generator_cppExport.cmake
-- Installing: /home/nguyen-anh-dung/ros2_ws/src/install/roverc/share/roverc/cmake/export_roverc__rosidl_typesupport_fastrtps_cppExport.cmake
-- Installing: /home/nguyen-anh-dung/ros2_ws/src/install/roverc/share/roverc/cmake/export_roverc__rosidl_typesupport_fastrtps_cppExport-noconfig.cmake
-- Installing: /home/nguyen-anh-dung/ros2_ws/src/install/roverc/share/roverc/cmake/roverc__rosidl_typesupport_introspection_cppExport.cmake
-- Installing: /home/nguyen-anh-dung/ros2_ws/src/install/roverc/share/roverc/cmake/roverc__rosidl_typesupport_introspection_cppExport-noconfig.cmake
-- Installing: /home/nguyen-anh-dung/ros2_ws/src/install/roverc/share/roverc/cmake/roverc__rosidl_typesupport_cppExport.cmake
-- Installing: /home/nguyen-anh-dung/ros2_ws/src/install/roverc/share/roverc/cmake/roverc__rosidl_typesupport_cppExport-noconfig.cmake
-- Installing: /home/nguyen-anh-dung/ros2_ws/src/install/roverc/share/roverc/cmake/export_roverc__rosidl_generator_pyExport.cmake
-- Installing: /home/nguyen-anh-dung/ros2_ws/src/install/roverc/share/roverc/cmake/export_roverc__rosidl_generator_pyExport-noconfig.cmake
-- Installing: /home/nguyen-anh-dung/ros2_ws/src/install/roverc/share/roverc/cmake/rosidl_cmake-extras.cmake
-- Installing: /home/nguyen-anh-dung/ros2_ws/src/install/roverc/share/roverc/cmake/ament_cmake_export_include_directories-extras.cmake
-- Installing: /home/nguyen-anh-dung/ros2_ws/src/install/roverc/share/roverc/cmake/ament_cmake_export_libraries-extras.cmake
-- Installing: /home/nguyen-anh-dung/ros2_ws/src/install/roverc/share/roverc/cmake/ament_cmake_export_targets-extras.cmake
-- Installing: /home/nguyen-anh-dung/ros2_ws/src/install/roverc/share/roverc/cmake/rosidl_cmake_export_typesupport_targets-extras.cmake
-- Installing: /home/nguyen-anh-dung/ros2_ws/src/install/roverc/share/roverc/cmake/ament_cmake_export_dependencies-extras.cmake
-- Installing: /home/nguyen-anh-dung/ros2_ws/src/install/roverc/share/roverc/cmake/rosidl_cmake_export_typesupport_libraries-extras.cmake
-- Installing: /home/nguyen-anh-dung/ros2_ws/src/install/roverc/share/roverc/cmake/rovercConfig.cmake
-- Installing: /home/nguyen-anh-dung/ros2_ws/src/install/roverc/share/roverc/cmake/rovercConfig-version.cmake
-- Installing: /home/nguyen-anh-dung/ros2_ws/src/install/roverc/share/roverc/package.xml
