[0.009s] Invoking command in '/home/nguyen-anh-dung/ros2_ws/src/build/roverc': CMAKE_PREFIX_PATH=${CMAKE_PREFIX_PATH}:/home/nguyen-anh-dung/ros2_ws/install/roverc_client:/opt/ros/jazzy DEBUGINFOD_URLS=https://debuginfod.ubuntu.com /usr/bin/cmake /home/nguyen-anh-dung/ros2_ws/src/roverc -DCMAKE_INSTALL_PREFIX=/home/nguyen-anh-dung/ros2_ws/src/install/roverc
[0.102s] -- The C compiler identification is GNU 13.3.0
[0.159s] -- The CXX compiler identification is GNU 13.3.0
[0.175s] -- Detecting C compiler ABI info
[0.256s] -- Detecting C compiler ABI info - done
[0.267s] -- Check for working C compiler: /usr/bin/cc - skipped
[0.267s] -- Detecting C compile features
[0.268s] -- Detecting C compile features - done
[0.276s] -- Detecting CXX compiler ABI info
[0.382s] -- Detecting CXX compiler ABI info - done
[0.392s] -- Check for working CXX compiler: /usr/bin/c++ - skipped
[0.392s] -- Detecting CXX compile features
[0.393s] -- Detecting CXX compile features - done
[0.396s] -- Found ament_cmake: 2.5.3 (/opt/ros/jazzy/share/ament_cmake/cmake)
[0.552s] -- Found Python3: /usr/bin/python3 (found version "3.12.3") found components: Interpreter 
[0.665s] -- Found rosidl_default_generators: 1.6.0 (/opt/ros/jazzy/share/rosidl_default_generators/cmake)
[0.671s] -- Using all available rosidl_typesupport_c: rosidl_typesupport_fastrtps_c;rosidl_typesupport_introspection_c
[0.727s] -- Using all available rosidl_typesupport_cpp: rosidl_typesupport_fastrtps_cpp;rosidl_typesupport_introspection_cpp
[0.770s] -- Found rosidl_adapter: 4.6.5 (/opt/ros/jazzy/share/rosidl_adapter/cmake)
[1.447s] -- Found ament_cmake_ros: 0.12.0 (/opt/ros/jazzy/share/ament_cmake_ros/cmake)
[1.897s] -- Using all available rosidl_typesupport_c: rosidl_typesupport_fastrtps_c;rosidl_typesupport_introspection_c
[2.443s] -- Using all available rosidl_typesupport_cpp: rosidl_typesupport_fastrtps_cpp;rosidl_typesupport_introspection_cpp
[2.446s] -- Found python_cmake_module: 0.11.1 (/opt/ros/jazzy/share/python_cmake_module/cmake)
[2.580s] -- Found PythonExtra: /usr/bin/python3  
[3.017s] -- Found Python3: /usr/bin/python3 (found version "3.12.3") found components: Interpreter Development NumPy Development.Module Development.Embed 
[3.052s] -- Found ament_lint_auto: 0.17.1 (/opt/ros/jazzy/share/ament_lint_auto/cmake)
[3.075s] -- Added test 'lint_cmake' to check CMake code style
[3.077s] -- Added test 'xmllint' to check XML markup files
[3.079s] -- Configuring done (3.1s)
[3.110s] -- Generating done (0.0s)
[3.121s] -- Build files have been written to: /home/nguyen-anh-dung/ros2_ws/src/build/roverc
[3.128s] Invoked command in '/home/nguyen-anh-dung/ros2_ws/src/build/roverc' returned '0': CMAKE_PREFIX_PATH=${CMAKE_PREFIX_PATH}:/home/nguyen-anh-dung/ros2_ws/install/roverc_client:/opt/ros/jazzy DEBUGINFOD_URLS=https://debuginfod.ubuntu.com /usr/bin/cmake /home/nguyen-anh-dung/ros2_ws/src/roverc -DCMAKE_INSTALL_PREFIX=/home/nguyen-anh-dung/ros2_ws/src/install/roverc
[3.129s] Invoking command in '/home/nguyen-anh-dung/ros2_ws/src/build/roverc': CMAKE_PREFIX_PATH=${CMAKE_PREFIX_PATH}:/home/nguyen-anh-dung/ros2_ws/install/roverc_client:/opt/ros/jazzy DEBUGINFOD_URLS=https://debuginfod.ubuntu.com /usr/bin/cmake --build /home/nguyen-anh-dung/ros2_ws/src/build/roverc -- -j8 -l8
[3.173s] [  2%] [34m[1mGenerating type hashes for ROS interfaces[0m
[3.180s] [  2%] Built target ament_cmake_python_copy_roverc
[3.400s] [  2%] Built target roverc__rosidl_generator_type_description
[3.408s] [  4%] [34m[1mGenerating C code for ROS interfaces[0m
[3.417s] [  6%] [34m[1mGenerating C++ code for ROS interfaces[0m
[3.492s] running egg_info
[3.493s] creating roverc.egg-info
[3.526s] writing roverc.egg-info/PKG-INFO
[3.526s] writing dependency_links to roverc.egg-info/dependency_links.txt
[3.526s] writing top-level names to roverc.egg-info/top_level.txt
[3.527s] writing manifest file 'roverc.egg-info/SOURCES.txt'
[3.625s] reading manifest file 'roverc.egg-info/SOURCES.txt'
[3.625s] writing manifest file 'roverc.egg-info/SOURCES.txt'
[3.653s] [  6%] Built target ament_cmake_python_build_roverc_egg
[3.702s] [  6%] Built target roverc__cpp
[3.755s] [ 11%] [32mBuilding C object CMakeFiles/roverc__rosidl_generator_c.dir/rosidl_generator_c/roverc/msg/detail/wheel_speed__functions.c.o[0m
[3.755s] [ 11%] [32mBuilding C object CMakeFiles/roverc__rosidl_generator_c.dir/rosidl_generator_c/roverc/msg/detail/rgb__description.c.o[0m
[3.759s] [ 13%] [32mBuilding C object CMakeFiles/roverc__rosidl_generator_c.dir/rosidl_generator_c/roverc/msg/detail/rgb__functions.c.o[0m
[3.759s] [ 15%] [32mBuilding C object CMakeFiles/roverc__rosidl_generator_c.dir/rosidl_generator_c/roverc/msg/detail/rgb__type_support.c.o[0m
[3.759s] [ 18%] [32mBuilding C object CMakeFiles/roverc__rosidl_generator_c.dir/rosidl_generator_c/roverc/msg/detail/wheel_speed__description.c.o[0m
[3.759s] [ 20%] [32mBuilding C object CMakeFiles/roverc__rosidl_generator_c.dir/rosidl_generator_c/roverc/msg/detail/wheel_speed__type_support.c.o[0m
[3.815s] [ 22%] [32m[1mLinking C shared library libroverc__rosidl_generator_c.so[0m
[3.849s] [ 22%] Built target roverc__rosidl_generator_c
[3.865s] [ 31%] [34m[1mGenerating C++ type support dispatch for ROS interfaces[0m
[3.865s] [ 31%] [34m[1mGenerating C introspection for ROS interfaces[0m
[3.865s] [ 31%] [34m[1mGenerating C++ type support for eProsima Fast-RTPS[0m
[3.865s] [ 31%] [34m[1mGenerating C++ introspection for ROS interfaces[0m
[3.866s] [ 34%] [34m[1mGenerating C type support for eProsima Fast-RTPS[0m
[3.866s] [ 36%] [34m[1mGenerating C type support dispatch for ROS interfaces[0m
[4.163s] [ 40%] [32mBuilding CXX object CMakeFiles/roverc__rosidl_typesupport_introspection_cpp.dir/rosidl_typesupport_introspection_cpp/roverc/msg/detail/wheel_speed__type_support.cpp.o[0m
[4.163s] [ 40%] [32mBuilding CXX object CMakeFiles/roverc__rosidl_typesupport_introspection_cpp.dir/rosidl_typesupport_introspection_cpp/roverc/msg/detail/rgb__type_support.cpp.o[0m
[4.261s] [ 43%] [32mBuilding C object CMakeFiles/roverc__rosidl_typesupport_introspection_c.dir/rosidl_typesupport_introspection_c/roverc/msg/detail/rgb__type_support.c.o[0m
[4.261s] [ 45%] [32mBuilding C object CMakeFiles/roverc__rosidl_typesupport_introspection_c.dir/rosidl_typesupport_introspection_c/roverc/msg/detail/wheel_speed__type_support.c.o[0m
[4.286s] [ 47%] [32mBuilding CXX object CMakeFiles/roverc__rosidl_typesupport_c.dir/rosidl_typesupport_c/roverc/msg/rgb__type_support.cpp.o[0m
[4.292s] [ 50%] [32mBuilding CXX object CMakeFiles/roverc__rosidl_typesupport_cpp.dir/rosidl_typesupport_cpp/roverc/msg/rgb__type_support.cpp.o[0m
[4.328s] [ 52%] [32m[1mLinking C shared library libroverc__rosidl_typesupport_introspection_c.so[0m
[4.331s] [ 54%] [32mBuilding CXX object CMakeFiles/roverc__rosidl_typesupport_cpp.dir/rosidl_typesupport_cpp/roverc/msg/wheel_speed__type_support.cpp.o[0m
[4.332s] [ 56%] [32mBuilding CXX object CMakeFiles/roverc__rosidl_typesupport_fastrtps_cpp.dir/rosidl_typesupport_fastrtps_cpp/roverc/msg/detail/dds_fastrtps/rgb__type_support.cpp.o[0m
[4.379s] [ 59%] [32mBuilding CXX object CMakeFiles/roverc__rosidl_typesupport_c.dir/rosidl_typesupport_c/roverc/msg/wheel_speed__type_support.cpp.o[0m
[4.383s] [ 59%] Built target roverc__rosidl_typesupport_introspection_c
[4.402s] [ 61%] [32mBuilding CXX object CMakeFiles/roverc__rosidl_typesupport_fastrtps_cpp.dir/rosidl_typesupport_fastrtps_cpp/roverc/msg/detail/dds_fastrtps/wheel_speed__type_support.cpp.o[0m
[4.422s] [ 63%] [32mBuilding CXX object CMakeFiles/roverc__rosidl_typesupport_fastrtps_c.dir/rosidl_typesupport_fastrtps_c/roverc/msg/detail/rgb__type_support_c.cpp.o[0m
[4.447s] [ 65%] [32m[1mLinking CXX shared library libroverc__rosidl_typesupport_c.so[0m
[4.532s] [ 65%] Built target roverc__rosidl_typesupport_c
[4.557s] [ 68%] [32mBuilding CXX object CMakeFiles/roverc__rosidl_typesupport_fastrtps_c.dir/rosidl_typesupport_fastrtps_c/roverc/msg/detail/wheel_speed__type_support_c.cpp.o[0m
[4.703s] [ 70%] [32m[1mLinking CXX shared library libroverc__rosidl_typesupport_introspection_cpp.so[0m
[4.778s] [ 70%] Built target roverc__rosidl_typesupport_introspection_cpp
[4.908s] [ 72%] [32m[1mLinking CXX shared library libroverc__rosidl_typesupport_cpp.so[0m
[4.954s] [ 72%] Built target roverc__rosidl_typesupport_cpp
[5.126s] [ 75%] [32m[1mLinking CXX shared library libroverc__rosidl_typesupport_fastrtps_cpp.so[0m
[5.173s] [ 75%] Built target roverc__rosidl_typesupport_fastrtps_cpp
[5.215s] [ 77%] [32m[1mLinking CXX shared library libroverc__rosidl_typesupport_fastrtps_c.so[0m
[5.259s] [ 77%] Built target roverc__rosidl_typesupport_fastrtps_c
[5.277s] [ 77%] Built target roverc
[5.296s] [ 79%] [34m[1mGenerating Python code for ROS interfaces[0m
[5.669s] [ 79%] Built target roverc__py
[5.687s] [ 84%] [32mBuilding C object CMakeFiles/roverc__rosidl_generator_py.dir/rosidl_generator_py/roverc/msg/_rgb_s.c.o[0m
[5.687s] [ 84%] [32mBuilding C object CMakeFiles/roverc__rosidl_generator_py.dir/rosidl_generator_py/roverc/msg/_wheel_speed_s.c.o[0m
[5.815s] [ 86%] [32m[1mLinking C shared library libroverc__rosidl_generator_py.so[0m
[5.850s] [ 86%] Built target roverc__rosidl_generator_py
[5.867s] [ 90%] [32mBuilding C object CMakeFiles/roverc_s__rosidl_typesupport_c.dir/rosidl_generator_py/roverc/_roverc_s.ep.rosidl_typesupport_c.c.o[0m
[5.867s] [ 90%] [32mBuilding C object CMakeFiles/roverc_s__rosidl_typesupport_fastrtps_c.dir/rosidl_generator_py/roverc/_roverc_s.ep.rosidl_typesupport_fastrtps_c.c.o[0m
[5.867s] [ 93%] [32mBuilding C object CMakeFiles/roverc_s__rosidl_typesupport_introspection_c.dir/rosidl_generator_py/roverc/_roverc_s.ep.rosidl_typesupport_introspection_c.c.o[0m
[5.964s] [ 95%] [32m[1mLinking C shared module rosidl_generator_py/roverc/roverc_s__rosidl_typesupport_c.so[0m
[5.966s] [ 97%] [32m[1mLinking C shared module rosidl_generator_py/roverc/roverc_s__rosidl_typesupport_introspection_c.so[0m
[5.972s] [100%] [32m[1mLinking C shared module rosidl_generator_py/roverc/roverc_s__rosidl_typesupport_fastrtps_c.so[0m
[5.995s] [100%] Built target roverc_s__rosidl_typesupport_c
[6.003s] [100%] Built target roverc_s__rosidl_typesupport_introspection_c
[6.004s] [100%] Built target roverc_s__rosidl_typesupport_fastrtps_c
[6.017s] Invoked command in '/home/nguyen-anh-dung/ros2_ws/src/build/roverc' returned '0': CMAKE_PREFIX_PATH=${CMAKE_PREFIX_PATH}:/home/nguyen-anh-dung/ros2_ws/install/roverc_client:/opt/ros/jazzy DEBUGINFOD_URLS=https://debuginfod.ubuntu.com /usr/bin/cmake --build /home/nguyen-anh-dung/ros2_ws/src/build/roverc -- -j8 -l8
[6.026s] Invoking command in '/home/nguyen-anh-dung/ros2_ws/src/build/roverc': CMAKE_PREFIX_PATH=${CMAKE_PREFIX_PATH}:/home/nguyen-anh-dung/ros2_ws/install/roverc_client:/opt/ros/jazzy DEBUGINFOD_URLS=https://debuginfod.ubuntu.com /usr/bin/cmake --install /home/nguyen-anh-dung/ros2_ws/src/build/roverc
[6.034s] -- Install configuration: ""
[6.035s] -- Installing: /home/nguyen-anh-dung/ros2_ws/src/install/roverc/share/ament_index/resource_index/rosidl_interfaces/roverc
[6.035s] -- Installing: /home/nguyen-anh-dung/ros2_ws/src/install/roverc/share/roverc/msg/RGB.json
[6.035s] -- Installing: /home/nguyen-anh-dung/ros2_ws/src/install/roverc/share/roverc/msg/WheelSpeed.json
[6.035s] -- Installing: /home/nguyen-anh-dung/ros2_ws/src/install/roverc/include/roverc/roverc
[6.035s] -- Installing: /home/nguyen-anh-dung/ros2_ws/src/install/roverc/include/roverc/roverc/msg
[6.035s] -- Installing: /home/nguyen-anh-dung/ros2_ws/src/install/roverc/include/roverc/roverc/msg/detail
[6.035s] -- Installing: /home/nguyen-anh-dung/ros2_ws/src/install/roverc/include/roverc/roverc/msg/detail/rgb__struct.h
[6.035s] -- Installing: /home/nguyen-anh-dung/ros2_ws/src/install/roverc/include/roverc/roverc/msg/detail/wheel_speed__description.c
[6.036s] -- Installing: /home/nguyen-anh-dung/ros2_ws/src/install/roverc/include/roverc/roverc/msg/detail/rgb__description.c
[6.036s] -- Installing: /home/nguyen-anh-dung/ros2_ws/src/install/roverc/include/roverc/roverc/msg/detail/rgb__functions.c
[6.036s] -- Installing: /home/nguyen-anh-dung/ros2_ws/src/install/roverc/include/roverc/roverc/msg/detail/rgb__functions.h
[6.036s] -- Installing: /home/nguyen-anh-dung/ros2_ws/src/install/roverc/include/roverc/roverc/msg/detail/rgb__type_support.c
[6.036s] -- Installing: /home/nguyen-anh-dung/ros2_ws/src/install/roverc/include/roverc/roverc/msg/detail/rgb__type_support.h
[6.036s] -- Installing: /home/nguyen-anh-dung/ros2_ws/src/install/roverc/include/roverc/roverc/msg/detail/wheel_speed__type_support.c
[6.036s] -- Installing: /home/nguyen-anh-dung/ros2_ws/src/install/roverc/include/roverc/roverc/msg/detail/wheel_speed__type_support.h
[6.036s] -- Installing: /home/nguyen-anh-dung/ros2_ws/src/install/roverc/include/roverc/roverc/msg/detail/wheel_speed__functions.h
[6.036s] -- Installing: /home/nguyen-anh-dung/ros2_ws/src/install/roverc/include/roverc/roverc/msg/detail/wheel_speed__struct.h
[6.036s] -- Installing: /home/nguyen-anh-dung/ros2_ws/src/install/roverc/include/roverc/roverc/msg/detail/wheel_speed__functions.c
[6.037s] -- Installing: /home/nguyen-anh-dung/ros2_ws/src/install/roverc/include/roverc/roverc/msg/rgb.h
[6.037s] -- Installing: /home/nguyen-anh-dung/ros2_ws/src/install/roverc/include/roverc/roverc/msg/wheel_speed.h
[6.037s] -- Installing: /home/nguyen-anh-dung/ros2_ws/src/install/roverc/include/roverc/roverc/msg/rosidl_generator_c__visibility_control.h
[6.037s] -- Installing: /home/nguyen-anh-dung/ros2_ws/src/install/roverc/share/roverc/environment/library_path.sh
[6.037s] -- Installing: /home/nguyen-anh-dung/ros2_ws/src/install/roverc/share/roverc/environment/library_path.dsv
[6.037s] -- Installing: /home/nguyen-anh-dung/ros2_ws/src/install/roverc/lib/libroverc__rosidl_generator_c.so
[6.038s] -- Set non-toolchain portion of runtime path of "/home/nguyen-anh-dung/ros2_ws/src/install/roverc/lib/libroverc__rosidl_generator_c.so" to ""
[6.038s] -- Up-to-date: /home/nguyen-anh-dung/ros2_ws/src/install/roverc/include/roverc/roverc
[6.038s] -- Up-to-date: /home/nguyen-anh-dung/ros2_ws/src/install/roverc/include/roverc/roverc/msg
[6.038s] -- Up-to-date: /home/nguyen-anh-dung/ros2_ws/src/install/roverc/include/roverc/roverc/msg/detail
[6.038s] -- Installing: /home/nguyen-anh-dung/ros2_ws/src/install/roverc/include/roverc/roverc/msg/detail/wheel_speed__rosidl_typesupport_fastrtps_c.h
[6.038s] -- Installing: /home/nguyen-anh-dung/ros2_ws/src/install/roverc/include/roverc/roverc/msg/detail/rgb__rosidl_typesupport_fastrtps_c.h
[6.038s] -- Installing: /home/nguyen-anh-dung/ros2_ws/src/install/roverc/include/roverc/roverc/msg/rosidl_typesupport_fastrtps_c__visibility_control.h
[6.038s] -- Installing: /home/nguyen-anh-dung/ros2_ws/src/install/roverc/lib/libroverc__rosidl_typesupport_fastrtps_c.so
[6.039s] -- Set non-toolchain portion of runtime path of "/home/nguyen-anh-dung/ros2_ws/src/install/roverc/lib/libroverc__rosidl_typesupport_fastrtps_c.so" to ""
[6.039s] -- Up-to-date: /home/nguyen-anh-dung/ros2_ws/src/install/roverc/include/roverc/roverc
[6.039s] -- Up-to-date: /home/nguyen-anh-dung/ros2_ws/src/install/roverc/include/roverc/roverc/msg
[6.039s] -- Installing: /home/nguyen-anh-dung/ros2_ws/src/install/roverc/include/roverc/roverc/msg/rosidl_typesupport_introspection_c__visibility_control.h
[6.039s] -- Up-to-date: /home/nguyen-anh-dung/ros2_ws/src/install/roverc/include/roverc/roverc/msg/detail
[6.039s] -- Installing: /home/nguyen-anh-dung/ros2_ws/src/install/roverc/include/roverc/roverc/msg/detail/wheel_speed__rosidl_typesupport_introspection_c.h
[6.039s] -- Up-to-date: /home/nguyen-anh-dung/ros2_ws/src/install/roverc/include/roverc/roverc/msg/detail/rgb__type_support.c
[6.039s] -- Up-to-date: /home/nguyen-anh-dung/ros2_ws/src/install/roverc/include/roverc/roverc/msg/detail/wheel_speed__type_support.c
[6.040s] -- Installing: /home/nguyen-anh-dung/ros2_ws/src/install/roverc/include/roverc/roverc/msg/detail/rgb__rosidl_typesupport_introspection_c.h
[6.040s] -- Installing: /home/nguyen-anh-dung/ros2_ws/src/install/roverc/lib/libroverc__rosidl_typesupport_introspection_c.so
[6.040s] -- Set non-toolchain portion of runtime path of "/home/nguyen-anh-dung/ros2_ws/src/install/roverc/lib/libroverc__rosidl_typesupport_introspection_c.so" to ""
[6.040s] -- Installing: /home/nguyen-anh-dung/ros2_ws/src/install/roverc/lib/libroverc__rosidl_typesupport_c.so
[6.040s] -- Set non-toolchain portion of runtime path of "/home/nguyen-anh-dung/ros2_ws/src/install/roverc/lib/libroverc__rosidl_typesupport_c.so" to ""
[6.040s] -- Up-to-date: /home/nguyen-anh-dung/ros2_ws/src/install/roverc/include/roverc/roverc
[6.041s] -- Up-to-date: /home/nguyen-anh-dung/ros2_ws/src/install/roverc/include/roverc/roverc/msg
[6.041s] -- Up-to-date: /home/nguyen-anh-dung/ros2_ws/src/install/roverc/include/roverc/roverc/msg/detail
[6.041s] -- Installing: /home/nguyen-anh-dung/ros2_ws/src/install/roverc/include/roverc/roverc/msg/detail/rgb__traits.hpp
[6.041s] -- Installing: /home/nguyen-anh-dung/ros2_ws/src/install/roverc/include/roverc/roverc/msg/detail/rgb__type_support.hpp
[6.041s] -- Installing: /home/nguyen-anh-dung/ros2_ws/src/install/roverc/include/roverc/roverc/msg/detail/wheel_speed__builder.hpp
[6.041s] -- Installing: /home/nguyen-anh-dung/ros2_ws/src/install/roverc/include/roverc/roverc/msg/detail/wheel_speed__struct.hpp
[6.041s] -- Installing: /home/nguyen-anh-dung/ros2_ws/src/install/roverc/include/roverc/roverc/msg/detail/wheel_speed__traits.hpp
[6.041s] -- Installing: /home/nguyen-anh-dung/ros2_ws/src/install/roverc/include/roverc/roverc/msg/detail/wheel_speed__type_support.hpp
[6.041s] -- Installing: /home/nguyen-anh-dung/ros2_ws/src/install/roverc/include/roverc/roverc/msg/detail/rgb__builder.hpp
[6.042s] -- Installing: /home/nguyen-anh-dung/ros2_ws/src/install/roverc/include/roverc/roverc/msg/detail/rgb__struct.hpp
[6.042s] -- Installing: /home/nguyen-anh-dung/ros2_ws/src/install/roverc/include/roverc/roverc/msg/wheel_speed.hpp
[6.042s] -- Installing: /home/nguyen-anh-dung/ros2_ws/src/install/roverc/include/roverc/roverc/msg/rosidl_generator_cpp__visibility_control.hpp
[6.042s] -- Installing: /home/nguyen-anh-dung/ros2_ws/src/install/roverc/include/roverc/roverc/msg/rgb.hpp
[6.042s] -- Up-to-date: /home/nguyen-anh-dung/ros2_ws/src/install/roverc/include/roverc/roverc
[6.042s] -- Up-to-date: /home/nguyen-anh-dung/ros2_ws/src/install/roverc/include/roverc/roverc/msg
[6.043s] -- Up-to-date: /home/nguyen-anh-dung/ros2_ws/src/install/roverc/include/roverc/roverc/msg/detail
[6.043s] -- Installing: /home/nguyen-anh-dung/ros2_ws/src/install/roverc/include/roverc/roverc/msg/detail/rgb__rosidl_typesupport_fastrtps_cpp.hpp
[6.043s] -- Installing: /home/nguyen-anh-dung/ros2_ws/src/install/roverc/include/roverc/roverc/msg/detail/wheel_speed__rosidl_typesupport_fastrtps_cpp.hpp
[6.043s] -- Installing: /home/nguyen-anh-dung/ros2_ws/src/install/roverc/include/roverc/roverc/msg/detail/dds_fastrtps
[6.043s] -- Installing: /home/nguyen-anh-dung/ros2_ws/src/install/roverc/include/roverc/roverc/msg/rosidl_typesupport_fastrtps_cpp__visibility_control.h
[6.043s] -- Installing: /home/nguyen-anh-dung/ros2_ws/src/install/roverc/lib/libroverc__rosidl_typesupport_fastrtps_cpp.so
[6.043s] -- Set non-toolchain portion of runtime path of "/home/nguyen-anh-dung/ros2_ws/src/install/roverc/lib/libroverc__rosidl_typesupport_fastrtps_cpp.so" to ""
[6.043s] -- Up-to-date: /home/nguyen-anh-dung/ros2_ws/src/install/roverc/include/roverc/roverc
[6.044s] -- Up-to-date: /home/nguyen-anh-dung/ros2_ws/src/install/roverc/include/roverc/roverc/msg
[6.044s] -- Up-to-date: /home/nguyen-anh-dung/ros2_ws/src/install/roverc/include/roverc/roverc/msg/detail
[6.044s] -- Installing: /home/nguyen-anh-dung/ros2_ws/src/install/roverc/include/roverc/roverc/msg/detail/wheel_speed__rosidl_typesupport_introspection_cpp.hpp
[6.044s] -- Installing: /home/nguyen-anh-dung/ros2_ws/src/install/roverc/include/roverc/roverc/msg/detail/wheel_speed__type_support.cpp
[6.044s] -- Installing: /home/nguyen-anh-dung/ros2_ws/src/install/roverc/include/roverc/roverc/msg/detail/rgb__rosidl_typesupport_introspection_cpp.hpp
[6.044s] -- Installing: /home/nguyen-anh-dung/ros2_ws/src/install/roverc/include/roverc/roverc/msg/detail/rgb__type_support.cpp
[6.044s] -- Installing: /home/nguyen-anh-dung/ros2_ws/src/install/roverc/lib/libroverc__rosidl_typesupport_introspection_cpp.so
[6.045s] -- Set non-toolchain portion of runtime path of "/home/nguyen-anh-dung/ros2_ws/src/install/roverc/lib/libroverc__rosidl_typesupport_introspection_cpp.so" to ""
[6.045s] -- Installing: /home/nguyen-anh-dung/ros2_ws/src/install/roverc/lib/libroverc__rosidl_typesupport_cpp.so
[6.045s] -- Set non-toolchain portion of runtime path of "/home/nguyen-anh-dung/ros2_ws/src/install/roverc/lib/libroverc__rosidl_typesupport_cpp.so" to ""
[6.045s] -- Installing: /home/nguyen-anh-dung/ros2_ws/src/install/roverc/share/roverc/environment/pythonpath.sh
[6.045s] -- Installing: /home/nguyen-anh-dung/ros2_ws/src/install/roverc/share/roverc/environment/pythonpath.dsv
[6.045s] -- Installing: /home/nguyen-anh-dung/ros2_ws/src/install/roverc/lib/python3.12/site-packages/roverc-0.0.0-py3.12.egg-info
[6.046s] -- Installing: /home/nguyen-anh-dung/ros2_ws/src/install/roverc/lib/python3.12/site-packages/roverc-0.0.0-py3.12.egg-info/dependency_links.txt
[6.046s] -- Installing: /home/nguyen-anh-dung/ros2_ws/src/install/roverc/lib/python3.12/site-packages/roverc-0.0.0-py3.12.egg-info/top_level.txt
[6.046s] -- Installing: /home/nguyen-anh-dung/ros2_ws/src/install/roverc/lib/python3.12/site-packages/roverc-0.0.0-py3.12.egg-info/SOURCES.txt
[6.046s] -- Installing: /home/nguyen-anh-dung/ros2_ws/src/install/roverc/lib/python3.12/site-packages/roverc-0.0.0-py3.12.egg-info/PKG-INFO
[6.046s] -- Installing: /home/nguyen-anh-dung/ros2_ws/src/install/roverc/lib/python3.12/site-packages/roverc
[6.046s] -- Installing: /home/nguyen-anh-dung/ros2_ws/src/install/roverc/lib/python3.12/site-packages/roverc/roverc_s__rosidl_typesupport_fastrtps_c.so
[6.046s] -- Installing: /home/nguyen-anh-dung/ros2_ws/src/install/roverc/lib/python3.12/site-packages/roverc/roverc_s__rosidl_typesupport_c.so
[6.046s] -- Installing: /home/nguyen-anh-dung/ros2_ws/src/install/roverc/lib/python3.12/site-packages/roverc/_roverc_s.ep.rosidl_typesupport_c.c
[6.047s] -- Installing: /home/nguyen-anh-dung/ros2_ws/src/install/roverc/lib/python3.12/site-packages/roverc/msg
[6.047s] -- Installing: /home/nguyen-anh-dung/ros2_ws/src/install/roverc/lib/python3.12/site-packages/roverc/msg/_rgb.py
[6.047s] -- Installing: /home/nguyen-anh-dung/ros2_ws/src/install/roverc/lib/python3.12/site-packages/roverc/msg/_wheel_speed_s.c
[6.047s] -- Installing: /home/nguyen-anh-dung/ros2_ws/src/install/roverc/lib/python3.12/site-packages/roverc/msg/_wheel_speed.py
[6.047s] -- Installing: /home/nguyen-anh-dung/ros2_ws/src/install/roverc/lib/python3.12/site-packages/roverc/msg/_rgb_s.c
[6.047s] -- Installing: /home/nguyen-anh-dung/ros2_ws/src/install/roverc/lib/python3.12/site-packages/roverc/msg/__init__.py
[6.047s] -- Installing: /home/nguyen-anh-dung/ros2_ws/src/install/roverc/lib/python3.12/site-packages/roverc/_roverc_s.ep.rosidl_typesupport_introspection_c.c
[6.047s] -- Installing: /home/nguyen-anh-dung/ros2_ws/src/install/roverc/lib/python3.12/site-packages/roverc/__init__.py
[6.047s] -- Installing: /home/nguyen-anh-dung/ros2_ws/src/install/roverc/lib/python3.12/site-packages/roverc/_roverc_s.ep.rosidl_typesupport_fastrtps_c.c
[6.048s] -- Installing: /home/nguyen-anh-dung/ros2_ws/src/install/roverc/lib/python3.12/site-packages/roverc/roverc_s__rosidl_typesupport_introspection_c.so
[6.086s] Listing '/home/nguyen-anh-dung/ros2_ws/src/install/roverc/lib/python3.12/site-packages/roverc'...
[6.086s] Compiling '/home/nguyen-anh-dung/ros2_ws/src/install/roverc/lib/python3.12/site-packages/roverc/__init__.py'...
[6.086s] Listing '/home/nguyen-anh-dung/ros2_ws/src/install/roverc/lib/python3.12/site-packages/roverc/msg'...
[6.087s] Compiling '/home/nguyen-anh-dung/ros2_ws/src/install/roverc/lib/python3.12/site-packages/roverc/msg/__init__.py'...
[6.087s] Compiling '/home/nguyen-anh-dung/ros2_ws/src/install/roverc/lib/python3.12/site-packages/roverc/msg/_rgb.py'...
[6.087s] Compiling '/home/nguyen-anh-dung/ros2_ws/src/install/roverc/lib/python3.12/site-packages/roverc/msg/_wheel_speed.py'...
[6.092s] -- Installing: /home/nguyen-anh-dung/ros2_ws/src/install/roverc/lib/python3.12/site-packages/roverc/roverc_s__rosidl_typesupport_fastrtps_c.so
[6.092s] -- Set non-toolchain portion of runtime path of "/home/nguyen-anh-dung/ros2_ws/src/install/roverc/lib/python3.12/site-packages/roverc/roverc_s__rosidl_typesupport_fastrtps_c.so" to ""
[6.092s] -- Installing: /home/nguyen-anh-dung/ros2_ws/src/install/roverc/lib/python3.12/site-packages/roverc/roverc_s__rosidl_typesupport_introspection_c.so
[6.092s] -- Set non-toolchain portion of runtime path of "/home/nguyen-anh-dung/ros2_ws/src/install/roverc/lib/python3.12/site-packages/roverc/roverc_s__rosidl_typesupport_introspection_c.so" to ""
[6.093s] -- Installing: /home/nguyen-anh-dung/ros2_ws/src/install/roverc/lib/python3.12/site-packages/roverc/roverc_s__rosidl_typesupport_c.so
[6.093s] -- Set non-toolchain portion of runtime path of "/home/nguyen-anh-dung/ros2_ws/src/install/roverc/lib/python3.12/site-packages/roverc/roverc_s__rosidl_typesupport_c.so" to ""
[6.093s] -- Installing: /home/nguyen-anh-dung/ros2_ws/src/install/roverc/lib/libroverc__rosidl_generator_py.so
[6.093s] -- Set non-toolchain portion of runtime path of "/home/nguyen-anh-dung/ros2_ws/src/install/roverc/lib/libroverc__rosidl_generator_py.so" to ""
[6.093s] -- Installing: /home/nguyen-anh-dung/ros2_ws/src/install/roverc/share/roverc/msg/RGB.idl
[6.093s] -- Installing: /home/nguyen-anh-dung/ros2_ws/src/install/roverc/share/roverc/msg/WheelSpeed.idl
[6.094s] -- Installing: /home/nguyen-anh-dung/ros2_ws/src/install/roverc/share/roverc/msg/RGB.msg
[6.094s] -- Installing: /home/nguyen-anh-dung/ros2_ws/src/install/roverc/share/roverc/msg/WheelSpeed.msg
[6.094s] -- Installing: /home/nguyen-anh-dung/ros2_ws/src/install/roverc/share/ament_index/resource_index/package_run_dependencies/roverc
[6.094s] -- Installing: /home/nguyen-anh-dung/ros2_ws/src/install/roverc/share/ament_index/resource_index/parent_prefix_path/roverc
[6.094s] -- Installing: /home/nguyen-anh-dung/ros2_ws/src/install/roverc/share/roverc/environment/ament_prefix_path.sh
[6.094s] -- Installing: /home/nguyen-anh-dung/ros2_ws/src/install/roverc/share/roverc/environment/ament_prefix_path.dsv
[6.095s] -- Installing: /home/nguyen-anh-dung/ros2_ws/src/install/roverc/share/roverc/environment/path.sh
[6.095s] -- Installing: /home/nguyen-anh-dung/ros2_ws/src/install/roverc/share/roverc/environment/path.dsv
[6.095s] -- Installing: /home/nguyen-anh-dung/ros2_ws/src/install/roverc/share/roverc/local_setup.bash
[6.095s] -- Installing: /home/nguyen-anh-dung/ros2_ws/src/install/roverc/share/roverc/local_setup.sh
[6.095s] -- Installing: /home/nguyen-anh-dung/ros2_ws/src/install/roverc/share/roverc/local_setup.zsh
[6.095s] -- Installing: /home/nguyen-anh-dung/ros2_ws/src/install/roverc/share/roverc/local_setup.dsv
[6.095s] -- Installing: /home/nguyen-anh-dung/ros2_ws/src/install/roverc/share/roverc/package.dsv
[6.095s] -- Installing: /home/nguyen-anh-dung/ros2_ws/src/install/roverc/share/ament_index/resource_index/packages/roverc
[6.096s] -- Installing: /home/nguyen-anh-dung/ros2_ws/src/install/roverc/share/roverc/cmake/export_roverc__rosidl_generator_cExport.cmake
[6.096s] -- Installing: /home/nguyen-anh-dung/ros2_ws/src/install/roverc/share/roverc/cmake/export_roverc__rosidl_generator_cExport-noconfig.cmake
[6.096s] -- Installing: /home/nguyen-anh-dung/ros2_ws/src/install/roverc/share/roverc/cmake/export_roverc__rosidl_typesupport_fastrtps_cExport.cmake
[6.096s] -- Installing: /home/nguyen-anh-dung/ros2_ws/src/install/roverc/share/roverc/cmake/export_roverc__rosidl_typesupport_fastrtps_cExport-noconfig.cmake
[6.096s] -- Installing: /home/nguyen-anh-dung/ros2_ws/src/install/roverc/share/roverc/cmake/roverc__rosidl_typesupport_introspection_cExport.cmake
[6.096s] -- Installing: /home/nguyen-anh-dung/ros2_ws/src/install/roverc/share/roverc/cmake/roverc__rosidl_typesupport_introspection_cExport-noconfig.cmake
[6.096s] -- Installing: /home/nguyen-anh-dung/ros2_ws/src/install/roverc/share/roverc/cmake/roverc__rosidl_typesupport_cExport.cmake
[6.096s] -- Installing: /home/nguyen-anh-dung/ros2_ws/src/install/roverc/share/roverc/cmake/roverc__rosidl_typesupport_cExport-noconfig.cmake
[6.096s] -- Installing: /home/nguyen-anh-dung/ros2_ws/src/install/roverc/share/roverc/cmake/export_roverc__rosidl_generator_cppExport.cmake
[6.097s] -- Installing: /home/nguyen-anh-dung/ros2_ws/src/install/roverc/share/roverc/cmake/export_roverc__rosidl_typesupport_fastrtps_cppExport.cmake
[6.097s] -- Installing: /home/nguyen-anh-dung/ros2_ws/src/install/roverc/share/roverc/cmake/export_roverc__rosidl_typesupport_fastrtps_cppExport-noconfig.cmake
[6.097s] -- Installing: /home/nguyen-anh-dung/ros2_ws/src/install/roverc/share/roverc/cmake/roverc__rosidl_typesupport_introspection_cppExport.cmake
[6.097s] -- Installing: /home/nguyen-anh-dung/ros2_ws/src/install/roverc/share/roverc/cmake/roverc__rosidl_typesupport_introspection_cppExport-noconfig.cmake
[6.097s] -- Installing: /home/nguyen-anh-dung/ros2_ws/src/install/roverc/share/roverc/cmake/roverc__rosidl_typesupport_cppExport.cmake
[6.097s] -- Installing: /home/nguyen-anh-dung/ros2_ws/src/install/roverc/share/roverc/cmake/roverc__rosidl_typesupport_cppExport-noconfig.cmake
[6.097s] -- Installing: /home/nguyen-anh-dung/ros2_ws/src/install/roverc/share/roverc/cmake/export_roverc__rosidl_generator_pyExport.cmake
[6.097s] -- Installing: /home/nguyen-anh-dung/ros2_ws/src/install/roverc/share/roverc/cmake/export_roverc__rosidl_generator_pyExport-noconfig.cmake
[6.098s] -- Installing: /home/nguyen-anh-dung/ros2_ws/src/install/roverc/share/roverc/cmake/rosidl_cmake-extras.cmake
[6.098s] -- Installing: /home/nguyen-anh-dung/ros2_ws/src/install/roverc/share/roverc/cmake/ament_cmake_export_include_directories-extras.cmake
[6.098s] -- Installing: /home/nguyen-anh-dung/ros2_ws/src/install/roverc/share/roverc/cmake/ament_cmake_export_libraries-extras.cmake
[6.098s] -- Installing: /home/nguyen-anh-dung/ros2_ws/src/install/roverc/share/roverc/cmake/ament_cmake_export_targets-extras.cmake
[6.098s] -- Installing: /home/nguyen-anh-dung/ros2_ws/src/install/roverc/share/roverc/cmake/rosidl_cmake_export_typesupport_targets-extras.cmake
[6.098s] -- Installing: /home/nguyen-anh-dung/ros2_ws/src/install/roverc/share/roverc/cmake/ament_cmake_export_dependencies-extras.cmake
[6.098s] -- Installing: /home/nguyen-anh-dung/ros2_ws/src/install/roverc/share/roverc/cmake/rosidl_cmake_export_typesupport_libraries-extras.cmake
[6.098s] -- Installing: /home/nguyen-anh-dung/ros2_ws/src/install/roverc/share/roverc/cmake/rovercConfig.cmake
[6.098s] -- Installing: /home/nguyen-anh-dung/ros2_ws/src/install/roverc/share/roverc/cmake/rovercConfig-version.cmake
[6.098s] -- Installing: /home/nguyen-anh-dung/ros2_ws/src/install/roverc/share/roverc/package.xml
[6.100s] Invoked command in '/home/nguyen-anh-dung/ros2_ws/src/build/roverc' returned '0': CMAKE_PREFIX_PATH=${CMAKE_PREFIX_PATH}:/home/nguyen-anh-dung/ros2_ws/install/roverc_client:/opt/ros/jazzy DEBUGINFOD_URLS=https://debuginfod.ubuntu.com /usr/bin/cmake --install /home/nguyen-anh-dung/ros2_ws/src/build/roverc
