[0.015s] Invoking command in '/home/nguyen-anh-dung/ros2_ws/build/roverc': CMAKE_PREFIX_PATH=${CMAKE_PREFIX_PATH}:/home/nguyen-anh-dung/ros2_ws/install/roverc_client:/opt/ros/jazzy DEBUGINFOD_URLS=https://debuginfod.ubuntu.com /usr/bin/cmake --build /home/nguyen-anh-dung/ros2_ws/build/roverc -- -j8 -l8
[0.073s] [  2%] Built target roverc__rosidl_generator_type_description
[0.085s] [  2%] Built target ament_cmake_python_copy_roverc
[0.096s] [  4%] Built target roverc__cpp
[0.098s] [ 22%] Built target roverc__rosidl_generator_c
[0.132s] [ 31%] Built target roverc__rosidl_typesupport_c
[0.135s] [ 40%] Built target roverc__rosidl_typesupport_introspection_c
[0.136s] [ 56%] Built target roverc__rosidl_typesupport_fastrtps_cpp
[0.137s] [ 59%] Built target roverc__rosidl_typesupport_introspection_cpp
[0.138s] [ 77%] Built target roverc__rosidl_typesupport_cpp
[0.138s] [ 77%] Built target roverc__rosidl_typesupport_fastrtps_c
[0.160s] [ 77%] Built target roverc
[0.185s] [ 79%] Built target roverc__py
[0.213s] [ 86%] Built target roverc__rosidl_generator_py
[0.239s] [ 95%] Built target roverc_s__rosidl_typesupport_c
[0.239s] [ 95%] Built target roverc_s__rosidl_typesupport_introspection_c
[0.240s] [100%] Built target roverc_s__rosidl_typesupport_fastrtps_c
[0.510s] running egg_info
[0.555s] writing roverc.egg-info/PKG-INFO
[0.556s] writing dependency_links to roverc.egg-info/dependency_links.txt
[0.556s] writing top-level names to roverc.egg-info/top_level.txt
[0.688s] reading manifest file 'roverc.egg-info/SOURCES.txt'
[0.689s] writing manifest file 'roverc.egg-info/SOURCES.txt'
[0.726s] [100%] Built target ament_cmake_python_build_roverc_egg
[0.741s] Invoked command in '/home/nguyen-anh-dung/ros2_ws/build/roverc' returned '0': CMAKE_PREFIX_PATH=${CMAKE_PREFIX_PATH}:/home/nguyen-anh-dung/ros2_ws/install/roverc_client:/opt/ros/jazzy DEBUGINFOD_URLS=https://debuginfod.ubuntu.com /usr/bin/cmake --build /home/nguyen-anh-dung/ros2_ws/build/roverc -- -j8 -l8
[0.753s] Invoking command in '/home/nguyen-anh-dung/ros2_ws/build/roverc': CMAKE_PREFIX_PATH=${CMAKE_PREFIX_PATH}:/home/nguyen-anh-dung/ros2_ws/install/roverc_client:/opt/ros/jazzy DEBUGINFOD_URLS=https://debuginfod.ubuntu.com /usr/bin/cmake --install /home/nguyen-anh-dung/ros2_ws/build/roverc
[0.763s] -- Install configuration: ""
[0.764s] -- Up-to-date: /home/nguyen-anh-dung/ros2_ws/install/roverc/share/ament_index/resource_index/rosidl_interfaces/roverc
[0.764s] -- Up-to-date: /home/nguyen-anh-dung/ros2_ws/install/roverc/share/roverc/msg/RGB.json
[0.764s] -- Up-to-date: /home/nguyen-anh-dung/ros2_ws/install/roverc/share/roverc/msg/WheelSpeed.json
[0.764s] -- Up-to-date: /home/nguyen-anh-dung/ros2_ws/install/roverc/include/roverc/roverc
[0.764s] -- Up-to-date: /home/nguyen-anh-dung/ros2_ws/install/roverc/include/roverc/roverc/msg
[0.764s] -- Up-to-date: /home/nguyen-anh-dung/ros2_ws/install/roverc/include/roverc/roverc/msg/detail
[0.765s] -- Up-to-date: /home/nguyen-anh-dung/ros2_ws/install/roverc/include/roverc/roverc/msg/detail/rgb__struct.h
[0.765s] -- Up-to-date: /home/nguyen-anh-dung/ros2_ws/install/roverc/include/roverc/roverc/msg/detail/wheel_speed__description.c
[0.765s] -- Up-to-date: /home/nguyen-anh-dung/ros2_ws/install/roverc/include/roverc/roverc/msg/detail/rgb__description.c
[0.765s] -- Up-to-date: /home/nguyen-anh-dung/ros2_ws/install/roverc/include/roverc/roverc/msg/detail/rgb__functions.c
[0.765s] -- Up-to-date: /home/nguyen-anh-dung/ros2_ws/install/roverc/include/roverc/roverc/msg/detail/rgb__functions.h
[0.765s] -- Up-to-date: /home/nguyen-anh-dung/ros2_ws/install/roverc/include/roverc/roverc/msg/detail/rgb__type_support.c
[0.765s] -- Up-to-date: /home/nguyen-anh-dung/ros2_ws/install/roverc/include/roverc/roverc/msg/detail/rgb__type_support.h
[0.765s] -- Up-to-date: /home/nguyen-anh-dung/ros2_ws/install/roverc/include/roverc/roverc/msg/detail/wheel_speed__type_support.c
[0.765s] -- Up-to-date: /home/nguyen-anh-dung/ros2_ws/install/roverc/include/roverc/roverc/msg/detail/wheel_speed__type_support.h
[0.766s] -- Up-to-date: /home/nguyen-anh-dung/ros2_ws/install/roverc/include/roverc/roverc/msg/detail/wheel_speed__functions.h
[0.766s] -- Up-to-date: /home/nguyen-anh-dung/ros2_ws/install/roverc/include/roverc/roverc/msg/detail/wheel_speed__struct.h
[0.766s] -- Up-to-date: /home/nguyen-anh-dung/ros2_ws/install/roverc/include/roverc/roverc/msg/detail/wheel_speed__functions.c
[0.766s] -- Up-to-date: /home/nguyen-anh-dung/ros2_ws/install/roverc/include/roverc/roverc/msg/rgb.h
[0.766s] -- Up-to-date: /home/nguyen-anh-dung/ros2_ws/install/roverc/include/roverc/roverc/msg/wheel_speed.h
[0.766s] -- Up-to-date: /home/nguyen-anh-dung/ros2_ws/install/roverc/include/roverc/roverc/msg/rosidl_generator_c__visibility_control.h
[0.766s] -- Up-to-date: /home/nguyen-anh-dung/ros2_ws/install/roverc/share/roverc/environment/library_path.sh
[0.766s] -- Up-to-date: /home/nguyen-anh-dung/ros2_ws/install/roverc/share/roverc/environment/library_path.dsv
[0.767s] -- Up-to-date: /home/nguyen-anh-dung/ros2_ws/install/roverc/lib/libroverc__rosidl_generator_c.so
[0.767s] -- Up-to-date: /home/nguyen-anh-dung/ros2_ws/install/roverc/include/roverc/roverc
[0.767s] -- Up-to-date: /home/nguyen-anh-dung/ros2_ws/install/roverc/include/roverc/roverc/msg
[0.767s] -- Up-to-date: /home/nguyen-anh-dung/ros2_ws/install/roverc/include/roverc/roverc/msg/detail
[0.767s] -- Up-to-date: /home/nguyen-anh-dung/ros2_ws/install/roverc/include/roverc/roverc/msg/detail/wheel_speed__rosidl_typesupport_fastrtps_c.h
[0.767s] -- Up-to-date: /home/nguyen-anh-dung/ros2_ws/install/roverc/include/roverc/roverc/msg/detail/rgb__rosidl_typesupport_fastrtps_c.h
[0.767s] -- Up-to-date: /home/nguyen-anh-dung/ros2_ws/install/roverc/include/roverc/roverc/msg/rosidl_typesupport_fastrtps_c__visibility_control.h
[0.767s] -- Up-to-date: /home/nguyen-anh-dung/ros2_ws/install/roverc/lib/libroverc__rosidl_typesupport_fastrtps_c.so
[0.768s] -- Up-to-date: /home/nguyen-anh-dung/ros2_ws/install/roverc/include/roverc/roverc
[0.768s] -- Up-to-date: /home/nguyen-anh-dung/ros2_ws/install/roverc/include/roverc/roverc/msg
[0.768s] -- Up-to-date: /home/nguyen-anh-dung/ros2_ws/install/roverc/include/roverc/roverc/msg/rosidl_typesupport_introspection_c__visibility_control.h
[0.768s] -- Up-to-date: /home/nguyen-anh-dung/ros2_ws/install/roverc/include/roverc/roverc/msg/detail
[0.768s] -- Up-to-date: /home/nguyen-anh-dung/ros2_ws/install/roverc/include/roverc/roverc/msg/detail/wheel_speed__rosidl_typesupport_introspection_c.h
[0.768s] -- Up-to-date: /home/nguyen-anh-dung/ros2_ws/install/roverc/include/roverc/roverc/msg/detail/rgb__type_support.c
[0.768s] -- Up-to-date: /home/nguyen-anh-dung/ros2_ws/install/roverc/include/roverc/roverc/msg/detail/wheel_speed__type_support.c
[0.768s] -- Up-to-date: /home/nguyen-anh-dung/ros2_ws/install/roverc/include/roverc/roverc/msg/detail/rgb__rosidl_typesupport_introspection_c.h
[0.768s] -- Up-to-date: /home/nguyen-anh-dung/ros2_ws/install/roverc/lib/libroverc__rosidl_typesupport_introspection_c.so
[0.769s] -- Up-to-date: /home/nguyen-anh-dung/ros2_ws/install/roverc/lib/libroverc__rosidl_typesupport_c.so
[0.769s] -- Up-to-date: /home/nguyen-anh-dung/ros2_ws/install/roverc/include/roverc/roverc
[0.769s] -- Up-to-date: /home/nguyen-anh-dung/ros2_ws/install/roverc/include/roverc/roverc/msg
[0.769s] -- Up-to-date: /home/nguyen-anh-dung/ros2_ws/install/roverc/include/roverc/roverc/msg/detail
[0.769s] -- Up-to-date: /home/nguyen-anh-dung/ros2_ws/install/roverc/include/roverc/roverc/msg/detail/rgb__traits.hpp
[0.769s] -- Up-to-date: /home/nguyen-anh-dung/ros2_ws/install/roverc/include/roverc/roverc/msg/detail/rgb__type_support.hpp
[0.769s] -- Up-to-date: /home/nguyen-anh-dung/ros2_ws/install/roverc/include/roverc/roverc/msg/detail/wheel_speed__builder.hpp
[0.769s] -- Up-to-date: /home/nguyen-anh-dung/ros2_ws/install/roverc/include/roverc/roverc/msg/detail/wheel_speed__struct.hpp
[0.769s] -- Up-to-date: /home/nguyen-anh-dung/ros2_ws/install/roverc/include/roverc/roverc/msg/detail/wheel_speed__traits.hpp
[0.769s] -- Up-to-date: /home/nguyen-anh-dung/ros2_ws/install/roverc/include/roverc/roverc/msg/detail/wheel_speed__type_support.hpp
[0.770s] -- Up-to-date: /home/nguyen-anh-dung/ros2_ws/install/roverc/include/roverc/roverc/msg/detail/rgb__builder.hpp
[0.770s] -- Up-to-date: /home/nguyen-anh-dung/ros2_ws/install/roverc/include/roverc/roverc/msg/detail/rgb__struct.hpp
[0.770s] -- Up-to-date: /home/nguyen-anh-dung/ros2_ws/install/roverc/include/roverc/roverc/msg/wheel_speed.hpp
[0.770s] -- Up-to-date: /home/nguyen-anh-dung/ros2_ws/install/roverc/include/roverc/roverc/msg/rosidl_generator_cpp__visibility_control.hpp
[0.770s] -- Up-to-date: /home/nguyen-anh-dung/ros2_ws/install/roverc/include/roverc/roverc/msg/rgb.hpp
[0.770s] -- Up-to-date: /home/nguyen-anh-dung/ros2_ws/install/roverc/include/roverc/roverc
[0.770s] -- Up-to-date: /home/nguyen-anh-dung/ros2_ws/install/roverc/include/roverc/roverc/msg
[0.770s] -- Up-to-date: /home/nguyen-anh-dung/ros2_ws/install/roverc/include/roverc/roverc/msg/detail
[0.770s] -- Up-to-date: /home/nguyen-anh-dung/ros2_ws/install/roverc/include/roverc/roverc/msg/detail/rgb__rosidl_typesupport_fastrtps_cpp.hpp
[0.771s] -- Up-to-date: /home/nguyen-anh-dung/ros2_ws/install/roverc/include/roverc/roverc/msg/detail/wheel_speed__rosidl_typesupport_fastrtps_cpp.hpp
[0.771s] -- Up-to-date: /home/nguyen-anh-dung/ros2_ws/install/roverc/include/roverc/roverc/msg/detail/dds_fastrtps
[0.771s] -- Up-to-date: /home/nguyen-anh-dung/ros2_ws/install/roverc/include/roverc/roverc/msg/rosidl_typesupport_fastrtps_cpp__visibility_control.h
[0.771s] -- Up-to-date: /home/nguyen-anh-dung/ros2_ws/install/roverc/lib/libroverc__rosidl_typesupport_fastrtps_cpp.so
[0.771s] -- Up-to-date: /home/nguyen-anh-dung/ros2_ws/install/roverc/include/roverc/roverc
[0.772s] -- Up-to-date: /home/nguyen-anh-dung/ros2_ws/install/roverc/include/roverc/roverc/msg
[0.772s] -- Up-to-date: /home/nguyen-anh-dung/ros2_ws/install/roverc/include/roverc/roverc/msg/detail
[0.772s] -- Up-to-date: /home/nguyen-anh-dung/ros2_ws/install/roverc/include/roverc/roverc/msg/detail/wheel_speed__rosidl_typesupport_introspection_cpp.hpp
[0.772s] -- Up-to-date: /home/nguyen-anh-dung/ros2_ws/install/roverc/include/roverc/roverc/msg/detail/wheel_speed__type_support.cpp
[0.772s] -- Up-to-date: /home/nguyen-anh-dung/ros2_ws/install/roverc/include/roverc/roverc/msg/detail/rgb__rosidl_typesupport_introspection_cpp.hpp
[0.772s] -- Up-to-date: /home/nguyen-anh-dung/ros2_ws/install/roverc/include/roverc/roverc/msg/detail/rgb__type_support.cpp
[0.773s] -- Up-to-date: /home/nguyen-anh-dung/ros2_ws/install/roverc/lib/libroverc__rosidl_typesupport_introspection_cpp.so
[0.773s] -- Up-to-date: /home/nguyen-anh-dung/ros2_ws/install/roverc/lib/libroverc__rosidl_typesupport_cpp.so
[0.773s] -- Up-to-date: /home/nguyen-anh-dung/ros2_ws/install/roverc/share/roverc/environment/pythonpath.sh
[0.773s] -- Up-to-date: /home/nguyen-anh-dung/ros2_ws/install/roverc/share/roverc/environment/pythonpath.dsv
[0.773s] -- Up-to-date: /home/nguyen-anh-dung/ros2_ws/install/roverc/lib/python3.12/site-packages/roverc-0.0.0-py3.12.egg-info
[0.773s] -- Installing: /home/nguyen-anh-dung/ros2_ws/install/roverc/lib/python3.12/site-packages/roverc-0.0.0-py3.12.egg-info/dependency_links.txt
[0.774s] -- Installing: /home/nguyen-anh-dung/ros2_ws/install/roverc/lib/python3.12/site-packages/roverc-0.0.0-py3.12.egg-info/top_level.txt
[0.774s] -- Installing: /home/nguyen-anh-dung/ros2_ws/install/roverc/lib/python3.12/site-packages/roverc-0.0.0-py3.12.egg-info/SOURCES.txt
[0.774s] -- Installing: /home/nguyen-anh-dung/ros2_ws/install/roverc/lib/python3.12/site-packages/roverc-0.0.0-py3.12.egg-info/PKG-INFO
[0.774s] -- Up-to-date: /home/nguyen-anh-dung/ros2_ws/install/roverc/lib/python3.12/site-packages/roverc
[0.774s] -- Up-to-date: /home/nguyen-anh-dung/ros2_ws/install/roverc/lib/python3.12/site-packages/roverc/roverc_s__rosidl_typesupport_fastrtps_c.so
[0.774s] -- Up-to-date: /home/nguyen-anh-dung/ros2_ws/install/roverc/lib/python3.12/site-packages/roverc/roverc_s__rosidl_typesupport_c.so
[0.775s] -- Up-to-date: /home/nguyen-anh-dung/ros2_ws/install/roverc/lib/python3.12/site-packages/roverc/_roverc_s.ep.rosidl_typesupport_c.c
[0.775s] -- Up-to-date: /home/nguyen-anh-dung/ros2_ws/install/roverc/lib/python3.12/site-packages/roverc/msg
[0.775s] -- Up-to-date: /home/nguyen-anh-dung/ros2_ws/install/roverc/lib/python3.12/site-packages/roverc/msg/_rgb.py
[0.775s] -- Up-to-date: /home/nguyen-anh-dung/ros2_ws/install/roverc/lib/python3.12/site-packages/roverc/msg/_wheel_speed_s.c
[0.775s] -- Up-to-date: /home/nguyen-anh-dung/ros2_ws/install/roverc/lib/python3.12/site-packages/roverc/msg/_wheel_speed.py
[0.775s] -- Up-to-date: /home/nguyen-anh-dung/ros2_ws/install/roverc/lib/python3.12/site-packages/roverc/msg/_rgb_s.c
[0.776s] -- Up-to-date: /home/nguyen-anh-dung/ros2_ws/install/roverc/lib/python3.12/site-packages/roverc/msg/__init__.py
[0.776s] -- Up-to-date: /home/nguyen-anh-dung/ros2_ws/install/roverc/lib/python3.12/site-packages/roverc/_roverc_s.ep.rosidl_typesupport_introspection_c.c
[0.776s] -- Up-to-date: /home/nguyen-anh-dung/ros2_ws/install/roverc/lib/python3.12/site-packages/roverc/__init__.py
[0.776s] -- Up-to-date: /home/nguyen-anh-dung/ros2_ws/install/roverc/lib/python3.12/site-packages/roverc/_roverc_s.ep.rosidl_typesupport_fastrtps_c.c
[0.776s] -- Up-to-date: /home/nguyen-anh-dung/ros2_ws/install/roverc/lib/python3.12/site-packages/roverc/roverc_s__rosidl_typesupport_introspection_c.so
[0.823s] Listing '/home/nguyen-anh-dung/ros2_ws/install/roverc/lib/python3.12/site-packages/roverc'...
[0.823s] Listing '/home/nguyen-anh-dung/ros2_ws/install/roverc/lib/python3.12/site-packages/roverc/msg'...
[0.830s] -- Up-to-date: /home/nguyen-anh-dung/ros2_ws/install/roverc/lib/python3.12/site-packages/roverc/roverc_s__rosidl_typesupport_fastrtps_c.so
[0.831s] -- Up-to-date: /home/nguyen-anh-dung/ros2_ws/install/roverc/lib/python3.12/site-packages/roverc/roverc_s__rosidl_typesupport_introspection_c.so
[0.831s] -- Up-to-date: /home/nguyen-anh-dung/ros2_ws/install/roverc/lib/python3.12/site-packages/roverc/roverc_s__rosidl_typesupport_c.so
[0.831s] -- Up-to-date: /home/nguyen-anh-dung/ros2_ws/install/roverc/lib/libroverc__rosidl_generator_py.so
[0.832s] -- Up-to-date: /home/nguyen-anh-dung/ros2_ws/install/roverc/share/roverc/msg/RGB.idl
[0.832s] -- Up-to-date: /home/nguyen-anh-dung/ros2_ws/install/roverc/share/roverc/msg/WheelSpeed.idl
[0.832s] -- Up-to-date: /home/nguyen-anh-dung/ros2_ws/install/roverc/share/roverc/msg/RGB.msg
[0.832s] -- Up-to-date: /home/nguyen-anh-dung/ros2_ws/install/roverc/share/roverc/msg/WheelSpeed.msg
[0.832s] -- Up-to-date: /home/nguyen-anh-dung/ros2_ws/install/roverc/share/ament_index/resource_index/package_run_dependencies/roverc
[0.833s] -- Up-to-date: /home/nguyen-anh-dung/ros2_ws/install/roverc/share/ament_index/resource_index/parent_prefix_path/roverc
[0.833s] -- Up-to-date: /home/nguyen-anh-dung/ros2_ws/install/roverc/share/roverc/environment/ament_prefix_path.sh
[0.833s] -- Up-to-date: /home/nguyen-anh-dung/ros2_ws/install/roverc/share/roverc/environment/ament_prefix_path.dsv
[0.833s] -- Up-to-date: /home/nguyen-anh-dung/ros2_ws/install/roverc/share/roverc/environment/path.sh
[0.833s] -- Up-to-date: /home/nguyen-anh-dung/ros2_ws/install/roverc/share/roverc/environment/path.dsv
[0.834s] -- Up-to-date: /home/nguyen-anh-dung/ros2_ws/install/roverc/share/roverc/local_setup.bash
[0.834s] -- Up-to-date: /home/nguyen-anh-dung/ros2_ws/install/roverc/share/roverc/local_setup.sh
[0.834s] -- Up-to-date: /home/nguyen-anh-dung/ros2_ws/install/roverc/share/roverc/local_setup.zsh
[0.834s] -- Up-to-date: /home/nguyen-anh-dung/ros2_ws/install/roverc/share/roverc/local_setup.dsv
[0.834s] -- Installing: /home/nguyen-anh-dung/ros2_ws/install/roverc/share/roverc/package.dsv
[0.834s] -- Up-to-date: /home/nguyen-anh-dung/ros2_ws/install/roverc/share/ament_index/resource_index/packages/roverc
[0.835s] -- Up-to-date: /home/nguyen-anh-dung/ros2_ws/install/roverc/share/roverc/cmake/export_roverc__rosidl_generator_cExport.cmake
[0.835s] -- Up-to-date: /home/nguyen-anh-dung/ros2_ws/install/roverc/share/roverc/cmake/export_roverc__rosidl_generator_cExport-noconfig.cmake
[0.835s] -- Up-to-date: /home/nguyen-anh-dung/ros2_ws/install/roverc/share/roverc/cmake/export_roverc__rosidl_typesupport_fastrtps_cExport.cmake
[0.835s] -- Up-to-date: /home/nguyen-anh-dung/ros2_ws/install/roverc/share/roverc/cmake/export_roverc__rosidl_typesupport_fastrtps_cExport-noconfig.cmake
[0.835s] -- Up-to-date: /home/nguyen-anh-dung/ros2_ws/install/roverc/share/roverc/cmake/roverc__rosidl_typesupport_introspection_cExport.cmake
[0.836s] -- Up-to-date: /home/nguyen-anh-dung/ros2_ws/install/roverc/share/roverc/cmake/roverc__rosidl_typesupport_introspection_cExport-noconfig.cmake
[0.836s] -- Up-to-date: /home/nguyen-anh-dung/ros2_ws/install/roverc/share/roverc/cmake/roverc__rosidl_typesupport_cExport.cmake
[0.836s] -- Up-to-date: /home/nguyen-anh-dung/ros2_ws/install/roverc/share/roverc/cmake/roverc__rosidl_typesupport_cExport-noconfig.cmake
[0.836s] -- Up-to-date: /home/nguyen-anh-dung/ros2_ws/install/roverc/share/roverc/cmake/export_roverc__rosidl_generator_cppExport.cmake
[0.836s] -- Up-to-date: /home/nguyen-anh-dung/ros2_ws/install/roverc/share/roverc/cmake/export_roverc__rosidl_typesupport_fastrtps_cppExport.cmake
[0.836s] -- Up-to-date: /home/nguyen-anh-dung/ros2_ws/install/roverc/share/roverc/cmake/export_roverc__rosidl_typesupport_fastrtps_cppExport-noconfig.cmake
[0.836s] -- Up-to-date: /home/nguyen-anh-dung/ros2_ws/install/roverc/share/roverc/cmake/roverc__rosidl_typesupport_introspection_cppExport.cmake
[0.837s] -- Up-to-date: /home/nguyen-anh-dung/ros2_ws/install/roverc/share/roverc/cmake/roverc__rosidl_typesupport_introspection_cppExport-noconfig.cmake
[0.837s] -- Up-to-date: /home/nguyen-anh-dung/ros2_ws/install/roverc/share/roverc/cmake/roverc__rosidl_typesupport_cppExport.cmake
[0.837s] -- Up-to-date: /home/nguyen-anh-dung/ros2_ws/install/roverc/share/roverc/cmake/roverc__rosidl_typesupport_cppExport-noconfig.cmake
[0.837s] -- Up-to-date: /home/nguyen-anh-dung/ros2_ws/install/roverc/share/roverc/cmake/export_roverc__rosidl_generator_pyExport.cmake
[0.838s] -- Up-to-date: /home/nguyen-anh-dung/ros2_ws/install/roverc/share/roverc/cmake/export_roverc__rosidl_generator_pyExport-noconfig.cmake
[0.839s] -- Up-to-date: /home/nguyen-anh-dung/ros2_ws/install/roverc/share/roverc/cmake/rosidl_cmake-extras.cmake
[0.839s] -- Up-to-date: /home/nguyen-anh-dung/ros2_ws/install/roverc/share/roverc/cmake/ament_cmake_export_include_directories-extras.cmake
[0.839s] -- Up-to-date: /home/nguyen-anh-dung/ros2_ws/install/roverc/share/roverc/cmake/ament_cmake_export_libraries-extras.cmake
[0.839s] -- Up-to-date: /home/nguyen-anh-dung/ros2_ws/install/roverc/share/roverc/cmake/ament_cmake_export_targets-extras.cmake
[0.840s] -- Up-to-date: /home/nguyen-anh-dung/ros2_ws/install/roverc/share/roverc/cmake/rosidl_cmake_export_typesupport_targets-extras.cmake
[0.840s] -- Up-to-date: /home/nguyen-anh-dung/ros2_ws/install/roverc/share/roverc/cmake/ament_cmake_export_dependencies-extras.cmake
[0.840s] -- Up-to-date: /home/nguyen-anh-dung/ros2_ws/install/roverc/share/roverc/cmake/rosidl_cmake_export_typesupport_libraries-extras.cmake
[0.840s] -- Up-to-date: /home/nguyen-anh-dung/ros2_ws/install/roverc/share/roverc/cmake/rovercConfig.cmake
[0.840s] -- Up-to-date: /home/nguyen-anh-dung/ros2_ws/install/roverc/share/roverc/cmake/rovercConfig-version.cmake
[0.840s] -- Up-to-date: /home/nguyen-anh-dung/ros2_ws/install/roverc/share/roverc/package.xml
[0.840s] Invoked command in '/home/nguyen-anh-dung/ros2_ws/build/roverc' returned '0': CMAKE_PREFIX_PATH=${CMAKE_PREFIX_PATH}:/home/nguyen-anh-dung/ros2_ws/install/roverc_client:/opt/ros/jazzy DEBUGINFOD_URLS=https://debuginfod.ubuntu.com /usr/bin/cmake --install /home/nguyen-anh-dung/ros2_ws/build/roverc
