-- The C compiler identification is GNU 13.3.0
-- The CXX compiler identification is GNU 13.3.0
-- Detecting C compiler ABI info
-- Detecting C compiler ABI info - done
-- Check for working C compiler: /usr/bin/cc - skipped
-- Detecting C compile features
-- Detecting C compile features - done
-- Detecting CXX compiler ABI info
-- Detecting CXX compiler ABI info - done
-- Check for working CXX compiler: /usr/bin/c++ - skipped
-- Detecting CXX compile features
-- Detecting CXX compile features - done
-- Found ament_cmake: 2.5.3 (/opt/ros/jazzy/share/ament_cmake/cmake)
-- Found Python3: /usr/bin/python3 (found version "3.12.3") found components: Interpreter 
-- Found rclcpp: 28.1.6 (/opt/ros/jazzy/share/rclcpp/cmake)
-- Found rosidl_generator_c: 4.6.5 (/opt/ros/jazzy/share/rosidl_generator_c/cmake)
-- Found rosidl_generator_cpp: 4.6.5 (/opt/ros/jazzy/share/rosidl_generator_cpp/cmake)
-- Using all available rosidl_typesupport_c: rosidl_typesupport_fastrtps_c;rosidl_typesupport_introspection_c
-- Using all available rosidl_typesupport_cpp: rosidl_typesupport_fastrtps_cpp;rosidl_typesupport_introspection_cpp
-- Found rmw_implementation_cmake: 7.3.1 (/opt/ros/jazzy/share/rmw_implementation_cmake/cmake)
-- Found rmw_fastrtps_cpp: 8.4.1 (/opt/ros/jazzy/share/rmw_fastrtps_cpp/cmake)
-- Found OpenSSL: /usr/lib/x86_64-linux-gnu/libcrypto.so (found version "3.0.13")  
-- Found FastRTPS: /opt/ros/jazzy/include (Required is at least version "2.13") 
-- Using RMW implementation 'rmw_fastrtps_cpp' as default
-- Found geometry_msgs: 5.3.5 (/opt/ros/jazzy/share/geometry_msgs/cmake)
-- Found roverc: 0.0.0 (/home/nguyen-anh-dung/ros2_ws/install/roverc/share/roverc/cmake)
-- Configuring done (3.9s)
-- Generating done (0.0s)
-- Build files have been written to: /home/nguyen-anh-dung/ros2_ws/build/robot
[ 50%] [32mBuilding CXX object CMakeFiles/algo_node.dir/src/algo_node.cpp.o[0m
[100%] [32m[1mLinking CXX executable algo_node[0m
[100%] Built target algo_node
-- Install configuration: ""
-- Installing: /home/nguyen-anh-dung/ros2_ws/install/robot/lib/robot/algo_node
-- Set non-toolchain portion of runtime path of "/home/nguyen-anh-dung/ros2_ws/install/robot/lib/robot/algo_node" to ""
-- Installing: /home/nguyen-anh-dung/ros2_ws/install/robot/share/ament_index/resource_index/package_run_dependencies/robot
-- Installing: /home/nguyen-anh-dung/ros2_ws/install/robot/share/ament_index/resource_index/parent_prefix_path/robot
-- Installing: /home/nguyen-anh-dung/ros2_ws/install/robot/share/robot/environment/ament_prefix_path.sh
-- Installing: /home/nguyen-anh-dung/ros2_ws/install/robot/share/robot/environment/ament_prefix_path.dsv
-- Installing: /home/nguyen-anh-dung/ros2_ws/install/robot/share/robot/environment/path.sh
-- Installing: /home/nguyen-anh-dung/ros2_ws/install/robot/share/robot/environment/path.dsv
-- Installing: /home/nguyen-anh-dung/ros2_ws/install/robot/share/robot/local_setup.bash
-- Installing: /home/nguyen-anh-dung/ros2_ws/install/robot/share/robot/local_setup.sh
-- Installing: /home/nguyen-anh-dung/ros2_ws/install/robot/share/robot/local_setup.zsh
-- Installing: /home/nguyen-anh-dung/ros2_ws/install/robot/share/robot/local_setup.dsv
-- Installing: /home/nguyen-anh-dung/ros2_ws/install/robot/share/robot/package.dsv
-- Installing: /home/nguyen-anh-dung/ros2_ws/install/robot/share/ament_index/resource_index/packages/robot
-- Installing: /home/nguyen-anh-dung/ros2_ws/install/robot/share/robot/cmake/robotConfig.cmake
-- Installing: /home/nguyen-anh-dung/ros2_ws/install/robot/share/robot/cmake/robotConfig-version.cmake
-- Installing: /home/nguyen-anh-dung/ros2_ws/install/robot/share/robot/package.xml
