[0.039s] Invoking command in '/home/nguyen-anh-dung/ros2_ws/build/robot': AMENT_PREFIX_PATH=/home/nguyen-anh-dung/ros2_ws/install/roverc:${AMENT_PREFIX_PATH} CMAKE_PREFIX_PATH=/home/nguyen-anh-dung/ros2_ws/install/roverc:/opt/ros/jazzy/opt/gz_math_vendor:/opt/ros/jazzy/opt/gz_utils_vendor:/opt/ros/jazzy/opt/gz_cmake_vendor:/opt/ros/jazzy DEBUGINFOD_URLS=https://debuginfod.ubuntu.com LD_LIBRARY_PATH=/home/nguyen-anh-dung/ros2_ws/install/roverc/lib:${LD_LIBRARY_PATH} PYTHONPATH=/home/nguyen-anh-dung/ros2_ws/install/roverc/lib/python3.12/site-packages:${PYTHONPATH} /usr/bin/cmake /home/nguyen-anh-dung/ros2_ws/src/robot -DCMAKE_INSTALL_PREFIX=/home/nguyen-anh-dung/ros2_ws/install/robot
[0.212s] -- The C compiler identification is GNU 13.3.0
[0.402s] -- The CXX compiler identification is GNU 13.3.0
[0.453s] -- Detecting C compiler ABI info
[0.721s] -- Detecting C compiler ABI info - done
[0.759s] -- Check for working C compiler: /usr/bin/cc - skipped
[0.760s] -- Detecting C compile features
[0.761s] -- Detecting C compile features - done
[0.790s] -- Detecting CXX compiler ABI info
[1.094s] -- Detecting CXX compiler ABI info - done
[1.133s] -- Check for working CXX compiler: /usr/bin/c++ - skipped
[1.134s] -- Detecting CXX compile features
[1.136s] -- Detecting CXX compile features - done
[1.144s] -- Found ament_cmake: 2.5.3 (/opt/ros/jazzy/share/ament_cmake/cmake)
[1.656s] -- Found Python3: /usr/bin/python3 (found version "3.12.3") found components: Interpreter 
[2.019s] -- Found rclcpp: 28.1.6 (/opt/ros/jazzy/share/rclcpp/cmake)
[2.163s] -- Found rosidl_generator_c: 4.6.5 (/opt/ros/jazzy/share/rosidl_generator_c/cmake)
[2.216s] -- Found rosidl_generator_cpp: 4.6.5 (/opt/ros/jazzy/share/rosidl_generator_cpp/cmake)
[2.277s] -- Using all available rosidl_typesupport_c: rosidl_typesupport_fastrtps_c;rosidl_typesupport_introspection_c
[2.351s] -- Using all available rosidl_typesupport_cpp: rosidl_typesupport_fastrtps_cpp;rosidl_typesupport_introspection_cpp
[2.662s] -- Found rmw_implementation_cmake: 7.3.1 (/opt/ros/jazzy/share/rmw_implementation_cmake/cmake)
[2.672s] -- Found rmw_fastrtps_cpp: 8.4.1 (/opt/ros/jazzy/share/rmw_fastrtps_cpp/cmake)
[2.930s] -- Found OpenSSL: /usr/lib/x86_64-linux-gnu/libcrypto.so (found version "3.0.13")  
[3.003s] -- Found FastRTPS: /opt/ros/jazzy/include (Required is at least version "2.13") 
[3.092s] -- Using RMW implementation 'rmw_fastrtps_cpp' as default
[3.393s] -- Found geometry_msgs: 5.3.5 (/opt/ros/jazzy/share/geometry_msgs/cmake)
[3.533s] -- Found roverc: 0.0.0 (/home/nguyen-anh-dung/ros2_ws/install/roverc/share/roverc/cmake)
[3.915s] -- Configuring done (3.9s)
[3.954s] -- Generating done (0.0s)
[3.967s] -- Build files have been written to: /home/nguyen-anh-dung/ros2_ws/build/robot
[3.994s] Invoked command in '/home/nguyen-anh-dung/ros2_ws/build/robot' returned '0': AMENT_PREFIX_PATH=/home/nguyen-anh-dung/ros2_ws/install/roverc:${AMENT_PREFIX_PATH} CMAKE_PREFIX_PATH=/home/nguyen-anh-dung/ros2_ws/install/roverc:/opt/ros/jazzy/opt/gz_math_vendor:/opt/ros/jazzy/opt/gz_utils_vendor:/opt/ros/jazzy/opt/gz_cmake_vendor:/opt/ros/jazzy DEBUGINFOD_URLS=https://debuginfod.ubuntu.com LD_LIBRARY_PATH=/home/nguyen-anh-dung/ros2_ws/install/roverc/lib:${LD_LIBRARY_PATH} PYTHONPATH=/home/nguyen-anh-dung/ros2_ws/install/roverc/lib/python3.12/site-packages:${PYTHONPATH} /usr/bin/cmake /home/nguyen-anh-dung/ros2_ws/src/robot -DCMAKE_INSTALL_PREFIX=/home/nguyen-anh-dung/ros2_ws/install/robot
[3.999s] Invoking command in '/home/nguyen-anh-dung/ros2_ws/build/robot': AMENT_PREFIX_PATH=/home/nguyen-anh-dung/ros2_ws/install/roverc:${AMENT_PREFIX_PATH} CMAKE_PREFIX_PATH=/home/nguyen-anh-dung/ros2_ws/install/roverc:/opt/ros/jazzy/opt/gz_math_vendor:/opt/ros/jazzy/opt/gz_utils_vendor:/opt/ros/jazzy/opt/gz_cmake_vendor:/opt/ros/jazzy DEBUGINFOD_URLS=https://debuginfod.ubuntu.com LD_LIBRARY_PATH=/home/nguyen-anh-dung/ros2_ws/install/roverc/lib:${LD_LIBRARY_PATH} PYTHONPATH=/home/nguyen-anh-dung/ros2_ws/install/roverc/lib/python3.12/site-packages:${PYTHONPATH} /usr/bin/cmake --build /home/nguyen-anh-dung/ros2_ws/build/robot -- -j8 -l8
[4.155s] [ 50%] [32mBuilding CXX object CMakeFiles/algo_node.dir/src/algo_node.cpp.o[0m
[33.517s] [100%] [32m[1mLinking CXX executable algo_node[0m
[34.470s] [100%] Built target algo_node
[34.503s] Invoked command in '/home/nguyen-anh-dung/ros2_ws/build/robot' returned '0': AMENT_PREFIX_PATH=/home/nguyen-anh-dung/ros2_ws/install/roverc:${AMENT_PREFIX_PATH} CMAKE_PREFIX_PATH=/home/nguyen-anh-dung/ros2_ws/install/roverc:/opt/ros/jazzy/opt/gz_math_vendor:/opt/ros/jazzy/opt/gz_utils_vendor:/opt/ros/jazzy/opt/gz_cmake_vendor:/opt/ros/jazzy DEBUGINFOD_URLS=https://debuginfod.ubuntu.com LD_LIBRARY_PATH=/home/nguyen-anh-dung/ros2_ws/install/roverc/lib:${LD_LIBRARY_PATH} PYTHONPATH=/home/nguyen-anh-dung/ros2_ws/install/roverc/lib/python3.12/site-packages:${PYTHONPATH} /usr/bin/cmake --build /home/nguyen-anh-dung/ros2_ws/build/robot -- -j8 -l8
[34.507s] Invoking command in '/home/nguyen-anh-dung/ros2_ws/build/robot': AMENT_PREFIX_PATH=/home/nguyen-anh-dung/ros2_ws/install/roverc:${AMENT_PREFIX_PATH} CMAKE_PREFIX_PATH=/home/nguyen-anh-dung/ros2_ws/install/roverc:/opt/ros/jazzy/opt/gz_math_vendor:/opt/ros/jazzy/opt/gz_utils_vendor:/opt/ros/jazzy/opt/gz_cmake_vendor:/opt/ros/jazzy DEBUGINFOD_URLS=https://debuginfod.ubuntu.com LD_LIBRARY_PATH=/home/nguyen-anh-dung/ros2_ws/install/roverc/lib:${LD_LIBRARY_PATH} PYTHONPATH=/home/nguyen-anh-dung/ros2_ws/install/roverc/lib/python3.12/site-packages:${PYTHONPATH} /usr/bin/cmake --install /home/nguyen-anh-dung/ros2_ws/build/robot
[34.530s] -- Install configuration: ""
[34.531s] -- Installing: /home/nguyen-anh-dung/ros2_ws/install/robot/lib/robot/algo_node
[34.542s] -- Set non-toolchain portion of runtime path of "/home/nguyen-anh-dung/ros2_ws/install/robot/lib/robot/algo_node" to ""
[34.543s] -- Installing: /home/nguyen-anh-dung/ros2_ws/install/robot/share/ament_index/resource_index/package_run_dependencies/robot
[34.543s] -- Installing: /home/nguyen-anh-dung/ros2_ws/install/robot/share/ament_index/resource_index/parent_prefix_path/robot
[34.544s] -- Installing: /home/nguyen-anh-dung/ros2_ws/install/robot/share/robot/environment/ament_prefix_path.sh
[34.545s] -- Installing: /home/nguyen-anh-dung/ros2_ws/install/robot/share/robot/environment/ament_prefix_path.dsv
[34.545s] -- Installing: /home/nguyen-anh-dung/ros2_ws/install/robot/share/robot/environment/path.sh
[34.546s] -- Installing: /home/nguyen-anh-dung/ros2_ws/install/robot/share/robot/environment/path.dsv
[34.546s] -- Installing: /home/nguyen-anh-dung/ros2_ws/install/robot/share/robot/local_setup.bash
[34.547s] -- Installing: /home/nguyen-anh-dung/ros2_ws/install/robot/share/robot/local_setup.sh
[34.547s] -- Installing: /home/nguyen-anh-dung/ros2_ws/install/robot/share/robot/local_setup.zsh
[34.547s] -- Installing: /home/nguyen-anh-dung/ros2_ws/install/robot/share/robot/local_setup.dsv
[34.548s] -- Installing: /home/nguyen-anh-dung/ros2_ws/install/robot/share/robot/package.dsv
[34.548s] -- Installing: /home/nguyen-anh-dung/ros2_ws/install/robot/share/ament_index/resource_index/packages/robot
[34.548s] -- Installing: /home/nguyen-anh-dung/ros2_ws/install/robot/share/robot/cmake/robotConfig.cmake
[34.549s] -- Installing: /home/nguyen-anh-dung/ros2_ws/install/robot/share/robot/cmake/robotConfig-version.cmake
[34.549s] -- Installing: /home/nguyen-anh-dung/ros2_ws/install/robot/share/robot/package.xml
[34.554s] Invoked command in '/home/nguyen-anh-dung/ros2_ws/build/robot' returned '0': AMENT_PREFIX_PATH=/home/nguyen-anh-dung/ros2_ws/install/roverc:${AMENT_PREFIX_PATH} CMAKE_PREFIX_PATH=/home/nguyen-anh-dung/ros2_ws/install/roverc:/opt/ros/jazzy/opt/gz_math_vendor:/opt/ros/jazzy/opt/gz_utils_vendor:/opt/ros/jazzy/opt/gz_cmake_vendor:/opt/ros/jazzy DEBUGINFOD_URLS=https://debuginfod.ubuntu.com LD_LIBRARY_PATH=/home/nguyen-anh-dung/ros2_ws/install/roverc/lib:${LD_LIBRARY_PATH} PYTHONPATH=/home/nguyen-anh-dung/ros2_ws/install/roverc/lib/python3.12/site-packages:${PYTHONPATH} /usr/bin/cmake --install /home/nguyen-anh-dung/ros2_ws/build/robot
