[0.122s] DEBUG:colcon:Command line arguments: ['/usr/bin/colcon', 'build']
[0.122s] DEBUG:colcon:Parsed command line arguments: Namespace(log_base=None, log_level=None, verb_name='build', build_base='build', install_base='install', merge_install=False, symlink_install=False, test_result_base=None, continue_on_error=False, executor='parallel', parallel_workers=8, event_handlers=None, ignore_user_meta=False, metas=['./colcon.meta'], base_paths=['.'], packages_ignore=None, packages_ignore_regex=None, paths=None, packages_up_to=None, packages_up_to_regex=None, packages_above=None, packages_above_and_dependencies=None, packages_above_depth=None, packages_select_by_dep=None, packages_skip_by_dep=None, packages_skip_up_to=None, packages_select_build_failed=False, packages_skip_build_finished=False, packages_select_test_failures=False, packages_skip_test_passed=False, packages_select=None, packages_skip=None, packages_select_regex=None, packages_skip_regex=None, packages_start=None, packages_end=None, allow_overriding=[], cmake_args=None, cmake_target=None, cmake_target_skip_unavailable=False, cmake_clean_cache=False, cmake_clean_first=False, cmake_force_configure=False, ament_cmake_args=None, catkin_cmake_args=None, catkin_skip_building_tests=False, mixin_files=None, mixin=None, verb_parser=<colcon_mixin.mixin.mixin_argument.MixinArgumentDecorator object at 0x7926405cce30>, verb_extension=<colcon_core.verb.build.BuildVerb object at 0x792640cb9370>, main=<bound method BuildVerb.main of <colcon_core.verb.build.BuildVerb object at 0x792640cb9370>>, mixin_verb=('build',))
[0.160s] Level 1:colcon.colcon_core.package_discovery:discover_packages(colcon_meta) check parameters
[0.160s] Level 1:colcon.colcon_core.package_discovery:discover_packages(recursive) check parameters
[0.160s] Level 1:colcon.colcon_core.package_discovery:discover_packages(ignore) check parameters
[0.160s] Level 1:colcon.colcon_core.package_discovery:discover_packages(path) check parameters
[0.161s] Level 1:colcon.colcon_core.package_discovery:discover_packages(colcon_meta) discover
[0.161s] Level 1:colcon.colcon_core.package_discovery:discover_packages(recursive) discover
[0.161s] INFO:colcon.colcon_core.package_discovery:Crawling recursively for packages in '/home/nguyen-anh-dung/ros2_ws'
[0.161s] Level 1:colcon.colcon_core.package_identification:_identify(.) by extensions ['ignore', 'ignore_ament_install']
[0.161s] Level 1:colcon.colcon_core.package_identification:_identify(.) by extension 'ignore'
[0.161s] Level 1:colcon.colcon_core.package_identification:_identify(.) by extension 'ignore_ament_install'
[0.161s] Level 1:colcon.colcon_core.package_identification:_identify(.) by extensions ['colcon_pkg']
[0.161s] Level 1:colcon.colcon_core.package_identification:_identify(.) by extension 'colcon_pkg'
[0.161s] Level 1:colcon.colcon_core.package_identification:_identify(.) by extensions ['colcon_meta']
[0.161s] Level 1:colcon.colcon_core.package_identification:_identify(.) by extension 'colcon_meta'
[0.161s] Level 1:colcon.colcon_core.package_identification:_identify(.) by extensions ['ros']
[0.161s] Level 1:colcon.colcon_core.package_identification:_identify(.) by extension 'ros'
[0.187s] Level 1:colcon.colcon_core.package_identification:_identify(.) by extensions ['cmake', 'python']
[0.187s] Level 1:colcon.colcon_core.package_identification:_identify(.) by extension 'cmake'
[0.187s] Level 1:colcon.colcon_core.package_identification:_identify(.) by extension 'python'
[0.187s] Level 1:colcon.colcon_core.package_identification:_identify(.) by extensions ['python_setup_py']
[0.187s] Level 1:colcon.colcon_core.package_identification:_identify(.) by extension 'python_setup_py'
[0.187s] Level 1:colcon.colcon_core.package_identification:_identify(build) by extensions ['ignore', 'ignore_ament_install']
[0.187s] Level 1:colcon.colcon_core.package_identification:_identify(build) by extension 'ignore'
[0.187s] Level 1:colcon.colcon_core.package_identification:_identify(build) ignored
[0.188s] Level 1:colcon.colcon_core.package_identification:_identify(install) by extensions ['ignore', 'ignore_ament_install']
[0.188s] Level 1:colcon.colcon_core.package_identification:_identify(install) by extension 'ignore'
[0.188s] Level 1:colcon.colcon_core.package_identification:_identify(install) ignored
[0.188s] Level 1:colcon.colcon_core.package_identification:_identify(log) by extensions ['ignore', 'ignore_ament_install']
[0.188s] Level 1:colcon.colcon_core.package_identification:_identify(log) by extension 'ignore'
[0.188s] Level 1:colcon.colcon_core.package_identification:_identify(log) ignored
[0.188s] Level 1:colcon.colcon_core.package_identification:_identify(src) by extensions ['ignore', 'ignore_ament_install']
[0.188s] Level 1:colcon.colcon_core.package_identification:_identify(src) by extension 'ignore'
[0.188s] Level 1:colcon.colcon_core.package_identification:_identify(src) by extension 'ignore_ament_install'
[0.188s] Level 1:colcon.colcon_core.package_identification:_identify(src) by extensions ['colcon_pkg']
[0.188s] Level 1:colcon.colcon_core.package_identification:_identify(src) by extension 'colcon_pkg'
[0.188s] Level 1:colcon.colcon_core.package_identification:_identify(src) by extensions ['colcon_meta']
[0.188s] Level 1:colcon.colcon_core.package_identification:_identify(src) by extension 'colcon_meta'
[0.189s] Level 1:colcon.colcon_core.package_identification:_identify(src) by extensions ['ros']
[0.189s] Level 1:colcon.colcon_core.package_identification:_identify(src) by extension 'ros'
[0.189s] Level 1:colcon.colcon_core.package_identification:_identify(src) by extensions ['cmake', 'python']
[0.189s] Level 1:colcon.colcon_core.package_identification:_identify(src) by extension 'cmake'
[0.189s] Level 1:colcon.colcon_core.package_identification:_identify(src) by extension 'python'
[0.189s] Level 1:colcon.colcon_core.package_identification:_identify(src) by extensions ['python_setup_py']
[0.189s] Level 1:colcon.colcon_core.package_identification:_identify(src) by extension 'python_setup_py'
[0.189s] Level 1:colcon.colcon_core.package_identification:_identify(src/build) by extensions ['ignore', 'ignore_ament_install']
[0.189s] Level 1:colcon.colcon_core.package_identification:_identify(src/build) by extension 'ignore'
[0.189s] Level 1:colcon.colcon_core.package_identification:_identify(src/build) ignored
[0.189s] Level 1:colcon.colcon_core.package_identification:_identify(src/install) by extensions ['ignore', 'ignore_ament_install']
[0.189s] Level 1:colcon.colcon_core.package_identification:_identify(src/install) by extension 'ignore'
[0.189s] Level 1:colcon.colcon_core.package_identification:_identify(src/install) ignored
[0.189s] Level 1:colcon.colcon_core.package_identification:_identify(src/log) by extensions ['ignore', 'ignore_ament_install']
[0.189s] Level 1:colcon.colcon_core.package_identification:_identify(src/log) by extension 'ignore'
[0.189s] Level 1:colcon.colcon_core.package_identification:_identify(src/log) ignored
[0.190s] Level 1:colcon.colcon_core.package_identification:_identify(src/robot) by extensions ['ignore', 'ignore_ament_install']
[0.190s] Level 1:colcon.colcon_core.package_identification:_identify(src/robot) by extension 'ignore'
[0.190s] Level 1:colcon.colcon_core.package_identification:_identify(src/robot) by extension 'ignore_ament_install'
[0.190s] Level 1:colcon.colcon_core.package_identification:_identify(src/robot) by extensions ['colcon_pkg']
[0.190s] Level 1:colcon.colcon_core.package_identification:_identify(src/robot) by extension 'colcon_pkg'
[0.190s] Level 1:colcon.colcon_core.package_identification:_identify(src/robot) by extensions ['colcon_meta']
[0.190s] Level 1:colcon.colcon_core.package_identification:_identify(src/robot) by extension 'colcon_meta'
[0.190s] Level 1:colcon.colcon_core.package_identification:_identify(src/robot) by extensions ['ros']
[0.190s] Level 1:colcon.colcon_core.package_identification:_identify(src/robot) by extension 'ros'
[0.192s] DEBUG:colcon.colcon_core.package_identification:Package 'src/robot' with type 'ros.ament_cmake' and name 'robot'
[0.192s] Level 1:colcon.colcon_core.package_identification:_identify(src/rover_client) by extensions ['ignore', 'ignore_ament_install']
[0.192s] Level 1:colcon.colcon_core.package_identification:_identify(src/rover_client) by extension 'ignore'
[0.193s] Level 1:colcon.colcon_core.package_identification:_identify(src/rover_client) by extension 'ignore_ament_install'
[0.193s] Level 1:colcon.colcon_core.package_identification:_identify(src/rover_client) by extensions ['colcon_pkg']
[0.193s] Level 1:colcon.colcon_core.package_identification:_identify(src/rover_client) by extension 'colcon_pkg'
[0.193s] Level 1:colcon.colcon_core.package_identification:_identify(src/rover_client) by extensions ['colcon_meta']
[0.193s] Level 1:colcon.colcon_core.package_identification:_identify(src/rover_client) by extension 'colcon_meta'
[0.193s] Level 1:colcon.colcon_core.package_identification:_identify(src/rover_client) by extensions ['ros']
[0.193s] Level 1:colcon.colcon_core.package_identification:_identify(src/rover_client) by extension 'ros'
[0.193s] DEBUG:colcon.colcon_core.package_identification:Package 'src/rover_client' with type 'ros.ament_python' and name 'roverc_client'
[0.193s] Level 1:colcon.colcon_core.package_identification:_identify(src/roverc) by extensions ['ignore', 'ignore_ament_install']
[0.193s] Level 1:colcon.colcon_core.package_identification:_identify(src/roverc) by extension 'ignore'
[0.193s] Level 1:colcon.colcon_core.package_identification:_identify(src/roverc) by extension 'ignore_ament_install'
[0.194s] Level 1:colcon.colcon_core.package_identification:_identify(src/roverc) by extensions ['colcon_pkg']
[0.194s] Level 1:colcon.colcon_core.package_identification:_identify(src/roverc) by extension 'colcon_pkg'
[0.194s] Level 1:colcon.colcon_core.package_identification:_identify(src/roverc) by extensions ['colcon_meta']
[0.194s] Level 1:colcon.colcon_core.package_identification:_identify(src/roverc) by extension 'colcon_meta'
[0.194s] Level 1:colcon.colcon_core.package_identification:_identify(src/roverc) by extensions ['ros']
[0.194s] Level 1:colcon.colcon_core.package_identification:_identify(src/roverc) by extension 'ros'
[0.194s] DEBUG:colcon.colcon_core.package_identification:Package 'src/roverc' with type 'ros.ament_cmake' and name 'roverc'
[0.194s] Level 1:colcon.colcon_core.package_discovery:discover_packages(recursive) using defaults
[0.195s] Level 1:colcon.colcon_core.package_discovery:discover_packages(ignore) discover
[0.195s] Level 1:colcon.colcon_core.package_discovery:discover_packages(ignore) using defaults
[0.195s] Level 1:colcon.colcon_core.package_discovery:discover_packages(path) discover
[0.195s] Level 1:colcon.colcon_core.package_discovery:discover_packages(path) using defaults
[0.213s] Level 1:colcon.colcon_core.package_discovery:discover_packages(prefix_path) check parameters
[0.213s] Level 1:colcon.colcon_core.package_discovery:discover_packages(prefix_path) discover
[0.215s] DEBUG:colcon.colcon_installed_package_information.package_discovery:Found 3 installed packages in /home/nguyen-anh-dung/ros2_ws/install
[0.216s] DEBUG:colcon.colcon_installed_package_information.package_discovery:Found 285 installed packages in /opt/ros/jazzy
[0.217s] Level 1:colcon.colcon_core.package_discovery:discover_packages(prefix_path) using defaults
[0.263s] Level 5:colcon.colcon_core.verb:set package 'roverc' build argument 'cmake_args' from command line to 'None'
[0.263s] Level 5:colcon.colcon_core.verb:set package 'roverc' build argument 'cmake_target' from command line to 'None'
[0.263s] Level 5:colcon.colcon_core.verb:set package 'roverc' build argument 'cmake_target_skip_unavailable' from command line to 'False'
[0.263s] Level 5:colcon.colcon_core.verb:set package 'roverc' build argument 'cmake_clean_cache' from command line to 'False'
[0.263s] Level 5:colcon.colcon_core.verb:set package 'roverc' build argument 'cmake_clean_first' from command line to 'False'
[0.263s] Level 5:colcon.colcon_core.verb:set package 'roverc' build argument 'cmake_force_configure' from command line to 'False'
[0.263s] Level 5:colcon.colcon_core.verb:set package 'roverc' build argument 'ament_cmake_args' from command line to 'None'
[0.263s] Level 5:colcon.colcon_core.verb:set package 'roverc' build argument 'catkin_cmake_args' from command line to 'None'
[0.263s] Level 5:colcon.colcon_core.verb:set package 'roverc' build argument 'catkin_skip_building_tests' from command line to 'False'
[0.263s] DEBUG:colcon.colcon_core.verb:Building package 'roverc' with the following arguments: {'ament_cmake_args': None, 'build_base': '/home/nguyen-anh-dung/ros2_ws/build/roverc', 'catkin_cmake_args': None, 'catkin_skip_building_tests': False, 'cmake_args': None, 'cmake_clean_cache': False, 'cmake_clean_first': False, 'cmake_force_configure': False, 'cmake_target': None, 'cmake_target_skip_unavailable': False, 'install_base': '/home/nguyen-anh-dung/ros2_ws/install/roverc', 'merge_install': False, 'path': '/home/nguyen-anh-dung/ros2_ws/src/roverc', 'symlink_install': False, 'test_result_base': None}
[0.263s] Level 5:colcon.colcon_core.verb:set package 'robot' build argument 'cmake_args' from command line to 'None'
[0.263s] Level 5:colcon.colcon_core.verb:set package 'robot' build argument 'cmake_target' from command line to 'None'
[0.264s] Level 5:colcon.colcon_core.verb:set package 'robot' build argument 'cmake_target_skip_unavailable' from command line to 'False'
[0.264s] Level 5:colcon.colcon_core.verb:set package 'robot' build argument 'cmake_clean_cache' from command line to 'False'
[0.264s] Level 5:colcon.colcon_core.verb:set package 'robot' build argument 'cmake_clean_first' from command line to 'False'
[0.264s] Level 5:colcon.colcon_core.verb:set package 'robot' build argument 'cmake_force_configure' from command line to 'False'
[0.264s] Level 5:colcon.colcon_core.verb:set package 'robot' build argument 'ament_cmake_args' from command line to 'None'
[0.264s] Level 5:colcon.colcon_core.verb:set package 'robot' build argument 'catkin_cmake_args' from command line to 'None'
[0.264s] Level 5:colcon.colcon_core.verb:set package 'robot' build argument 'catkin_skip_building_tests' from command line to 'False'
[0.264s] DEBUG:colcon.colcon_core.verb:Building package 'robot' with the following arguments: {'ament_cmake_args': None, 'build_base': '/home/nguyen-anh-dung/ros2_ws/build/robot', 'catkin_cmake_args': None, 'catkin_skip_building_tests': False, 'cmake_args': None, 'cmake_clean_cache': False, 'cmake_clean_first': False, 'cmake_force_configure': False, 'cmake_target': None, 'cmake_target_skip_unavailable': False, 'install_base': '/home/nguyen-anh-dung/ros2_ws/install/robot', 'merge_install': False, 'path': '/home/nguyen-anh-dung/ros2_ws/src/robot', 'symlink_install': False, 'test_result_base': None}
[0.264s] Level 5:colcon.colcon_core.verb:set package 'roverc_client' build argument 'cmake_args' from command line to 'None'
[0.264s] Level 5:colcon.colcon_core.verb:set package 'roverc_client' build argument 'cmake_target' from command line to 'None'
[0.264s] Level 5:colcon.colcon_core.verb:set package 'roverc_client' build argument 'cmake_target_skip_unavailable' from command line to 'False'
[0.264s] Level 5:colcon.colcon_core.verb:set package 'roverc_client' build argument 'cmake_clean_cache' from command line to 'False'
[0.264s] Level 5:colcon.colcon_core.verb:set package 'roverc_client' build argument 'cmake_clean_first' from command line to 'False'
[0.264s] Level 5:colcon.colcon_core.verb:set package 'roverc_client' build argument 'cmake_force_configure' from command line to 'False'
[0.264s] Level 5:colcon.colcon_core.verb:set package 'roverc_client' build argument 'ament_cmake_args' from command line to 'None'
[0.264s] Level 5:colcon.colcon_core.verb:set package 'roverc_client' build argument 'catkin_cmake_args' from command line to 'None'
[0.264s] Level 5:colcon.colcon_core.verb:set package 'roverc_client' build argument 'catkin_skip_building_tests' from command line to 'False'
[0.264s] DEBUG:colcon.colcon_core.verb:Building package 'roverc_client' with the following arguments: {'ament_cmake_args': None, 'build_base': '/home/nguyen-anh-dung/ros2_ws/build/roverc_client', 'catkin_cmake_args': None, 'catkin_skip_building_tests': False, 'cmake_args': None, 'cmake_clean_cache': False, 'cmake_clean_first': False, 'cmake_force_configure': False, 'cmake_target': None, 'cmake_target_skip_unavailable': False, 'install_base': '/home/nguyen-anh-dung/ros2_ws/install/roverc_client', 'merge_install': False, 'path': '/home/nguyen-anh-dung/ros2_ws/src/rover_client', 'symlink_install': False, 'test_result_base': None}
[0.264s] INFO:colcon.colcon_core.executor:Executing jobs using 'parallel' executor
[0.265s] DEBUG:colcon.colcon_parallel_executor.executor.parallel:run_until_complete
[0.265s] INFO:colcon.colcon_ros.task.ament_cmake.build:Building ROS package in '/home/nguyen-anh-dung/ros2_ws/src/roverc' with build type 'ament_cmake'
[0.265s] INFO:colcon.colcon_cmake.task.cmake.build:Building CMake package in '/home/nguyen-anh-dung/ros2_ws/src/roverc'
[0.267s] INFO:colcon.colcon_core.plugin_system:Skipping extension 'colcon_core.shell.bat': Not used on non-Windows systems
[0.268s] INFO:colcon.colcon_core.shell:Skip shell extension 'powershell' for command environment: Not usable outside of PowerShell
[0.268s] DEBUG:colcon.colcon_core.shell:Skip shell extension 'dsv' for command environment
[0.278s] DEBUG:colcon.colcon_core.event_handler.log_command:Invoking command in '/home/nguyen-anh-dung/ros2_ws/build/roverc': CMAKE_PREFIX_PATH=${CMAKE_PREFIX_PATH}:/home/nguyen-anh-dung/ros2_ws/install/roverc_client:/opt/ros/jazzy DEBUGINFOD_URLS=https://debuginfod.ubuntu.com /usr/bin/cmake --build /home/nguyen-anh-dung/ros2_ws/build/roverc -- -j8 -l8
[0.813s] DEBUG:colcon.colcon_core.event_handler.log_command:Invoked command in '/home/nguyen-anh-dung/ros2_ws/build/roverc' returned '0': CMAKE_PREFIX_PATH=${CMAKE_PREFIX_PATH}:/home/nguyen-anh-dung/ros2_ws/install/roverc_client:/opt/ros/jazzy DEBUGINFOD_URLS=https://debuginfod.ubuntu.com /usr/bin/cmake --build /home/nguyen-anh-dung/ros2_ws/build/roverc -- -j8 -l8
[0.822s] DEBUG:colcon.colcon_core.event_handler.log_command:Invoking command in '/home/nguyen-anh-dung/ros2_ws/build/roverc': CMAKE_PREFIX_PATH=${CMAKE_PREFIX_PATH}:/home/nguyen-anh-dung/ros2_ws/install/roverc_client:/opt/ros/jazzy DEBUGINFOD_URLS=https://debuginfod.ubuntu.com /usr/bin/cmake --install /home/nguyen-anh-dung/ros2_ws/build/roverc
[0.886s] Level 1:colcon.colcon_core.environment:create_environment_scripts_only(roverc)
[0.887s] DEBUG:colcon.colcon_core.event_handler.log_command:Invoked command in '/home/nguyen-anh-dung/ros2_ws/build/roverc' returned '0': CMAKE_PREFIX_PATH=${CMAKE_PREFIX_PATH}:/home/nguyen-anh-dung/ros2_ws/install/roverc_client:/opt/ros/jazzy DEBUGINFOD_URLS=https://debuginfod.ubuntu.com /usr/bin/cmake --install /home/nguyen-anh-dung/ros2_ws/build/roverc
[0.889s] Level 1:colcon.colcon_core.environment:checking '/home/nguyen-anh-dung/ros2_ws/install/roverc' for CMake module files
[0.889s] Level 1:colcon.colcon_core.environment:checking '/home/nguyen-anh-dung/ros2_ws/install/roverc' for CMake config files
[0.889s] Level 1:colcon.colcon_core.shell:create_environment_hook('roverc', 'cmake_prefix_path')
[0.890s] INFO:colcon.colcon_core.shell:Creating environment hook '/home/nguyen-anh-dung/ros2_ws/install/roverc/share/roverc/hook/cmake_prefix_path.ps1'
[0.890s] INFO:colcon.colcon_core.shell:Creating environment descriptor '/home/nguyen-anh-dung/ros2_ws/install/roverc/share/roverc/hook/cmake_prefix_path.dsv'
[0.891s] INFO:colcon.colcon_core.shell:Creating environment hook '/home/nguyen-anh-dung/ros2_ws/install/roverc/share/roverc/hook/cmake_prefix_path.sh'
[0.891s] Level 1:colcon.colcon_core.environment:checking '/home/nguyen-anh-dung/ros2_ws/install/roverc/lib'
[0.891s] Level 1:colcon.colcon_core.shell:create_environment_hook('roverc', 'ld_library_path_lib')
[0.892s] INFO:colcon.colcon_core.shell:Creating environment hook '/home/nguyen-anh-dung/ros2_ws/install/roverc/share/roverc/hook/ld_library_path_lib.ps1'
[0.892s] INFO:colcon.colcon_core.shell:Creating environment descriptor '/home/nguyen-anh-dung/ros2_ws/install/roverc/share/roverc/hook/ld_library_path_lib.dsv'
[0.892s] INFO:colcon.colcon_core.shell:Creating environment hook '/home/nguyen-anh-dung/ros2_ws/install/roverc/share/roverc/hook/ld_library_path_lib.sh'
[0.893s] Level 1:colcon.colcon_core.environment:checking '/home/nguyen-anh-dung/ros2_ws/install/roverc/bin'
[0.893s] Level 1:colcon.colcon_core.environment:checking '/home/nguyen-anh-dung/ros2_ws/install/roverc/lib/pkgconfig/roverc.pc'
[0.893s] Level 1:colcon.colcon_core.environment:checking '/home/nguyen-anh-dung/ros2_ws/install/roverc/lib/python3.12/site-packages'
[0.893s] Level 1:colcon.colcon_core.shell:create_environment_hook('roverc', 'pythonpath')
[0.893s] INFO:colcon.colcon_core.shell:Creating environment hook '/home/nguyen-anh-dung/ros2_ws/install/roverc/share/roverc/hook/pythonpath.ps1'
[0.894s] INFO:colcon.colcon_core.shell:Creating environment descriptor '/home/nguyen-anh-dung/ros2_ws/install/roverc/share/roverc/hook/pythonpath.dsv'
[0.894s] INFO:colcon.colcon_core.shell:Creating environment hook '/home/nguyen-anh-dung/ros2_ws/install/roverc/share/roverc/hook/pythonpath.sh'
[0.894s] Level 1:colcon.colcon_core.environment:checking '/home/nguyen-anh-dung/ros2_ws/install/roverc/bin'
[0.895s] INFO:colcon.colcon_core.shell:Creating package script '/home/nguyen-anh-dung/ros2_ws/install/roverc/share/roverc/package.ps1'
[0.895s] INFO:colcon.colcon_core.shell:Creating package descriptor '/home/nguyen-anh-dung/ros2_ws/install/roverc/share/roverc/package.dsv'
[0.896s] INFO:colcon.colcon_core.shell:Creating package script '/home/nguyen-anh-dung/ros2_ws/install/roverc/share/roverc/package.sh'
[0.897s] INFO:colcon.colcon_core.shell:Creating package script '/home/nguyen-anh-dung/ros2_ws/install/roverc/share/roverc/package.bash'
[0.897s] INFO:colcon.colcon_core.shell:Creating package script '/home/nguyen-anh-dung/ros2_ws/install/roverc/share/roverc/package.zsh'
[0.898s] Level 1:colcon.colcon_core.environment:create_file_with_runtime_dependencies(/home/nguyen-anh-dung/ros2_ws/install/roverc/share/colcon-core/packages/roverc)
[0.898s] Level 1:colcon.colcon_core.environment:create_environment_scripts_only(roverc)
[0.899s] Level 1:colcon.colcon_core.environment:checking '/home/nguyen-anh-dung/ros2_ws/install/roverc' for CMake module files
[0.900s] Level 1:colcon.colcon_core.environment:checking '/home/nguyen-anh-dung/ros2_ws/install/roverc' for CMake config files
[0.900s] Level 1:colcon.colcon_core.shell:create_environment_hook('roverc', 'cmake_prefix_path')
[0.900s] INFO:colcon.colcon_core.shell:Creating environment hook '/home/nguyen-anh-dung/ros2_ws/install/roverc/share/roverc/hook/cmake_prefix_path.ps1'
[0.901s] INFO:colcon.colcon_core.shell:Creating environment descriptor '/home/nguyen-anh-dung/ros2_ws/install/roverc/share/roverc/hook/cmake_prefix_path.dsv'
[0.901s] INFO:colcon.colcon_core.shell:Creating environment hook '/home/nguyen-anh-dung/ros2_ws/install/roverc/share/roverc/hook/cmake_prefix_path.sh'
[0.902s] Level 1:colcon.colcon_core.environment:checking '/home/nguyen-anh-dung/ros2_ws/install/roverc/lib'
[0.902s] Level 1:colcon.colcon_core.shell:create_environment_hook('roverc', 'ld_library_path_lib')
[0.903s] INFO:colcon.colcon_core.shell:Creating environment hook '/home/nguyen-anh-dung/ros2_ws/install/roverc/share/roverc/hook/ld_library_path_lib.ps1'
[0.903s] INFO:colcon.colcon_core.shell:Creating environment descriptor '/home/nguyen-anh-dung/ros2_ws/install/roverc/share/roverc/hook/ld_library_path_lib.dsv'
[0.903s] INFO:colcon.colcon_core.shell:Creating environment hook '/home/nguyen-anh-dung/ros2_ws/install/roverc/share/roverc/hook/ld_library_path_lib.sh'
[0.904s] Level 1:colcon.colcon_core.environment:checking '/home/nguyen-anh-dung/ros2_ws/install/roverc/bin'
[0.904s] Level 1:colcon.colcon_core.environment:checking '/home/nguyen-anh-dung/ros2_ws/install/roverc/lib/pkgconfig/roverc.pc'
[0.904s] Level 1:colcon.colcon_core.environment:checking '/home/nguyen-anh-dung/ros2_ws/install/roverc/lib/python3.12/site-packages'
[0.905s] Level 1:colcon.colcon_core.shell:create_environment_hook('roverc', 'pythonpath')
[0.905s] INFO:colcon.colcon_core.shell:Creating environment hook '/home/nguyen-anh-dung/ros2_ws/install/roverc/share/roverc/hook/pythonpath.ps1'
[0.905s] INFO:colcon.colcon_core.shell:Creating environment descriptor '/home/nguyen-anh-dung/ros2_ws/install/roverc/share/roverc/hook/pythonpath.dsv'
[0.906s] INFO:colcon.colcon_core.shell:Creating environment hook '/home/nguyen-anh-dung/ros2_ws/install/roverc/share/roverc/hook/pythonpath.sh'
[0.906s] Level 1:colcon.colcon_core.environment:checking '/home/nguyen-anh-dung/ros2_ws/install/roverc/bin'
[0.907s] INFO:colcon.colcon_core.shell:Creating package script '/home/nguyen-anh-dung/ros2_ws/install/roverc/share/roverc/package.ps1'
[0.907s] INFO:colcon.colcon_core.shell:Creating package descriptor '/home/nguyen-anh-dung/ros2_ws/install/roverc/share/roverc/package.dsv'
[0.908s] INFO:colcon.colcon_core.shell:Creating package script '/home/nguyen-anh-dung/ros2_ws/install/roverc/share/roverc/package.sh'
[0.908s] INFO:colcon.colcon_core.shell:Creating package script '/home/nguyen-anh-dung/ros2_ws/install/roverc/share/roverc/package.bash'
[0.909s] INFO:colcon.colcon_core.shell:Creating package script '/home/nguyen-anh-dung/ros2_ws/install/roverc/share/roverc/package.zsh'
[0.909s] Level 1:colcon.colcon_core.environment:create_file_with_runtime_dependencies(/home/nguyen-anh-dung/ros2_ws/install/roverc/share/colcon-core/packages/roverc)
[0.910s] INFO:colcon.colcon_ros.task.ament_cmake.build:Building ROS package in '/home/nguyen-anh-dung/ros2_ws/src/robot' with build type 'ament_cmake'
[0.910s] INFO:colcon.colcon_cmake.task.cmake.build:Building CMake package in '/home/nguyen-anh-dung/ros2_ws/src/robot'
[0.910s] INFO:colcon.colcon_core.shell:Skip shell extension 'powershell' for command environment: Not usable outside of PowerShell
[0.910s] DEBUG:colcon.colcon_core.shell:Skip shell extension 'dsv' for command environment
[0.914s] INFO:colcon.colcon_ros.task.ament_python.build:Building ROS package in '/home/nguyen-anh-dung/ros2_ws/src/rover_client' with build type 'ament_python'
[0.915s] Level 1:colcon.colcon_core.shell:create_environment_hook('roverc_client', 'ament_prefix_path')
[0.916s] INFO:colcon.colcon_core.shell:Creating environment hook '/home/nguyen-anh-dung/ros2_ws/install/roverc_client/share/roverc_client/hook/ament_prefix_path.ps1'
[0.916s] INFO:colcon.colcon_core.shell:Creating environment descriptor '/home/nguyen-anh-dung/ros2_ws/install/roverc_client/share/roverc_client/hook/ament_prefix_path.dsv'
[0.917s] INFO:colcon.colcon_core.shell:Creating environment hook '/home/nguyen-anh-dung/ros2_ws/install/roverc_client/share/roverc_client/hook/ament_prefix_path.sh'
[0.918s] INFO:colcon.colcon_core.shell:Skip shell extension 'powershell' for command environment: Not usable outside of PowerShell
[0.918s] DEBUG:colcon.colcon_core.shell:Skip shell extension 'dsv' for command environment
[0.928s] DEBUG:colcon.colcon_core.event_handler.log_command:Invoking command in '/home/nguyen-anh-dung/ros2_ws/build/robot': CMAKE_PREFIX_PATH=/home/nguyen-anh-dung/ros2_ws/install/roverc:/home/nguyen-anh-dung/ros2_ws/install/robot:/opt/ros/jazzy/opt/gz_math_vendor:/opt/ros/jazzy/opt/gz_utils_vendor:/opt/ros/jazzy/opt/gz_cmake_vendor:/home/nguyen-anh-dung/ros2_ws/install/roverc_client:/opt/ros/jazzy DEBUGINFOD_URLS=https://debuginfod.ubuntu.com PYTHONPATH=/home/nguyen-anh-dung/ros2_ws/install/roverc/lib/python3.12/site-packages:/home/nguyen-anh-dung/ros2_ws/install/roverc_client/lib/python3.12/site-packages:/opt/ros/jazzy/lib/python3.12/site-packages /usr/bin/cmake --build /home/nguyen-anh-dung/ros2_ws/build/robot -- -j8 -l8
[1.313s] INFO:colcon.colcon_core.task.python.build:Building Python package in '/home/nguyen-anh-dung/ros2_ws/src/rover_client'
[1.313s] INFO:colcon.colcon_core.shell:Skip shell extension 'powershell' for command environment: Not usable outside of PowerShell
[1.313s] DEBUG:colcon.colcon_core.shell:Skip shell extension 'dsv' for command environment
[2.262s] DEBUG:colcon.colcon_core.event_handler.log_command:Invoking command in '/home/nguyen-anh-dung/ros2_ws/src/rover_client': CMAKE_PREFIX_PATH=/home/nguyen-anh-dung/ros2_ws/install/roverc:/home/nguyen-anh-dung/ros2_ws/install/robot:/opt/ros/jazzy/opt/gz_math_vendor:/opt/ros/jazzy/opt/gz_utils_vendor:/opt/ros/jazzy/opt/gz_cmake_vendor DEBUGINFOD_URLS=https://debuginfod.ubuntu.com PYTHONPATH=/home/nguyen-anh-dung/ros2_ws/build/roverc_client/prefix_override:/usr/lib/python3/dist-packages/colcon_core/task/python/colcon_distutils_commands:/home/nguyen-anh-dung/ros2_ws/install/roverc_client/lib/python3.12/site-packages:/home/nguyen-anh-dung/ros2_ws/install/roverc/lib/python3.12/site-packages:/home/nguyen-anh-dung/ros2_ws/install/roverc_client/lib/python3.12/site-packages:/opt/ros/jazzy/lib/python3.12/site-packages /usr/bin/python3 -W ignore:setup.py install is deprecated -W ignore:easy_install command is deprecated setup.py egg_info --egg-base ../../build/roverc_client build --build-base /home/nguyen-anh-dung/ros2_ws/build/roverc_client/build install --record /home/nguyen-anh-dung/ros2_ws/build/roverc_client/install.log --single-version-externally-managed install_data
[3.161s] Level 1:colcon.colcon_core.environment:checking '/home/nguyen-anh-dung/ros2_ws/install/roverc_client' for CMake module files
[3.162s] DEBUG:colcon.colcon_core.event_handler.log_command:Invoked command in '/home/nguyen-anh-dung/ros2_ws/src/rover_client' returned '0': CMAKE_PREFIX_PATH=/home/nguyen-anh-dung/ros2_ws/install/roverc:/home/nguyen-anh-dung/ros2_ws/install/robot:/opt/ros/jazzy/opt/gz_math_vendor:/opt/ros/jazzy/opt/gz_utils_vendor:/opt/ros/jazzy/opt/gz_cmake_vendor DEBUGINFOD_URLS=https://debuginfod.ubuntu.com PYTHONPATH=/home/nguyen-anh-dung/ros2_ws/build/roverc_client/prefix_override:/usr/lib/python3/dist-packages/colcon_core/task/python/colcon_distutils_commands:/home/nguyen-anh-dung/ros2_ws/install/roverc_client/lib/python3.12/site-packages:/home/nguyen-anh-dung/ros2_ws/install/roverc/lib/python3.12/site-packages:/home/nguyen-anh-dung/ros2_ws/install/roverc_client/lib/python3.12/site-packages:/opt/ros/jazzy/lib/python3.12/site-packages /usr/bin/python3 -W ignore:setup.py install is deprecated -W ignore:easy_install command is deprecated setup.py egg_info --egg-base ../../build/roverc_client build --build-base /home/nguyen-anh-dung/ros2_ws/build/roverc_client/build install --record /home/nguyen-anh-dung/ros2_ws/build/roverc_client/install.log --single-version-externally-managed install_data
[3.163s] Level 1:colcon.colcon_core.environment:checking '/home/nguyen-anh-dung/ros2_ws/install/roverc_client' for CMake config files
[3.163s] Level 1:colcon.colcon_core.environment:checking '/home/nguyen-anh-dung/ros2_ws/install/roverc_client/lib'
[3.164s] Level 1:colcon.colcon_core.environment:checking '/home/nguyen-anh-dung/ros2_ws/install/roverc_client/bin'
[3.164s] Level 1:colcon.colcon_core.environment:checking '/home/nguyen-anh-dung/ros2_ws/install/roverc_client/lib/pkgconfig/roverc_client.pc'
[3.164s] Level 1:colcon.colcon_core.environment:checking '/home/nguyen-anh-dung/ros2_ws/install/roverc_client/lib/python3.12/site-packages'
[3.164s] Level 1:colcon.colcon_core.shell:create_environment_hook('roverc_client', 'pythonpath')
[3.165s] INFO:colcon.colcon_core.shell:Creating environment hook '/home/nguyen-anh-dung/ros2_ws/install/roverc_client/share/roverc_client/hook/pythonpath.ps1'
[3.165s] INFO:colcon.colcon_core.shell:Creating environment descriptor '/home/nguyen-anh-dung/ros2_ws/install/roverc_client/share/roverc_client/hook/pythonpath.dsv'
[3.166s] INFO:colcon.colcon_core.shell:Creating environment hook '/home/nguyen-anh-dung/ros2_ws/install/roverc_client/share/roverc_client/hook/pythonpath.sh'
[3.167s] Level 1:colcon.colcon_core.environment:checking '/home/nguyen-anh-dung/ros2_ws/install/roverc_client/bin'
[3.167s] Level 1:colcon.colcon_core.environment:create_environment_scripts_only(roverc_client)
[3.167s] INFO:colcon.colcon_core.shell:Creating package script '/home/nguyen-anh-dung/ros2_ws/install/roverc_client/share/roverc_client/package.ps1'
[3.168s] INFO:colcon.colcon_core.shell:Creating package descriptor '/home/nguyen-anh-dung/ros2_ws/install/roverc_client/share/roverc_client/package.dsv'
[3.169s] INFO:colcon.colcon_core.shell:Creating package script '/home/nguyen-anh-dung/ros2_ws/install/roverc_client/share/roverc_client/package.sh'
[3.169s] INFO:colcon.colcon_core.shell:Creating package script '/home/nguyen-anh-dung/ros2_ws/install/roverc_client/share/roverc_client/package.bash'
[3.170s] INFO:colcon.colcon_core.shell:Creating package script '/home/nguyen-anh-dung/ros2_ws/install/roverc_client/share/roverc_client/package.zsh'
[3.170s] Level 1:colcon.colcon_core.environment:create_file_with_runtime_dependencies(/home/nguyen-anh-dung/ros2_ws/install/roverc_client/share/colcon-core/packages/roverc_client)
[10.476s] DEBUG:colcon.colcon_core.event_handler.log_command:Invoked command in '/home/nguyen-anh-dung/ros2_ws/build/robot' returned '0': CMAKE_PREFIX_PATH=/home/nguyen-anh-dung/ros2_ws/install/roverc:/home/nguyen-anh-dung/ros2_ws/install/robot:/opt/ros/jazzy/opt/gz_math_vendor:/opt/ros/jazzy/opt/gz_utils_vendor:/opt/ros/jazzy/opt/gz_cmake_vendor:/home/nguyen-anh-dung/ros2_ws/install/roverc_client:/opt/ros/jazzy DEBUGINFOD_URLS=https://debuginfod.ubuntu.com PYTHONPATH=/home/nguyen-anh-dung/ros2_ws/install/roverc/lib/python3.12/site-packages:/home/nguyen-anh-dung/ros2_ws/install/roverc_client/lib/python3.12/site-packages:/opt/ros/jazzy/lib/python3.12/site-packages /usr/bin/cmake --build /home/nguyen-anh-dung/ros2_ws/build/robot -- -j8 -l8
[10.477s] DEBUG:colcon.colcon_core.event_handler.log_command:Invoking command in '/home/nguyen-anh-dung/ros2_ws/build/robot': CMAKE_PREFIX_PATH=/home/nguyen-anh-dung/ros2_ws/install/roverc:/home/nguyen-anh-dung/ros2_ws/install/robot:/opt/ros/jazzy/opt/gz_math_vendor:/opt/ros/jazzy/opt/gz_utils_vendor:/opt/ros/jazzy/opt/gz_cmake_vendor:/home/nguyen-anh-dung/ros2_ws/install/roverc_client:/opt/ros/jazzy DEBUGINFOD_URLS=https://debuginfod.ubuntu.com PYTHONPATH=/home/nguyen-anh-dung/ros2_ws/install/roverc/lib/python3.12/site-packages:/home/nguyen-anh-dung/ros2_ws/install/roverc_client/lib/python3.12/site-packages:/opt/ros/jazzy/lib/python3.12/site-packages /usr/bin/cmake --install /home/nguyen-anh-dung/ros2_ws/build/robot
[10.501s] Level 1:colcon.colcon_core.environment:create_environment_scripts_only(robot)
[10.502s] Level 1:colcon.colcon_core.environment:checking '/home/nguyen-anh-dung/ros2_ws/install/robot' for CMake module files
[10.503s] DEBUG:colcon.colcon_core.event_handler.log_command:Invoked command in '/home/nguyen-anh-dung/ros2_ws/build/robot' returned '0': CMAKE_PREFIX_PATH=/home/nguyen-anh-dung/ros2_ws/install/roverc:/home/nguyen-anh-dung/ros2_ws/install/robot:/opt/ros/jazzy/opt/gz_math_vendor:/opt/ros/jazzy/opt/gz_utils_vendor:/opt/ros/jazzy/opt/gz_cmake_vendor:/home/nguyen-anh-dung/ros2_ws/install/roverc_client:/opt/ros/jazzy DEBUGINFOD_URLS=https://debuginfod.ubuntu.com PYTHONPATH=/home/nguyen-anh-dung/ros2_ws/install/roverc/lib/python3.12/site-packages:/home/nguyen-anh-dung/ros2_ws/install/roverc_client/lib/python3.12/site-packages:/opt/ros/jazzy/lib/python3.12/site-packages /usr/bin/cmake --install /home/nguyen-anh-dung/ros2_ws/build/robot
[10.503s] Level 1:colcon.colcon_core.environment:checking '/home/nguyen-anh-dung/ros2_ws/install/robot' for CMake config files
[10.503s] Level 1:colcon.colcon_core.shell:create_environment_hook('robot', 'cmake_prefix_path')
[10.503s] INFO:colcon.colcon_core.shell:Creating environment hook '/home/nguyen-anh-dung/ros2_ws/install/robot/share/robot/hook/cmake_prefix_path.ps1'
[10.504s] INFO:colcon.colcon_core.shell:Creating environment descriptor '/home/nguyen-anh-dung/ros2_ws/install/robot/share/robot/hook/cmake_prefix_path.dsv'
[10.504s] INFO:colcon.colcon_core.shell:Creating environment hook '/home/nguyen-anh-dung/ros2_ws/install/robot/share/robot/hook/cmake_prefix_path.sh'
[10.505s] Level 1:colcon.colcon_core.environment:checking '/home/nguyen-anh-dung/ros2_ws/install/robot/lib'
[10.505s] Level 1:colcon.colcon_core.environment:checking '/home/nguyen-anh-dung/ros2_ws/install/robot/bin'
[10.505s] Level 1:colcon.colcon_core.environment:checking '/home/nguyen-anh-dung/ros2_ws/install/robot/lib/pkgconfig/robot.pc'
[10.506s] Level 1:colcon.colcon_core.environment:checking '/home/nguyen-anh-dung/ros2_ws/install/robot/lib/python3.12/site-packages'
[10.506s] Level 1:colcon.colcon_core.environment:checking '/home/nguyen-anh-dung/ros2_ws/install/robot/bin'
[10.506s] INFO:colcon.colcon_core.shell:Creating package script '/home/nguyen-anh-dung/ros2_ws/install/robot/share/robot/package.ps1'
[10.507s] INFO:colcon.colcon_core.shell:Creating package descriptor '/home/nguyen-anh-dung/ros2_ws/install/robot/share/robot/package.dsv'
[10.507s] INFO:colcon.colcon_core.shell:Creating package script '/home/nguyen-anh-dung/ros2_ws/install/robot/share/robot/package.sh'
[10.508s] INFO:colcon.colcon_core.shell:Creating package script '/home/nguyen-anh-dung/ros2_ws/install/robot/share/robot/package.bash'
[10.508s] INFO:colcon.colcon_core.shell:Creating package script '/home/nguyen-anh-dung/ros2_ws/install/robot/share/robot/package.zsh'
[10.508s] Level 1:colcon.colcon_core.environment:create_file_with_runtime_dependencies(/home/nguyen-anh-dung/ros2_ws/install/robot/share/colcon-core/packages/robot)
[10.509s] Level 1:colcon.colcon_core.environment:create_environment_scripts_only(robot)
[10.509s] Level 1:colcon.colcon_core.environment:checking '/home/nguyen-anh-dung/ros2_ws/install/robot' for CMake module files
[10.510s] Level 1:colcon.colcon_core.environment:checking '/home/nguyen-anh-dung/ros2_ws/install/robot' for CMake config files
[10.510s] Level 1:colcon.colcon_core.shell:create_environment_hook('robot', 'cmake_prefix_path')
[10.510s] INFO:colcon.colcon_core.shell:Creating environment hook '/home/nguyen-anh-dung/ros2_ws/install/robot/share/robot/hook/cmake_prefix_path.ps1'
[10.510s] INFO:colcon.colcon_core.shell:Creating environment descriptor '/home/nguyen-anh-dung/ros2_ws/install/robot/share/robot/hook/cmake_prefix_path.dsv'
[10.511s] INFO:colcon.colcon_core.shell:Creating environment hook '/home/nguyen-anh-dung/ros2_ws/install/robot/share/robot/hook/cmake_prefix_path.sh'
[10.511s] Level 1:colcon.colcon_core.environment:checking '/home/nguyen-anh-dung/ros2_ws/install/robot/lib'
[10.511s] Level 1:colcon.colcon_core.environment:checking '/home/nguyen-anh-dung/ros2_ws/install/robot/bin'
[10.511s] Level 1:colcon.colcon_core.environment:checking '/home/nguyen-anh-dung/ros2_ws/install/robot/lib/pkgconfig/robot.pc'
[10.511s] Level 1:colcon.colcon_core.environment:checking '/home/nguyen-anh-dung/ros2_ws/install/robot/lib/python3.12/site-packages'
[10.512s] Level 1:colcon.colcon_core.environment:checking '/home/nguyen-anh-dung/ros2_ws/install/robot/bin'
[10.512s] INFO:colcon.colcon_core.shell:Creating package script '/home/nguyen-anh-dung/ros2_ws/install/robot/share/robot/package.ps1'
[10.512s] INFO:colcon.colcon_core.shell:Creating package descriptor '/home/nguyen-anh-dung/ros2_ws/install/robot/share/robot/package.dsv'
[10.513s] INFO:colcon.colcon_core.shell:Creating package script '/home/nguyen-anh-dung/ros2_ws/install/robot/share/robot/package.sh'
[10.513s] INFO:colcon.colcon_core.shell:Creating package script '/home/nguyen-anh-dung/ros2_ws/install/robot/share/robot/package.bash'
[10.514s] INFO:colcon.colcon_core.shell:Creating package script '/home/nguyen-anh-dung/ros2_ws/install/robot/share/robot/package.zsh'
[10.514s] Level 1:colcon.colcon_core.environment:create_file_with_runtime_dependencies(/home/nguyen-anh-dung/ros2_ws/install/robot/share/colcon-core/packages/robot)
[10.514s] DEBUG:colcon.colcon_parallel_executor.executor.parallel:closing loop
[10.515s] DEBUG:colcon.colcon_parallel_executor.executor.parallel:loop closed
[10.515s] DEBUG:colcon.colcon_parallel_executor.executor.parallel:run_until_complete finished with '0'
[10.515s] DEBUG:colcon.colcon_core.event_reactor:joining thread
[10.520s] INFO:colcon.colcon_core.plugin_system:Skipping extension 'colcon_notification.desktop_notification.terminal_notifier': Not used on non-Darwin systems
[10.521s] INFO:colcon.colcon_core.plugin_system:Skipping extension 'colcon_notification.desktop_notification.win32': Not used on non-Windows systems
[10.521s] INFO:colcon.colcon_notification.desktop_notification:Sending desktop notification using 'notify2'
[10.537s] DEBUG:colcon.colcon_core.event_reactor:joined thread
[10.537s] INFO:colcon.colcon_core.shell:Creating prefix script '/home/nguyen-anh-dung/ros2_ws/install/local_setup.ps1'
[10.538s] INFO:colcon.colcon_core.shell:Creating prefix util module '/home/nguyen-anh-dung/ros2_ws/install/_local_setup_util_ps1.py'
[10.539s] INFO:colcon.colcon_core.shell:Creating prefix chain script '/home/nguyen-anh-dung/ros2_ws/install/setup.ps1'
[10.540s] INFO:colcon.colcon_core.shell:Creating prefix script '/home/nguyen-anh-dung/ros2_ws/install/local_setup.sh'
[10.541s] INFO:colcon.colcon_core.shell:Creating prefix util module '/home/nguyen-anh-dung/ros2_ws/install/_local_setup_util_sh.py'
[10.542s] INFO:colcon.colcon_core.shell:Creating prefix chain script '/home/nguyen-anh-dung/ros2_ws/install/setup.sh'
[10.543s] INFO:colcon.colcon_core.shell:Creating prefix script '/home/nguyen-anh-dung/ros2_ws/install/local_setup.bash'
[10.544s] INFO:colcon.colcon_core.shell:Creating prefix chain script '/home/nguyen-anh-dung/ros2_ws/install/setup.bash'
[10.545s] INFO:colcon.colcon_core.shell:Creating prefix script '/home/nguyen-anh-dung/ros2_ws/install/local_setup.zsh'
[10.545s] INFO:colcon.colcon_core.shell:Creating prefix chain script '/home/nguyen-anh-dung/ros2_ws/install/setup.zsh'
