[4.493s] Invoking command in '/home/nguyen-anh-dung/ros2_ws/src/rover_client': CMAKE_PREFIX_PATH=/home/nguyen-anh-dung/ros2_ws/install/roverc:/home/nguyen-anh-dung/ros2_ws/install/robot:/opt/ros/jazzy/opt/gz_math_vendor:/opt/ros/jazzy/opt/gz_utils_vendor:/opt/ros/jazzy/opt/gz_cmake_vendor DEBUGINFOD_URLS=https://debuginfod.ubuntu.com PYTHONPATH=/home/nguyen-anh-dung/ros2_ws/build/roverc_client/prefix_override:/usr/lib/python3/dist-packages/colcon_core/task/python/colcon_distutils_commands:/home/nguyen-anh-dung/ros2_ws/install/roverc_client/lib/python3.12/site-packages:/home/nguyen-anh-dung/ros2_ws/install/roverc/lib/python3.12/site-packages:/home/nguyen-anh-dung/ros2_ws/install/roverc_client/lib/python3.12/site-packages:/opt/ros/jazzy/lib/python3.12/site-packages /usr/bin/python3 -W ignore:setup.py install is deprecated -W ignore:easy_install command is deprecated setup.py egg_info --egg-base ../../build/roverc_client build --build-base /home/nguyen-anh-dung/ros2_ws/build/roverc_client/build install --record /home/nguyen-anh-dung/ros2_ws/build/roverc_client/install.log --single-version-externally-managed install_data
[5.955s] running egg_info
[6.078s] writing ../../build/roverc_client/roverc_client.egg-info/PKG-INFO
[6.079s] writing dependency_links to ../../build/roverc_client/roverc_client.egg-info/dependency_links.txt
[6.080s] writing entry points to ../../build/roverc_client/roverc_client.egg-info/entry_points.txt
[6.081s] writing requirements to ../../build/roverc_client/roverc_client.egg-info/requires.txt
[6.081s] writing top-level names to ../../build/roverc_client/roverc_client.egg-info/top_level.txt
[6.340s] reading manifest file '../../build/roverc_client/roverc_client.egg-info/SOURCES.txt'
[6.344s] writing manifest file '../../build/roverc_client/roverc_client.egg-info/SOURCES.txt'
[6.344s] running build
[6.345s] running build_py
[6.346s] running install
[6.372s] running install_lib
[6.493s] running install_data
[6.494s] running install_egg_info
[6.621s] removing '/home/nguyen-anh-dung/ros2_ws/install/roverc_client/lib/python3.12/site-packages/roverc_client-0.0.0-py3.12.egg-info' (and everything under it)
[6.623s] Copying ../../build/roverc_client/roverc_client.egg-info to /home/nguyen-anh-dung/ros2_ws/install/roverc_client/lib/python3.12/site-packages/roverc_client-0.0.0-py3.12.egg-info
[6.626s] running install_scripts
[7.415s] Installing client script to /home/nguyen-anh-dung/ros2_ws/install/roverc_client/lib/roverc_client
[7.416s] writing list of installed files to '/home/nguyen-anh-dung/ros2_ws/build/roverc_client/install.log'
[7.518s] Invoked command in '/home/nguyen-anh-dung/ros2_ws/src/rover_client' returned '0': CMAKE_PREFIX_PATH=/home/nguyen-anh-dung/ros2_ws/install/roverc:/home/nguyen-anh-dung/ros2_ws/install/robot:/opt/ros/jazzy/opt/gz_math_vendor:/opt/ros/jazzy/opt/gz_utils_vendor:/opt/ros/jazzy/opt/gz_cmake_vendor DEBUGINFOD_URLS=https://debuginfod.ubuntu.com PYTHONPATH=/home/nguyen-anh-dung/ros2_ws/build/roverc_client/prefix_override:/usr/lib/python3/dist-packages/colcon_core/task/python/colcon_distutils_commands:/home/nguyen-anh-dung/ros2_ws/install/roverc_client/lib/python3.12/site-packages:/home/nguyen-anh-dung/ros2_ws/install/roverc/lib/python3.12/site-packages:/home/nguyen-anh-dung/ros2_ws/install/roverc_client/lib/python3.12/site-packages:/opt/ros/jazzy/lib/python3.12/site-packages /usr/bin/python3 -W ignore:setup.py install is deprecated -W ignore:easy_install command is deprecated setup.py egg_info --egg-base ../../build/roverc_client build --build-base /home/nguyen-anh-dung/ros2_ws/build/roverc_client/build install --record /home/nguyen-anh-dung/ros2_ws/build/roverc_client/install.log --single-version-externally-managed install_data
