[ 16%] Built target trajectory2
[ 33%] Built target motor_controller
[ 50%] Built target algo_node
[ 66%] Built target tof_servoing
[ 83%] Built target trajectory
[ 91%] [32mBuilding CXX object CMakeFiles/line_servoing_front.dir/src/line_servoing_front.cpp.o[0m
[100%] [32m[1mLinking CXX executable line_servoing_front[0m
[100%] Built target line_servoing_front
-- Install configuration: ""
-- Up-to-date: /home/nguyen-anh-dung/ros2_ws/src/install/robot/lib/robot/algo_node
-- Up-to-date: /home/nguyen-anh-dung/ros2_ws/src/install/robot/lib/robot/motor_controller
-- Up-to-date: /home/nguyen-anh-dung/ros2_ws/src/install/robot/lib/robot/trajectory
-- Up-to-date: /home/nguyen-anh-dung/ros2_ws/src/install/robot/lib/robot/trajectory2
-- Up-to-date: /home/nguyen-anh-dung/ros2_ws/src/install/robot/lib/robot/tof_servoing
-- Installing: /home/nguyen-anh-dung/ros2_ws/src/install/robot/lib/robot/line_servoing_front
-- Set non-toolchain portion of runtime path of "/home/nguyen-anh-dung/ros2_ws/src/install/robot/lib/robot/line_servoing_front" to ""
-- Up-to-date: /home/nguyen-anh-dung/ros2_ws/src/install/robot/share/ament_index/resource_index/package_run_dependencies/robot
-- Up-to-date: /home/nguyen-anh-dung/ros2_ws/src/install/robot/share/ament_index/resource_index/parent_prefix_path/robot
-- Up-to-date: /home/nguyen-anh-dung/ros2_ws/src/install/robot/share/robot/environment/ament_prefix_path.sh
-- Up-to-date: /home/nguyen-anh-dung/ros2_ws/src/install/robot/share/robot/environment/ament_prefix_path.dsv
-- Up-to-date: /home/nguyen-anh-dung/ros2_ws/src/install/robot/share/robot/environment/path.sh
-- Up-to-date: /home/nguyen-anh-dung/ros2_ws/src/install/robot/share/robot/environment/path.dsv
-- Up-to-date: /home/nguyen-anh-dung/ros2_ws/src/install/robot/share/robot/local_setup.bash
-- Up-to-date: /home/nguyen-anh-dung/ros2_ws/src/install/robot/share/robot/local_setup.sh
-- Up-to-date: /home/nguyen-anh-dung/ros2_ws/src/install/robot/share/robot/local_setup.zsh
-- Up-to-date: /home/nguyen-anh-dung/ros2_ws/src/install/robot/share/robot/local_setup.dsv
-- Installing: /home/nguyen-anh-dung/ros2_ws/src/install/robot/share/robot/package.dsv
-- Up-to-date: /home/nguyen-anh-dung/ros2_ws/src/install/robot/share/ament_index/resource_index/packages/robot
-- Up-to-date: /home/nguyen-anh-dung/ros2_ws/src/install/robot/share/robot/cmake/robotConfig.cmake
-- Up-to-date: /home/nguyen-anh-dung/ros2_ws/src/install/robot/share/robot/cmake/robotConfig-version.cmake
-- Up-to-date: /home/nguyen-anh-dung/ros2_ws/src/install/robot/share/robot/package.xml
