[1.749s] Invoking command in '/home/nguyen-anh-dung/ros2_ws/src/rover_client': CMAKE_PREFIX_PATH=/home/nguyen-anh-dung/ros2_ws/install/roverc:/home/nguyen-anh-dung/ros2_ws/install/robot:/opt/ros/jazzy/opt/gz_math_vendor:/opt/ros/jazzy/opt/gz_utils_vendor:/opt/ros/jazzy/opt/gz_cmake_vendor DEBUGINFOD_URLS=https://debuginfod.ubuntu.com PYTHONPATH=/home/nguyen-anh-dung/ros2_ws/build/roverc_client/prefix_override:/usr/lib/python3/dist-packages/colcon_core/task/python/colcon_distutils_commands:/home/nguyen-anh-dung/ros2_ws/install/roverc_client/lib/python3.12/site-packages:/home/nguyen-anh-dung/ros2_ws/install/roverc/lib/python3.12/site-packages:/home/nguyen-anh-dung/ros2_ws/install/roverc_client/lib/python3.12/site-packages:/opt/ros/jazzy/lib/python3.12/site-packages /usr/bin/python3 -W ignore:setup.py install is deprecated -W ignore:easy_install command is deprecated setup.py egg_info --egg-base ../../build/roverc_client build --build-base /home/nguyen-anh-dung/ros2_ws/build/roverc_client/build install --record /home/nguyen-anh-dung/ros2_ws/build/roverc_client/install.log --single-version-externally-managed install_data
[2.394s] running egg_info
[2.445s] writing ../../build/roverc_client/roverc_client.egg-info/PKG-INFO
[2.445s] writing dependency_links to ../../build/roverc_client/roverc_client.egg-info/dependency_links.txt
[2.446s] writing entry points to ../../build/roverc_client/roverc_client.egg-info/entry_points.txt
[2.446s] writing requirements to ../../build/roverc_client/roverc_client.egg-info/requires.txt
[2.446s] writing top-level names to ../../build/roverc_client/roverc_client.egg-info/top_level.txt
[2.545s] reading manifest file '../../build/roverc_client/roverc_client.egg-info/SOURCES.txt'
[2.546s] writing manifest file '../../build/roverc_client/roverc_client.egg-info/SOURCES.txt'
[2.547s] running build
[2.547s] running build_py
[2.547s] running install
[2.557s] running install_lib
[2.605s] running install_data
[2.606s] running install_egg_info
[2.663s] removing '/home/nguyen-anh-dung/ros2_ws/install/roverc_client/lib/python3.12/site-packages/roverc_client-0.0.0-py3.12.egg-info' (and everything under it)
[2.664s] Copying ../../build/roverc_client/roverc_client.egg-info to /home/nguyen-anh-dung/ros2_ws/install/roverc_client/lib/python3.12/site-packages/roverc_client-0.0.0-py3.12.egg-info
[2.665s] running install_scripts
[2.964s] Installing client script to /home/nguyen-anh-dung/ros2_ws/install/roverc_client/lib/roverc_client
[2.964s] writing list of installed files to '/home/nguyen-anh-dung/ros2_ws/build/roverc_client/install.log'
[3.025s] Invoked command in '/home/nguyen-anh-dung/ros2_ws/src/rover_client' returned '0': CMAKE_PREFIX_PATH=/home/nguyen-anh-dung/ros2_ws/install/roverc:/home/nguyen-anh-dung/ros2_ws/install/robot:/opt/ros/jazzy/opt/gz_math_vendor:/opt/ros/jazzy/opt/gz_utils_vendor:/opt/ros/jazzy/opt/gz_cmake_vendor DEBUGINFOD_URLS=https://debuginfod.ubuntu.com PYTHONPATH=/home/nguyen-anh-dung/ros2_ws/build/roverc_client/prefix_override:/usr/lib/python3/dist-packages/colcon_core/task/python/colcon_distutils_commands:/home/nguyen-anh-dung/ros2_ws/install/roverc_client/lib/python3.12/site-packages:/home/nguyen-anh-dung/ros2_ws/install/roverc/lib/python3.12/site-packages:/home/nguyen-anh-dung/ros2_ws/install/roverc_client/lib/python3.12/site-packages:/opt/ros/jazzy/lib/python3.12/site-packages /usr/bin/python3 -W ignore:setup.py install is deprecated -W ignore:easy_install command is deprecated setup.py egg_info --egg-base ../../build/roverc_client build --build-base /home/nguyen-anh-dung/ros2_ws/build/roverc_client/build install --record /home/nguyen-anh-dung/ros2_ws/build/roverc_client/install.log --single-version-externally-managed install_data
