[0.439s] DEBUG:colcon:Command line arguments: ['/usr/bin/colcon', 'build']
[0.439s] DEBUG:colcon:Parsed command line arguments: Namespace(log_base=None, log_level=None, verb_name='build', build_base='build', install_base='install', merge_install=False, symlink_install=False, test_result_base=None, continue_on_error=False, executor='parallel', parallel_workers=8, event_handlers=None, ignore_user_meta=False, metas=['./colcon.meta'], base_paths=['.'], packages_ignore=None, packages_ignore_regex=None, paths=None, packages_up_to=None, packages_up_to_regex=None, packages_above=None, packages_above_and_dependencies=None, packages_above_depth=None, packages_select_by_dep=None, packages_skip_by_dep=None, packages_skip_up_to=None, packages_select_build_failed=False, packages_skip_build_finished=False, packages_select_test_failures=False, packages_skip_test_passed=False, packages_select=None, packages_skip=None, packages_select_regex=None, packages_skip_regex=None, packages_start=None, packages_end=None, allow_overriding=[], cmake_args=None, cmake_target=None, cmake_target_skip_unavailable=False, cmake_clean_cache=False, cmake_clean_first=False, cmake_force_configure=False, ament_cmake_args=None, catkin_cmake_args=None, catkin_skip_building_tests=False, mixin_files=None, mixin=None, verb_parser=<colcon_mixin.mixin.mixin_argument.MixinArgumentDecorator object at 0x7412a2abc800>, verb_extension=<colcon_core.verb.build.BuildVerb object at 0x7412a2bd4470>, main=<bound method BuildVerb.main of <colcon_core.verb.build.BuildVerb object at 0x7412a2bd4470>>, mixin_verb=('build',))
[0.587s] Level 1:colcon.colcon_core.package_discovery:discover_packages(colcon_meta) check parameters
[0.587s] Level 1:colcon.colcon_core.package_discovery:discover_packages(recursive) check parameters
[0.587s] Level 1:colcon.colcon_core.package_discovery:discover_packages(ignore) check parameters
[0.587s] Level 1:colcon.colcon_core.package_discovery:discover_packages(path) check parameters
[0.588s] Level 1:colcon.colcon_core.package_discovery:discover_packages(colcon_meta) discover
[0.588s] Level 1:colcon.colcon_core.package_discovery:discover_packages(recursive) discover
[0.588s] INFO:colcon.colcon_core.package_discovery:Crawling recursively for packages in '/home/nguyen-anh-dung/ros2_ws'
[0.588s] Level 1:colcon.colcon_core.package_identification:_identify(.) by extensions ['ignore', 'ignore_ament_install']
[0.589s] Level 1:colcon.colcon_core.package_identification:_identify(.) by extension 'ignore'
[0.589s] Level 1:colcon.colcon_core.package_identification:_identify(.) by extension 'ignore_ament_install'
[0.589s] Level 1:colcon.colcon_core.package_identification:_identify(.) by extensions ['colcon_pkg']
[0.589s] Level 1:colcon.colcon_core.package_identification:_identify(.) by extension 'colcon_pkg'
[0.589s] Level 1:colcon.colcon_core.package_identification:_identify(.) by extensions ['colcon_meta']
[0.590s] Level 1:colcon.colcon_core.package_identification:_identify(.) by extension 'colcon_meta'
[0.590s] Level 1:colcon.colcon_core.package_identification:_identify(.) by extensions ['ros']
[0.590s] Level 1:colcon.colcon_core.package_identification:_identify(.) by extension 'ros'
[0.699s] Level 1:colcon.colcon_core.package_identification:_identify(.) by extensions ['cmake', 'python']
[0.699s] Level 1:colcon.colcon_core.package_identification:_identify(.) by extension 'cmake'
[0.700s] Level 1:colcon.colcon_core.package_identification:_identify(.) by extension 'python'
[0.700s] Level 1:colcon.colcon_core.package_identification:_identify(.) by extensions ['python_setup_py']
[0.700s] Level 1:colcon.colcon_core.package_identification:_identify(.) by extension 'python_setup_py'
[0.701s] Level 1:colcon.colcon_core.package_identification:_identify(build) by extensions ['ignore', 'ignore_ament_install']
[0.701s] Level 1:colcon.colcon_core.package_identification:_identify(build) by extension 'ignore'
[0.701s] Level 1:colcon.colcon_core.package_identification:_identify(build) ignored
[0.702s] Level 1:colcon.colcon_core.package_identification:_identify(install) by extensions ['ignore', 'ignore_ament_install']
[0.702s] Level 1:colcon.colcon_core.package_identification:_identify(install) by extension 'ignore'
[0.702s] Level 1:colcon.colcon_core.package_identification:_identify(install) ignored
[0.703s] Level 1:colcon.colcon_core.package_identification:_identify(log) by extensions ['ignore', 'ignore_ament_install']
[0.703s] Level 1:colcon.colcon_core.package_identification:_identify(log) by extension 'ignore'
[0.703s] Level 1:colcon.colcon_core.package_identification:_identify(log) ignored
[0.703s] Level 1:colcon.colcon_core.package_identification:_identify(src) by extensions ['ignore', 'ignore_ament_install']
[0.704s] Level 1:colcon.colcon_core.package_identification:_identify(src) by extension 'ignore'
[0.704s] Level 1:colcon.colcon_core.package_identification:_identify(src) by extension 'ignore_ament_install'
[0.704s] Level 1:colcon.colcon_core.package_identification:_identify(src) by extensions ['colcon_pkg']
[0.704s] Level 1:colcon.colcon_core.package_identification:_identify(src) by extension 'colcon_pkg'
[0.705s] Level 1:colcon.colcon_core.package_identification:_identify(src) by extensions ['colcon_meta']
[0.705s] Level 1:colcon.colcon_core.package_identification:_identify(src) by extension 'colcon_meta'
[0.705s] Level 1:colcon.colcon_core.package_identification:_identify(src) by extensions ['ros']
[0.705s] Level 1:colcon.colcon_core.package_identification:_identify(src) by extension 'ros'
[0.705s] Level 1:colcon.colcon_core.package_identification:_identify(src) by extensions ['cmake', 'python']
[0.705s] Level 1:colcon.colcon_core.package_identification:_identify(src) by extension 'cmake'
[0.706s] Level 1:colcon.colcon_core.package_identification:_identify(src) by extension 'python'
[0.706s] Level 1:colcon.colcon_core.package_identification:_identify(src) by extensions ['python_setup_py']
[0.706s] Level 1:colcon.colcon_core.package_identification:_identify(src) by extension 'python_setup_py'
[0.706s] Level 1:colcon.colcon_core.package_identification:_identify(src/robot) by extensions ['ignore', 'ignore_ament_install']
[0.706s] Level 1:colcon.colcon_core.package_identification:_identify(src/robot) by extension 'ignore'
[0.707s] Level 1:colcon.colcon_core.package_identification:_identify(src/robot) by extension 'ignore_ament_install'
[0.707s] Level 1:colcon.colcon_core.package_identification:_identify(src/robot) by extensions ['colcon_pkg']
[0.707s] Level 1:colcon.colcon_core.package_identification:_identify(src/robot) by extension 'colcon_pkg'
[0.707s] Level 1:colcon.colcon_core.package_identification:_identify(src/robot) by extensions ['colcon_meta']
[0.707s] Level 1:colcon.colcon_core.package_identification:_identify(src/robot) by extension 'colcon_meta'
[0.708s] Level 1:colcon.colcon_core.package_identification:_identify(src/robot) by extensions ['ros']
[0.708s] Level 1:colcon.colcon_core.package_identification:_identify(src/robot) by extension 'ros'
[0.721s] DEBUG:colcon.colcon_core.package_identification:Package 'src/robot' with type 'ros.ament_cmake' and name 'robot'
[0.722s] Level 1:colcon.colcon_core.package_identification:_identify(src/rover_client) by extensions ['ignore', 'ignore_ament_install']
[0.722s] Level 1:colcon.colcon_core.package_identification:_identify(src/rover_client) by extension 'ignore'
[0.723s] Level 1:colcon.colcon_core.package_identification:_identify(src/rover_client) by extension 'ignore_ament_install'
[0.723s] Level 1:colcon.colcon_core.package_identification:_identify(src/rover_client) by extensions ['colcon_pkg']
[0.723s] Level 1:colcon.colcon_core.package_identification:_identify(src/rover_client) by extension 'colcon_pkg'
[0.724s] Level 1:colcon.colcon_core.package_identification:_identify(src/rover_client) by extensions ['colcon_meta']
[0.724s] Level 1:colcon.colcon_core.package_identification:_identify(src/rover_client) by extension 'colcon_meta'
[0.724s] Level 1:colcon.colcon_core.package_identification:_identify(src/rover_client) by extensions ['ros']
[0.724s] Level 1:colcon.colcon_core.package_identification:_identify(src/rover_client) by extension 'ros'
[0.726s] DEBUG:colcon.colcon_core.package_identification:Package 'src/rover_client' with type 'ros.ament_python' and name 'roverc_client'
[0.726s] Level 1:colcon.colcon_core.package_identification:_identify(src/roverc) by extensions ['ignore', 'ignore_ament_install']
[0.727s] Level 1:colcon.colcon_core.package_identification:_identify(src/roverc) by extension 'ignore'
[0.727s] Level 1:colcon.colcon_core.package_identification:_identify(src/roverc) by extension 'ignore_ament_install'
[0.727s] Level 1:colcon.colcon_core.package_identification:_identify(src/roverc) by extensions ['colcon_pkg']
[0.727s] Level 1:colcon.colcon_core.package_identification:_identify(src/roverc) by extension 'colcon_pkg'
[0.727s] Level 1:colcon.colcon_core.package_identification:_identify(src/roverc) by extensions ['colcon_meta']
[0.728s] Level 1:colcon.colcon_core.package_identification:_identify(src/roverc) by extension 'colcon_meta'
[0.728s] Level 1:colcon.colcon_core.package_identification:_identify(src/roverc) by extensions ['ros']
[0.728s] Level 1:colcon.colcon_core.package_identification:_identify(src/roverc) by extension 'ros'
[0.729s] DEBUG:colcon.colcon_core.package_identification:Package 'src/roverc' with type 'ros.ament_cmake' and name 'roverc'
[0.730s] Level 1:colcon.colcon_core.package_discovery:discover_packages(recursive) using defaults
[0.730s] Level 1:colcon.colcon_core.package_discovery:discover_packages(ignore) discover
[0.730s] Level 1:colcon.colcon_core.package_discovery:discover_packages(ignore) using defaults
[0.730s] Level 1:colcon.colcon_core.package_discovery:discover_packages(path) discover
[0.730s] Level 1:colcon.colcon_core.package_discovery:discover_packages(path) using defaults
[0.814s] Level 1:colcon.colcon_core.package_discovery:discover_packages(prefix_path) check parameters
[0.815s] Level 1:colcon.colcon_core.package_discovery:discover_packages(prefix_path) discover
[0.822s] DEBUG:colcon.colcon_installed_package_information.package_discovery:Found 3 installed packages in /home/nguyen-anh-dung/ros2_ws/install
[0.827s] DEBUG:colcon.colcon_installed_package_information.package_discovery:Found 285 installed packages in /opt/ros/jazzy
[0.834s] Level 1:colcon.colcon_core.package_discovery:discover_packages(prefix_path) using defaults
[1.051s] Level 5:colcon.colcon_core.verb:set package 'roverc' build argument 'cmake_args' from command line to 'None'
[1.052s] Level 5:colcon.colcon_core.verb:set package 'roverc' build argument 'cmake_target' from command line to 'None'
[1.052s] Level 5:colcon.colcon_core.verb:set package 'roverc' build argument 'cmake_target_skip_unavailable' from command line to 'False'
[1.052s] Level 5:colcon.colcon_core.verb:set package 'roverc' build argument 'cmake_clean_cache' from command line to 'False'
[1.056s] Level 5:colcon.colcon_core.verb:set package 'roverc' build argument 'cmake_clean_first' from command line to 'False'
[1.056s] Level 5:colcon.colcon_core.verb:set package 'roverc' build argument 'cmake_force_configure' from command line to 'False'
[1.056s] Level 5:colcon.colcon_core.verb:set package 'roverc' build argument 'ament_cmake_args' from command line to 'None'
[1.057s] Level 5:colcon.colcon_core.verb:set package 'roverc' build argument 'catkin_cmake_args' from command line to 'None'
[1.057s] Level 5:colcon.colcon_core.verb:set package 'roverc' build argument 'catkin_skip_building_tests' from command line to 'False'
[1.057s] DEBUG:colcon.colcon_core.verb:Building package 'roverc' with the following arguments: {'ament_cmake_args': None, 'build_base': '/home/nguyen-anh-dung/ros2_ws/build/roverc', 'catkin_cmake_args': None, 'catkin_skip_building_tests': False, 'cmake_args': None, 'cmake_clean_cache': False, 'cmake_clean_first': False, 'cmake_force_configure': False, 'cmake_target': None, 'cmake_target_skip_unavailable': False, 'install_base': '/home/nguyen-anh-dung/ros2_ws/install/roverc', 'merge_install': False, 'path': '/home/nguyen-anh-dung/ros2_ws/src/roverc', 'symlink_install': False, 'test_result_base': None}
[1.058s] Level 5:colcon.colcon_core.verb:set package 'robot' build argument 'cmake_args' from command line to 'None'
[1.058s] Level 5:colcon.colcon_core.verb:set package 'robot' build argument 'cmake_target' from command line to 'None'
[1.058s] Level 5:colcon.colcon_core.verb:set package 'robot' build argument 'cmake_target_skip_unavailable' from command line to 'False'
[1.058s] Level 5:colcon.colcon_core.verb:set package 'robot' build argument 'cmake_clean_cache' from command line to 'False'
[1.058s] Level 5:colcon.colcon_core.verb:set package 'robot' build argument 'cmake_clean_first' from command line to 'False'
[1.059s] Level 5:colcon.colcon_core.verb:set package 'robot' build argument 'cmake_force_configure' from command line to 'False'
[1.059s] Level 5:colcon.colcon_core.verb:set package 'robot' build argument 'ament_cmake_args' from command line to 'None'
[1.059s] Level 5:colcon.colcon_core.verb:set package 'robot' build argument 'catkin_cmake_args' from command line to 'None'
[1.059s] Level 5:colcon.colcon_core.verb:set package 'robot' build argument 'catkin_skip_building_tests' from command line to 'False'
[1.059s] DEBUG:colcon.colcon_core.verb:Building package 'robot' with the following arguments: {'ament_cmake_args': None, 'build_base': '/home/nguyen-anh-dung/ros2_ws/build/robot', 'catkin_cmake_args': None, 'catkin_skip_building_tests': False, 'cmake_args': None, 'cmake_clean_cache': False, 'cmake_clean_first': False, 'cmake_force_configure': False, 'cmake_target': None, 'cmake_target_skip_unavailable': False, 'install_base': '/home/nguyen-anh-dung/ros2_ws/install/robot', 'merge_install': False, 'path': '/home/nguyen-anh-dung/ros2_ws/src/robot', 'symlink_install': False, 'test_result_base': None}
[1.060s] Level 5:colcon.colcon_core.verb:set package 'roverc_client' build argument 'cmake_args' from command line to 'None'
[1.060s] Level 5:colcon.colcon_core.verb:set package 'roverc_client' build argument 'cmake_target' from command line to 'None'
[1.060s] Level 5:colcon.colcon_core.verb:set package 'roverc_client' build argument 'cmake_target_skip_unavailable' from command line to 'False'
[1.060s] Level 5:colcon.colcon_core.verb:set package 'roverc_client' build argument 'cmake_clean_cache' from command line to 'False'
[1.060s] Level 5:colcon.colcon_core.verb:set package 'roverc_client' build argument 'cmake_clean_first' from command line to 'False'
[1.061s] Level 5:colcon.colcon_core.verb:set package 'roverc_client' build argument 'cmake_force_configure' from command line to 'False'
[1.061s] Level 5:colcon.colcon_core.verb:set package 'roverc_client' build argument 'ament_cmake_args' from command line to 'None'
[1.061s] Level 5:colcon.colcon_core.verb:set package 'roverc_client' build argument 'catkin_cmake_args' from command line to 'None'
[1.061s] Level 5:colcon.colcon_core.verb:set package 'roverc_client' build argument 'catkin_skip_building_tests' from command line to 'False'
[1.061s] DEBUG:colcon.colcon_core.verb:Building package 'roverc_client' with the following arguments: {'ament_cmake_args': None, 'build_base': '/home/nguyen-anh-dung/ros2_ws/build/roverc_client', 'catkin_cmake_args': None, 'catkin_skip_building_tests': False, 'cmake_args': None, 'cmake_clean_cache': False, 'cmake_clean_first': False, 'cmake_force_configure': False, 'cmake_target': None, 'cmake_target_skip_unavailable': False, 'install_base': '/home/nguyen-anh-dung/ros2_ws/install/roverc_client', 'merge_install': False, 'path': '/home/nguyen-anh-dung/ros2_ws/src/rover_client', 'symlink_install': False, 'test_result_base': None}
[1.062s] INFO:colcon.colcon_core.executor:Executing jobs using 'parallel' executor
[1.065s] DEBUG:colcon.colcon_parallel_executor.executor.parallel:run_until_complete
[1.066s] INFO:colcon.colcon_ros.task.ament_cmake.build:Building ROS package in '/home/nguyen-anh-dung/ros2_ws/src/roverc' with build type 'ament_cmake'
[1.066s] INFO:colcon.colcon_cmake.task.cmake.build:Building CMake package in '/home/nguyen-anh-dung/ros2_ws/src/roverc'
[1.074s] INFO:colcon.colcon_core.plugin_system:Skipping extension 'colcon_core.shell.bat': Not used on non-Windows systems
[1.075s] INFO:colcon.colcon_core.shell:Skip shell extension 'powershell' for command environment: Not usable outside of PowerShell
[1.075s] DEBUG:colcon.colcon_core.shell:Skip shell extension 'dsv' for command environment
[1.115s] DEBUG:colcon.colcon_core.event_handler.log_command:Invoking command in '/home/nguyen-anh-dung/ros2_ws/build/roverc': CMAKE_PREFIX_PATH=${CMAKE_PREFIX_PATH}:/home/nguyen-anh-dung/ros2_ws/install/roverc_client:/opt/ros/jazzy DEBUGINFOD_URLS=https://debuginfod.ubuntu.com /usr/bin/cmake --build /home/nguyen-anh-dung/ros2_ws/build/roverc -- -j8 -l8
[3.193s] DEBUG:colcon.colcon_core.event_handler.log_command:Invoked command in '/home/nguyen-anh-dung/ros2_ws/build/roverc' returned '0': CMAKE_PREFIX_PATH=${CMAKE_PREFIX_PATH}:/home/nguyen-anh-dung/ros2_ws/install/roverc_client:/opt/ros/jazzy DEBUGINFOD_URLS=https://debuginfod.ubuntu.com /usr/bin/cmake --build /home/nguyen-anh-dung/ros2_ws/build/roverc -- -j8 -l8
[3.222s] DEBUG:colcon.colcon_core.event_handler.log_command:Invoking command in '/home/nguyen-anh-dung/ros2_ws/build/roverc': CMAKE_PREFIX_PATH=${CMAKE_PREFIX_PATH}:/home/nguyen-anh-dung/ros2_ws/install/roverc_client:/opt/ros/jazzy DEBUGINFOD_URLS=https://debuginfod.ubuntu.com /usr/bin/cmake --install /home/nguyen-anh-dung/ros2_ws/build/roverc
[3.438s] Level 1:colcon.colcon_core.environment:create_environment_scripts_only(roverc)
[3.439s] DEBUG:colcon.colcon_core.event_handler.log_command:Invoked command in '/home/nguyen-anh-dung/ros2_ws/build/roverc' returned '0': CMAKE_PREFIX_PATH=${CMAKE_PREFIX_PATH}:/home/nguyen-anh-dung/ros2_ws/install/roverc_client:/opt/ros/jazzy DEBUGINFOD_URLS=https://debuginfod.ubuntu.com /usr/bin/cmake --install /home/nguyen-anh-dung/ros2_ws/build/roverc
[3.449s] Level 1:colcon.colcon_core.environment:checking '/home/nguyen-anh-dung/ros2_ws/install/roverc' for CMake module files
[3.453s] Level 1:colcon.colcon_core.environment:checking '/home/nguyen-anh-dung/ros2_ws/install/roverc' for CMake config files
[3.454s] Level 1:colcon.colcon_core.shell:create_environment_hook('roverc', 'cmake_prefix_path')
[3.455s] INFO:colcon.colcon_core.shell:Creating environment hook '/home/nguyen-anh-dung/ros2_ws/install/roverc/share/roverc/hook/cmake_prefix_path.ps1'
[3.457s] INFO:colcon.colcon_core.shell:Creating environment descriptor '/home/nguyen-anh-dung/ros2_ws/install/roverc/share/roverc/hook/cmake_prefix_path.dsv'
[3.459s] INFO:colcon.colcon_core.shell:Creating environment hook '/home/nguyen-anh-dung/ros2_ws/install/roverc/share/roverc/hook/cmake_prefix_path.sh'
[3.463s] Level 1:colcon.colcon_core.environment:checking '/home/nguyen-anh-dung/ros2_ws/install/roverc/lib'
[3.464s] Level 1:colcon.colcon_core.shell:create_environment_hook('roverc', 'ld_library_path_lib')
[3.465s] INFO:colcon.colcon_core.shell:Creating environment hook '/home/nguyen-anh-dung/ros2_ws/install/roverc/share/roverc/hook/ld_library_path_lib.ps1'
[3.466s] INFO:colcon.colcon_core.shell:Creating environment descriptor '/home/nguyen-anh-dung/ros2_ws/install/roverc/share/roverc/hook/ld_library_path_lib.dsv'
[3.468s] INFO:colcon.colcon_core.shell:Creating environment hook '/home/nguyen-anh-dung/ros2_ws/install/roverc/share/roverc/hook/ld_library_path_lib.sh'
[3.470s] Level 1:colcon.colcon_core.environment:checking '/home/nguyen-anh-dung/ros2_ws/install/roverc/bin'
[3.470s] Level 1:colcon.colcon_core.environment:checking '/home/nguyen-anh-dung/ros2_ws/install/roverc/lib/pkgconfig/roverc.pc'
[3.472s] Level 1:colcon.colcon_core.environment:checking '/home/nguyen-anh-dung/ros2_ws/install/roverc/lib/python3.12/site-packages'
[3.472s] Level 1:colcon.colcon_core.shell:create_environment_hook('roverc', 'pythonpath')
[3.473s] INFO:colcon.colcon_core.shell:Creating environment hook '/home/nguyen-anh-dung/ros2_ws/install/roverc/share/roverc/hook/pythonpath.ps1'
[3.475s] INFO:colcon.colcon_core.shell:Creating environment descriptor '/home/nguyen-anh-dung/ros2_ws/install/roverc/share/roverc/hook/pythonpath.dsv'
[3.477s] INFO:colcon.colcon_core.shell:Creating environment hook '/home/nguyen-anh-dung/ros2_ws/install/roverc/share/roverc/hook/pythonpath.sh'
[3.480s] Level 1:colcon.colcon_core.environment:checking '/home/nguyen-anh-dung/ros2_ws/install/roverc/bin'
[3.481s] INFO:colcon.colcon_core.shell:Creating package script '/home/nguyen-anh-dung/ros2_ws/install/roverc/share/roverc/package.ps1'
[3.485s] INFO:colcon.colcon_core.shell:Creating package descriptor '/home/nguyen-anh-dung/ros2_ws/install/roverc/share/roverc/package.dsv'
[3.488s] INFO:colcon.colcon_core.shell:Creating package script '/home/nguyen-anh-dung/ros2_ws/install/roverc/share/roverc/package.sh'
[3.492s] INFO:colcon.colcon_core.shell:Creating package script '/home/nguyen-anh-dung/ros2_ws/install/roverc/share/roverc/package.bash'
[3.495s] INFO:colcon.colcon_core.shell:Creating package script '/home/nguyen-anh-dung/ros2_ws/install/roverc/share/roverc/package.zsh'
[3.498s] Level 1:colcon.colcon_core.environment:create_file_with_runtime_dependencies(/home/nguyen-anh-dung/ros2_ws/install/roverc/share/colcon-core/packages/roverc)
[3.500s] Level 1:colcon.colcon_core.environment:create_environment_scripts_only(roverc)
[3.500s] Level 1:colcon.colcon_core.environment:checking '/home/nguyen-anh-dung/ros2_ws/install/roverc' for CMake module files
[3.503s] Level 1:colcon.colcon_core.environment:checking '/home/nguyen-anh-dung/ros2_ws/install/roverc' for CMake config files
[3.503s] Level 1:colcon.colcon_core.shell:create_environment_hook('roverc', 'cmake_prefix_path')
[3.504s] INFO:colcon.colcon_core.shell:Creating environment hook '/home/nguyen-anh-dung/ros2_ws/install/roverc/share/roverc/hook/cmake_prefix_path.ps1'
[3.505s] INFO:colcon.colcon_core.shell:Creating environment descriptor '/home/nguyen-anh-dung/ros2_ws/install/roverc/share/roverc/hook/cmake_prefix_path.dsv'
[3.506s] INFO:colcon.colcon_core.shell:Creating environment hook '/home/nguyen-anh-dung/ros2_ws/install/roverc/share/roverc/hook/cmake_prefix_path.sh'
[3.508s] Level 1:colcon.colcon_core.environment:checking '/home/nguyen-anh-dung/ros2_ws/install/roverc/lib'
[3.508s] Level 1:colcon.colcon_core.shell:create_environment_hook('roverc', 'ld_library_path_lib')
[3.509s] INFO:colcon.colcon_core.shell:Creating environment hook '/home/nguyen-anh-dung/ros2_ws/install/roverc/share/roverc/hook/ld_library_path_lib.ps1'
[3.511s] INFO:colcon.colcon_core.shell:Creating environment descriptor '/home/nguyen-anh-dung/ros2_ws/install/roverc/share/roverc/hook/ld_library_path_lib.dsv'
[3.512s] INFO:colcon.colcon_core.shell:Creating environment hook '/home/nguyen-anh-dung/ros2_ws/install/roverc/share/roverc/hook/ld_library_path_lib.sh'
[3.513s] Level 1:colcon.colcon_core.environment:checking '/home/nguyen-anh-dung/ros2_ws/install/roverc/bin'
[3.514s] Level 1:colcon.colcon_core.environment:checking '/home/nguyen-anh-dung/ros2_ws/install/roverc/lib/pkgconfig/roverc.pc'
[3.515s] Level 1:colcon.colcon_core.environment:checking '/home/nguyen-anh-dung/ros2_ws/install/roverc/lib/python3.12/site-packages'
[3.515s] Level 1:colcon.colcon_core.shell:create_environment_hook('roverc', 'pythonpath')
[3.516s] INFO:colcon.colcon_core.shell:Creating environment hook '/home/nguyen-anh-dung/ros2_ws/install/roverc/share/roverc/hook/pythonpath.ps1'
[3.517s] INFO:colcon.colcon_core.shell:Creating environment descriptor '/home/nguyen-anh-dung/ros2_ws/install/roverc/share/roverc/hook/pythonpath.dsv'
[3.519s] INFO:colcon.colcon_core.shell:Creating environment hook '/home/nguyen-anh-dung/ros2_ws/install/roverc/share/roverc/hook/pythonpath.sh'
[3.521s] Level 1:colcon.colcon_core.environment:checking '/home/nguyen-anh-dung/ros2_ws/install/roverc/bin'
[3.522s] INFO:colcon.colcon_core.shell:Creating package script '/home/nguyen-anh-dung/ros2_ws/install/roverc/share/roverc/package.ps1'
[3.525s] INFO:colcon.colcon_core.shell:Creating package descriptor '/home/nguyen-anh-dung/ros2_ws/install/roverc/share/roverc/package.dsv'
[3.527s] INFO:colcon.colcon_core.shell:Creating package script '/home/nguyen-anh-dung/ros2_ws/install/roverc/share/roverc/package.sh'
[3.530s] INFO:colcon.colcon_core.shell:Creating package script '/home/nguyen-anh-dung/ros2_ws/install/roverc/share/roverc/package.bash'
[3.532s] INFO:colcon.colcon_core.shell:Creating package script '/home/nguyen-anh-dung/ros2_ws/install/roverc/share/roverc/package.zsh'
[3.534s] Level 1:colcon.colcon_core.environment:create_file_with_runtime_dependencies(/home/nguyen-anh-dung/ros2_ws/install/roverc/share/colcon-core/packages/roverc)
[3.535s] INFO:colcon.colcon_ros.task.ament_cmake.build:Building ROS package in '/home/nguyen-anh-dung/ros2_ws/src/robot' with build type 'ament_cmake'
[3.535s] INFO:colcon.colcon_cmake.task.cmake.build:Building CMake package in '/home/nguyen-anh-dung/ros2_ws/src/robot'
[3.536s] INFO:colcon.colcon_core.shell:Skip shell extension 'powershell' for command environment: Not usable outside of PowerShell
[3.537s] DEBUG:colcon.colcon_core.shell:Skip shell extension 'dsv' for command environment
[3.551s] INFO:colcon.colcon_ros.task.ament_python.build:Building ROS package in '/home/nguyen-anh-dung/ros2_ws/src/rover_client' with build type 'ament_python'
[3.551s] Level 1:colcon.colcon_core.shell:create_environment_hook('roverc_client', 'ament_prefix_path')
[3.552s] INFO:colcon.colcon_core.shell:Creating environment hook '/home/nguyen-anh-dung/ros2_ws/install/roverc_client/share/roverc_client/hook/ament_prefix_path.ps1'
[3.555s] INFO:colcon.colcon_core.shell:Creating environment descriptor '/home/nguyen-anh-dung/ros2_ws/install/roverc_client/share/roverc_client/hook/ament_prefix_path.dsv'
[3.557s] INFO:colcon.colcon_core.shell:Creating environment hook '/home/nguyen-anh-dung/ros2_ws/install/roverc_client/share/roverc_client/hook/ament_prefix_path.sh'
[3.559s] INFO:colcon.colcon_core.shell:Skip shell extension 'powershell' for command environment: Not usable outside of PowerShell
[3.560s] DEBUG:colcon.colcon_core.shell:Skip shell extension 'dsv' for command environment
[3.587s] DEBUG:colcon.colcon_core.event_handler.log_command:Invoking command in '/home/nguyen-anh-dung/ros2_ws/build/robot': CMAKE_PREFIX_PATH=/home/nguyen-anh-dung/ros2_ws/install/roverc:/home/nguyen-anh-dung/ros2_ws/install/robot:/opt/ros/jazzy/opt/gz_math_vendor:/opt/ros/jazzy/opt/gz_utils_vendor:/opt/ros/jazzy/opt/gz_cmake_vendor:/home/nguyen-anh-dung/ros2_ws/install/roverc_client:/opt/ros/jazzy DEBUGINFOD_URLS=https://debuginfod.ubuntu.com PYTHONPATH=/home/nguyen-anh-dung/ros2_ws/install/roverc/lib/python3.12/site-packages:/home/nguyen-anh-dung/ros2_ws/install/roverc_client/lib/python3.12/site-packages:/opt/ros/jazzy/lib/python3.12/site-packages /usr/bin/cmake --build /home/nguyen-anh-dung/ros2_ws/build/robot -- -j8 -l8
[4.633s] INFO:colcon.colcon_core.task.python.build:Building Python package in '/home/nguyen-anh-dung/ros2_ws/src/rover_client'
[4.633s] INFO:colcon.colcon_core.shell:Skip shell extension 'powershell' for command environment: Not usable outside of PowerShell
[4.634s] DEBUG:colcon.colcon_core.shell:Skip shell extension 'dsv' for command environment
[8.058s] DEBUG:colcon.colcon_core.event_handler.log_command:Invoking command in '/home/nguyen-anh-dung/ros2_ws/src/rover_client': CMAKE_PREFIX_PATH=/home/nguyen-anh-dung/ros2_ws/install/roverc:/home/nguyen-anh-dung/ros2_ws/install/robot:/opt/ros/jazzy/opt/gz_math_vendor:/opt/ros/jazzy/opt/gz_utils_vendor:/opt/ros/jazzy/opt/gz_cmake_vendor DEBUGINFOD_URLS=https://debuginfod.ubuntu.com PYTHONPATH=/home/nguyen-anh-dung/ros2_ws/build/roverc_client/prefix_override:/usr/lib/python3/dist-packages/colcon_core/task/python/colcon_distutils_commands:/home/nguyen-anh-dung/ros2_ws/install/roverc_client/lib/python3.12/site-packages:/home/nguyen-anh-dung/ros2_ws/install/roverc/lib/python3.12/site-packages:/home/nguyen-anh-dung/ros2_ws/install/roverc_client/lib/python3.12/site-packages:/opt/ros/jazzy/lib/python3.12/site-packages /usr/bin/python3 -W ignore:setup.py install is deprecated -W ignore:easy_install command is deprecated setup.py egg_info --egg-base ../../build/roverc_client build --build-base /home/nguyen-anh-dung/ros2_ws/build/roverc_client/build install --record /home/nguyen-anh-dung/ros2_ws/build/roverc_client/install.log --single-version-externally-managed install_data
[11.347s] Level 1:colcon.colcon_core.environment:checking '/home/nguyen-anh-dung/ros2_ws/install/roverc_client' for CMake module files
[11.350s] DEBUG:colcon.colcon_core.event_handler.log_command:Invoked command in '/home/nguyen-anh-dung/ros2_ws/src/rover_client' returned '0': CMAKE_PREFIX_PATH=/home/nguyen-anh-dung/ros2_ws/install/roverc:/home/nguyen-anh-dung/ros2_ws/install/robot:/opt/ros/jazzy/opt/gz_math_vendor:/opt/ros/jazzy/opt/gz_utils_vendor:/opt/ros/jazzy/opt/gz_cmake_vendor DEBUGINFOD_URLS=https://debuginfod.ubuntu.com PYTHONPATH=/home/nguyen-anh-dung/ros2_ws/build/roverc_client/prefix_override:/usr/lib/python3/dist-packages/colcon_core/task/python/colcon_distutils_commands:/home/nguyen-anh-dung/ros2_ws/install/roverc_client/lib/python3.12/site-packages:/home/nguyen-anh-dung/ros2_ws/install/roverc/lib/python3.12/site-packages:/home/nguyen-anh-dung/ros2_ws/install/roverc_client/lib/python3.12/site-packages:/opt/ros/jazzy/lib/python3.12/site-packages /usr/bin/python3 -W ignore:setup.py install is deprecated -W ignore:easy_install command is deprecated setup.py egg_info --egg-base ../../build/roverc_client build --build-base /home/nguyen-anh-dung/ros2_ws/build/roverc_client/build install --record /home/nguyen-anh-dung/ros2_ws/build/roverc_client/install.log --single-version-externally-managed install_data
[11.352s] Level 1:colcon.colcon_core.environment:checking '/home/nguyen-anh-dung/ros2_ws/install/roverc_client' for CMake config files
[11.355s] Level 1:colcon.colcon_core.environment:checking '/home/nguyen-anh-dung/ros2_ws/install/roverc_client/lib'
[11.355s] Level 1:colcon.colcon_core.environment:checking '/home/nguyen-anh-dung/ros2_ws/install/roverc_client/bin'
[11.356s] Level 1:colcon.colcon_core.environment:checking '/home/nguyen-anh-dung/ros2_ws/install/roverc_client/lib/pkgconfig/roverc_client.pc'
[11.357s] Level 1:colcon.colcon_core.environment:checking '/home/nguyen-anh-dung/ros2_ws/install/roverc_client/lib/python3.12/site-packages'
[11.358s] Level 1:colcon.colcon_core.shell:create_environment_hook('roverc_client', 'pythonpath')
[11.359s] INFO:colcon.colcon_core.shell:Creating environment hook '/home/nguyen-anh-dung/ros2_ws/install/roverc_client/share/roverc_client/hook/pythonpath.ps1'
[11.361s] INFO:colcon.colcon_core.shell:Creating environment descriptor '/home/nguyen-anh-dung/ros2_ws/install/roverc_client/share/roverc_client/hook/pythonpath.dsv'
[11.363s] INFO:colcon.colcon_core.shell:Creating environment hook '/home/nguyen-anh-dung/ros2_ws/install/roverc_client/share/roverc_client/hook/pythonpath.sh'
[11.366s] Level 1:colcon.colcon_core.environment:checking '/home/nguyen-anh-dung/ros2_ws/install/roverc_client/bin'
[11.366s] Level 1:colcon.colcon_core.environment:create_environment_scripts_only(roverc_client)
[11.368s] INFO:colcon.colcon_core.shell:Creating package script '/home/nguyen-anh-dung/ros2_ws/install/roverc_client/share/roverc_client/package.ps1'
[11.370s] INFO:colcon.colcon_core.shell:Creating package descriptor '/home/nguyen-anh-dung/ros2_ws/install/roverc_client/share/roverc_client/package.dsv'
[11.373s] INFO:colcon.colcon_core.shell:Creating package script '/home/nguyen-anh-dung/ros2_ws/install/roverc_client/share/roverc_client/package.sh'
[11.375s] INFO:colcon.colcon_core.shell:Creating package script '/home/nguyen-anh-dung/ros2_ws/install/roverc_client/share/roverc_client/package.bash'
[11.377s] INFO:colcon.colcon_core.shell:Creating package script '/home/nguyen-anh-dung/ros2_ws/install/roverc_client/share/roverc_client/package.zsh'
[11.379s] Level 1:colcon.colcon_core.environment:create_file_with_runtime_dependencies(/home/nguyen-anh-dung/ros2_ws/install/roverc_client/share/colcon-core/packages/roverc_client)
[20.288s] DEBUG:colcon.colcon_core.event_handler.log_command:Invoked command in '/home/nguyen-anh-dung/ros2_ws/build/robot' returned '2': CMAKE_PREFIX_PATH=/home/nguyen-anh-dung/ros2_ws/install/roverc:/home/nguyen-anh-dung/ros2_ws/install/robot:/opt/ros/jazzy/opt/gz_math_vendor:/opt/ros/jazzy/opt/gz_utils_vendor:/opt/ros/jazzy/opt/gz_cmake_vendor:/home/nguyen-anh-dung/ros2_ws/install/roverc_client:/opt/ros/jazzy DEBUGINFOD_URLS=https://debuginfod.ubuntu.com PYTHONPATH=/home/nguyen-anh-dung/ros2_ws/install/roverc/lib/python3.12/site-packages:/home/nguyen-anh-dung/ros2_ws/install/roverc_client/lib/python3.12/site-packages:/opt/ros/jazzy/lib/python3.12/site-packages /usr/bin/cmake --build /home/nguyen-anh-dung/ros2_ws/build/robot -- -j8 -l8
[20.290s] Level 1:colcon.colcon_core.environment:create_environment_scripts_only(robot)
[20.290s] Level 1:colcon.colcon_core.environment:checking '/home/nguyen-anh-dung/ros2_ws/install/robot' for CMake module files
[20.293s] Level 1:colcon.colcon_core.environment:checking '/home/nguyen-anh-dung/ros2_ws/install/robot' for CMake config files
[20.293s] Level 1:colcon.colcon_core.shell:create_environment_hook('robot', 'cmake_prefix_path')
[20.294s] INFO:colcon.colcon_core.shell:Creating environment hook '/home/nguyen-anh-dung/ros2_ws/install/robot/share/robot/hook/cmake_prefix_path.ps1'
[20.296s] INFO:colcon.colcon_core.shell:Creating environment descriptor '/home/nguyen-anh-dung/ros2_ws/install/robot/share/robot/hook/cmake_prefix_path.dsv'
[20.298s] INFO:colcon.colcon_core.shell:Creating environment hook '/home/nguyen-anh-dung/ros2_ws/install/robot/share/robot/hook/cmake_prefix_path.sh'
[20.300s] Level 1:colcon.colcon_core.environment:checking '/home/nguyen-anh-dung/ros2_ws/install/robot/lib'
[20.300s] Level 1:colcon.colcon_core.environment:checking '/home/nguyen-anh-dung/ros2_ws/install/robot/bin'
[20.300s] Level 1:colcon.colcon_core.environment:checking '/home/nguyen-anh-dung/ros2_ws/install/robot/lib/pkgconfig/robot.pc'
[20.301s] Level 1:colcon.colcon_core.environment:checking '/home/nguyen-anh-dung/ros2_ws/install/robot/lib/python3.12/site-packages'
[20.302s] Level 1:colcon.colcon_core.environment:checking '/home/nguyen-anh-dung/ros2_ws/install/robot/bin'
[20.303s] INFO:colcon.colcon_core.shell:Creating package script '/home/nguyen-anh-dung/ros2_ws/install/robot/share/robot/package.ps1'
[20.305s] INFO:colcon.colcon_core.shell:Creating package descriptor '/home/nguyen-anh-dung/ros2_ws/install/robot/share/robot/package.dsv'
[20.306s] INFO:colcon.colcon_core.shell:Creating package script '/home/nguyen-anh-dung/ros2_ws/install/robot/share/robot/package.sh'
[20.308s] INFO:colcon.colcon_core.shell:Creating package script '/home/nguyen-anh-dung/ros2_ws/install/robot/share/robot/package.bash'
[20.310s] INFO:colcon.colcon_core.shell:Creating package script '/home/nguyen-anh-dung/ros2_ws/install/robot/share/robot/package.zsh'
[20.311s] Level 1:colcon.colcon_core.environment:create_file_with_runtime_dependencies(/home/nguyen-anh-dung/ros2_ws/install/robot/share/colcon-core/packages/robot)
[20.322s] DEBUG:colcon.colcon_parallel_executor.executor.parallel:closing loop
[20.323s] DEBUG:colcon.colcon_parallel_executor.executor.parallel:loop closed
[20.323s] DEBUG:colcon.colcon_parallel_executor.executor.parallel:run_until_complete finished with '2'
[20.323s] DEBUG:colcon.colcon_core.event_reactor:joining thread
[20.342s] INFO:colcon.colcon_core.plugin_system:Skipping extension 'colcon_notification.desktop_notification.terminal_notifier': Not used on non-Darwin systems
[20.342s] INFO:colcon.colcon_core.plugin_system:Skipping extension 'colcon_notification.desktop_notification.win32': Not used on non-Windows systems
[20.342s] INFO:colcon.colcon_notification.desktop_notification:Sending desktop notification using 'notify2'
[20.384s] DEBUG:colcon.colcon_core.event_reactor:joined thread
[20.385s] INFO:colcon.colcon_core.shell:Creating prefix script '/home/nguyen-anh-dung/ros2_ws/install/local_setup.ps1'
[20.388s] INFO:colcon.colcon_core.shell:Creating prefix util module '/home/nguyen-anh-dung/ros2_ws/install/_local_setup_util_ps1.py'
[20.392s] INFO:colcon.colcon_core.shell:Creating prefix chain script '/home/nguyen-anh-dung/ros2_ws/install/setup.ps1'
[20.395s] INFO:colcon.colcon_core.shell:Creating prefix script '/home/nguyen-anh-dung/ros2_ws/install/local_setup.sh'
[20.397s] INFO:colcon.colcon_core.shell:Creating prefix util module '/home/nguyen-anh-dung/ros2_ws/install/_local_setup_util_sh.py'
[20.399s] INFO:colcon.colcon_core.shell:Creating prefix chain script '/home/nguyen-anh-dung/ros2_ws/install/setup.sh'
[20.403s] INFO:colcon.colcon_core.shell:Creating prefix script '/home/nguyen-anh-dung/ros2_ws/install/local_setup.bash'
[20.404s] INFO:colcon.colcon_core.shell:Creating prefix chain script '/home/nguyen-anh-dung/ros2_ws/install/setup.bash'
[20.408s] INFO:colcon.colcon_core.shell:Creating prefix script '/home/nguyen-anh-dung/ros2_ws/install/local_setup.zsh'
[20.409s] INFO:colcon.colcon_core.shell:Creating prefix chain script '/home/nguyen-anh-dung/ros2_ws/install/setup.zsh'
