[0.117s] DEBUG:colcon:Command line arguments: ['/usr/bin/colcon', 'build']
[0.117s] DEBUG:colcon:Parsed command line arguments: Namespace(log_base=None, log_level=None, verb_name='build', build_base='build', install_base='install', merge_install=False, symlink_install=False, test_result_base=None, continue_on_error=False, executor='parallel', parallel_workers=8, event_handlers=None, ignore_user_meta=False, metas=['./colcon.meta'], base_paths=['.'], packages_ignore=None, packages_ignore_regex=None, paths=None, packages_up_to=None, packages_up_to_regex=None, packages_above=None, packages_above_and_dependencies=None, packages_above_depth=None, packages_select_by_dep=None, packages_skip_by_dep=None, packages_skip_up_to=None, packages_select_build_failed=False, packages_skip_build_finished=False, packages_select_test_failures=False, packages_skip_test_passed=False, packages_select=None, packages_skip=None, packages_select_regex=None, packages_skip_regex=None, packages_start=None, packages_end=None, allow_overriding=[], cmake_args=None, cmake_target=None, cmake_target_skip_unavailable=False, cmake_clean_cache=False, cmake_clean_first=False, cmake_force_configure=False, ament_cmake_args=None, catkin_cmake_args=None, catkin_skip_building_tests=False, mixin_files=None, mixin=None, verb_parser=<colcon_mixin.mixin.mixin_argument.MixinArgumentDecorator object at 0x7d563c7cce90>, verb_extension=<colcon_core.verb.build.BuildVerb object at 0x7d563ce314f0>, main=<bound method BuildVerb.main of <colcon_core.verb.build.BuildVerb object at 0x7d563ce314f0>>, mixin_verb=('build',))
[0.155s] Level 1:colcon.colcon_core.package_discovery:discover_packages(colcon_meta) check parameters
[0.155s] Level 1:colcon.colcon_core.package_discovery:discover_packages(recursive) check parameters
[0.155s] Level 1:colcon.colcon_core.package_discovery:discover_packages(ignore) check parameters
[0.155s] Level 1:colcon.colcon_core.package_discovery:discover_packages(path) check parameters
[0.155s] Level 1:colcon.colcon_core.package_discovery:discover_packages(colcon_meta) discover
[0.155s] Level 1:colcon.colcon_core.package_discovery:discover_packages(recursive) discover
[0.155s] INFO:colcon.colcon_core.package_discovery:Crawling recursively for packages in '/home/nguyen-anh-dung/ros2_ws/src'
[0.155s] Level 1:colcon.colcon_core.package_identification:_identify(.) by extensions ['ignore', 'ignore_ament_install']
[0.155s] Level 1:colcon.colcon_core.package_identification:_identify(.) by extension 'ignore'
[0.155s] Level 1:colcon.colcon_core.package_identification:_identify(.) by extension 'ignore_ament_install'
[0.155s] Level 1:colcon.colcon_core.package_identification:_identify(.) by extensions ['colcon_pkg']
[0.155s] Level 1:colcon.colcon_core.package_identification:_identify(.) by extension 'colcon_pkg'
[0.155s] Level 1:colcon.colcon_core.package_identification:_identify(.) by extensions ['colcon_meta']
[0.155s] Level 1:colcon.colcon_core.package_identification:_identify(.) by extension 'colcon_meta'
[0.155s] Level 1:colcon.colcon_core.package_identification:_identify(.) by extensions ['ros']
[0.155s] Level 1:colcon.colcon_core.package_identification:_identify(.) by extension 'ros'
[0.180s] Level 1:colcon.colcon_core.package_identification:_identify(.) by extensions ['cmake', 'python']
[0.180s] Level 1:colcon.colcon_core.package_identification:_identify(.) by extension 'cmake'
[0.180s] Level 1:colcon.colcon_core.package_identification:_identify(.) by extension 'python'
[0.180s] Level 1:colcon.colcon_core.package_identification:_identify(.) by extensions ['python_setup_py']
[0.180s] Level 1:colcon.colcon_core.package_identification:_identify(.) by extension 'python_setup_py'
[0.180s] Level 1:colcon.colcon_core.package_identification:_identify(build) by extensions ['ignore', 'ignore_ament_install']
[0.180s] Level 1:colcon.colcon_core.package_identification:_identify(build) by extension 'ignore'
[0.180s] Level 1:colcon.colcon_core.package_identification:_identify(build) ignored
[0.180s] Level 1:colcon.colcon_core.package_identification:_identify(install) by extensions ['ignore', 'ignore_ament_install']
[0.181s] Level 1:colcon.colcon_core.package_identification:_identify(install) by extension 'ignore'
[0.181s] Level 1:colcon.colcon_core.package_identification:_identify(install) ignored
[0.181s] Level 1:colcon.colcon_core.package_identification:_identify(log) by extensions ['ignore', 'ignore_ament_install']
[0.181s] Level 1:colcon.colcon_core.package_identification:_identify(log) by extension 'ignore'
[0.181s] Level 1:colcon.colcon_core.package_identification:_identify(log) ignored
[0.181s] Level 1:colcon.colcon_core.package_identification:_identify(robot) by extensions ['ignore', 'ignore_ament_install']
[0.181s] Level 1:colcon.colcon_core.package_identification:_identify(robot) by extension 'ignore'
[0.181s] Level 1:colcon.colcon_core.package_identification:_identify(robot) by extension 'ignore_ament_install'
[0.181s] Level 1:colcon.colcon_core.package_identification:_identify(robot) by extensions ['colcon_pkg']
[0.181s] Level 1:colcon.colcon_core.package_identification:_identify(robot) by extension 'colcon_pkg'
[0.181s] Level 1:colcon.colcon_core.package_identification:_identify(robot) by extensions ['colcon_meta']
[0.181s] Level 1:colcon.colcon_core.package_identification:_identify(robot) by extension 'colcon_meta'
[0.181s] Level 1:colcon.colcon_core.package_identification:_identify(robot) by extensions ['ros']
[0.181s] Level 1:colcon.colcon_core.package_identification:_identify(robot) by extension 'ros'
[0.184s] DEBUG:colcon.colcon_core.package_identification:Package 'robot' with type 'ros.ament_cmake' and name 'robot'
[0.184s] Level 1:colcon.colcon_core.package_identification:_identify(rover_client) by extensions ['ignore', 'ignore_ament_install']
[0.184s] Level 1:colcon.colcon_core.package_identification:_identify(rover_client) by extension 'ignore'
[0.184s] Level 1:colcon.colcon_core.package_identification:_identify(rover_client) by extension 'ignore_ament_install'
[0.184s] Level 1:colcon.colcon_core.package_identification:_identify(rover_client) by extensions ['colcon_pkg']
[0.184s] Level 1:colcon.colcon_core.package_identification:_identify(rover_client) by extension 'colcon_pkg'
[0.184s] Level 1:colcon.colcon_core.package_identification:_identify(rover_client) by extensions ['colcon_meta']
[0.184s] Level 1:colcon.colcon_core.package_identification:_identify(rover_client) by extension 'colcon_meta'
[0.184s] Level 1:colcon.colcon_core.package_identification:_identify(rover_client) by extensions ['ros']
[0.184s] Level 1:colcon.colcon_core.package_identification:_identify(rover_client) by extension 'ros'
[0.185s] DEBUG:colcon.colcon_core.package_identification:Package 'rover_client' with type 'ros.ament_python' and name 'roverc_client'
[0.185s] Level 1:colcon.colcon_core.package_identification:_identify(roverc) by extensions ['ignore', 'ignore_ament_install']
[0.185s] Level 1:colcon.colcon_core.package_identification:_identify(roverc) by extension 'ignore'
[0.185s] Level 1:colcon.colcon_core.package_identification:_identify(roverc) by extension 'ignore_ament_install'
[0.185s] Level 1:colcon.colcon_core.package_identification:_identify(roverc) by extensions ['colcon_pkg']
[0.185s] Level 1:colcon.colcon_core.package_identification:_identify(roverc) by extension 'colcon_pkg'
[0.185s] Level 1:colcon.colcon_core.package_identification:_identify(roverc) by extensions ['colcon_meta']
[0.185s] Level 1:colcon.colcon_core.package_identification:_identify(roverc) by extension 'colcon_meta'
[0.185s] Level 1:colcon.colcon_core.package_identification:_identify(roverc) by extensions ['ros']
[0.185s] Level 1:colcon.colcon_core.package_identification:_identify(roverc) by extension 'ros'
[0.185s] DEBUG:colcon.colcon_core.package_identification:Package 'roverc' with type 'ros.ament_cmake' and name 'roverc'
[0.186s] Level 1:colcon.colcon_core.package_discovery:discover_packages(recursive) using defaults
[0.186s] Level 1:colcon.colcon_core.package_discovery:discover_packages(ignore) discover
[0.186s] Level 1:colcon.colcon_core.package_discovery:discover_packages(ignore) using defaults
[0.186s] Level 1:colcon.colcon_core.package_discovery:discover_packages(path) discover
[0.186s] Level 1:colcon.colcon_core.package_discovery:discover_packages(path) using defaults
[0.203s] Level 1:colcon.colcon_core.package_discovery:discover_packages(prefix_path) check parameters
[0.203s] Level 1:colcon.colcon_core.package_discovery:discover_packages(prefix_path) discover
[0.205s] DEBUG:colcon.colcon_installed_package_information.package_discovery:Found 3 installed packages in /home/nguyen-anh-dung/ros2_ws/install
[0.206s] DEBUG:colcon.colcon_installed_package_information.package_discovery:Found 285 installed packages in /opt/ros/jazzy
[0.207s] Level 1:colcon.colcon_core.package_discovery:discover_packages(prefix_path) using defaults
[0.251s] Level 5:colcon.colcon_core.verb:set package 'roverc' build argument 'cmake_args' from command line to 'None'
[0.251s] Level 5:colcon.colcon_core.verb:set package 'roverc' build argument 'cmake_target' from command line to 'None'
[0.251s] Level 5:colcon.colcon_core.verb:set package 'roverc' build argument 'cmake_target_skip_unavailable' from command line to 'False'
[0.251s] Level 5:colcon.colcon_core.verb:set package 'roverc' build argument 'cmake_clean_cache' from command line to 'False'
[0.251s] Level 5:colcon.colcon_core.verb:set package 'roverc' build argument 'cmake_clean_first' from command line to 'False'
[0.251s] Level 5:colcon.colcon_core.verb:set package 'roverc' build argument 'cmake_force_configure' from command line to 'False'
[0.251s] Level 5:colcon.colcon_core.verb:set package 'roverc' build argument 'ament_cmake_args' from command line to 'None'
[0.251s] Level 5:colcon.colcon_core.verb:set package 'roverc' build argument 'catkin_cmake_args' from command line to 'None'
[0.251s] Level 5:colcon.colcon_core.verb:set package 'roverc' build argument 'catkin_skip_building_tests' from command line to 'False'
[0.251s] DEBUG:colcon.colcon_core.verb:Building package 'roverc' with the following arguments: {'ament_cmake_args': None, 'build_base': '/home/nguyen-anh-dung/ros2_ws/src/build/roverc', 'catkin_cmake_args': None, 'catkin_skip_building_tests': False, 'cmake_args': None, 'cmake_clean_cache': False, 'cmake_clean_first': False, 'cmake_force_configure': False, 'cmake_target': None, 'cmake_target_skip_unavailable': False, 'install_base': '/home/nguyen-anh-dung/ros2_ws/src/install/roverc', 'merge_install': False, 'path': '/home/nguyen-anh-dung/ros2_ws/src/roverc', 'symlink_install': False, 'test_result_base': None}
[0.251s] Level 5:colcon.colcon_core.verb:set package 'robot' build argument 'cmake_args' from command line to 'None'
[0.251s] Level 5:colcon.colcon_core.verb:set package 'robot' build argument 'cmake_target' from command line to 'None'
[0.251s] Level 5:colcon.colcon_core.verb:set package 'robot' build argument 'cmake_target_skip_unavailable' from command line to 'False'
[0.251s] Level 5:colcon.colcon_core.verb:set package 'robot' build argument 'cmake_clean_cache' from command line to 'False'
[0.252s] Level 5:colcon.colcon_core.verb:set package 'robot' build argument 'cmake_clean_first' from command line to 'False'
[0.252s] Level 5:colcon.colcon_core.verb:set package 'robot' build argument 'cmake_force_configure' from command line to 'False'
[0.252s] Level 5:colcon.colcon_core.verb:set package 'robot' build argument 'ament_cmake_args' from command line to 'None'
[0.252s] Level 5:colcon.colcon_core.verb:set package 'robot' build argument 'catkin_cmake_args' from command line to 'None'
[0.252s] Level 5:colcon.colcon_core.verb:set package 'robot' build argument 'catkin_skip_building_tests' from command line to 'False'
[0.252s] DEBUG:colcon.colcon_core.verb:Building package 'robot' with the following arguments: {'ament_cmake_args': None, 'build_base': '/home/nguyen-anh-dung/ros2_ws/src/build/robot', 'catkin_cmake_args': None, 'catkin_skip_building_tests': False, 'cmake_args': None, 'cmake_clean_cache': False, 'cmake_clean_first': False, 'cmake_force_configure': False, 'cmake_target': None, 'cmake_target_skip_unavailable': False, 'install_base': '/home/nguyen-anh-dung/ros2_ws/src/install/robot', 'merge_install': False, 'path': '/home/nguyen-anh-dung/ros2_ws/src/robot', 'symlink_install': False, 'test_result_base': None}
[0.252s] Level 5:colcon.colcon_core.verb:set package 'roverc_client' build argument 'cmake_args' from command line to 'None'
[0.252s] Level 5:colcon.colcon_core.verb:set package 'roverc_client' build argument 'cmake_target' from command line to 'None'
[0.252s] Level 5:colcon.colcon_core.verb:set package 'roverc_client' build argument 'cmake_target_skip_unavailable' from command line to 'False'
[0.252s] Level 5:colcon.colcon_core.verb:set package 'roverc_client' build argument 'cmake_clean_cache' from command line to 'False'
[0.252s] Level 5:colcon.colcon_core.verb:set package 'roverc_client' build argument 'cmake_clean_first' from command line to 'False'
[0.252s] Level 5:colcon.colcon_core.verb:set package 'roverc_client' build argument 'cmake_force_configure' from command line to 'False'
[0.252s] Level 5:colcon.colcon_core.verb:set package 'roverc_client' build argument 'ament_cmake_args' from command line to 'None'
[0.252s] Level 5:colcon.colcon_core.verb:set package 'roverc_client' build argument 'catkin_cmake_args' from command line to 'None'
[0.252s] Level 5:colcon.colcon_core.verb:set package 'roverc_client' build argument 'catkin_skip_building_tests' from command line to 'False'
[0.252s] DEBUG:colcon.colcon_core.verb:Building package 'roverc_client' with the following arguments: {'ament_cmake_args': None, 'build_base': '/home/nguyen-anh-dung/ros2_ws/src/build/roverc_client', 'catkin_cmake_args': None, 'catkin_skip_building_tests': False, 'cmake_args': None, 'cmake_clean_cache': False, 'cmake_clean_first': False, 'cmake_force_configure': False, 'cmake_target': None, 'cmake_target_skip_unavailable': False, 'install_base': '/home/nguyen-anh-dung/ros2_ws/src/install/roverc_client', 'merge_install': False, 'path': '/home/nguyen-anh-dung/ros2_ws/src/rover_client', 'symlink_install': False, 'test_result_base': None}
[0.252s] INFO:colcon.colcon_core.executor:Executing jobs using 'parallel' executor
[0.253s] DEBUG:colcon.colcon_parallel_executor.executor.parallel:run_until_complete
[0.253s] INFO:colcon.colcon_ros.task.ament_cmake.build:Building ROS package in '/home/nguyen-anh-dung/ros2_ws/src/roverc' with build type 'ament_cmake'
[0.253s] INFO:colcon.colcon_cmake.task.cmake.build:Building CMake package in '/home/nguyen-anh-dung/ros2_ws/src/roverc'
[0.255s] INFO:colcon.colcon_core.plugin_system:Skipping extension 'colcon_core.shell.bat': Not used on non-Windows systems
[0.255s] INFO:colcon.colcon_core.shell:Skip shell extension 'powershell' for command environment: Not usable outside of PowerShell
[0.255s] DEBUG:colcon.colcon_core.shell:Skip shell extension 'dsv' for command environment
[0.263s] DEBUG:colcon.colcon_core.event_handler.log_command:Invoking command in '/home/nguyen-anh-dung/ros2_ws/src/build/roverc': CMAKE_PREFIX_PATH=${CMAKE_PREFIX_PATH}:/home/nguyen-anh-dung/ros2_ws/install/roverc_client:/opt/ros/jazzy DEBUGINFOD_URLS=https://debuginfod.ubuntu.com /usr/bin/cmake --build /home/nguyen-anh-dung/ros2_ws/src/build/roverc -- -j8 -l8
[0.832s] DEBUG:colcon.colcon_core.event_handler.log_command:Invoked command in '/home/nguyen-anh-dung/ros2_ws/src/build/roverc' returned '0': CMAKE_PREFIX_PATH=${CMAKE_PREFIX_PATH}:/home/nguyen-anh-dung/ros2_ws/install/roverc_client:/opt/ros/jazzy DEBUGINFOD_URLS=https://debuginfod.ubuntu.com /usr/bin/cmake --build /home/nguyen-anh-dung/ros2_ws/src/build/roverc -- -j8 -l8
[0.842s] DEBUG:colcon.colcon_core.event_handler.log_command:Invoking command in '/home/nguyen-anh-dung/ros2_ws/src/build/roverc': CMAKE_PREFIX_PATH=${CMAKE_PREFIX_PATH}:/home/nguyen-anh-dung/ros2_ws/install/roverc_client:/opt/ros/jazzy DEBUGINFOD_URLS=https://debuginfod.ubuntu.com /usr/bin/cmake --install /home/nguyen-anh-dung/ros2_ws/src/build/roverc
[0.904s] Level 1:colcon.colcon_core.environment:create_environment_scripts_only(roverc)
[0.905s] DEBUG:colcon.colcon_core.event_handler.log_command:Invoked command in '/home/nguyen-anh-dung/ros2_ws/src/build/roverc' returned '0': CMAKE_PREFIX_PATH=${CMAKE_PREFIX_PATH}:/home/nguyen-anh-dung/ros2_ws/install/roverc_client:/opt/ros/jazzy DEBUGINFOD_URLS=https://debuginfod.ubuntu.com /usr/bin/cmake --install /home/nguyen-anh-dung/ros2_ws/src/build/roverc
[0.907s] Level 1:colcon.colcon_core.environment:checking '/home/nguyen-anh-dung/ros2_ws/src/install/roverc' for CMake module files
[0.908s] Level 1:colcon.colcon_core.environment:checking '/home/nguyen-anh-dung/ros2_ws/src/install/roverc' for CMake config files
[0.908s] Level 1:colcon.colcon_core.shell:create_environment_hook('roverc', 'cmake_prefix_path')
[0.908s] INFO:colcon.colcon_core.shell:Creating environment hook '/home/nguyen-anh-dung/ros2_ws/src/install/roverc/share/roverc/hook/cmake_prefix_path.ps1'
[0.909s] INFO:colcon.colcon_core.shell:Creating environment descriptor '/home/nguyen-anh-dung/ros2_ws/src/install/roverc/share/roverc/hook/cmake_prefix_path.dsv'
[0.909s] INFO:colcon.colcon_core.shell:Creating environment hook '/home/nguyen-anh-dung/ros2_ws/src/install/roverc/share/roverc/hook/cmake_prefix_path.sh'
[0.910s] Level 1:colcon.colcon_core.environment:checking '/home/nguyen-anh-dung/ros2_ws/src/install/roverc/lib'
[0.910s] Level 1:colcon.colcon_core.shell:create_environment_hook('roverc', 'ld_library_path_lib')
[0.911s] INFO:colcon.colcon_core.shell:Creating environment hook '/home/nguyen-anh-dung/ros2_ws/src/install/roverc/share/roverc/hook/ld_library_path_lib.ps1'
[0.911s] INFO:colcon.colcon_core.shell:Creating environment descriptor '/home/nguyen-anh-dung/ros2_ws/src/install/roverc/share/roverc/hook/ld_library_path_lib.dsv'
[0.911s] INFO:colcon.colcon_core.shell:Creating environment hook '/home/nguyen-anh-dung/ros2_ws/src/install/roverc/share/roverc/hook/ld_library_path_lib.sh'
[0.912s] Level 1:colcon.colcon_core.environment:checking '/home/nguyen-anh-dung/ros2_ws/src/install/roverc/bin'
[0.912s] Level 1:colcon.colcon_core.environment:checking '/home/nguyen-anh-dung/ros2_ws/src/install/roverc/lib/pkgconfig/roverc.pc'
[0.912s] Level 1:colcon.colcon_core.environment:checking '/home/nguyen-anh-dung/ros2_ws/src/install/roverc/lib/python3.12/site-packages'
[0.912s] Level 1:colcon.colcon_core.shell:create_environment_hook('roverc', 'pythonpath')
[0.912s] INFO:colcon.colcon_core.shell:Creating environment hook '/home/nguyen-anh-dung/ros2_ws/src/install/roverc/share/roverc/hook/pythonpath.ps1'
[0.913s] INFO:colcon.colcon_core.shell:Creating environment descriptor '/home/nguyen-anh-dung/ros2_ws/src/install/roverc/share/roverc/hook/pythonpath.dsv'
[0.913s] INFO:colcon.colcon_core.shell:Creating environment hook '/home/nguyen-anh-dung/ros2_ws/src/install/roverc/share/roverc/hook/pythonpath.sh'
[0.914s] Level 1:colcon.colcon_core.environment:checking '/home/nguyen-anh-dung/ros2_ws/src/install/roverc/bin'
[0.914s] INFO:colcon.colcon_core.shell:Creating package script '/home/nguyen-anh-dung/ros2_ws/src/install/roverc/share/roverc/package.ps1'
[0.915s] INFO:colcon.colcon_core.shell:Creating package descriptor '/home/nguyen-anh-dung/ros2_ws/src/install/roverc/share/roverc/package.dsv'
[0.915s] INFO:colcon.colcon_core.shell:Creating package script '/home/nguyen-anh-dung/ros2_ws/src/install/roverc/share/roverc/package.sh'
[0.916s] INFO:colcon.colcon_core.shell:Creating package script '/home/nguyen-anh-dung/ros2_ws/src/install/roverc/share/roverc/package.bash'
[0.916s] INFO:colcon.colcon_core.shell:Creating package script '/home/nguyen-anh-dung/ros2_ws/src/install/roverc/share/roverc/package.zsh'
[0.917s] Level 1:colcon.colcon_core.environment:create_file_with_runtime_dependencies(/home/nguyen-anh-dung/ros2_ws/src/install/roverc/share/colcon-core/packages/roverc)
[0.918s] Level 1:colcon.colcon_core.environment:create_environment_scripts_only(roverc)
[0.918s] Level 1:colcon.colcon_core.environment:checking '/home/nguyen-anh-dung/ros2_ws/src/install/roverc' for CMake module files
[0.918s] Level 1:colcon.colcon_core.environment:checking '/home/nguyen-anh-dung/ros2_ws/src/install/roverc' for CMake config files
[0.918s] Level 1:colcon.colcon_core.shell:create_environment_hook('roverc', 'cmake_prefix_path')
[0.919s] INFO:colcon.colcon_core.shell:Creating environment hook '/home/nguyen-anh-dung/ros2_ws/src/install/roverc/share/roverc/hook/cmake_prefix_path.ps1'
[0.919s] INFO:colcon.colcon_core.shell:Creating environment descriptor '/home/nguyen-anh-dung/ros2_ws/src/install/roverc/share/roverc/hook/cmake_prefix_path.dsv'
[0.919s] INFO:colcon.colcon_core.shell:Creating environment hook '/home/nguyen-anh-dung/ros2_ws/src/install/roverc/share/roverc/hook/cmake_prefix_path.sh'
[0.920s] Level 1:colcon.colcon_core.environment:checking '/home/nguyen-anh-dung/ros2_ws/src/install/roverc/lib'
[0.920s] Level 1:colcon.colcon_core.shell:create_environment_hook('roverc', 'ld_library_path_lib')
[0.920s] INFO:colcon.colcon_core.shell:Creating environment hook '/home/nguyen-anh-dung/ros2_ws/src/install/roverc/share/roverc/hook/ld_library_path_lib.ps1'
[0.920s] INFO:colcon.colcon_core.shell:Creating environment descriptor '/home/nguyen-anh-dung/ros2_ws/src/install/roverc/share/roverc/hook/ld_library_path_lib.dsv'
[0.921s] INFO:colcon.colcon_core.shell:Creating environment hook '/home/nguyen-anh-dung/ros2_ws/src/install/roverc/share/roverc/hook/ld_library_path_lib.sh'
[0.921s] Level 1:colcon.colcon_core.environment:checking '/home/nguyen-anh-dung/ros2_ws/src/install/roverc/bin'
[0.921s] Level 1:colcon.colcon_core.environment:checking '/home/nguyen-anh-dung/ros2_ws/src/install/roverc/lib/pkgconfig/roverc.pc'
[0.922s] Level 1:colcon.colcon_core.environment:checking '/home/nguyen-anh-dung/ros2_ws/src/install/roverc/lib/python3.12/site-packages'
[0.922s] Level 1:colcon.colcon_core.shell:create_environment_hook('roverc', 'pythonpath')
[0.922s] INFO:colcon.colcon_core.shell:Creating environment hook '/home/nguyen-anh-dung/ros2_ws/src/install/roverc/share/roverc/hook/pythonpath.ps1'
[0.922s] INFO:colcon.colcon_core.shell:Creating environment descriptor '/home/nguyen-anh-dung/ros2_ws/src/install/roverc/share/roverc/hook/pythonpath.dsv'
[0.923s] INFO:colcon.colcon_core.shell:Creating environment hook '/home/nguyen-anh-dung/ros2_ws/src/install/roverc/share/roverc/hook/pythonpath.sh'
[0.923s] Level 1:colcon.colcon_core.environment:checking '/home/nguyen-anh-dung/ros2_ws/src/install/roverc/bin'
[0.924s] INFO:colcon.colcon_core.shell:Creating package script '/home/nguyen-anh-dung/ros2_ws/src/install/roverc/share/roverc/package.ps1'
[0.924s] INFO:colcon.colcon_core.shell:Creating package descriptor '/home/nguyen-anh-dung/ros2_ws/src/install/roverc/share/roverc/package.dsv'
[0.925s] INFO:colcon.colcon_core.shell:Creating package script '/home/nguyen-anh-dung/ros2_ws/src/install/roverc/share/roverc/package.sh'
[0.925s] INFO:colcon.colcon_core.shell:Creating package script '/home/nguyen-anh-dung/ros2_ws/src/install/roverc/share/roverc/package.bash'
[0.926s] INFO:colcon.colcon_core.shell:Creating package script '/home/nguyen-anh-dung/ros2_ws/src/install/roverc/share/roverc/package.zsh'
[0.926s] Level 1:colcon.colcon_core.environment:create_file_with_runtime_dependencies(/home/nguyen-anh-dung/ros2_ws/src/install/roverc/share/colcon-core/packages/roverc)
[0.926s] INFO:colcon.colcon_ros.task.ament_cmake.build:Building ROS package in '/home/nguyen-anh-dung/ros2_ws/src/robot' with build type 'ament_cmake'
[0.926s] INFO:colcon.colcon_cmake.task.cmake.build:Building CMake package in '/home/nguyen-anh-dung/ros2_ws/src/robot'
[0.926s] INFO:colcon.colcon_core.shell:Skip shell extension 'powershell' for command environment: Not usable outside of PowerShell
[0.927s] DEBUG:colcon.colcon_core.shell:Skip shell extension 'dsv' for command environment
[0.930s] INFO:colcon.colcon_ros.task.ament_python.build:Building ROS package in '/home/nguyen-anh-dung/ros2_ws/src/rover_client' with build type 'ament_python'
[0.930s] Level 1:colcon.colcon_core.shell:create_environment_hook('roverc_client', 'ament_prefix_path')
[0.930s] INFO:colcon.colcon_core.shell:Creating environment hook '/home/nguyen-anh-dung/ros2_ws/src/install/roverc_client/share/roverc_client/hook/ament_prefix_path.ps1'
[0.931s] INFO:colcon.colcon_core.shell:Creating environment descriptor '/home/nguyen-anh-dung/ros2_ws/src/install/roverc_client/share/roverc_client/hook/ament_prefix_path.dsv'
[0.931s] INFO:colcon.colcon_core.shell:Creating environment hook '/home/nguyen-anh-dung/ros2_ws/src/install/roverc_client/share/roverc_client/hook/ament_prefix_path.sh'
[0.932s] INFO:colcon.colcon_core.shell:Skip shell extension 'powershell' for command environment: Not usable outside of PowerShell
[0.932s] DEBUG:colcon.colcon_core.shell:Skip shell extension 'dsv' for command environment
[0.939s] DEBUG:colcon.colcon_core.event_handler.log_command:Invoking command in '/home/nguyen-anh-dung/ros2_ws/src/build/robot': AMENT_PREFIX_PATH=/home/nguyen-anh-dung/ros2_ws/src/install/roverc:${AMENT_PREFIX_PATH} CMAKE_PREFIX_PATH=/home/nguyen-anh-dung/ros2_ws/src/install/roverc:/home/nguyen-anh-dung/ros2_ws/install/robot:/home/nguyen-anh-dung/ros2_ws/install/roverc:/opt/ros/jazzy/opt/gz_math_vendor:/opt/ros/jazzy/opt/gz_utils_vendor:/opt/ros/jazzy/opt/gz_cmake_vendor:/home/nguyen-anh-dung/ros2_ws/install/roverc_client:/opt/ros/jazzy DEBUGINFOD_URLS=https://debuginfod.ubuntu.com LD_LIBRARY_PATH=/home/nguyen-anh-dung/ros2_ws/src/install/roverc/lib:${LD_LIBRARY_PATH} PYTHONPATH=/home/nguyen-anh-dung/ros2_ws/src/install/roverc/lib/python3.12/site-packages:${PYTHONPATH} /usr/bin/cmake --build /home/nguyen-anh-dung/ros2_ws/src/build/robot -- -j8 -l8
[1.236s] INFO:colcon.colcon_core.task.python.build:Building Python package in '/home/nguyen-anh-dung/ros2_ws/src/rover_client'
[1.236s] INFO:colcon.colcon_core.shell:Skip shell extension 'powershell' for command environment: Not usable outside of PowerShell
[1.236s] DEBUG:colcon.colcon_core.shell:Skip shell extension 'dsv' for command environment
[1.241s] DEBUG:colcon.colcon_core.event_handler.log_command:Invoked command in '/home/nguyen-anh-dung/ros2_ws/src/build/robot' returned '0': AMENT_PREFIX_PATH=/home/nguyen-anh-dung/ros2_ws/src/install/roverc:${AMENT_PREFIX_PATH} CMAKE_PREFIX_PATH=/home/nguyen-anh-dung/ros2_ws/src/install/roverc:/home/nguyen-anh-dung/ros2_ws/install/robot:/home/nguyen-anh-dung/ros2_ws/install/roverc:/opt/ros/jazzy/opt/gz_math_vendor:/opt/ros/jazzy/opt/gz_utils_vendor:/opt/ros/jazzy/opt/gz_cmake_vendor:/home/nguyen-anh-dung/ros2_ws/install/roverc_client:/opt/ros/jazzy DEBUGINFOD_URLS=https://debuginfod.ubuntu.com LD_LIBRARY_PATH=/home/nguyen-anh-dung/ros2_ws/src/install/roverc/lib:${LD_LIBRARY_PATH} PYTHONPATH=/home/nguyen-anh-dung/ros2_ws/src/install/roverc/lib/python3.12/site-packages:${PYTHONPATH} /usr/bin/cmake --build /home/nguyen-anh-dung/ros2_ws/src/build/robot -- -j8 -l8
[1.242s] DEBUG:colcon.colcon_core.event_handler.log_command:Invoking command in '/home/nguyen-anh-dung/ros2_ws/src/build/robot': AMENT_PREFIX_PATH=/home/nguyen-anh-dung/ros2_ws/src/install/roverc:${AMENT_PREFIX_PATH} CMAKE_PREFIX_PATH=/home/nguyen-anh-dung/ros2_ws/src/install/roverc:/home/nguyen-anh-dung/ros2_ws/install/robot:/home/nguyen-anh-dung/ros2_ws/install/roverc:/opt/ros/jazzy/opt/gz_math_vendor:/opt/ros/jazzy/opt/gz_utils_vendor:/opt/ros/jazzy/opt/gz_cmake_vendor:/home/nguyen-anh-dung/ros2_ws/install/roverc_client:/opt/ros/jazzy DEBUGINFOD_URLS=https://debuginfod.ubuntu.com LD_LIBRARY_PATH=/home/nguyen-anh-dung/ros2_ws/src/install/roverc/lib:${LD_LIBRARY_PATH} PYTHONPATH=/home/nguyen-anh-dung/ros2_ws/src/install/roverc/lib/python3.12/site-packages:${PYTHONPATH} /usr/bin/cmake --install /home/nguyen-anh-dung/ros2_ws/src/build/robot
[1.253s] Level 1:colcon.colcon_core.environment:create_environment_scripts_only(robot)
[1.254s] Level 1:colcon.colcon_core.environment:checking '/home/nguyen-anh-dung/ros2_ws/src/install/robot' for CMake module files
[1.254s] DEBUG:colcon.colcon_core.event_handler.log_command:Invoked command in '/home/nguyen-anh-dung/ros2_ws/src/build/robot' returned '0': AMENT_PREFIX_PATH=/home/nguyen-anh-dung/ros2_ws/src/install/roverc:${AMENT_PREFIX_PATH} CMAKE_PREFIX_PATH=/home/nguyen-anh-dung/ros2_ws/src/install/roverc:/home/nguyen-anh-dung/ros2_ws/install/robot:/home/nguyen-anh-dung/ros2_ws/install/roverc:/opt/ros/jazzy/opt/gz_math_vendor:/opt/ros/jazzy/opt/gz_utils_vendor:/opt/ros/jazzy/opt/gz_cmake_vendor:/home/nguyen-anh-dung/ros2_ws/install/roverc_client:/opt/ros/jazzy DEBUGINFOD_URLS=https://debuginfod.ubuntu.com LD_LIBRARY_PATH=/home/nguyen-anh-dung/ros2_ws/src/install/roverc/lib:${LD_LIBRARY_PATH} PYTHONPATH=/home/nguyen-anh-dung/ros2_ws/src/install/roverc/lib/python3.12/site-packages:${PYTHONPATH} /usr/bin/cmake --install /home/nguyen-anh-dung/ros2_ws/src/build/robot
[1.255s] Level 1:colcon.colcon_core.environment:checking '/home/nguyen-anh-dung/ros2_ws/src/install/robot' for CMake config files
[1.255s] Level 1:colcon.colcon_core.shell:create_environment_hook('robot', 'cmake_prefix_path')
[1.255s] INFO:colcon.colcon_core.shell:Creating environment hook '/home/nguyen-anh-dung/ros2_ws/src/install/robot/share/robot/hook/cmake_prefix_path.ps1'
[1.256s] INFO:colcon.colcon_core.shell:Creating environment descriptor '/home/nguyen-anh-dung/ros2_ws/src/install/robot/share/robot/hook/cmake_prefix_path.dsv'
[1.256s] INFO:colcon.colcon_core.shell:Creating environment hook '/home/nguyen-anh-dung/ros2_ws/src/install/robot/share/robot/hook/cmake_prefix_path.sh'
[1.256s] Level 1:colcon.colcon_core.environment:checking '/home/nguyen-anh-dung/ros2_ws/src/install/robot/lib'
[1.257s] Level 1:colcon.colcon_core.environment:checking '/home/nguyen-anh-dung/ros2_ws/src/install/robot/bin'
[1.257s] Level 1:colcon.colcon_core.environment:checking '/home/nguyen-anh-dung/ros2_ws/src/install/robot/lib/pkgconfig/robot.pc'
[1.257s] Level 1:colcon.colcon_core.environment:checking '/home/nguyen-anh-dung/ros2_ws/src/install/robot/lib/python3.12/site-packages'
[1.257s] Level 1:colcon.colcon_core.environment:checking '/home/nguyen-anh-dung/ros2_ws/src/install/robot/bin'
[1.257s] INFO:colcon.colcon_core.shell:Creating package script '/home/nguyen-anh-dung/ros2_ws/src/install/robot/share/robot/package.ps1'
[1.258s] INFO:colcon.colcon_core.shell:Creating package descriptor '/home/nguyen-anh-dung/ros2_ws/src/install/robot/share/robot/package.dsv'
[1.258s] INFO:colcon.colcon_core.shell:Creating package script '/home/nguyen-anh-dung/ros2_ws/src/install/robot/share/robot/package.sh'
[1.259s] INFO:colcon.colcon_core.shell:Creating package script '/home/nguyen-anh-dung/ros2_ws/src/install/robot/share/robot/package.bash'
[1.259s] INFO:colcon.colcon_core.shell:Creating package script '/home/nguyen-anh-dung/ros2_ws/src/install/robot/share/robot/package.zsh'
[1.259s] Level 1:colcon.colcon_core.environment:create_file_with_runtime_dependencies(/home/nguyen-anh-dung/ros2_ws/src/install/robot/share/colcon-core/packages/robot)
[1.260s] Level 1:colcon.colcon_core.environment:create_environment_scripts_only(robot)
[1.260s] Level 1:colcon.colcon_core.environment:checking '/home/nguyen-anh-dung/ros2_ws/src/install/robot' for CMake module files
[1.260s] Level 1:colcon.colcon_core.environment:checking '/home/nguyen-anh-dung/ros2_ws/src/install/robot' for CMake config files
[1.261s] Level 1:colcon.colcon_core.shell:create_environment_hook('robot', 'cmake_prefix_path')
[1.261s] INFO:colcon.colcon_core.shell:Creating environment hook '/home/nguyen-anh-dung/ros2_ws/src/install/robot/share/robot/hook/cmake_prefix_path.ps1'
[1.261s] INFO:colcon.colcon_core.shell:Creating environment descriptor '/home/nguyen-anh-dung/ros2_ws/src/install/robot/share/robot/hook/cmake_prefix_path.dsv'
[1.261s] INFO:colcon.colcon_core.shell:Creating environment hook '/home/nguyen-anh-dung/ros2_ws/src/install/robot/share/robot/hook/cmake_prefix_path.sh'
[1.262s] Level 1:colcon.colcon_core.environment:checking '/home/nguyen-anh-dung/ros2_ws/src/install/robot/lib'
[1.262s] Level 1:colcon.colcon_core.environment:checking '/home/nguyen-anh-dung/ros2_ws/src/install/robot/bin'
[1.262s] Level 1:colcon.colcon_core.environment:checking '/home/nguyen-anh-dung/ros2_ws/src/install/robot/lib/pkgconfig/robot.pc'
[1.262s] Level 1:colcon.colcon_core.environment:checking '/home/nguyen-anh-dung/ros2_ws/src/install/robot/lib/python3.12/site-packages'
[1.263s] Level 1:colcon.colcon_core.environment:checking '/home/nguyen-anh-dung/ros2_ws/src/install/robot/bin'
[1.263s] INFO:colcon.colcon_core.shell:Creating package script '/home/nguyen-anh-dung/ros2_ws/src/install/robot/share/robot/package.ps1'
[1.263s] INFO:colcon.colcon_core.shell:Creating package descriptor '/home/nguyen-anh-dung/ros2_ws/src/install/robot/share/robot/package.dsv'
[1.264s] INFO:colcon.colcon_core.shell:Creating package script '/home/nguyen-anh-dung/ros2_ws/src/install/robot/share/robot/package.sh'
[1.264s] INFO:colcon.colcon_core.shell:Creating package script '/home/nguyen-anh-dung/ros2_ws/src/install/robot/share/robot/package.bash'
[1.265s] INFO:colcon.colcon_core.shell:Creating package script '/home/nguyen-anh-dung/ros2_ws/src/install/robot/share/robot/package.zsh'
[1.265s] Level 1:colcon.colcon_core.environment:create_file_with_runtime_dependencies(/home/nguyen-anh-dung/ros2_ws/src/install/robot/share/colcon-core/packages/robot)
[2.051s] DEBUG:colcon.colcon_core.event_handler.log_command:Invoking command in '/home/nguyen-anh-dung/ros2_ws/src/rover_client': AMENT_PREFIX_PATH=/home/nguyen-anh-dung/ros2_ws/src/install/roverc:${AMENT_PREFIX_PATH} CMAKE_PREFIX_PATH=/home/nguyen-anh-dung/ros2_ws/src/install/roverc:${CMAKE_PREFIX_PATH} DEBUGINFOD_URLS=https://debuginfod.ubuntu.com LD_LIBRARY_PATH=/home/nguyen-anh-dung/ros2_ws/src/install/roverc/lib:${LD_LIBRARY_PATH} PYTHONPATH=/home/nguyen-anh-dung/ros2_ws/src/build/roverc_client/prefix_override:/usr/lib/python3/dist-packages/colcon_core/task/python/colcon_distutils_commands:/home/nguyen-anh-dung/ros2_ws/src/install/roverc_client/lib/python3.12/site-packages:/home/nguyen-anh-dung/ros2_ws/src/install/roverc/lib/python3.12/site-packages:${PYTHONPATH} /usr/bin/python3 -W ignore:setup.py install is deprecated -W ignore:easy_install command is deprecated setup.py egg_info --egg-base ../build/roverc_client build --build-base /home/nguyen-anh-dung/ros2_ws/src/build/roverc_client/build install --record /home/nguyen-anh-dung/ros2_ws/src/build/roverc_client/install.log --single-version-externally-managed install_data
[2.828s] Level 1:colcon.colcon_core.environment:checking '/home/nguyen-anh-dung/ros2_ws/src/install/roverc_client' for CMake module files
[2.829s] DEBUG:colcon.colcon_core.event_handler.log_command:Invoked command in '/home/nguyen-anh-dung/ros2_ws/src/rover_client' returned '0': AMENT_PREFIX_PATH=/home/nguyen-anh-dung/ros2_ws/src/install/roverc:${AMENT_PREFIX_PATH} CMAKE_PREFIX_PATH=/home/nguyen-anh-dung/ros2_ws/src/install/roverc:${CMAKE_PREFIX_PATH} DEBUGINFOD_URLS=https://debuginfod.ubuntu.com LD_LIBRARY_PATH=/home/nguyen-anh-dung/ros2_ws/src/install/roverc/lib:${LD_LIBRARY_PATH} PYTHONPATH=/home/nguyen-anh-dung/ros2_ws/src/build/roverc_client/prefix_override:/usr/lib/python3/dist-packages/colcon_core/task/python/colcon_distutils_commands:/home/nguyen-anh-dung/ros2_ws/src/install/roverc_client/lib/python3.12/site-packages:/home/nguyen-anh-dung/ros2_ws/src/install/roverc/lib/python3.12/site-packages:${PYTHONPATH} /usr/bin/python3 -W ignore:setup.py install is deprecated -W ignore:easy_install command is deprecated setup.py egg_info --egg-base ../build/roverc_client build --build-base /home/nguyen-anh-dung/ros2_ws/src/build/roverc_client/build install --record /home/nguyen-anh-dung/ros2_ws/src/build/roverc_client/install.log --single-version-externally-managed install_data
[2.829s] Level 1:colcon.colcon_core.environment:checking '/home/nguyen-anh-dung/ros2_ws/src/install/roverc_client' for CMake config files
[2.830s] Level 1:colcon.colcon_core.environment:checking '/home/nguyen-anh-dung/ros2_ws/src/install/roverc_client/lib'
[2.830s] Level 1:colcon.colcon_core.environment:checking '/home/nguyen-anh-dung/ros2_ws/src/install/roverc_client/bin'
[2.830s] Level 1:colcon.colcon_core.environment:checking '/home/nguyen-anh-dung/ros2_ws/src/install/roverc_client/lib/pkgconfig/roverc_client.pc'
[2.830s] Level 1:colcon.colcon_core.environment:checking '/home/nguyen-anh-dung/ros2_ws/src/install/roverc_client/lib/python3.12/site-packages'
[2.830s] Level 1:colcon.colcon_core.shell:create_environment_hook('roverc_client', 'pythonpath')
[2.831s] INFO:colcon.colcon_core.shell:Creating environment hook '/home/nguyen-anh-dung/ros2_ws/src/install/roverc_client/share/roverc_client/hook/pythonpath.ps1'
[2.831s] INFO:colcon.colcon_core.shell:Creating environment descriptor '/home/nguyen-anh-dung/ros2_ws/src/install/roverc_client/share/roverc_client/hook/pythonpath.dsv'
[2.831s] INFO:colcon.colcon_core.shell:Creating environment hook '/home/nguyen-anh-dung/ros2_ws/src/install/roverc_client/share/roverc_client/hook/pythonpath.sh'
[2.832s] Level 1:colcon.colcon_core.environment:checking '/home/nguyen-anh-dung/ros2_ws/src/install/roverc_client/bin'
[2.832s] Level 1:colcon.colcon_core.environment:create_environment_scripts_only(roverc_client)
[2.832s] INFO:colcon.colcon_core.shell:Creating package script '/home/nguyen-anh-dung/ros2_ws/src/install/roverc_client/share/roverc_client/package.ps1'
[2.833s] INFO:colcon.colcon_core.shell:Creating package descriptor '/home/nguyen-anh-dung/ros2_ws/src/install/roverc_client/share/roverc_client/package.dsv'
[2.833s] INFO:colcon.colcon_core.shell:Creating package script '/home/nguyen-anh-dung/ros2_ws/src/install/roverc_client/share/roverc_client/package.sh'
[2.834s] INFO:colcon.colcon_core.shell:Creating package script '/home/nguyen-anh-dung/ros2_ws/src/install/roverc_client/share/roverc_client/package.bash'
[2.834s] INFO:colcon.colcon_core.shell:Creating package script '/home/nguyen-anh-dung/ros2_ws/src/install/roverc_client/share/roverc_client/package.zsh'
[2.834s] Level 1:colcon.colcon_core.environment:create_file_with_runtime_dependencies(/home/nguyen-anh-dung/ros2_ws/src/install/roverc_client/share/colcon-core/packages/roverc_client)
[2.834s] DEBUG:colcon.colcon_parallel_executor.executor.parallel:closing loop
[2.835s] DEBUG:colcon.colcon_parallel_executor.executor.parallel:loop closed
[2.835s] DEBUG:colcon.colcon_parallel_executor.executor.parallel:run_until_complete finished with '0'
[2.835s] DEBUG:colcon.colcon_core.event_reactor:joining thread
[2.840s] INFO:colcon.colcon_core.plugin_system:Skipping extension 'colcon_notification.desktop_notification.terminal_notifier': Not used on non-Darwin systems
[2.840s] INFO:colcon.colcon_core.plugin_system:Skipping extension 'colcon_notification.desktop_notification.win32': Not used on non-Windows systems
[2.841s] INFO:colcon.colcon_notification.desktop_notification:Sending desktop notification using 'notify2'
[2.853s] DEBUG:colcon.colcon_core.event_reactor:joined thread
[2.854s] INFO:colcon.colcon_core.shell:Creating prefix script '/home/nguyen-anh-dung/ros2_ws/src/install/local_setup.ps1'
[2.855s] INFO:colcon.colcon_core.shell:Creating prefix util module '/home/nguyen-anh-dung/ros2_ws/src/install/_local_setup_util_ps1.py'
[2.857s] INFO:colcon.colcon_core.shell:Creating prefix chain script '/home/nguyen-anh-dung/ros2_ws/src/install/setup.ps1'
[2.858s] INFO:colcon.colcon_core.shell:Creating prefix script '/home/nguyen-anh-dung/ros2_ws/src/install/local_setup.sh'
[2.859s] INFO:colcon.colcon_core.shell:Creating prefix util module '/home/nguyen-anh-dung/ros2_ws/src/install/_local_setup_util_sh.py'
[2.860s] INFO:colcon.colcon_core.shell:Creating prefix chain script '/home/nguyen-anh-dung/ros2_ws/src/install/setup.sh'
[2.861s] INFO:colcon.colcon_core.shell:Creating prefix script '/home/nguyen-anh-dung/ros2_ws/src/install/local_setup.bash'
[2.862s] INFO:colcon.colcon_core.shell:Creating prefix chain script '/home/nguyen-anh-dung/ros2_ws/src/install/setup.bash'
[2.863s] INFO:colcon.colcon_core.shell:Creating prefix script '/home/nguyen-anh-dung/ros2_ws/src/install/local_setup.zsh'
[2.863s] INFO:colcon.colcon_core.shell:Creating prefix chain script '/home/nguyen-anh-dung/ros2_ws/src/install/setup.zsh'
